(s,posx,posy,objs,gp0,gp1,gp2,gp3,gp4,gp5,gp6,gp7,gp8,gp9,gp10,gp11,gp12,gp13,gp14,gp15,b)
0:(0,0,0,1,0,0,0,0,0,0,0,0,0,0,0,0,0,0,0,0,0)
1:(0,0,0,1,0,0,0,0,0,0,0,0,0,0,0,0,0,0,0,0,4)
2:(0,0,0,1,0,0,0,0,0,0,0,0,0,0,0,0,0,0,0,0,8)
3:(0,0,0,1,0,0,0,0,0,0,0,0,0,0,0,0,0,0,0,0,12)
4:(0,0,0,1,0,0,0,0,0,0,0,0,0,0,0,0,0,0,0,0,16)
5:(0,0,0,1,0,0,0,0,0,0,0,0,0,0,0,0,0,0,0,0,20)
6:(0,0,0,1,0,0,0,0,0,0,0,0,0,0,0,0,0,1,0,0,0)
7:(0,0,0,1,0,0,0,0,0,0,0,0,0,1,0,0,1,1,0,0,0)
8:(0,0,0,1,0,0,0,0,0,0,1,0,0,0,0,0,0,0,0,0,0)
9:(0,0,0,1,0,0,0,0,0,0,1,0,0,0,1,0,0,0,0,0,0)
10:(0,0,0,1,0,0,0,0,0,1,0,0,0,0,0,0,0,0,0,0,8)
11:(0,0,0,1,0,0,0,0,0,1,0,0,0,0,0,0,0,0,0,0,12)
12:(0,0,0,1,0,0,0,0,0,1,1,0,0,0,0,0,0,0,0,0,0)
13:(0,0,0,1,0,0,0,0,0,1,1,0,0,0,0,0,0,0,0,0,8)
14:(0,0,0,1,0,0,0,0,0,1,1,0,0,0,1,0,0,0,0,0,8)
15:(0,0,0,1,0,0,0,0,0,1,1,0,0,1,1,0,0,0,0,0,0)
16:(0,0,0,1,0,0,1,0,0,0,0,0,0,0,0,0,0,0,0,0,8)
17:(0,0,0,1,0,0,1,1,0,0,0,0,0,0,0,0,0,0,0,0,8)
18:(0,0,0,1,0,0,1,1,0,0,0,1,0,0,0,0,0,0,0,0,0)
19:(0,0,0,1,0,0,1,1,0,0,1,1,0,0,0,0,0,0,0,0,0)
20:(0,0,0,1,0,1,0,0,0,0,0,0,0,0,0,0,0,0,0,0,0)
21:(0,0,0,1,0,1,0,0,0,0,0,0,0,0,0,0,0,0,0,0,4)
22:(0,0,0,1,0,1,0,0,0,0,0,0,0,0,0,0,0,0,0,0,8)
23:(0,0,0,1,0,1,0,0,0,1,0,0,0,0,0,0,0,0,0,0,0)
24:(0,0,0,1,0,1,0,0,0,1,0,0,0,0,0,0,0,0,0,0,8)
25:(0,0,0,1,0,1,0,0,0,1,1,0,0,0,0,0,0,0,0,0,0)
26:(0,0,0,1,0,1,0,0,0,1,1,0,0,0,0,0,0,0,0,0,8)
27:(0,0,0,1,0,1,0,0,0,1,1,0,0,0,1,0,0,0,0,0,8)
28:(0,0,0,1,0,1,0,0,0,1,1,0,0,1,1,0,0,0,0,0,0)
29:(0,0,0,1,0,1,0,1,0,0,0,0,0,0,0,0,0,0,0,0,4)
30:(0,0,0,1,0,1,1,0,0,0,0,0,0,0,0,0,0,0,0,0,4)
31:(0,0,0,1,0,1,1,0,0,0,0,0,0,0,0,0,0,0,0,0,8)
32:(0,0,0,1,0,1,1,0,0,0,1,0,0,0,0,0,0,0,0,0,8)
33:(0,0,0,1,0,1,1,0,0,0,1,0,0,0,1,0,0,0,0,0,8)
34:(0,0,0,1,0,1,1,0,0,0,1,0,0,1,1,0,0,0,0,0,12)
35:(0,0,0,1,0,1,1,0,0,1,1,0,0,0,0,0,0,0,0,0,0)
36:(0,0,0,1,0,1,1,0,0,1,1,0,0,0,0,0,0,0,0,0,4)
37:(0,0,0,1,0,1,1,0,0,1,1,0,0,1,1,0,0,0,0,0,0)
38:(0,0,0,1,0,1,1,1,0,0,0,0,0,0,0,0,0,0,0,0,4)
39:(0,0,0,1,0,1,1,1,0,0,0,0,0,0,0,0,0,0,0,0,8)
40:(0,0,0,1,0,1,1,1,0,0,0,1,0,0,0,0,0,0,0,0,0)
41:(0,0,0,1,0,1,1,1,0,0,0,1,0,0,0,0,0,0,0,0,4)
42:(0,0,0,1,0,1,1,1,0,0,1,0,0,0,0,0,0,0,0,0,8)
43:(0,0,0,1,0,1,1,1,0,0,1,0,0,0,1,0,0,0,0,0,8)
44:(0,0,0,1,0,1,1,1,0,0,1,0,0,1,1,0,0,0,0,0,12)
45:(0,0,0,1,0,1,1,1,0,0,1,1,0,0,0,0,0,0,0,0,8)
46:(0,0,0,1,0,1,1,1,0,0,1,1,0,0,1,0,0,0,0,0,8)
47:(0,0,0,1,0,1,1,1,0,0,1,1,0,1,1,0,0,0,0,0,12)
48:(0,0,0,1,0,1,1,1,0,1,0,1,0,0,0,0,0,0,0,0,0)
49:(0,0,0,1,0,1,1,1,0,1,1,0,0,0,0,0,0,0,0,0,0)
50:(0,0,0,1,0,1,1,1,0,1,1,0,0,0,0,0,0,0,0,0,4)
51:(0,0,0,1,0,1,1,1,0,1,1,0,0,1,1,0,0,0,0,0,0)
52:(0,0,0,1,0,1,1,1,0,1,1,1,0,0,0,0,0,0,0,0,0)
53:(0,0,0,1,0,1,1,1,0,1,1,1,0,0,0,0,0,0,0,0,4)
54:(0,0,0,1,0,1,1,1,0,1,1,1,0,0,0,1,0,0,0,0,0)
55:(0,0,0,1,0,1,1,1,0,1,1,1,0,0,0,1,0,0,0,0,4)
56:(0,0,0,1,0,1,1,1,0,1,1,1,0,0,0,1,0,0,0,1,0)
57:(0,0,0,1,0,1,1,1,0,1,1,1,0,0,0,1,0,0,0,1,4)
58:(0,0,0,1,0,1,1,1,0,1,1,1,0,0,0,1,0,0,1,1,4)
59:(0,0,0,1,0,1,1,1,0,1,1,1,0,0,1,0,0,0,0,0,0)
60:(0,0,0,1,0,1,1,1,0,1,1,1,0,0,1,1,0,0,0,0,0)
61:(0,0,0,1,0,1,1,1,0,1,1,1,0,0,1,1,0,0,0,0,8)
62:(0,0,0,1,0,1,1,1,0,1,1,1,0,0,1,1,0,0,0,1,0)
63:(0,0,0,1,0,1,1,1,0,1,1,1,0,0,1,1,0,0,0,1,8)
64:(0,0,0,1,0,1,1,1,0,1,1,1,0,0,1,1,0,0,1,1,4)
65:(0,0,0,1,0,1,1,1,0,1,1,1,0,0,1,1,0,0,1,1,8)
66:(0,0,0,1,0,1,1,1,0,1,1,1,0,0,1,1,0,1,1,1,8)
67:(0,0,0,1,0,1,1,1,0,1,1,1,0,1,1,0,0,0,0,0,0)
68:(0,0,0,1,0,1,1,1,0,1,1,1,0,1,1,1,0,0,0,0,0)
69:(0,0,0,1,0,1,1,1,0,1,1,1,0,1,1,1,0,0,0,1,0)
70:(0,0,0,1,0,1,1,1,0,1,1,1,0,1,1,1,0,0,1,1,4)
71:(0,0,0,1,0,1,1,1,0,1,1,1,0,1,1,1,0,1,1,1,8)
72:(0,0,0,1,0,1,1,1,0,1,1,1,0,1,1,1,1,1,1,1,12)
73:(0,0,0,1,0,1,1,1,0,1,1,1,1,1,1,1,1,1,1,1,16)
74:(0,0,0,2,0,0,0,0,0,0,0,0,0,0,0,0,0,0,0,0,0)
75:(0,0,0,2,0,0,0,0,0,0,0,0,0,0,0,0,0,0,0,0,4)
76:(0,0,0,2,0,0,0,0,0,0,0,0,0,0,0,0,0,0,0,0,8)
77:(0,0,0,2,0,0,0,0,0,0,0,0,0,0,0,0,0,0,0,0,12)
78:(0,0,0,2,0,0,0,0,0,0,0,0,0,0,0,0,0,0,0,0,16)
79:(0,0,0,2,0,0,0,0,0,1,0,0,0,0,0,0,0,0,0,0,8)
80:(0,0,0,2,0,0,0,0,0,1,1,0,0,0,0,0,0,0,0,0,0)
81:(0,0,0,2,0,0,0,0,0,1,1,0,0,0,0,0,0,0,0,0,8)
82:(0,0,0,2,0,0,0,0,0,1,1,0,0,0,1,0,0,0,0,0,8)
83:(0,0,0,2,0,0,0,0,0,1,1,0,0,1,1,0,0,0,0,0,0)
84:(0,0,0,2,0,0,1,1,0,0,0,1,0,0,0,0,0,0,0,0,0)
85:(0,0,0,2,0,1,0,0,0,1,1,0,0,1,1,0,0,0,0,0,0)
86:(0,0,0,2,0,1,1,0,0,1,1,0,0,1,1,0,0,0,0,0,0)
87:(0,0,0,2,0,1,1,1,0,1,1,0,0,1,1,0,0,0,0,0,0)
88:(0,0,0,2,0,1,1,1,0,1,1,1,0,1,1,0,0,0,0,0,0)
89:(0,0,0,2,0,1,1,1,0,1,1,1,0,1,1,1,0,0,0,0,0)
90:(0,0,0,2,0,1,1,1,0,1,1,1,0,1,1,1,0,0,0,1,0)
91:(0,0,0,2,0,1,1,1,0,1,1,1,0,1,1,1,0,0,1,1,4)
92:(0,0,0,2,0,1,1,1,0,1,1,1,0,1,1,1,0,1,1,1,8)
93:(0,0,0,2,0,1,1,1,0,1,1,1,0,1,1,1,1,1,1,1,12)
94:(0,0,0,2,0,1,1,1,0,1,1,1,1,1,1,1,1,1,1,1,16)
95:(0,0,0,2,0,1,1,1,1,1,1,1,1,1,1,1,1,1,1,1,20)
96:(0,0,0,3,0,0,0,0,0,0,0,0,0,0,0,0,0,0,0,0,8)
97:(0,0,0,3,0,0,0,0,0,1,1,0,0,1,1,0,0,0,0,0,0)
98:(0,0,0,3,1,1,1,1,1,1,1,1,1,1,1,1,1,1,1,1,24)
99:(0,0,1,1,0,0,0,0,0,0,0,0,0,0,0,0,0,1,0,0,22)
100:(0,0,1,1,0,0,0,0,0,0,0,0,0,1,0,0,1,1,0,0,22)
101:(0,0,1,1,0,0,0,0,0,0,1,0,0,0,0,0,0,0,0,0,22)
102:(0,0,1,1,0,0,0,0,0,0,1,0,0,0,1,0,0,0,0,0,22)
103:(0,0,1,1,0,0,0,0,0,1,0,0,0,0,0,0,0,0,0,0,22)
104:(0,0,1,1,0,0,0,0,0,1,1,0,0,0,0,0,0,0,0,0,22)
105:(0,0,1,1,0,0,0,0,0,1,1,0,0,0,1,0,0,0,0,0,22)
106:(0,0,1,1,0,0,0,0,0,1,1,0,0,1,1,0,0,0,0,0,22)
107:(0,0,1,1,0,0,1,1,0,0,1,1,0,0,0,0,0,0,0,0,2)
108:(0,0,1,2,0,0,0,0,0,1,0,0,0,0,0,0,0,0,0,0,22)
109:(0,0,1,2,0,0,0,0,0,1,1,0,0,0,1,0,0,0,0,0,22)
110:(0,0,1,2,0,0,0,0,0,1,1,0,0,1,1,0,0,0,0,0,22)
111:(0,0,1,2,0,0,1,1,0,0,0,1,0,0,0,0,0,0,0,0,22)
112:(0,0,1,2,0,1,0,0,0,1,1,0,0,1,1,0,0,0,0,0,22)
113:(0,0,1,2,0,1,1,0,0,1,1,0,0,1,1,0,0,0,0,0,22)
114:(0,0,1,2,0,1,1,1,0,1,1,0,0,1,1,0,0,0,0,0,22)
115:(0,0,1,2,0,1,1,1,0,1,1,1,0,1,1,0,0,0,0,0,22)
116:(0,0,1,2,0,1,1,1,0,1,1,1,0,1,1,1,0,0,0,0,22)
117:(0,0,1,2,0,1,1,1,0,1,1,1,0,1,1,1,0,0,0,1,22)
118:(0,0,1,2,0,1,1,1,0,1,1,1,0,1,1,1,0,0,1,1,22)
119:(0,0,1,2,0,1,1,1,0,1,1,1,0,1,1,1,0,1,1,1,22)
120:(0,0,1,2,0,1,1,1,0,1,1,1,0,1,1,1,1,1,1,1,22)
121:(0,0,1,2,0,1,1,1,0,1,1,1,1,1,1,1,1,1,1,1,22)
122:(0,0,1,2,0,1,1,1,1,1,1,1,1,1,1,1,1,1,1,1,22)
123:(0,0,1,3,0,0,0,0,0,1,1,0,0,1,1,0,0,0,0,0,22)
124:(0,0,1,3,0,1,1,1,1,1,1,1,1,1,1,1,1,1,1,1,22)
125:(0,0,2,1,0,0,0,0,0,0,0,0,0,0,0,0,0,1,0,0,20)
126:(0,0,2,1,0,0,0,0,0,0,0,0,0,1,0,0,1,1,0,0,20)
127:(0,0,2,1,0,0,1,1,0,0,1,1,1,0,0,0,0,0,0,0,4)
128:(0,0,2,2,0,0,0,0,0,1,1,0,0,0,1,0,0,0,0,0,20)
129:(0,0,2,2,0,0,0,0,0,1,1,0,0,1,1,0,0,0,0,0,20)
130:(0,0,2,2,0,1,0,0,0,1,1,0,0,1,1,0,0,0,0,0,20)
131:(0,0,2,2,0,1,1,1,0,1,1,1,0,1,1,1,0,0,0,0,20)
132:(0,0,2,2,0,1,1,1,0,1,1,1,0,1,1,1,0,0,0,1,20)
133:(0,0,2,2,0,1,1,1,0,1,1,1,0,1,1,1,0,0,1,1,20)
134:(0,0,2,2,0,1,1,1,0,1,1,1,0,1,1,1,0,1,1,1,20)
135:(0,0,2,2,0,1,1,1,0,1,1,1,0,1,1,1,1,1,1,1,20)
136:(0,0,2,2,0,1,1,1,0,1,1,1,1,1,1,1,1,1,1,1,20)
137:(0,0,2,3,0,0,0,0,0,1,1,0,0,1,1,0,0,0,0,0,20)
138:(0,0,2,3,0,1,1,1,0,1,1,1,1,1,1,1,1,1,1,1,20)
139:(0,0,3,1,0,0,0,0,0,0,0,0,0,0,0,0,0,1,0,0,18)
140:(0,0,3,1,0,0,0,0,0,0,0,0,0,1,0,0,1,1,0,0,18)
141:(0,0,3,1,0,0,1,1,0,0,1,1,1,0,0,0,1,0,0,0,6)
142:(0,0,3,2,0,1,1,1,0,1,1,1,0,1,1,1,1,1,1,1,18)
143:(0,0,3,3,0,1,1,1,0,1,1,1,0,1,1,1,1,1,1,1,18)
144:(0,1,0,1,0,0,0,0,0,0,0,0,0,0,0,0,0,0,0,0,2)
145:(0,1,0,1,0,0,0,0,0,0,0,0,0,0,0,0,0,0,0,0,6)
146:(0,1,0,1,0,0,0,0,0,0,0,0,0,0,0,0,0,0,0,0,10)
147:(0,1,0,1,0,0,0,0,0,0,0,0,0,0,0,0,0,0,0,0,14)
148:(0,1,0,1,0,0,0,0,0,0,0,0,0,0,0,0,0,0,0,0,18)
149:(0,1,0,1,0,0,0,0,0,0,0,0,0,0,0,0,0,1,0,0,2)
150:(0,1,0,1,0,0,0,0,0,0,0,0,0,1,0,0,1,1,0,0,2)
151:(0,1,0,1,0,0,0,0,0,0,1,0,0,0,0,0,0,0,0,0,2)
152:(0,1,0,1,0,0,0,0,0,0,1,0,0,0,1,0,0,0,0,0,2)
153:(0,1,0,1,0,0,1,0,0,0,0,0,0,0,0,0,0,0,0,0,22)
154:(0,1,0,1,0,0,1,1,0,0,0,0,0,0,0,0,0,0,0,0,22)
155:(0,1,0,1,0,0,1,1,0,0,0,1,0,0,0,0,0,0,0,0,22)
156:(0,1,0,1,0,0,1,1,0,0,1,1,0,0,0,0,0,0,0,0,22)
157:(0,1,0,1,0,1,0,0,0,0,0,0,0,0,0,0,0,0,0,0,22)
158:(0,1,0,1,0,1,0,0,0,1,0,0,0,0,0,0,0,0,0,0,22)
159:(0,1,0,1,0,1,0,0,0,1,1,0,0,0,0,0,0,0,0,0,22)
160:(0,1,0,1,0,1,0,0,0,1,1,0,0,0,1,0,0,0,0,0,22)
161:(0,1,0,1,0,1,0,0,0,1,1,0,0,1,1,0,0,0,0,0,22)
162:(0,1,0,1,0,1,0,1,0,0,0,0,0,0,0,0,0,0,0,0,22)
163:(0,1,0,1,0,1,1,0,0,0,0,0,0,0,0,0,0,0,0,0,22)
164:(0,1,0,1,0,1,1,0,0,0,1,0,0,0,0,0,0,0,0,0,22)
165:(0,1,0,1,0,1,1,0,0,0,1,0,0,0,1,0,0,0,0,0,22)
166:(0,1,0,1,0,1,1,0,0,0,1,0,0,1,1,0,0,0,0,0,22)
167:(0,1,0,1,0,1,1,0,0,1,1,0,0,0,0,0,0,0,0,0,22)
168:(0,1,0,1,0,1,1,0,0,1,1,0,0,1,1,0,0,0,0,0,22)
169:(0,1,0,1,0,1,1,1,0,0,0,0,0,0,0,0,0,0,0,0,22)
170:(0,1,0,1,0,1,1,1,0,0,0,1,0,0,0,0,0,0,0,0,22)
171:(0,1,0,1,0,1,1,1,0,0,1,0,0,0,0,0,0,0,0,0,22)
172:(0,1,0,1,0,1,1,1,0,0,1,0,0,0,1,0,0,0,0,0,22)
173:(0,1,0,1,0,1,1,1,0,0,1,0,0,1,1,0,0,0,0,0,22)
174:(0,1,0,1,0,1,1,1,0,0,1,1,0,0,0,0,0,0,0,0,22)
175:(0,1,0,1,0,1,1,1,0,0,1,1,0,0,1,0,0,0,0,0,22)
176:(0,1,0,1,0,1,1,1,0,0,1,1,0,1,1,0,0,0,0,0,22)
177:(0,1,0,1,0,1,1,1,0,1,0,1,0,0,0,0,0,0,0,0,22)
178:(0,1,0,1,0,1,1,1,0,1,1,0,0,0,0,0,0,0,0,0,22)
179:(0,1,0,1,0,1,1,1,0,1,1,0,0,1,1,0,0,0,0,0,22)
180:(0,1,0,1,0,1,1,1,0,1,1,1,0,0,0,0,0,0,0,0,22)
181:(0,1,0,1,0,1,1,1,0,1,1,1,0,0,0,1,0,0,0,0,22)
182:(0,1,0,1,0,1,1,1,0,1,1,1,0,0,0,1,0,0,0,1,22)
183:(0,1,0,1,0,1,1,1,0,1,1,1,0,0,0,1,0,0,1,1,22)
184:(0,1,0,1,0,1,1,1,0,1,1,1,0,0,1,0,0,0,0,0,22)
185:(0,1,0,1,0,1,1,1,0,1,1,1,0,0,1,1,0,0,0,0,22)
186:(0,1,0,1,0,1,1,1,0,1,1,1,0,0,1,1,0,0,0,1,22)
187:(0,1,0,1,0,1,1,1,0,1,1,1,0,0,1,1,0,0,1,1,22)
188:(0,1,0,1,0,1,1,1,0,1,1,1,0,0,1,1,0,1,1,1,22)
189:(0,1,0,1,0,1,1,1,0,1,1,1,0,1,1,0,0,0,0,0,22)
190:(0,1,0,1,0,1,1,1,0,1,1,1,0,1,1,1,0,0,0,0,22)
191:(0,1,0,1,0,1,1,1,0,1,1,1,0,1,1,1,0,0,0,1,22)
192:(0,1,0,1,0,1,1,1,0,1,1,1,0,1,1,1,0,0,1,1,22)
193:(0,1,0,1,0,1,1,1,0,1,1,1,0,1,1,1,0,1,1,1,22)
194:(0,1,0,1,0,1,1,1,0,1,1,1,0,1,1,1,1,1,1,1,22)
195:(0,1,0,1,0,1,1,1,0,1,1,1,1,1,1,1,1,1,1,1,22)
196:(0,1,0,2,0,0,0,0,0,0,0,0,0,0,0,0,0,0,0,0,10)
197:(0,1,0,2,0,0,0,0,0,0,0,0,0,0,0,0,0,0,0,0,14)
198:(0,1,0,2,0,0,0,0,0,0,0,0,0,0,0,0,0,0,0,0,18)
199:(0,1,0,2,0,0,0,0,0,1,1,0,0,0,0,0,0,0,0,0,22)
200:(0,1,0,2,0,1,0,0,0,0,0,0,0,0,0,0,0,0,0,0,2)
201:(0,1,0,2,0,1,0,0,0,0,0,0,0,0,0,0,0,0,0,0,6)
202:(0,1,0,2,0,1,0,0,0,0,0,0,0,0,0,0,0,0,0,0,10)
203:(0,1,0,2,0,1,0,0,0,1,1,0,0,0,0,0,0,0,0,0,2)
204:(0,1,0,2,0,1,0,0,0,1,1,0,0,1,1,0,0,0,0,0,2)
205:(0,1,0,2,0,1,1,1,0,0,0,1,0,0,0,0,0,0,0,0,2)
206:(0,1,0,3,0,0,0,0,0,0,0,0,0,0,0,0,0,0,0,0,10)
207:(0,1,0,3,0,1,0,0,0,1,1,0,0,1,1,0,0,0,0,0,2)
208:(0,1,1,1,0,0,0,0,0,0,0,0,0,0,0,0,0,0,0,0,8)
209:(0,1,1,1,0,0,0,0,0,0,0,0,0,0,0,0,0,0,0,0,12)
210:(0,1,1,1,0,0,0,0,0,0,1,0,0,0,0,0,0,0,0,0,20)
211:(0,1,1,1,0,0,0,0,0,0,1,0,0,0,1,0,0,0,0,0,20)
212:(0,1,1,1,0,0,0,0,0,1,0,0,0,0,0,0,0,0,0,0,4)
213:(0,1,1,1,0,0,0,0,0,1,0,0,0,0,0,0,0,0,0,0,12)
214:(0,1,1,1,0,0,0,0,0,1,0,0,0,0,0,0,0,0,0,0,20)
215:(0,1,1,1,0,0,0,0,0,1,1,0,0,0,0,0,0,0,0,0,20)
216:(0,1,1,1,0,0,0,0,0,1,1,0,0,0,1,0,0,0,0,0,20)
217:(0,1,1,1,0,0,0,0,0,1,1,0,0,1,1,0,0,0,0,0,20)
218:(0,1,1,1,0,0,1,0,0,0,1,0,0,0,0,0,0,0,0,0,20)
219:(0,1,1,1,0,0,1,0,0,1,1,0,0,0,0,0,0,0,0,0,20)
220:(0,1,1,1,0,0,1,0,0,1,1,0,0,1,1,0,0,0,0,0,20)
221:(0,1,1,1,0,0,1,1,0,1,1,0,0,0,0,0,0,0,0,0,20)
222:(0,1,1,1,0,0,1,1,0,1,1,0,0,1,1,0,0,0,0,0,20)
223:(0,1,1,1,0,0,1,1,0,1,1,1,0,0,0,0,0,0,0,0,20)
224:(0,1,1,1,0,0,1,1,0,1,1,1,0,0,0,1,0,0,0,0,20)
225:(0,1,1,1,0,0,1,1,0,1,1,1,0,0,0,1,0,0,0,1,20)
226:(0,1,1,1,0,0,1,1,0,1,1,1,0,0,1,0,0,0,0,0,20)
227:(0,1,1,1,0,0,1,1,0,1,1,1,0,0,1,1,0,0,0,0,20)
228:(0,1,1,1,0,0,1,1,0,1,1,1,0,0,1,1,0,0,0,1,20)
229:(0,1,1,1,0,0,1,1,0,1,1,1,0,0,1,1,0,0,1,1,20)
230:(0,1,1,1,0,0,1,1,0,1,1,1,0,0,1,1,0,1,1,1,20)
231:(0,1,1,1,0,0,1,1,0,1,1,1,0,1,1,0,0,0,0,0,20)
232:(0,1,1,1,0,0,1,1,0,1,1,1,0,1,1,1,0,0,0,0,20)
233:(0,1,1,1,0,0,1,1,0,1,1,1,0,1,1,1,0,0,0,1,20)
234:(0,1,1,1,0,0,1,1,0,1,1,1,0,1,1,1,0,0,1,1,20)
235:(0,1,1,1,0,0,1,1,0,1,1,1,0,1,1,1,0,1,1,1,20)
236:(0,1,1,1,0,0,1,1,0,1,1,1,0,1,1,1,1,1,1,1,20)
237:(0,1,1,1,0,0,1,1,0,1,1,1,1,1,1,1,1,1,1,1,20)
238:(0,1,1,2,0,0,0,0,0,1,0,0,0,0,0,0,0,0,0,0,12)
239:(0,1,1,2,0,0,0,0,0,1,0,0,0,0,0,0,0,0,0,0,16)
240:(0,1,1,2,0,0,0,0,0,1,0,0,0,0,0,0,0,0,0,0,20)
241:(0,1,1,2,0,0,1,1,0,0,0,1,0,0,0,0,0,0,0,0,20)
242:(0,1,1,2,0,1,0,0,0,1,0,0,0,0,0,0,0,0,0,0,4)
243:(0,1,1,2,0,1,0,0,0,1,0,0,0,0,0,0,0,0,0,0,12)
244:(0,1,1,2,0,1,1,0,0,1,1,0,0,1,1,0,0,0,0,0,20)
245:(0,1,1,2,0,1,1,1,0,1,0,1,0,0,0,0,0,0,0,0,4)
246:(0,1,1,2,0,1,1,1,0,1,1,0,0,1,1,0,0,0,0,0,20)
247:(0,1,1,2,0,1,1,1,0,1,1,1,0,1,1,0,0,0,0,0,20)
248:(0,1,1,3,0,0,0,0,0,1,0,0,0,0,0,0,0,0,0,0,12)
249:(0,1,2,1,0,0,0,0,0,0,0,0,0,0,0,0,0,0,0,0,14)
250:(0,1,2,1,0,0,0,0,0,0,0,0,0,1,0,0,0,0,0,0,10)
251:(0,1,2,1,0,0,0,0,0,0,0,0,0,1,0,0,0,0,0,0,14)
252:(0,1,2,1,0,0,0,0,0,0,1,0,0,1,1,0,0,0,0,0,18)
253:(0,1,2,1,0,0,1,0,0,0,1,0,0,1,1,0,0,0,0,0,18)
254:(0,1,2,1,0,0,1,1,0,0,1,0,0,1,1,0,0,0,0,0,18)
255:(0,1,2,1,0,0,1,1,0,0,1,1,0,1,1,0,0,0,0,0,18)
256:(0,1,2,1,0,0,1,1,0,0,1,1,0,1,1,1,0,0,0,0,18)
257:(0,1,2,1,0,0,1,1,0,0,1,1,0,1,1,1,0,0,0,1,18)
258:(0,1,2,1,0,0,1,1,0,0,1,1,0,1,1,1,0,0,1,1,18)
259:(0,1,2,1,0,0,1,1,0,0,1,1,0,1,1,1,0,1,1,1,18)
260:(0,1,2,1,0,0,1,1,0,0,1,1,1,1,1,1,1,1,1,1,18)
261:(0,1,2,2,0,0,0,0,0,1,1,0,0,0,1,0,0,0,0,0,18)
262:(0,1,2,2,0,0,0,0,0,1,1,0,0,1,1,0,0,0,0,0,18)
263:(0,1,2,2,0,1,0,0,0,1,1,0,0,1,1,0,0,0,0,0,18)
264:(0,1,2,2,0,1,1,0,0,0,1,0,0,1,1,0,0,0,0,0,18)
265:(0,1,2,2,0,1,1,1,0,0,1,0,0,1,1,0,0,0,0,0,18)
266:(0,1,2,2,0,1,1,1,0,0,1,1,0,1,1,0,0,0,0,0,18)
267:(0,1,2,2,0,1,1,1,0,1,1,1,0,1,1,1,0,0,0,0,18)
268:(0,1,2,2,0,1,1,1,0,1,1,1,0,1,1,1,0,0,0,1,18)
269:(0,1,2,2,0,1,1,1,0,1,1,1,0,1,1,1,0,0,1,1,18)
270:(0,1,2,2,0,1,1,1,0,1,1,1,0,1,1,1,0,1,1,1,18)
271:(0,1,2,3,0,0,0,0,0,1,1,0,0,1,1,0,0,0,0,0,18)
272:(0,1,3,1,0,0,0,0,0,0,0,0,0,0,0,0,0,1,0,0,16)
273:(0,1,3,1,0,0,0,0,0,0,0,0,0,1,0,0,0,1,0,0,16)
274:(0,1,3,1,0,0,1,1,0,0,1,1,0,0,1,1,0,1,1,1,16)
275:(0,1,3,1,0,0,1,1,0,0,1,1,1,0,0,0,1,1,0,0,8)
276:(0,1,3,2,0,1,1,1,0,1,1,1,0,0,1,1,0,1,1,1,16)
277:(0,1,3,2,0,1,1,1,0,1,1,1,0,1,1,1,0,1,1,1,16)
278:(0,1,3,3,0,1,1,1,0,1,1,1,0,1,1,1,0,1,1,1,16)
279:(0,2,0,1,0,0,0,0,0,0,0,0,0,0,0,0,0,0,0,0,4)
280:(0,2,0,1,0,0,0,0,0,0,0,0,0,0,0,0,0,0,0,0,8)
281:(0,2,0,1,0,0,0,0,0,0,0,0,0,0,0,0,0,0,0,0,12)
282:(0,2,0,1,0,0,0,0,0,0,0,0,0,0,0,0,0,0,0,0,16)
283:(0,2,0,1,0,0,0,0,0,0,1,0,0,1,1,0,0,0,0,0,16)
284:(0,2,0,1,0,0,0,1,0,0,0,0,0,0,0,0,0,0,0,0,12)
285:(0,2,0,1,0,0,0,1,0,0,0,0,0,0,0,0,0,0,0,0,16)
286:(0,2,0,1,0,0,0,1,0,0,0,0,0,0,0,0,0,0,0,0,20)
287:(0,2,0,1,0,0,1,0,0,0,0,0,0,0,0,0,0,0,0,0,4)
288:(0,2,0,1,0,0,1,0,0,0,0,0,0,0,0,0,0,0,0,0,8)
289:(0,2,0,1,0,0,1,0,0,0,0,0,0,0,0,0,0,0,0,0,12)
290:(0,2,0,1,0,0,1,0,0,0,0,0,0,0,0,0,0,0,0,0,16)
291:(0,2,0,1,0,0,1,0,0,0,0,0,0,0,0,0,0,0,0,0,20)
292:(0,2,0,1,0,0,1,0,0,0,0,0,0,0,0,0,0,1,0,0,4)
293:(0,2,0,1,0,0,1,0,0,0,0,0,0,1,0,0,1,1,0,0,4)
294:(0,2,0,1,0,0,1,0,0,0,1,0,0,0,0,0,0,0,0,0,4)
295:(0,2,0,1,0,0,1,0,0,0,1,0,0,0,0,0,0,0,0,0,8)
296:(0,2,0,1,0,0,1,0,0,0,1,0,0,0,1,0,0,0,0,0,4)
297:(0,2,0,1,0,0,1,0,0,0,1,0,0,0,1,0,0,0,0,0,20)
298:(0,2,0,1,0,0,1,0,0,0,1,0,0,1,1,0,0,0,0,0,20)
299:(0,2,0,1,0,0,1,1,0,0,0,0,0,0,0,0,0,0,0,0,12)
300:(0,2,0,1,0,0,1,1,0,0,0,0,0,0,0,0,0,0,0,0,16)
301:(0,2,0,1,0,0,1,1,0,0,0,0,0,0,0,0,0,0,0,0,20)
302:(0,2,0,1,0,0,1,1,0,0,0,1,0,0,0,0,0,0,0,0,20)
303:(0,2,0,1,0,0,1,1,0,0,1,0,0,0,0,0,0,0,0,0,20)
304:(0,2,0,1,0,0,1,1,0,0,1,0,0,0,1,0,0,0,0,0,20)
305:(0,2,0,1,0,0,1,1,0,0,1,0,0,1,1,0,0,0,0,0,20)
306:(0,2,0,1,0,0,1,1,0,0,1,1,0,0,0,0,0,0,0,0,20)
307:(0,2,0,1,0,0,1,1,0,0,1,1,0,0,1,0,0,0,0,0,20)
308:(0,2,0,1,0,0,1,1,0,0,1,1,0,1,1,0,0,0,0,0,20)
309:(0,2,0,1,0,0,1,1,0,1,0,1,0,0,0,0,0,0,0,0,20)
310:(0,2,0,1,0,0,1,1,0,1,1,1,0,0,0,1,0,0,1,1,20)
311:(0,2,0,2,0,0,0,0,0,1,1,0,0,0,0,0,0,0,0,0,20)
312:(0,2,0,2,0,0,1,0,0,0,0,0,0,0,0,0,0,0,0,0,12)
313:(0,2,0,2,0,1,0,0,0,0,0,0,0,0,0,0,0,0,0,0,8)
314:(0,2,0,2,0,1,1,0,0,0,0,0,0,0,0,0,0,0,0,0,8)
315:(0,2,0,2,0,1,1,0,0,0,0,0,0,0,0,0,0,0,0,0,12)
316:(0,2,0,2,0,1,1,0,0,1,1,0,0,0,0,0,0,0,0,0,4)
317:(0,2,0,2,0,1,1,0,0,1,1,0,0,0,0,0,0,0,0,0,8)
318:(0,2,0,2,0,1,1,0,0,1,1,0,0,1,1,0,0,0,0,0,4)
319:(0,2,0,2,0,1,1,1,0,0,0,0,0,0,0,0,0,0,0,0,12)
320:(0,2,0,3,0,1,1,0,0,1,1,0,0,1,1,0,0,0,0,0,4)
321:(0,2,1,1,0,0,0,0,0,0,0,0,0,0,0,0,0,0,0,0,10)
322:(0,2,1,1,0,0,0,0,0,0,0,0,0,0,0,0,0,0,0,0,14)
323:(0,2,1,1,0,0,0,0,0,0,1,0,0,0,0,0,0,0,0,0,6)
324:(0,2,1,1,0,0,0,0,0,0,1,0,0,0,0,0,0,0,0,0,14)
325:(0,2,1,1,0,0,0,0,0,0,1,0,0,0,0,0,0,0,0,0,18)
326:(0,2,1,1,0,0,0,0,0,0,1,0,0,0,1,0,0,0,0,0,14)
327:(0,2,1,1,0,0,0,0,0,0,1,0,0,0,1,0,0,0,0,0,18)
328:(0,2,1,1,0,0,0,0,0,0,1,0,0,1,1,0,0,0,0,0,14)
329:(0,2,1,1,0,0,0,0,0,0,1,0,0,1,1,0,0,0,0,0,18)
330:(0,2,1,1,0,0,0,0,0,1,0,0,0,0,0,0,0,0,0,0,14)
331:(0,2,1,1,0,0,0,0,0,1,1,0,0,0,0,0,0,0,0,0,6)
332:(0,2,1,1,0,0,0,1,0,0,0,0,0,0,0,0,0,0,0,0,14)
333:(0,2,1,1,0,0,0,1,0,0,1,0,0,0,0,0,0,0,0,0,18)
334:(0,2,1,1,0,0,0,1,0,0,1,0,0,0,1,0,0,0,0,0,18)
335:(0,2,1,1,0,0,0,1,0,0,1,1,0,0,0,0,0,0,0,0,18)
336:(0,2,1,1,0,0,1,0,0,0,1,0,0,0,0,0,0,0,0,0,14)
337:(0,2,1,1,0,0,1,0,0,0,1,0,0,0,0,0,0,0,0,0,18)
338:(0,2,1,1,0,0,1,1,0,0,0,1,0,0,0,0,0,0,0,0,14)
339:(0,2,1,1,0,0,1,1,0,0,1,0,0,0,0,0,0,0,0,0,14)
340:(0,2,1,1,0,0,1,1,0,0,1,0,0,0,0,0,0,0,0,0,18)
341:(0,2,1,1,0,0,1,1,0,0,1,1,0,0,0,0,0,0,0,0,14)
342:(0,2,1,1,0,0,1,1,0,0,1,1,0,0,0,0,0,0,0,0,18)
343:(0,2,1,1,0,0,1,1,0,0,1,1,0,0,0,1,0,0,0,0,18)
344:(0,2,1,1,0,0,1,1,0,0,1,1,0,0,0,1,0,0,0,1,18)
345:(0,2,1,1,0,0,1,1,0,0,1,1,0,0,1,0,0,0,0,0,18)
346:(0,2,1,1,0,0,1,1,0,0,1,1,0,0,1,1,0,0,0,0,18)
347:(0,2,1,1,0,0,1,1,0,0,1,1,0,0,1,1,0,0,0,1,18)
348:(0,2,1,1,0,0,1,1,0,0,1,1,0,0,1,1,0,0,1,1,18)
349:(0,2,1,1,0,0,1,1,0,0,1,1,0,0,1,1,0,1,1,1,18)
350:(0,2,1,1,0,0,1,1,0,0,1,1,0,1,1,1,1,1,1,1,18)
351:(0,2,1,2,0,0,0,0,0,1,1,0,0,0,0,0,0,0,0,0,14)
352:(0,2,1,2,0,0,0,0,0,1,1,0,0,0,0,0,0,0,0,0,18)
353:(0,2,1,2,0,0,1,1,0,0,0,1,0,0,0,0,0,0,0,0,18)
354:(0,2,1,2,0,1,0,0,0,1,1,0,0,0,0,0,0,0,0,0,6)
355:(0,2,1,2,0,1,0,0,0,1,1,0,0,0,0,0,0,0,0,0,14)
356:(0,2,1,2,0,1,1,0,0,0,1,0,0,0,0,0,0,0,0,0,14)
357:(0,2,1,2,0,1,1,1,0,0,1,0,0,0,0,0,0,0,0,0,14)
358:(0,2,1,2,0,1,1,1,0,0,1,1,0,0,0,0,0,0,0,0,14)
359:(0,2,1,2,0,1,1,1,0,1,1,1,0,0,0,0,0,0,0,0,6)
360:(0,2,1,3,0,0,0,0,0,1,1,0,0,0,0,0,0,0,0,0,14)
361:(0,2,2,1,0,0,0,0,0,0,0,0,0,0,1,0,0,0,0,0,12)
362:(0,2,2,1,0,0,0,0,0,0,0,0,0,0,1,0,0,0,0,0,16)
363:(0,2,2,1,0,0,0,0,0,0,0,0,0,1,1,0,0,0,0,0,12)
364:(0,2,2,1,0,0,0,0,0,0,0,0,0,1,1,0,0,0,0,0,16)
365:(0,2,2,1,0,0,0,0,0,0,1,0,0,0,1,0,0,0,0,0,16)
366:(0,2,2,1,0,0,0,0,0,1,1,0,0,0,0,0,0,0,0,0,8)
367:(0,2,2,1,0,0,0,1,0,0,0,0,0,0,1,0,0,0,0,0,16)
368:(0,2,2,1,0,0,1,0,0,0,1,0,0,0,1,0,0,0,0,0,16)
369:(0,2,2,1,0,0,1,1,0,0,0,1,0,0,0,1,0,0,0,0,16)
370:(0,2,2,1,0,0,1,1,0,0,0,1,0,0,1,0,0,0,0,0,16)
371:(0,2,2,1,0,0,1,1,0,0,0,1,0,0,1,1,0,0,0,0,16)
372:(0,2,2,1,0,0,1,1,0,0,0,1,0,0,1,1,0,0,0,1,16)
373:(0,2,2,1,0,0,1,1,0,0,0,1,0,0,1,1,0,0,1,1,16)
374:(0,2,2,1,0,0,1,1,0,0,0,1,0,0,1,1,0,1,1,1,16)
375:(0,2,2,1,0,0,1,1,0,0,0,1,0,1,1,1,1,1,1,1,16)
376:(0,2,2,1,0,0,1,1,0,0,1,0,0,0,1,0,0,0,0,0,16)
377:(0,2,2,1,0,0,1,1,0,0,1,1,0,0,1,0,0,0,0,0,16)
378:(0,2,2,1,0,0,1,1,0,0,1,1,0,0,1,1,0,0,0,0,16)
379:(0,2,2,1,0,0,1,1,0,0,1,1,0,0,1,1,0,0,0,1,16)
380:(0,2,2,1,0,0,1,1,0,0,1,1,0,0,1,1,0,0,1,1,16)
381:(0,2,2,1,0,0,1,1,0,0,1,1,1,0,1,1,1,1,1,1,16)
382:(0,2,2,2,0,0,0,0,0,1,1,0,0,0,1,0,0,0,0,0,16)
383:(0,2,2,2,0,1,0,0,0,1,1,0,0,0,1,0,0,0,0,0,16)
384:(0,2,2,2,0,1,1,0,0,0,1,0,0,0,1,0,0,0,0,0,16)
385:(0,2,2,2,0,1,1,1,0,0,1,0,0,0,1,0,0,0,0,0,16)
386:(0,2,2,2,0,1,1,1,0,0,1,1,0,0,1,0,0,0,0,0,16)
387:(0,2,2,2,0,1,1,1,0,1,1,1,0,0,1,0,0,0,0,0,8)
388:(0,2,2,2,0,1,1,1,0,1,1,1,0,0,1,1,0,0,0,0,16)
389:(0,2,2,2,0,1,1,1,0,1,1,1,0,0,1,1,0,0,0,1,16)
390:(0,2,2,2,0,1,1,1,0,1,1,1,0,0,1,1,0,0,1,1,16)
391:(0,2,2,3,0,0,0,0,0,1,1,0,0,0,1,0,0,0,0,0,16)
392:(0,2,3,1,0,0,0,0,0,1,1,0,0,0,0,0,0,0,1,0,10)
393:(0,2,3,1,0,0,1,1,0,0,0,1,0,0,0,1,0,0,0,1,14)
394:(0,2,3,1,0,0,1,1,0,0,0,1,0,0,0,1,0,0,1,1,14)
395:(0,2,3,1,0,0,1,1,0,0,0,1,0,0,0,1,0,1,1,1,14)
396:(0,2,3,1,0,0,1,1,0,0,0,1,0,1,0,1,1,1,1,1,14)
397:(0,2,3,1,0,0,1,1,0,0,1,1,0,0,0,1,0,0,1,1,14)
398:(0,2,3,1,0,0,1,1,0,0,1,1,0,0,1,1,0,0,1,1,14)
399:(0,2,3,1,0,0,1,1,0,0,1,1,1,0,0,0,1,1,1,0,10)
400:(0,2,3,2,0,1,1,1,0,1,1,1,0,0,0,1,0,0,0,1,14)
401:(0,2,3,2,0,1,1,1,0,1,1,1,0,0,0,1,0,0,1,1,14)
402:(0,2,3,2,0,1,1,1,0,1,1,1,0,0,1,1,0,0,1,1,14)
403:(0,2,3,2,0,1,1,1,0,1,1,1,0,1,1,1,0,0,1,1,14)
404:(0,2,3,3,0,1,1,1,0,1,1,1,0,1,1,1,0,0,1,1,14)
405:(0,3,0,1,0,0,0,0,0,0,0,0,0,0,0,0,0,0,0,0,14)
406:(0,3,0,1,0,0,0,1,0,0,0,0,0,0,0,0,0,0,0,0,10)
407:(0,3,0,1,0,0,0,1,0,0,0,0,0,0,0,0,0,0,0,0,14)
408:(0,3,0,1,0,0,0,1,0,0,0,0,0,0,0,0,0,0,0,0,18)
409:(0,3,0,1,0,0,0,1,0,0,0,1,0,0,0,0,0,0,0,0,18)
410:(0,3,0,1,0,0,0,1,0,0,1,0,0,1,1,0,0,0,0,0,18)
411:(0,3,0,1,0,0,0,1,0,0,1,1,0,0,1,0,0,0,0,0,18)
412:(0,3,0,1,0,0,0,1,0,0,1,1,0,1,1,0,0,0,0,0,18)
413:(0,3,0,1,0,0,0,1,0,1,0,1,0,0,0,0,0,0,0,0,18)
414:(0,3,0,1,0,0,0,1,0,1,1,1,0,0,0,1,0,0,1,1,18)
415:(0,3,0,1,0,0,1,1,0,0,0,0,0,0,0,0,0,0,0,0,6)
416:(0,3,0,1,0,0,1,1,0,0,0,0,0,0,0,0,0,0,0,0,10)
417:(0,3,0,1,0,0,1,1,0,0,0,0,0,0,0,0,0,0,0,0,14)
418:(0,3,0,1,0,0,1,1,0,0,0,0,0,0,0,0,0,1,0,0,6)
419:(0,3,0,1,0,0,1,1,0,0,0,0,0,1,0,0,1,1,0,0,6)
420:(0,3,0,1,0,0,1,1,0,0,1,0,0,0,0,0,0,0,0,0,6)
421:(0,3,0,1,0,0,1,1,0,0,1,0,0,0,0,0,0,0,0,0,10)
422:(0,3,0,1,0,0,1,1,0,0,1,0,0,0,1,0,0,0,0,0,6)
423:(0,3,0,2,0,0,1,1,0,0,0,0,0,0,0,0,0,0,0,0,14)
424:(0,3,0,2,0,1,0,1,0,0,0,0,0,0,0,0,0,0,0,0,10)
425:(0,3,0,2,0,1,1,1,0,0,0,0,0,0,0,0,0,0,0,0,10)
426:(0,3,0,2,0,1,1,1,0,1,1,0,0,0,0,0,0,0,0,0,6)
427:(0,3,0,2,0,1,1,1,0,1,1,0,0,0,0,0,0,0,0,0,10)
428:(0,3,0,2,0,1,1,1,0,1,1,0,0,1,1,0,0,0,0,0,6)
429:(0,3,0,3,0,1,1,1,0,1,1,0,0,1,1,0,0,0,0,0,6)
430:(0,3,1,1,0,0,0,0,0,0,0,1,0,0,0,0,0,0,0,0,16)
431:(0,3,1,1,0,0,0,0,0,0,1,1,0,0,1,0,0,0,0,0,16)
432:(0,3,1,1,0,0,0,0,0,0,1,1,0,1,1,0,0,0,0,0,16)
433:(0,3,1,1,0,0,0,0,0,1,0,1,0,0,0,0,0,0,0,0,16)
434:(0,3,1,1,0,0,0,0,0,1,1,1,0,0,0,1,0,0,1,1,16)
435:(0,3,1,1,0,0,0,1,0,0,0,1,0,0,0,0,0,0,0,0,16)
436:(0,3,1,1,0,0,1,1,0,0,0,0,0,0,0,0,0,0,0,0,8)
437:(0,3,1,1,0,0,1,1,0,0,0,1,0,0,0,0,0,0,0,0,8)
438:(0,3,1,1,0,0,1,1,0,0,0,1,0,0,0,0,0,0,0,0,12)
439:(0,3,1,1,0,0,1,1,0,0,0,1,0,0,0,0,0,0,0,0,16)
440:(0,3,1,1,0,0,1,1,0,0,0,1,0,0,0,0,0,1,0,0,8)
441:(0,3,1,1,0,0,1,1,0,0,0,1,0,0,0,1,0,0,0,1,16)
442:(0,3,1,1,0,0,1,1,0,0,0,1,0,1,0,0,1,1,0,0,8)
443:(0,3,1,1,0,0,1,1,0,0,1,1,0,0,0,0,0,0,0,0,8)
444:(0,3,1,1,0,0,1,1,0,0,1,1,0,0,0,0,0,0,0,0,12)
445:(0,3,1,1,0,0,1,1,0,0,1,1,0,0,1,0,0,0,0,0,8)
446:(0,3,1,2,0,0,1,1,0,0,0,1,0,0,0,0,0,0,0,0,16)
447:(0,3,1,2,0,1,1,1,0,0,0,1,0,0,0,0,0,0,0,0,12)
448:(0,3,1,2,0,1,1,1,0,1,1,1,0,0,0,0,0,0,0,0,8)
449:(0,3,1,2,0,1,1,1,0,1,1,1,0,0,0,0,0,0,0,0,12)
450:(0,3,1,2,0,1,1,1,0,1,1,1,0,1,1,0,0,0,0,0,8)
451:(0,3,1,3,0,1,1,1,0,1,1,1,0,1,1,0,0,0,0,0,8)
452:(0,3,2,1,0,0,0,0,0,1,1,0,0,0,0,1,0,0,1,1,14)
453:(0,3,2,1,0,0,1,1,0,0,0,0,0,0,0,0,0,0,0,0,10)
454:(0,3,2,1,0,0,1,1,0,0,0,0,0,0,0,1,0,0,0,1,14)
455:(0,3,2,1,0,0,1,1,0,0,0,1,0,0,0,1,0,0,0,0,10)
456:(0,3,2,1,0,0,1,1,0,0,0,1,0,0,0,1,0,0,0,0,14)
457:(0,3,2,1,0,0,1,1,0,0,0,1,0,0,0,1,0,1,0,0,10)
458:(0,3,2,1,0,0,1,1,0,0,0,1,0,1,0,1,1,1,0,0,10)
459:(0,3,2,1,0,0,1,1,0,0,1,1,0,0,0,0,0,0,0,0,10)
460:(0,3,2,1,0,0,1,1,0,0,1,1,0,0,0,1,0,0,0,0,10)
461:(0,3,2,1,0,0,1,1,0,0,1,1,0,0,0,1,0,0,0,0,14)
462:(0,3,2,1,0,0,1,1,0,0,1,1,0,0,0,1,0,0,0,1,14)
463:(0,3,2,1,0,0,1,1,0,0,1,1,0,0,1,1,0,0,0,0,10)
464:(0,3,2,1,0,0,1,1,0,0,1,1,1,0,0,1,1,1,1,1,14)
465:(0,3,2,2,0,1,1,1,0,1,1,1,0,0,0,1,0,0,0,0,10)
466:(0,3,2,2,0,1,1,1,0,1,1,1,0,0,0,1,0,0,0,0,14)
467:(0,3,2,2,0,1,1,1,0,1,1,1,0,0,1,1,0,0,0,0,10)
468:(0,3,2,2,0,1,1,1,0,1,1,1,0,1,1,1,0,0,0,0,10)
469:(0,3,2,3,0,1,1,1,0,1,1,1,0,1,1,1,0,0,0,0,10)
470:(0,3,3,1,0,0,0,0,0,1,1,0,0,0,0,0,0,0,1,1,12)
471:(0,3,3,1,0,0,1,1,0,0,0,0,0,0,0,0,0,0,0,1,12)
472:(0,3,3,1,0,0,1,1,0,0,0,1,0,0,0,1,0,0,0,1,12)
473:(0,3,3,1,0,0,1,1,0,0,0,1,0,0,0,1,0,1,0,1,12)
474:(0,3,3,1,0,0,1,1,0,0,0,1,0,1,0,1,1,1,0,1,12)
475:(0,3,3,1,0,0,1,1,0,0,1,1,0,0,0,0,0,0,0,1,12)
476:(0,3,3,1,0,0,1,1,0,0,1,1,0,0,0,1,0,0,0,1,12)
477:(0,3,3,1,0,0,1,1,0,0,1,1,0,0,1,1,0,0,0,1,12)
478:(0,3,3,1,0,0,1,1,0,0,1,1,1,0,0,0,1,1,1,1,12)
479:(0,3,3,2,0,1,1,1,0,1,1,1,0,0,0,1,0,0,0,1,12)
480:(0,3,3,2,0,1,1,1,0,1,1,1,0,0,1,1,0,0,0,1,12)
481:(0,3,3,2,0,1,1,1,0,1,1,1,0,1,1,1,0,0,0,1,12)
482:(0,3,3,3,0,1,1,1,0,1,1,1,0,1,1,1,0,0,0,1,12)
483:(1,0,0,1,0,0,0,0,0,0,0,0,0,0,0,0,0,0,0,0,20)
484:(1,0,0,2,0,0,0,0,0,0,0,0,0,0,0,0,0,0,0,0,0)
485:(1,0,0,2,0,0,0,0,0,0,0,0,0,0,0,0,0,0,0,0,4)
486:(1,0,0,2,0,0,0,0,0,0,0,0,0,0,0,0,0,0,0,0,8)
487:(1,0,0,2,0,0,0,0,0,1,1,0,0,0,0,0,0,0,0,0,0)
488:(1,0,0,2,0,0,0,0,0,1,1,0,0,1,1,0,0,0,0,0,0)
489:(1,0,0,2,0,0,1,1,0,0,0,1,0,0,0,0,0,0,0,0,0)
490:(1,0,0,3,0,0,0,0,0,1,1,0,0,1,1,0,0,0,0,0,0)
491:(1,0,1,1,0,0,1,1,0,0,1,1,0,0,0,0,0,0,0,0,2)
492:(1,0,1,3,0,1,1,1,1,1,1,1,1,1,1,1,1,1,1,1,22)
493:(1,0,2,1,0,0,1,1,0,0,1,1,1,0,0,0,0,0,0,0,4)
494:(1,0,2,2,0,1,1,1,0,1,1,1,1,1,1,1,1,1,1,1,20)
495:(1,0,2,3,0,1,1,1,0,1,1,1,1,1,1,1,1,1,1,1,20)
496:(1,0,3,1,0,0,1,1,0,0,1,1,1,0,0,0,1,0,0,0,6)
497:(1,0,3,2,0,1,1,1,0,1,1,1,0,1,1,1,1,1,1,1,18)
498:(1,0,3,3,0,1,1,1,0,1,1,1,0,1,1,1,1,1,1,1,18)
499:(1,1,0,1,0,0,0,0,0,0,0,0,0,0,0,0,0,0,0,0,2)
500:(1,1,0,1,0,0,0,0,0,0,0,0,0,0,0,0,0,0,0,0,6)
501:(1,1,0,1,0,0,0,0,0,0,0,0,0,0,0,0,0,0,0,0,10)
502:(1,1,0,1,0,0,0,0,0,0,0,0,0,0,0,0,0,0,0,0,14)
503:(1,1,0,1,0,0,0,0,0,0,0,0,0,0,0,0,0,0,0,0,18)
504:(1,1,0,1,0,0,0,0,0,0,0,0,0,0,0,0,0,1,0,0,2)
505:(1,1,0,1,0,0,0,0,0,0,0,0,0,1,0,0,1,1,0,0,2)
506:(1,1,0,1,0,0,0,0,0,0,1,0,0,0,0,0,0,0,0,0,2)
507:(1,1,0,1,0,0,0,0,0,0,1,0,0,0,1,0,0,0,0,0,2)
508:(1,1,0,2,0,0,0,0,0,0,0,0,0,0,0,0,0,0,0,0,10)
509:(1,1,0,2,0,0,0,0,0,0,0,0,0,0,0,0,0,0,0,0,14)
510:(1,1,0,2,0,0,0,0,0,0,0,0,0,0,0,0,0,0,0,0,18)
511:(1,1,0,2,0,1,0,0,0,0,0,0,0,0,0,0,0,0,0,0,2)
512:(1,1,0,2,0,1,0,0,0,0,0,0,0,0,0,0,0,0,0,0,6)
513:(1,1,0,2,0,1,0,0,0,0,0,0,0,0,0,0,0,0,0,0,10)
514:(1,1,0,2,0,1,0,0,0,1,1,0,0,0,0,0,0,0,0,0,2)
515:(1,1,0,2,0,1,0,0,0,1,1,0,0,1,1,0,0,0,0,0,2)
516:(1,1,0,2,0,1,1,1,0,0,0,1,0,0,0,0,0,0,0,0,2)
517:(1,1,0,3,0,0,0,0,0,0,0,0,0,0,0,0,0,0,0,0,10)
518:(1,1,0,3,0,1,0,0,0,1,1,0,0,1,1,0,0,0,0,0,2)
519:(1,1,1,1,0,0,0,0,0,0,0,0,0,0,0,0,0,0,0,0,8)
520:(1,1,1,1,0,0,0,0,0,0,0,0,0,0,0,0,0,0,0,0,12)
521:(1,1,1,1,0,0,0,0,0,1,0,0,0,0,0,0,0,0,0,0,4)
522:(1,1,1,1,0,0,0,0,0,1,0,0,0,0,0,0,0,0,0,0,20)
523:(1,1,1,1,0,0,0,0,0,1,1,0,0,0,0,0,0,0,0,0,20)
524:(1,1,1,1,0,0,0,0,0,1,1,0,0,0,1,0,0,0,0,0,20)
525:(1,1,1,1,0,0,0,0,0,1,1,0,0,1,1,0,0,0,0,0,20)
526:(1,1,1,1,0,0,1,0,0,0,1,0,0,0,0,0,0,0,0,0,20)
527:(1,1,1,1,0,0,1,0,0,1,1,0,0,0,0,0,0,0,0,0,20)
528:(1,1,1,1,0,0,1,0,0,1,1,0,0,1,1,0,0,0,0,0,20)
529:(1,1,1,1,0,0,1,1,0,1,1,0,0,0,0,0,0,0,0,0,20)
530:(1,1,1,1,0,0,1,1,0,1,1,0,0,1,1,0,0,0,0,0,20)
531:(1,1,1,1,0,0,1,1,0,1,1,1,0,0,0,0,0,0,0,0,20)
532:(1,1,1,1,0,0,1,1,0,1,1,1,0,0,0,1,0,0,0,0,20)
533:(1,1,1,1,0,0,1,1,0,1,1,1,0,0,0,1,0,0,0,1,20)
534:(1,1,1,1,0,0,1,1,0,1,1,1,0,0,1,0,0,0,0,0,20)
535:(1,1,1,1,0,0,1,1,0,1,1,1,0,0,1,1,0,0,0,0,20)
536:(1,1,1,1,0,0,1,1,0,1,1,1,0,0,1,1,0,0,0,1,20)
537:(1,1,1,1,0,0,1,1,0,1,1,1,0,0,1,1,0,0,1,1,20)
538:(1,1,1,1,0,0,1,1,0,1,1,1,0,0,1,1,0,1,1,1,20)
539:(1,1,1,1,0,0,1,1,0,1,1,1,0,1,1,0,0,0,0,0,20)
540:(1,1,1,1,0,0,1,1,0,1,1,1,0,1,1,1,0,0,0,0,20)
541:(1,1,1,1,0,0,1,1,0,1,1,1,0,1,1,1,0,0,0,1,20)
542:(1,1,1,1,0,0,1,1,0,1,1,1,0,1,1,1,0,0,1,1,20)
543:(1,1,1,1,0,0,1,1,0,1,1,1,0,1,1,1,0,1,1,1,20)
544:(1,1,1,1,0,0,1,1,0,1,1,1,0,1,1,1,1,1,1,1,20)
545:(1,1,1,1,0,0,1,1,0,1,1,1,1,1,1,1,1,1,1,1,20)
546:(1,1,1,2,0,0,0,0,0,1,0,0,0,0,0,0,0,0,0,0,12)
547:(1,1,1,2,0,0,0,0,0,1,0,0,0,0,0,0,0,0,0,0,16)
548:(1,1,1,2,0,1,0,0,0,1,0,0,0,0,0,0,0,0,0,0,4)
549:(1,1,1,2,0,1,0,0,0,1,0,0,0,0,0,0,0,0,0,0,12)
550:(1,1,1,2,0,1,1,1,0,1,0,1,0,0,0,0,0,0,0,0,4)
551:(1,1,1,3,0,0,0,0,0,1,0,0,0,0,0,0,0,0,0,0,12)
552:(1,1,2,1,0,0,0,0,0,0,0,0,0,0,0,0,0,0,0,0,14)
553:(1,1,2,1,0,0,0,0,0,0,0,0,0,1,0,0,0,0,0,0,10)
554:(1,1,2,1,0,0,0,0,0,0,0,0,0,1,0,0,0,0,0,0,14)
555:(1,1,2,1,0,0,0,0,0,0,1,0,0,1,1,0,0,0,0,0,18)
556:(1,1,2,1,0,0,1,0,0,0,1,0,0,1,1,0,0,0,0,0,18)
557:(1,1,2,1,0,0,1,1,0,0,1,0,0,1,1,0,0,0,0,0,18)
558:(1,1,2,1,0,0,1,1,0,0,1,1,0,1,1,0,0,0,0,0,18)
559:(1,1,2,1,0,0,1,1,0,0,1,1,0,1,1,1,0,0,0,0,18)
560:(1,1,2,1,0,0,1,1,0,0,1,1,0,1,1,1,0,0,0,1,18)
561:(1,1,2,1,0,0,1,1,0,0,1,1,0,1,1,1,0,0,1,1,18)
562:(1,1,2,1,0,0,1,1,0,0,1,1,0,1,1,1,0,1,1,1,18)
563:(1,1,2,1,0,0,1,1,0,0,1,1,1,1,1,1,1,1,1,1,18)
564:(1,1,2,2,0,1,1,0,0,0,1,0,0,1,1,0,0,0,0,0,18)
565:(1,1,2,2,0,1,1,1,0,0,1,0,0,1,1,0,0,0,0,0,18)
566:(1,1,2,2,0,1,1,1,0,0,1,1,0,1,1,0,0,0,0,0,18)
567:(1,1,3,1,0,0,0,0,0,0,0,0,0,1,0,0,0,1,0,0,16)
568:(1,1,3,1,0,0,1,1,0,0,1,1,0,0,1,1,0,1,1,1,16)
569:(1,1,3,1,0,0,1,1,0,0,1,1,1,0,0,0,1,1,0,0,8)
570:(1,1,3,2,0,1,1,1,0,1,1,1,0,0,1,1,0,1,1,1,16)
571:(1,1,3,2,0,1,1,1,0,1,1,1,0,1,1,1,0,1,1,1,16)
572:(1,1,3,3,0,1,1,1,0,1,1,1,0,1,1,1,0,1,1,1,16)
573:(1,2,0,1,0,0,0,0,0,0,0,0,0,0,0,0,0,0,0,0,4)
574:(1,2,0,1,0,0,0,0,0,0,0,0,0,0,0,0,0,0,0,0,8)
575:(1,2,0,1,0,0,0,0,0,0,0,0,0,0,0,0,0,0,0,0,12)
576:(1,2,0,1,0,0,0,0,0,0,0,0,0,0,0,0,0,0,0,0,16)
577:(1,2,0,1,0,0,0,0,0,0,1,0,0,1,1,0,0,0,0,0,16)
578:(1,2,0,1,0,0,0,1,0,0,0,0,0,0,0,0,0,0,0,0,16)
579:(1,2,0,1,0,0,0,1,0,0,0,0,0,0,0,0,0,0,0,0,20)
580:(1,2,0,1,0,0,1,0,0,0,0,0,0,0,0,0,0,0,0,0,4)
581:(1,2,0,1,0,0,1,0,0,0,0,0,0,0,0,0,0,0,0,0,8)
582:(1,2,0,1,0,0,1,0,0,0,0,0,0,0,0,0,0,0,0,0,12)
583:(1,2,0,1,0,0,1,0,0,0,0,0,0,0,0,0,0,0,0,0,16)
584:(1,2,0,1,0,0,1,0,0,0,0,0,0,0,0,0,0,0,0,0,20)
585:(1,2,0,1,0,0,1,0,0,0,0,0,0,0,0,0,0,1,0,0,4)
586:(1,2,0,1,0,0,1,0,0,0,0,0,0,1,0,0,1,1,0,0,4)
587:(1,2,0,1,0,0,1,0,0,0,1,0,0,0,0,0,0,0,0,0,4)
588:(1,2,0,1,0,0,1,0,0,0,1,0,0,0,0,0,0,0,0,0,8)
589:(1,2,0,1,0,0,1,0,0,0,1,0,0,0,1,0,0,0,0,0,4)
590:(1,2,0,1,0,0,1,0,0,0,1,0,0,0,1,0,0,0,0,0,20)
591:(1,2,0,1,0,0,1,0,0,0,1,0,0,1,1,0,0,0,0,0,20)
592:(1,2,0,1,0,0,1,1,0,0,0,0,0,0,0,0,0,0,0,0,12)
593:(1,2,0,1,0,0,1,1,0,0,0,0,0,0,0,0,0,0,0,0,16)
594:(1,2,0,1,0,0,1,1,0,0,0,0,0,0,0,0,0,0,0,0,20)
595:(1,2,0,1,0,0,1,1,0,0,0,1,0,0,0,0,0,0,0,0,20)
596:(1,2,0,1,0,0,1,1,0,0,1,0,0,0,0,0,0,0,0,0,20)
597:(1,2,0,1,0,0,1,1,0,0,1,0,0,0,1,0,0,0,0,0,20)
598:(1,2,0,1,0,0,1,1,0,0,1,0,0,1,1,0,0,0,0,0,20)
599:(1,2,0,1,0,0,1,1,0,0,1,1,0,0,0,0,0,0,0,0,20)
600:(1,2,0,1,0,0,1,1,0,0,1,1,0,0,1,0,0,0,0,0,20)
601:(1,2,0,1,0,0,1,1,0,0,1,1,0,1,1,0,0,0,0,0,20)
602:(1,2,0,1,0,0,1,1,0,1,0,1,0,0,0,0,0,0,0,0,20)
603:(1,2,0,1,0,0,1,1,0,1,1,1,0,0,0,1,0,0,1,1,20)
604:(1,2,0,2,0,0,1,0,0,0,0,0,0,0,0,0,0,0,0,0,12)
605:(1,2,0,2,0,1,0,0,0,0,0,0,0,0,0,0,0,0,0,0,8)
606:(1,2,0,2,0,1,1,0,0,0,0,0,0,0,0,0,0,0,0,0,8)
607:(1,2,0,2,0,1,1,0,0,0,0,0,0,0,0,0,0,0,0,0,12)
608:(1,2,0,2,0,1,1,0,0,1,1,0,0,0,0,0,0,0,0,0,4)
609:(1,2,0,2,0,1,1,0,0,1,1,0,0,0,0,0,0,0,0,0,8)
610:(1,2,0,2,0,1,1,0,0,1,1,0,0,1,1,0,0,0,0,0,4)
611:(1,2,0,2,0,1,1,1,0,0,0,0,0,0,0,0,0,0,0,0,12)
612:(1,2,0,3,0,1,1,0,0,1,1,0,0,1,1,0,0,0,0,0,4)
613:(1,2,1,1,0,0,0,0,0,0,0,0,0,0,0,0,0,0,0,0,10)
614:(1,2,1,1,0,0,0,0,0,0,0,0,0,0,0,0,0,0,0,0,14)
615:(1,2,1,1,0,0,0,0,0,0,1,0,0,0,0,0,0,0,0,0,6)
616:(1,2,1,1,0,0,0,0,0,0,1,0,0,0,0,0,0,0,0,0,14)
617:(1,2,1,1,0,0,0,0,0,0,1,0,0,0,0,0,0,0,0,0,18)
618:(1,2,1,1,0,0,0,0,0,0,1,0,0,0,1,0,0,0,0,0,14)
619:(1,2,1,1,0,0,0,0,0,0,1,0,0,0,1,0,0,0,0,0,18)
620:(1,2,1,1,0,0,0,0,0,0,1,0,0,1,1,0,0,0,0,0,14)
621:(1,2,1,1,0,0,0,0,0,0,1,0,0,1,1,0,0,0,0,0,18)
622:(1,2,1,1,0,0,0,0,0,1,0,0,0,0,0,0,0,0,0,0,14)
623:(1,2,1,1,0,0,0,1,0,0,0,0,0,0,0,0,0,0,0,0,14)
624:(1,2,1,1,0,0,0,1,0,0,1,0,0,0,0,0,0,0,0,0,18)
625:(1,2,1,1,0,0,0,1,0,0,1,0,0,0,1,0,0,0,0,0,18)
626:(1,2,1,1,0,0,0,1,0,0,1,1,0,0,0,0,0,0,0,0,18)
627:(1,2,1,1,0,0,1,0,0,0,1,0,0,0,0,0,0,0,0,0,14)
628:(1,2,1,1,0,0,1,0,0,0,1,0,0,0,0,0,0,0,0,0,18)
629:(1,2,1,1,0,0,1,1,0,0,0,1,0,0,0,0,0,0,0,0,14)
630:(1,2,1,1,0,0,1,1,0,0,1,0,0,0,0,0,0,0,0,0,14)
631:(1,2,1,1,0,0,1,1,0,0,1,0,0,0,0,0,0,0,0,0,18)
632:(1,2,1,1,0,0,1,1,0,0,1,1,0,0,0,0,0,0,0,0,14)
633:(1,2,1,1,0,0,1,1,0,0,1,1,0,0,0,0,0,0,0,0,18)
634:(1,2,1,1,0,0,1,1,0,0,1,1,0,0,0,1,0,0,0,0,18)
635:(1,2,1,1,0,0,1,1,0,0,1,1,0,0,0,1,0,0,0,1,18)
636:(1,2,1,1,0,0,1,1,0,0,1,1,0,0,1,0,0,0,0,0,18)
637:(1,2,1,1,0,0,1,1,0,0,1,1,0,0,1,1,0,0,0,0,18)
638:(1,2,1,1,0,0,1,1,0,0,1,1,0,0,1,1,0,0,0,1,18)
639:(1,2,1,1,0,0,1,1,0,0,1,1,0,0,1,1,0,0,1,1,18)
640:(1,2,1,1,0,0,1,1,0,0,1,1,0,0,1,1,0,1,1,1,18)
641:(1,2,1,1,0,0,1,1,0,0,1,1,0,1,1,1,1,1,1,1,18)
642:(1,2,1,2,0,0,0,0,0,1,1,0,0,0,0,0,0,0,0,0,14)
643:(1,2,1,2,0,1,0,0,0,1,1,0,0,0,0,0,0,0,0,0,6)
644:(1,2,1,2,0,1,0,0,0,1,1,0,0,0,0,0,0,0,0,0,14)
645:(1,2,1,2,0,1,1,0,0,0,1,0,0,0,0,0,0,0,0,0,14)
646:(1,2,1,2,0,1,1,1,0,0,1,0,0,0,0,0,0,0,0,0,14)
647:(1,2,1,2,0,1,1,1,0,0,1,1,0,0,0,0,0,0,0,0,14)
648:(1,2,1,2,0,1,1,1,0,1,1,1,0,0,0,0,0,0,0,0,6)
649:(1,2,1,3,0,0,0,0,0,1,1,0,0,0,0,0,0,0,0,0,14)
650:(1,2,2,1,0,0,0,0,0,0,0,0,0,0,1,0,0,0,0,0,12)
651:(1,2,2,1,0,0,0,0,0,0,0,0,0,0,1,0,0,0,0,0,16)
652:(1,2,2,1,0,0,0,0,0,0,0,0,0,1,1,0,0,0,0,0,12)
653:(1,2,2,1,0,0,0,0,0,0,0,0,0,1,1,0,0,0,0,0,16)
654:(1,2,2,1,0,0,0,0,0,0,1,0,0,0,1,0,0,0,0,0,16)
655:(1,2,2,1,0,0,0,0,0,1,1,0,0,0,0,0,0,0,0,0,8)
656:(1,2,2,1,0,0,0,1,0,0,0,0,0,0,1,0,0,0,0,0,16)
657:(1,2,2,1,0,0,1,0,0,0,1,0,0,0,1,0,0,0,0,0,16)
658:(1,2,2,1,0,0,1,1,0,0,0,1,0,0,0,1,0,0,0,0,16)
659:(1,2,2,1,0,0,1,1,0,0,0,1,0,0,1,0,0,0,0,0,16)
660:(1,2,2,1,0,0,1,1,0,0,0,1,0,0,1,1,0,0,0,0,16)
661:(1,2,2,1,0,0,1,1,0,0,0,1,0,0,1,1,0,0,0,1,16)
662:(1,2,2,1,0,0,1,1,0,0,0,1,0,0,1,1,0,0,1,1,16)
663:(1,2,2,1,0,0,1,1,0,0,0,1,0,0,1,1,0,1,1,1,16)
664:(1,2,2,1,0,0,1,1,0,0,0,1,0,1,1,1,1,1,1,1,16)
665:(1,2,2,1,0,0,1,1,0,0,1,0,0,0,1,0,0,0,0,0,16)
666:(1,2,2,1,0,0,1,1,0,0,1,1,0,0,1,0,0,0,0,0,16)
667:(1,2,2,1,0,0,1,1,0,0,1,1,0,0,1,1,0,0,0,0,16)
668:(1,2,2,1,0,0,1,1,0,0,1,1,0,0,1,1,0,0,0,1,16)
669:(1,2,2,1,0,0,1,1,0,0,1,1,0,0,1,1,0,0,1,1,16)
670:(1,2,2,1,0,0,1,1,0,0,1,1,1,0,1,1,1,1,1,1,16)
671:(1,2,2,2,0,0,0,0,0,1,1,0,0,0,1,0,0,0,0,0,16)
672:(1,2,2,2,0,1,0,0,0,1,1,0,0,0,1,0,0,0,0,0,16)
673:(1,2,2,2,0,1,1,0,0,0,1,0,0,0,1,0,0,0,0,0,16)
674:(1,2,2,2,0,1,1,1,0,0,1,0,0,0,1,0,0,0,0,0,16)
675:(1,2,2,2,0,1,1,1,0,0,1,1,0,0,1,0,0,0,0,0,16)
676:(1,2,2,2,0,1,1,1,0,1,1,1,0,0,1,0,0,0,0,0,8)
677:(1,2,2,2,0,1,1,1,0,1,1,1,0,0,1,1,0,0,0,0,16)
678:(1,2,2,2,0,1,1,1,0,1,1,1,0,0,1,1,0,0,0,1,16)
679:(1,2,2,2,0,1,1,1,0,1,1,1,0,0,1,1,0,0,1,1,16)
680:(1,2,2,3,0,0,0,0,0,1,1,0,0,0,1,0,0,0,0,0,16)
681:(1,2,3,1,0,0,0,0,0,1,1,0,0,0,0,0,0,0,1,0,10)
682:(1,2,3,1,0,0,1,1,0,0,0,1,0,0,0,1,0,0,0,1,14)
683:(1,2,3,1,0,0,1,1,0,0,0,1,0,0,0,1,0,0,1,1,14)
684:(1,2,3,1,0,0,1,1,0,0,0,1,0,0,0,1,0,1,1,1,14)
685:(1,2,3,1,0,0,1,1,0,0,0,1,0,1,0,1,1,1,1,1,14)
686:(1,2,3,1,0,0,1,1,0,0,1,1,0,0,0,1,0,0,1,1,14)
687:(1,2,3,1,0,0,1,1,0,0,1,1,0,0,1,1,0,0,1,1,14)
688:(1,2,3,1,0,0,1,1,0,0,1,1,1,0,0,0,1,1,1,0,10)
689:(1,2,3,2,0,1,1,1,0,1,1,1,0,0,0,1,0,0,0,1,14)
690:(1,2,3,2,0,1,1,1,0,1,1,1,0,0,0,1,0,0,1,1,14)
691:(1,2,3,2,0,1,1,1,0,1,1,1,0,0,1,1,0,0,1,1,14)
692:(1,2,3,2,0,1,1,1,0,1,1,1,0,1,1,1,0,0,1,1,14)
693:(1,2,3,3,0,1,1,1,0,1,1,1,0,1,1,1,0,0,1,1,14)
694:(1,3,0,1,0,0,0,0,0,0,0,0,0,0,0,0,0,0,0,0,14)
695:(1,3,0,1,0,0,0,1,0,0,0,0,0,0,0,0,0,0,0,0,10)
696:(1,3,0,1,0,0,0,1,0,0,0,0,0,0,0,0,0,0,0,0,14)
697:(1,3,0,1,0,0,0,1,0,0,0,0,0,0,0,0,0,0,0,0,18)
698:(1,3,0,1,0,0,0,1,0,0,0,1,0,0,0,0,0,0,0,0,18)
699:(1,3,0,1,0,0,0,1,0,0,1,0,0,1,1,0,0,0,0,0,18)
700:(1,3,0,1,0,0,0,1,0,0,1,1,0,0,1,0,0,0,0,0,18)
701:(1,3,0,1,0,0,0,1,0,0,1,1,0,1,1,0,0,0,0,0,18)
702:(1,3,0,1,0,0,0,1,0,1,0,1,0,0,0,0,0,0,0,0,18)
703:(1,3,0,1,0,0,0,1,0,1,1,1,0,0,0,1,0,0,1,1,18)
704:(1,3,0,1,0,0,1,1,0,0,0,0,0,0,0,0,0,0,0,0,6)
705:(1,3,0,1,0,0,1,1,0,0,0,0,0,0,0,0,0,0,0,0,10)
706:(1,3,0,1,0,0,1,1,0,0,0,0,0,0,0,0,0,0,0,0,14)
707:(1,3,0,1,0,0,1,1,0,0,0,0,0,0,0,0,0,1,0,0,6)
708:(1,3,0,1,0,0,1,1,0,0,0,0,0,1,0,0,1,1,0,0,6)
709:(1,3,0,1,0,0,1,1,0,0,1,0,0,0,0,0,0,0,0,0,6)
710:(1,3,0,1,0,0,1,1,0,0,1,0,0,0,0,0,0,0,0,0,10)
711:(1,3,0,1,0,0,1,1,0,0,1,0,0,0,1,0,0,0,0,0,6)
712:(1,3,0,2,0,0,1,1,0,0,0,0,0,0,0,0,0,0,0,0,14)
713:(1,3,0,2,0,1,0,1,0,0,0,0,0,0,0,0,0,0,0,0,10)
714:(1,3,0,2,0,1,1,1,0,0,0,0,0,0,0,0,0,0,0,0,10)
715:(1,3,0,2,0,1,1,1,0,1,1,0,0,0,0,0,0,0,0,0,6)
716:(1,3,0,2,0,1,1,1,0,1,1,0,0,0,0,0,0,0,0,0,10)
717:(1,3,0,2,0,1,1,1,0,1,1,0,0,1,1,0,0,0,0,0,6)
718:(1,3,0,3,0,1,1,1,0,1,1,0,0,1,1,0,0,0,0,0,6)
719:(1,3,1,1,0,0,0,0,0,0,0,1,0,0,0,0,0,0,0,0,16)
720:(1,3,1,1,0,0,0,0,0,0,1,1,0,0,1,0,0,0,0,0,16)
721:(1,3,1,1,0,0,0,0,0,0,1,1,0,1,1,0,0,0,0,0,16)
722:(1,3,1,1,0,0,0,0,0,1,0,1,0,0,0,0,0,0,0,0,16)
723:(1,3,1,1,0,0,0,0,0,1,1,1,0,0,0,1,0,0,1,1,16)
724:(1,3,1,1,0,0,0,1,0,0,0,1,0,0,0,0,0,0,0,0,16)
725:(1,3,1,1,0,0,1,1,0,0,0,1,0,0,0,0,0,0,0,0,8)
726:(1,3,1,1,0,0,1,1,0,0,0,1,0,0,0,0,0,0,0,0,12)
727:(1,3,1,1,0,0,1,1,0,0,0,1,0,0,0,0,0,0,0,0,16)
728:(1,3,1,1,0,0,1,1,0,0,0,1,0,0,0,0,0,1,0,0,8)
729:(1,3,1,1,0,0,1,1,0,0,0,1,0,0,0,1,0,0,0,1,16)
730:(1,3,1,1,0,0,1,1,0,0,0,1,0,1,0,0,1,1,0,0,8)
731:(1,3,1,1,0,0,1,1,0,0,1,1,0,0,0,0,0,0,0,0,8)
732:(1,3,1,1,0,0,1,1,0,0,1,1,0,0,0,0,0,0,0,0,12)
733:(1,3,1,1,0,0,1,1,0,0,1,1,0,0,1,0,0,0,0,0,8)
734:(1,3,1,2,0,1,1,1,0,0,0,1,0,0,0,0,0,0,0,0,12)
735:(1,3,1,2,0,1,1,1,0,1,1,1,0,0,0,0,0,0,0,0,8)
736:(1,3,1,2,0,1,1,1,0,1,1,1,0,0,0,0,0,0,0,0,12)
737:(1,3,1,2,0,1,1,1,0,1,1,1,0,1,1,0,0,0,0,0,8)
738:(1,3,1,3,0,1,1,1,0,1,1,1,0,1,1,0,0,0,0,0,8)
739:(1,3,2,1,0,0,0,0,0,1,1,0,0,0,0,1,0,0,1,1,14)
740:(1,3,2,1,0,0,1,1,0,0,0,0,0,0,0,0,0,0,0,0,10)
741:(1,3,2,1,0,0,1,1,0,0,0,0,0,0,0,1,0,0,0,1,14)
742:(1,3,2,1,0,0,1,1,0,0,0,1,0,0,0,1,0,0,0,0,10)
743:(1,3,2,1,0,0,1,1,0,0,0,1,0,0,0,1,0,0,0,0,14)
744:(1,3,2,1,0,0,1,1,0,0,0,1,0,0,0,1,0,1,0,0,10)
745:(1,3,2,1,0,0,1,1,0,0,0,1,0,1,0,1,1,1,0,0,10)
746:(1,3,2,1,0,0,1,1,0,0,1,1,0,0,0,0,0,0,0,0,10)
747:(1,3,2,1,0,0,1,1,0,0,1,1,0,0,0,1,0,0,0,0,10)
748:(1,3,2,1,0,0,1,1,0,0,1,1,0,0,0,1,0,0,0,0,14)
749:(1,3,2,1,0,0,1,1,0,0,1,1,0,0,0,1,0,0,0,1,14)
750:(1,3,2,1,0,0,1,1,0,0,1,1,0,0,1,1,0,0,0,0,10)
751:(1,3,2,1,0,0,1,1,0,0,1,1,1,0,0,1,1,1,1,1,14)
752:(1,3,2,2,0,1,1,1,0,1,1,1,0,0,0,1,0,0,0,0,10)
753:(1,3,2,2,0,1,1,1,0,1,1,1,0,0,0,1,0,0,0,0,14)
754:(1,3,2,2,0,1,1,1,0,1,1,1,0,0,1,1,0,0,0,0,10)
755:(1,3,2,2,0,1,1,1,0,1,1,1,0,1,1,1,0,0,0,0,10)
756:(1,3,2,3,0,1,1,1,0,1,1,1,0,1,1,1,0,0,0,0,10)
757:(1,3,3,1,0,0,0,0,0,1,1,0,0,0,0,0,0,0,1,1,12)
758:(1,3,3,1,0,0,1,1,0,0,0,0,0,0,0,0,0,0,0,1,12)
759:(1,3,3,1,0,0,1,1,0,0,0,1,0,0,0,1,0,0,0,1,12)
760:(1,3,3,1,0,0,1,1,0,0,0,1,0,0,0,1,0,1,0,1,12)
761:(1,3,3,1,0,0,1,1,0,0,0,1,0,1,0,1,1,1,0,1,12)
762:(1,3,3,1,0,0,1,1,0,0,1,1,0,0,0,0,0,0,0,1,12)
763:(1,3,3,1,0,0,1,1,0,0,1,1,0,0,0,1,0,0,0,1,12)
764:(1,3,3,1,0,0,1,1,0,0,1,1,0,0,1,1,0,0,0,1,12)
765:(1,3,3,1,0,0,1,1,0,0,1,1,1,0,0,0,1,1,1,1,12)
766:(1,3,3,2,0,1,1,1,0,1,1,1,0,0,0,1,0,0,0,1,12)
767:(1,3,3,2,0,1,1,1,0,1,1,1,0,0,1,1,0,0,0,1,12)
768:(1,3,3,2,0,1,1,1,0,1,1,1,0,1,1,1,0,0,0,1,12)
769:(1,3,3,3,0,1,1,1,0,1,1,1,0,1,1,1,0,0,0,1,12)
770:(2,0,0,0,0,0,0,0,0,0,0,0,0,0,0,0,0,0,0,0,0)
771:(2,0,0,0,0,0,0,0,0,0,0,0,0,0,0,0,0,0,0,0,4)
772:(2,0,0,0,0,0,0,0,0,0,0,0,0,0,0,0,0,0,0,0,8)
773:(2,0,0,0,0,0,0,0,0,0,0,0,0,0,0,0,0,0,0,0,12)
774:(2,0,0,0,0,0,0,0,0,0,0,0,0,0,0,0,0,0,0,0,16)
775:(2,0,0,0,0,0,0,0,0,0,0,0,0,0,0,0,0,0,0,0,20)
776:(2,0,0,0,0,0,0,0,0,0,0,0,0,0,0,0,0,1,0,0,0)
777:(2,0,0,0,0,0,0,0,0,0,0,0,0,0,1,0,0,0,0,0,4)
778:(2,0,0,0,0,0,0,0,0,0,0,0,0,0,1,0,0,0,0,0,8)
779:(2,0,0,0,0,0,0,0,0,0,0,0,0,1,0,0,0,0,0,0,4)
780:(2,0,0,0,0,0,0,0,0,0,0,0,0,1,0,0,0,0,0,0,8)
781:(2,0,0,0,0,0,0,0,0,0,0,0,0,1,0,0,0,1,0,0,8)
782:(2,0,0,0,0,0,0,0,0,0,0,0,0,1,0,0,1,1,0,0,0)
783:(2,0,0,0,0,0,0,0,0,0,0,0,0,1,1,0,0,0,0,0,4)
784:(2,0,0,0,0,0,0,0,0,0,0,0,0,1,1,0,0,0,0,0,8)
785:(2,0,0,0,0,0,0,0,0,0,0,1,0,0,0,0,0,0,0,0,8)
786:(2,0,0,0,0,0,0,0,0,0,1,0,0,0,0,0,0,0,0,0,0)
787:(2,0,0,0,0,0,0,0,0,0,1,0,0,0,0,0,0,0,0,0,8)
788:(2,0,0,0,0,0,0,0,0,0,1,0,0,0,0,0,0,0,0,0,12)
789:(2,0,0,0,0,0,0,0,0,0,1,0,0,0,1,0,0,0,0,0,0)
790:(2,0,0,0,0,0,0,0,0,0,1,0,0,0,1,0,0,0,0,0,8)
791:(2,0,0,0,0,0,0,0,0,0,1,0,0,0,1,0,0,0,0,0,12)
792:(2,0,0,0,0,0,0,0,0,0,1,0,0,1,1,0,0,0,0,0,8)
793:(2,0,0,0,0,0,0,0,0,0,1,0,0,1,1,0,0,0,0,0,12)
794:(2,0,0,0,0,0,0,0,0,0,1,1,0,0,1,0,0,0,0,0,8)
795:(2,0,0,0,0,0,0,0,0,0,1,1,0,1,1,0,0,0,0,0,8)
796:(2,0,0,0,0,0,0,0,0,1,0,0,0,0,0,0,0,0,0,0,0)
797:(2,0,0,0,0,0,0,0,0,1,0,0,0,0,0,0,0,0,0,0,8)
798:(2,0,0,0,0,0,0,0,0,1,0,0,0,0,0,0,0,0,0,0,16)
799:(2,0,0,0,0,0,0,0,0,1,0,1,0,0,0,0,0,0,0,0,8)
800:(2,0,0,0,0,0,0,0,0,1,1,0,0,0,0,0,0,0,0,0,0)
801:(2,0,0,0,0,0,0,0,0,1,1,0,0,0,0,0,0,0,0,0,16)
802:(2,0,0,0,0,0,0,0,0,1,1,0,0,0,0,0,0,0,1,0,0)
803:(2,0,0,0,0,0,0,0,0,1,1,0,0,0,0,0,0,0,1,1,0)
804:(2,0,0,0,0,0,0,0,0,1,1,0,0,0,0,1,0,0,1,1,4)
805:(2,0,0,0,0,0,0,0,0,1,1,0,0,0,1,0,0,0,0,0,16)
806:(2,0,0,0,0,0,0,0,0,1,1,0,0,1,1,0,0,0,0,0,16)
807:(2,0,0,0,0,0,0,0,0,1,1,1,0,0,0,1,0,0,1,1,8)
808:(2,0,0,0,0,0,0,1,0,0,0,0,0,0,0,0,0,0,0,0,4)
809:(2,0,0,0,0,0,0,1,0,0,0,0,0,0,0,0,0,0,0,0,8)
810:(2,0,0,0,0,0,0,1,0,0,0,0,0,0,0,0,0,0,0,0,12)
811:(2,0,0,0,0,0,0,1,0,0,0,0,0,0,0,0,0,0,0,0,16)
812:(2,0,0,0,0,0,0,1,0,0,0,0,0,0,1,0,0,0,0,0,8)
813:(2,0,0,0,0,0,0,1,0,0,0,1,0,0,0,0,0,0,0,0,8)
814:(2,0,0,0,0,0,0,1,0,0,0,1,0,0,0,0,0,0,0,0,12)
815:(2,0,0,0,0,0,0,1,0,0,1,0,0,0,0,0,0,0,0,0,12)
816:(2,0,0,0,0,0,0,1,0,0,1,0,0,0,1,0,0,0,0,0,12)
817:(2,0,0,0,0,0,0,1,0,0,1,0,0,1,1,0,0,0,0,0,12)
818:(2,0,0,0,0,0,0,1,0,0,1,1,0,0,0,0,0,0,0,0,12)
819:(2,0,0,0,0,0,0,1,0,0,1,1,0,0,1,0,0,0,0,0,12)
820:(2,0,0,0,0,0,0,1,0,0,1,1,0,1,1,0,0,0,0,0,12)
821:(2,0,0,0,0,0,0,1,0,1,0,1,0,0,0,0,0,0,0,0,12)
822:(2,0,0,0,0,0,0,1,0,1,1,1,0,0,0,1,0,0,1,1,12)
823:(2,0,0,0,0,0,1,0,0,0,0,0,0,0,0,0,0,0,0,0,0)
824:(2,0,0,0,0,0,1,0,0,0,0,0,0,0,0,0,0,0,0,0,4)
825:(2,0,0,0,0,0,1,0,0,0,0,0,0,0,0,0,0,0,0,0,8)
826:(2,0,0,0,0,0,1,0,0,0,0,0,0,0,0,0,0,0,0,0,12)
827:(2,0,0,0,0,0,1,0,0,0,0,0,0,0,0,0,0,0,0,0,16)
828:(2,0,0,0,0,0,1,0,0,0,0,0,0,0,0,0,0,1,0,0,0)
829:(2,0,0,0,0,0,1,0,0,0,0,0,0,1,0,0,1,1,0,0,0)
830:(2,0,0,0,0,0,1,0,0,0,1,0,0,0,0,0,0,0,0,0,0)
831:(2,0,0,0,0,0,1,0,0,0,1,0,0,0,0,0,0,0,0,0,4)
832:(2,0,0,0,0,0,1,0,0,0,1,0,0,0,0,0,0,0,0,0,8)
833:(2,0,0,0,0,0,1,0,0,0,1,0,0,0,0,0,0,0,0,0,12)
834:(2,0,0,0,0,0,1,0,0,0,1,0,0,0,0,0,0,0,0,0,16)
835:(2,0,0,0,0,0,1,0,0,0,1,0,0,0,1,0,0,0,0,0,0)
836:(2,0,0,0,0,0,1,0,0,0,1,0,0,0,1,0,0,0,0,0,8)
837:(2,0,0,0,0,0,1,0,0,0,1,0,0,0,1,0,0,0,0,0,16)
838:(2,0,0,0,0,0,1,0,0,0,1,0,0,1,1,0,0,0,0,0,12)
839:(2,0,0,0,0,0,1,0,0,0,1,0,0,1,1,0,0,0,0,0,16)
840:(2,0,0,0,0,0,1,0,0,1,1,0,0,0,0,0,0,0,0,0,16)
841:(2,0,0,0,0,0,1,0,0,1,1,0,0,1,1,0,0,0,0,0,16)
842:(2,0,0,0,0,0,1,1,0,0,0,0,0,0,0,0,0,0,0,0,0)
843:(2,0,0,0,0,0,1,1,0,0,0,0,0,0,0,0,0,0,0,0,4)
844:(2,0,0,0,0,0,1,1,0,0,0,0,0,0,0,0,0,0,0,0,8)
845:(2,0,0,0,0,0,1,1,0,0,0,0,0,0,0,0,0,0,0,0,12)
846:(2,0,0,0,0,0,1,1,0,0,0,0,0,0,0,0,0,0,0,0,16)
847:(2,0,0,0,0,0,1,1,0,0,0,0,0,0,0,0,0,0,0,1,0)
848:(2,0,0,0,0,0,1,1,0,0,0,0,0,0,0,0,0,1,0,0,0)
849:(2,0,0,0,0,0,1,1,0,0,0,0,0,0,0,1,0,0,0,1,4)
850:(2,0,0,0,0,0,1,1,0,0,0,0,0,1,0,0,1,1,0,0,0)
851:(2,0,0,0,0,0,1,1,0,0,0,1,0,0,0,0,0,0,0,0,0)
852:(2,0,0,0,0,0,1,1,0,0,0,1,0,0,0,0,0,0,0,0,4)
853:(2,0,0,0,0,0,1,1,0,0,0,1,0,0,0,0,0,0,0,0,8)
854:(2,0,0,0,0,0,1,1,0,0,0,1,0,0,0,0,0,0,0,0,16)
855:(2,0,0,0,0,0,1,1,0,0,0,1,0,0,0,0,0,1,0,0,0)
856:(2,0,0,0,0,0,1,1,0,0,0,1,0,0,0,1,0,0,0,0,0)
857:(2,0,0,0,0,0,1,1,0,0,0,1,0,0,0,1,0,0,0,0,4)
858:(2,0,0,0,0,0,1,1,0,0,0,1,0,0,0,1,0,0,0,0,8)
859:(2,0,0,0,0,0,1,1,0,0,0,1,0,0,0,1,0,0,0,1,0)
860:(2,0,0,0,0,0,1,1,0,0,0,1,0,0,0,1,0,0,0,1,4)
861:(2,0,0,0,0,0,1,1,0,0,0,1,0,0,0,1,0,0,0,1,8)
862:(2,0,0,0,0,0,1,1,0,0,0,1,0,0,0,1,0,0,1,1,4)
863:(2,0,0,0,0,0,1,1,0,0,0,1,0,0,0,1,0,1,0,0,0)
864:(2,0,0,0,0,0,1,1,0,0,0,1,0,0,0,1,0,1,0,1,0)
865:(2,0,0,0,0,0,1,1,0,0,0,1,0,0,0,1,0,1,1,1,4)
866:(2,0,0,0,0,0,1,1,0,0,0,1,0,0,1,0,0,0,0,0,8)
867:(2,0,0,0,0,0,1,1,0,0,0,1,0,0,1,1,0,0,0,0,8)
868:(2,0,0,0,0,0,1,1,0,0,0,1,0,0,1,1,0,0,0,1,8)
869:(2,0,0,0,0,0,1,1,0,0,0,1,0,0,1,1,0,0,1,1,8)
870:(2,0,0,0,0,0,1,1,0,0,0,1,0,0,1,1,0,1,1,1,8)
871:(2,0,0,0,0,0,1,1,0,0,0,1,0,1,0,0,1,1,0,0,0)
872:(2,0,0,0,0,0,1,1,0,0,0,1,0,1,0,1,1,1,0,0,0)
873:(2,0,0,0,0,0,1,1,0,0,0,1,0,1,0,1,1,1,0,1,0)
874:(2,0,0,0,0,0,1,1,0,0,0,1,0,1,0,1,1,1,1,1,4)
875:(2,0,0,0,0,0,1,1,0,0,0,1,0,1,1,1,1,1,1,1,8)
876:(2,0,0,0,0,0,1,1,0,0,1,0,0,0,0,0,0,0,0,0,0)
877:(2,0,0,0,0,0,1,1,0,0,1,0,0,0,0,0,0,0,0,0,4)
878:(2,0,0,0,0,0,1,1,0,0,1,0,0,0,0,0,0,0,0,0,8)
879:(2,0,0,0,0,0,1,1,0,0,1,0,0,0,0,0,0,0,0,0,12)
880:(2,0,0,0,0,0,1,1,0,0,1,0,0,0,0,0,0,0,0,0,16)
881:(2,0,0,0,0,0,1,1,0,0,1,0,0,0,1,0,0,0,0,0,0)
882:(2,0,0,0,0,0,1,1,0,0,1,0,0,0,1,0,0,0,0,0,8)
883:(2,0,0,0,0,0,1,1,0,0,1,0,0,0,1,0,0,0,0,0,16)
884:(2,0,0,0,0,0,1,1,0,0,1,0,0,1,1,0,0,0,0,0,12)
885:(2,0,0,0,0,0,1,1,0,0,1,0,0,1,1,0,0,0,0,0,16)
886:(2,0,0,0,0,0,1,1,0,0,1,1,0,0,0,0,0,0,0,0,0)
887:(2,0,0,0,0,0,1,1,0,0,1,1,0,0,0,0,0,0,0,0,4)
888:(2,0,0,0,0,0,1,1,0,0,1,1,0,0,0,0,0,0,0,0,8)
889:(2,0,0,0,0,0,1,1,0,0,1,1,0,0,0,0,0,0,0,0,12)
890:(2,0,0,0,0,0,1,1,0,0,1,1,0,0,0,0,0,0,0,0,16)
891:(2,0,0,0,0,0,1,1,0,0,1,1,0,0,0,0,0,0,0,1,0)
892:(2,0,0,0,0,0,1,1,0,0,1,1,0,0,0,1,0,0,0,0,0)
893:(2,0,0,0,0,0,1,1,0,0,1,1,0,0,0,1,0,0,0,0,4)
894:(2,0,0,0,0,0,1,1,0,0,1,1,0,0,0,1,0,0,0,0,12)
895:(2,0,0,0,0,0,1,1,0,0,1,1,0,0,0,1,0,0,0,1,0)
896:(2,0,0,0,0,0,1,1,0,0,1,1,0,0,0,1,0,0,0,1,4)
897:(2,0,0,0,0,0,1,1,0,0,1,1,0,0,0,1,0,0,0,1,12)
898:(2,0,0,0,0,0,1,1,0,0,1,1,0,0,0,1,0,0,1,1,4)
899:(2,0,0,0,0,0,1,1,0,0,1,1,0,0,1,0,0,0,0,0,0)
900:(2,0,0,0,0,0,1,1,0,0,1,1,0,0,1,0,0,0,0,0,8)
901:(2,0,0,0,0,0,1,1,0,0,1,1,0,0,1,0,0,0,0,0,12)
902:(2,0,0,0,0,0,1,1,0,0,1,1,0,0,1,0,0,0,0,0,16)
903:(2,0,0,0,0,0,1,1,0,0,1,1,0,0,1,1,0,0,0,0,0)
904:(2,0,0,0,0,0,1,1,0,0,1,1,0,0,1,1,0,0,0,0,8)
905:(2,0,0,0,0,0,1,1,0,0,1,1,0,0,1,1,0,0,0,0,12)
906:(2,0,0,0,0,0,1,1,0,0,1,1,0,0,1,1,0,0,0,1,0)
907:(2,0,0,0,0,0,1,1,0,0,1,1,0,0,1,1,0,0,0,1,8)
908:(2,0,0,0,0,0,1,1,0,0,1,1,0,0,1,1,0,0,0,1,12)
909:(2,0,0,0,0,0,1,1,0,0,1,1,0,0,1,1,0,0,1,1,4)
910:(2,0,0,0,0,0,1,1,0,0,1,1,0,0,1,1,0,0,1,1,8)
911:(2,0,0,0,0,0,1,1,0,0,1,1,0,0,1,1,0,0,1,1,12)
912:(2,0,0,0,0,0,1,1,0,0,1,1,0,0,1,1,0,1,1,1,8)
913:(2,0,0,0,0,0,1,1,0,0,1,1,0,0,1,1,0,1,1,1,12)
914:(2,0,0,0,0,0,1,1,0,0,1,1,0,1,1,0,0,0,0,0,12)
915:(2,0,0,0,0,0,1,1,0,0,1,1,0,1,1,0,0,0,0,0,16)
916:(2,0,0,0,0,0,1,1,0,0,1,1,0,1,1,1,0,0,0,0,12)
917:(2,0,0,0,0,0,1,1,0,0,1,1,0,1,1,1,0,0,0,1,12)
918:(2,0,0,0,0,0,1,1,0,0,1,1,0,1,1,1,0,0,1,1,12)
919:(2,0,0,0,0,0,1,1,0,0,1,1,0,1,1,1,0,1,1,1,12)
920:(2,0,0,0,0,0,1,1,0,0,1,1,0,1,1,1,1,1,1,1,12)
921:(2,0,0,0,0,0,1,1,0,0,1,1,1,0,0,0,0,0,0,0,0)
922:(2,0,0,0,0,0,1,1,0,0,1,1,1,0,0,0,1,0,0,0,0)
923:(2,0,0,0,0,0,1,1,0,0,1,1,1,0,0,0,1,1,0,0,0)
924:(2,0,0,0,0,0,1,1,0,0,1,1,1,0,0,0,1,1,1,0,0)
925:(2,0,0,0,0,0,1,1,0,0,1,1,1,0,0,0,1,1,1,1,0)
926:(2,0,0,0,0,0,1,1,0,0,1,1,1,0,0,1,1,1,1,1,4)
927:(2,0,0,0,0,0,1,1,0,0,1,1,1,0,1,1,1,1,1,1,8)
928:(2,0,0,0,0,0,1,1,0,0,1,1,1,1,1,1,1,1,1,1,12)
929:(2,0,0,0,0,0,1,1,0,1,0,1,0,0,0,0,0,0,0,0,16)
930:(2,0,0,0,0,0,1,1,0,1,1,0,0,0,0,0,0,0,0,0,16)
931:(2,0,0,0,0,0,1,1,0,1,1,0,0,1,1,0,0,0,0,0,16)
932:(2,0,0,0,0,0,1,1,0,1,1,1,0,0,0,0,0,0,0,0,16)
933:(2,0,0,0,0,0,1,1,0,1,1,1,0,0,0,1,0,0,0,0,16)
934:(2,0,0,0,0,0,1,1,0,1,1,1,0,0,0,1,0,0,0,1,16)
935:(2,0,0,0,0,0,1,1,0,1,1,1,0,0,0,1,0,0,1,1,16)
936:(2,0,0,0,0,0,1,1,0,1,1,1,0,0,1,0,0,0,0,0,16)
937:(2,0,0,0,0,0,1,1,0,1,1,1,0,0,1,1,0,0,0,0,16)
938:(2,0,0,0,0,0,1,1,0,1,1,1,0,0,1,1,0,0,0,1,16)
939:(2,0,0,0,0,0,1,1,0,1,1,1,0,0,1,1,0,0,1,1,16)
940:(2,0,0,0,0,0,1,1,0,1,1,1,0,0,1,1,0,1,1,1,16)
941:(2,0,0,0,0,0,1,1,0,1,1,1,0,1,1,0,0,0,0,0,16)
942:(2,0,0,0,0,0,1,1,0,1,1,1,0,1,1,1,0,0,0,0,16)
943:(2,0,0,0,0,0,1,1,0,1,1,1,0,1,1,1,0,0,0,1,16)
944:(2,0,0,0,0,0,1,1,0,1,1,1,0,1,1,1,0,0,1,1,16)
945:(2,0,0,0,0,0,1,1,0,1,1,1,0,1,1,1,0,1,1,1,16)
946:(2,0,0,0,0,0,1,1,0,1,1,1,0,1,1,1,1,1,1,1,16)
947:(2,0,0,0,0,0,1,1,0,1,1,1,1,1,1,1,1,1,1,1,16)
