(s,posx,posy,objs,gp0,gp1,gp2,gp3,gp4,gp5,gp6,gp7,gp8,gp9,gp10,gp11,gp12,gp13,gp14,gp15,b)
0:(0,0,0,1,0,0,0,0,0,0,0,0,0,0,0,0,0,0,0,0,0)
1:(0,0,0,1,0,0,0,0,0,0,0,0,0,0,0,0,0,0,0,0,4)
2:(0,0,0,1,0,0,0,0,0,0,0,0,0,0,0,0,0,0,0,0,8)
3:(0,0,0,1,0,0,0,0,0,0,0,0,0,0,0,0,0,0,0,0,12)
4:(0,0,0,1,0,0,0,0,0,0,0,0,0,0,0,0,0,0,0,0,16)
5:(0,0,0,1,0,0,0,0,0,0,0,0,0,0,0,0,0,0,0,0,20)
6:(0,0,0,1,0,0,0,0,0,0,0,0,0,0,0,0,0,1,0,0,0)
7:(0,0,0,1,0,0,0,0,0,0,0,0,0,1,0,0,0,0,0,0,0)
8:(0,0,0,1,0,0,0,0,0,0,0,0,0,1,0,0,0,1,0,0,0)
9:(0,0,0,1,0,0,0,0,0,0,0,0,0,1,0,0,1,1,0,0,0)
10:(0,0,0,1,0,0,0,0,0,0,1,0,0,0,0,0,0,0,0,0,0)
11:(0,0,0,1,0,0,0,0,0,0,1,0,0,0,1,0,0,0,0,0,0)
12:(0,0,0,1,0,0,0,0,0,1,0,0,0,0,0,0,0,0,0,0,8)
13:(0,0,0,1,0,0,0,0,0,1,0,0,0,0,0,0,0,0,0,0,12)
14:(0,0,0,1,0,0,0,0,0,1,1,0,0,0,0,0,0,0,0,0,0)
15:(0,0,0,1,0,0,0,0,0,1,1,0,0,0,0,0,0,0,0,0,8)
16:(0,0,0,1,0,0,0,0,0,1,1,0,0,0,1,0,0,0,0,0,8)
17:(0,0,0,1,0,0,0,0,0,1,1,0,0,1,1,0,0,0,0,0,0)
18:(0,0,0,1,0,0,0,1,0,0,0,0,0,0,0,0,0,0,0,0,8)
19:(0,0,0,1,0,0,0,1,0,0,0,1,0,0,0,0,0,0,0,0,0)
20:(0,0,0,1,0,0,1,1,0,0,1,1,0,0,0,0,0,0,0,0,0)
21:(0,0,0,1,0,1,0,0,0,0,0,0,0,0,0,0,0,0,0,0,0)
22:(0,0,0,1,0,1,0,0,0,0,0,0,0,0,0,0,0,0,0,0,4)
23:(0,0,0,1,0,1,0,0,0,0,0,0,0,0,0,0,0,0,0,0,8)
24:(0,0,0,1,0,1,0,0,0,0,1,0,0,0,0,0,0,0,0,0,0)
25:(0,0,0,1,0,1,0,0,0,1,0,0,0,0,0,0,0,0,0,0,0)
26:(0,0,0,1,0,1,0,0,0,1,0,0,0,0,0,0,0,0,0,0,8)
27:(0,0,0,1,0,1,0,0,0,1,1,0,0,0,0,0,0,0,0,0,0)
28:(0,0,0,1,0,1,0,0,0,1,1,0,0,0,0,0,0,0,0,0,8)
29:(0,0,0,1,0,1,0,0,0,1,1,0,0,0,1,0,0,0,0,0,8)
30:(0,0,0,1,0,1,0,0,0,1,1,0,0,1,1,0,0,0,0,0,0)
31:(0,0,0,1,0,1,0,1,0,0,0,0,0,0,0,0,0,0,0,0,4)
32:(0,0,0,1,0,1,0,1,0,0,0,1,0,0,0,0,0,0,0,0,0)
33:(0,0,0,1,0,1,1,0,0,0,0,0,0,0,0,0,0,0,0,0,4)
34:(0,0,0,1,0,1,1,0,0,0,0,0,0,0,0,0,0,0,0,0,8)
35:(0,0,0,1,0,1,1,0,0,0,1,0,0,0,0,0,0,0,0,0,0)
36:(0,0,0,1,0,1,1,0,0,0,1,0,0,0,0,0,0,0,0,0,8)
37:(0,0,0,1,0,1,1,0,0,0,1,0,0,0,1,0,0,0,0,0,8)
38:(0,0,0,1,0,1,1,0,0,0,1,0,0,1,1,0,0,0,0,0,12)
39:(0,0,0,1,0,1,1,0,0,1,1,0,0,0,0,0,0,0,0,0,0)
40:(0,0,0,1,0,1,1,0,0,1,1,0,0,0,0,0,0,0,0,0,4)
41:(0,0,0,1,0,1,1,0,0,1,1,0,0,1,1,0,0,0,0,0,0)
42:(0,0,0,1,0,1,1,1,0,0,0,0,0,0,0,0,0,0,0,0,4)
43:(0,0,0,1,0,1,1,1,0,0,0,0,0,0,0,0,0,0,0,0,8)
44:(0,0,0,1,0,1,1,1,0,0,0,1,0,0,0,0,0,0,0,0,0)
45:(0,0,0,1,0,1,1,1,0,0,0,1,0,0,0,0,0,0,0,0,4)
46:(0,0,0,1,0,1,1,1,0,0,1,0,0,0,0,0,0,0,0,0,0)
47:(0,0,0,1,0,1,1,1,0,0,1,0,0,0,0,0,0,0,0,0,8)
48:(0,0,0,1,0,1,1,1,0,0,1,0,0,0,1,0,0,0,0,0,8)
49:(0,0,0,1,0,1,1,1,0,0,1,0,0,1,1,0,0,0,0,0,12)
50:(0,0,0,1,0,1,1,1,0,0,1,1,0,0,0,0,0,0,0,0,0)
51:(0,0,0,1,0,1,1,1,0,0,1,1,0,0,0,0,0,0,0,0,8)
52:(0,0,0,1,0,1,1,1,0,0,1,1,0,0,0,1,0,0,0,0,0)
53:(0,0,0,1,0,1,1,1,0,0,1,1,0,0,0,1,0,0,0,1,0)
54:(0,0,0,1,0,1,1,1,0,0,1,1,0,0,0,1,0,0,1,1,4)
55:(0,0,0,1,0,1,1,1,0,0,1,1,0,0,1,0,0,0,0,0,0)
56:(0,0,0,1,0,1,1,1,0,0,1,1,0,0,1,0,0,0,0,0,8)
57:(0,0,0,1,0,1,1,1,0,0,1,1,0,0,1,1,0,0,0,0,0)
58:(0,0,0,1,0,1,1,1,0,0,1,1,0,0,1,1,0,0,0,1,0)
59:(0,0,0,1,0,1,1,1,0,0,1,1,0,0,1,1,0,0,1,1,4)
60:(0,0,0,1,0,1,1,1,0,0,1,1,0,0,1,1,0,0,1,1,8)
61:(0,0,0,1,0,1,1,1,0,0,1,1,0,0,1,1,0,1,1,1,8)
62:(0,0,0,1,0,1,1,1,0,0,1,1,0,1,1,0,0,0,0,0,12)
63:(0,0,0,1,0,1,1,1,0,0,1,1,0,1,1,1,0,0,1,1,12)
64:(0,0,0,1,0,1,1,1,0,0,1,1,0,1,1,1,0,1,1,1,12)
65:(0,0,0,1,0,1,1,1,0,1,1,0,0,0,0,0,0,0,0,0,0)
66:(0,0,0,1,0,1,1,1,0,1,1,0,0,0,0,0,0,0,0,0,4)
67:(0,0,0,1,0,1,1,1,0,1,1,0,0,1,1,0,0,0,0,0,0)
68:(0,0,0,1,0,1,1,1,0,1,1,1,0,0,0,0,0,0,0,0,0)
69:(0,0,0,1,0,1,1,1,0,1,1,1,0,0,0,0,0,0,0,0,4)
70:(0,0,0,1,0,1,1,1,0,1,1,1,0,0,0,1,0,0,0,0,0)
71:(0,0,0,1,0,1,1,1,0,1,1,1,0,0,0,1,0,0,0,0,4)
72:(0,0,0,1,0,1,1,1,0,1,1,1,0,0,0,1,0,0,0,1,4)
73:(0,0,0,1,0,1,1,1,0,1,1,1,0,0,1,1,0,0,0,0,8)
74:(0,0,0,1,0,1,1,1,0,1,1,1,0,0,1,1,0,0,0,1,8)
75:(0,0,0,1,0,1,1,1,0,1,1,1,0,1,1,0,0,0,0,0,0)
76:(0,0,0,1,0,1,1,1,0,1,1,1,0,1,1,1,0,0,0,0,0)
77:(0,0,0,1,0,1,1,1,0,1,1,1,0,1,1,1,0,0,0,1,0)
78:(0,0,0,1,0,1,1,1,0,1,1,1,0,1,1,1,0,0,1,1,4)
79:(0,0,0,1,0,1,1,1,0,1,1,1,0,1,1,1,0,1,1,1,8)
80:(0,0,0,1,0,1,1,1,0,1,1,1,0,1,1,1,1,1,1,1,12)
81:(0,0,0,1,0,1,1,1,0,1,1,1,1,1,1,1,1,1,1,1,16)
82:(0,0,0,2,0,0,0,0,0,0,0,0,0,0,0,0,0,0,0,0,0)
83:(0,0,0,2,0,0,0,0,0,0,0,0,0,0,0,0,0,0,0,0,4)
84:(0,0,0,2,0,0,0,0,0,0,0,0,0,0,0,0,0,0,0,0,8)
85:(0,0,0,2,0,0,0,0,0,0,0,0,0,0,0,0,0,0,0,0,12)
86:(0,0,0,2,0,0,0,0,0,0,0,0,0,0,0,0,0,0,0,0,16)
87:(0,0,0,2,0,0,0,0,0,0,1,0,0,0,0,0,0,0,0,0,0)
88:(0,0,0,2,0,0,0,0,0,1,0,0,0,0,0,0,0,0,0,0,8)
89:(0,0,0,2,0,0,0,0,0,1,1,0,0,0,0,0,0,0,0,0,0)
90:(0,0,0,2,0,0,0,0,0,1,1,0,0,0,0,0,0,0,0,0,8)
91:(0,0,0,2,0,0,0,0,0,1,1,0,0,0,1,0,0,0,0,0,8)
92:(0,0,0,2,0,0,0,0,0,1,1,0,0,1,1,0,0,0,0,0,0)
93:(0,0,0,2,0,0,0,1,0,0,0,1,0,0,0,0,0,0,0,0,0)
94:(0,0,0,2,0,1,0,0,0,1,1,0,0,1,1,0,0,0,0,0,0)
95:(0,0,0,2,0,1,1,0,0,1,1,0,0,1,1,0,0,0,0,0,0)
96:(0,0,0,2,0,1,1,1,0,1,1,0,0,1,1,0,0,0,0,0,0)
97:(0,0,0,2,0,1,1,1,0,1,1,1,0,1,1,0,0,0,0,0,0)
98:(0,0,0,2,0,1,1,1,0,1,1,1,0,1,1,1,0,0,0,0,0)
99:(0,0,0,2,0,1,1,1,0,1,1,1,0,1,1,1,0,0,0,1,0)
100:(0,0,0,2,0,1,1,1,0,1,1,1,0,1,1,1,0,0,1,1,4)
101:(0,0,0,2,0,1,1,1,0,1,1,1,0,1,1,1,0,1,1,1,8)
102:(0,0,0,2,0,1,1,1,0,1,1,1,0,1,1,1,1,1,1,1,12)
103:(0,0,0,2,0,1,1,1,0,1,1,1,1,1,1,1,1,1,1,1,16)
104:(0,0,0,2,0,1,1,1,1,1,1,1,1,1,1,1,1,1,1,1,20)
105:(0,0,0,3,0,0,0,0,0,0,0,0,0,0,0,0,0,0,0,0,8)
106:(0,0,0,3,0,0,0,0,0,1,1,0,0,1,1,0,0,0,0,0,0)
107:(0,0,0,3,1,1,1,1,1,1,1,1,1,1,1,1,1,1,1,1,24)
108:(0,0,1,1,0,0,0,0,0,0,0,0,0,0,0,0,0,1,0,0,22)
109:(0,0,1,1,0,0,0,0,0,0,0,0,0,1,0,0,0,0,0,0,22)
110:(0,0,1,1,0,0,0,0,0,0,0,0,0,1,0,0,0,1,0,0,22)
111:(0,0,1,1,0,0,0,0,0,0,0,0,0,1,0,0,1,1,0,0,22)
112:(0,0,1,1,0,0,0,0,0,0,1,0,0,0,0,0,0,0,0,0,22)
113:(0,0,1,1,0,0,0,0,0,0,1,0,0,0,1,0,0,0,0,0,22)
114:(0,0,1,1,0,0,0,0,0,1,0,0,0,0,0,0,0,0,0,0,22)
115:(0,0,1,1,0,0,0,0,0,1,1,0,0,0,0,0,0,0,0,0,22)
116:(0,0,1,1,0,0,0,0,0,1,1,0,0,0,1,0,0,0,0,0,22)
117:(0,0,1,1,0,0,0,0,0,1,1,0,0,1,1,0,0,0,0,0,22)
118:(0,0,1,1,0,0,1,1,0,0,1,1,0,0,0,0,0,0,0,0,2)
119:(0,0,1,2,0,0,0,0,0,0,1,0,0,0,0,0,0,0,0,0,22)
120:(0,0,1,2,0,0,0,0,0,1,0,0,0,0,0,0,0,0,0,0,22)
121:(0,0,1,2,0,0,0,0,0,1,1,0,0,0,1,0,0,0,0,0,22)
122:(0,0,1,2,0,0,0,0,0,1,1,0,0,1,1,0,0,0,0,0,22)
123:(0,0,1,2,0,0,0,1,0,0,0,1,0,0,0,0,0,0,0,0,22)
124:(0,0,1,2,0,1,0,0,0,1,1,0,0,1,1,0,0,0,0,0,22)
125:(0,0,1,2,0,1,1,0,0,1,1,0,0,1,1,0,0,0,0,0,22)
126:(0,0,1,2,0,1,1,1,0,1,1,0,0,1,1,0,0,0,0,0,22)
127:(0,0,1,2,0,1,1,1,0,1,1,1,0,1,1,0,0,0,0,0,22)
128:(0,0,1,2,0,1,1,1,0,1,1,1,0,1,1,1,0,0,0,0,22)
129:(0,0,1,2,0,1,1,1,0,1,1,1,0,1,1,1,0,0,0,1,22)
130:(0,0,1,2,0,1,1,1,0,1,1,1,0,1,1,1,0,0,1,1,22)
131:(0,0,1,2,0,1,1,1,0,1,1,1,0,1,1,1,0,1,1,1,22)
132:(0,0,1,2,0,1,1,1,0,1,1,1,0,1,1,1,1,1,1,1,22)
133:(0,0,1,2,0,1,1,1,0,1,1,1,1,1,1,1,1,1,1,1,22)
134:(0,0,1,2,0,1,1,1,1,1,1,1,1,1,1,1,1,1,1,1,22)
135:(0,0,1,3,0,0,0,0,0,1,1,0,0,1,1,0,0,0,0,0,22)
136:(0,0,1,3,0,1,1,1,1,1,1,1,1,1,1,1,1,1,1,1,22)
137:(0,0,2,1,0,0,0,0,0,0,0,0,0,0,0,0,0,1,0,0,20)
138:(0,0,2,1,0,0,0,0,0,0,0,0,0,1,0,0,0,0,0,0,20)
139:(0,0,2,1,0,0,0,0,0,0,0,0,0,1,0,0,0,1,0,0,20)
140:(0,0,2,1,0,0,0,0,0,0,0,0,0,1,0,0,1,1,0,0,20)
141:(0,0,2,1,0,0,1,1,0,0,1,1,1,0,0,0,0,0,0,0,4)
142:(0,0,2,2,0,0,0,0,0,1,1,0,0,0,1,0,0,0,0,0,20)
143:(0,0,2,2,0,0,0,0,0,1,1,0,0,1,1,0,0,0,0,0,20)
144:(0,0,2,2,0,1,0,0,0,1,1,0,0,1,1,0,0,0,0,0,20)
145:(0,0,2,2,0,1,1,1,0,1,1,1,0,1,1,1,0,0,0,0,20)
146:(0,0,2,2,0,1,1,1,0,1,1,1,0,1,1,1,0,0,0,1,20)
147:(0,0,2,2,0,1,1,1,0,1,1,1,0,1,1,1,1,1,1,1,20)
148:(0,0,2,2,0,1,1,1,0,1,1,1,1,1,1,1,1,1,1,1,20)
149:(0,0,2,3,0,0,0,0,0,1,1,0,0,1,1,0,0,0,0,0,20)
150:(0,0,2,3,0,1,1,1,0,1,1,1,1,1,1,1,1,1,1,1,20)
151:(0,0,3,1,0,0,0,0,0,0,0,0,0,0,0,0,0,1,0,0,18)
152:(0,0,3,1,0,0,0,0,0,0,0,0,0,1,0,0,1,1,0,0,18)
153:(0,0,3,1,0,0,1,1,0,0,1,1,1,0,0,0,1,0,0,0,6)
154:(0,0,3,2,0,1,1,1,0,1,1,1,0,1,1,1,1,1,1,1,18)
155:(0,0,3,3,0,1,1,1,0,1,1,1,0,1,1,1,1,1,1,1,18)
156:(0,1,0,1,0,0,0,0,0,0,0,0,0,0,0,0,0,0,0,0,2)
157:(0,1,0,1,0,0,0,0,0,0,0,0,0,0,0,0,0,0,0,0,6)
158:(0,1,0,1,0,0,0,0,0,0,0,0,0,0,0,0,0,0,0,0,10)
159:(0,1,0,1,0,0,0,0,0,0,0,0,0,0,0,0,0,0,0,0,14)
160:(0,1,0,1,0,0,0,0,0,0,0,0,0,0,0,0,0,0,0,0,18)
161:(0,1,0,1,0,0,0,0,0,0,0,0,0,0,0,0,0,1,0,0,2)
162:(0,1,0,1,0,0,0,0,0,0,0,0,0,1,0,0,0,0,0,0,2)
163:(0,1,0,1,0,0,0,0,0,0,0,0,0,1,0,0,0,1,0,0,2)
164:(0,1,0,1,0,0,0,0,0,0,0,0,0,1,0,0,1,1,0,0,2)
165:(0,1,0,1,0,0,0,0,0,0,1,0,0,0,0,0,0,0,0,0,2)
166:(0,1,0,1,0,0,0,0,0,0,1,0,0,0,1,0,0,0,0,0,2)
167:(0,1,0,1,0,0,0,1,0,0,0,0,0,0,0,0,0,0,0,0,22)
168:(0,1,0,1,0,0,0,1,0,0,0,1,0,0,0,0,0,0,0,0,22)
169:(0,1,0,1,0,0,1,1,0,0,1,1,0,0,0,0,0,0,0,0,22)
170:(0,1,0,1,0,1,0,0,0,0,0,0,0,0,0,0,0,0,0,0,22)
171:(0,1,0,1,0,1,0,0,0,0,1,0,0,0,0,0,0,0,0,0,22)
172:(0,1,0,1,0,1,0,0,0,1,0,0,0,0,0,0,0,0,0,0,22)
173:(0,1,0,1,0,1,0,0,0,1,1,0,0,0,0,0,0,0,0,0,22)
174:(0,1,0,1,0,1,0,0,0,1,1,0,0,0,1,0,0,0,0,0,22)
175:(0,1,0,1,0,1,0,0,0,1,1,0,0,1,1,0,0,0,0,0,22)
176:(0,1,0,1,0,1,0,1,0,0,0,0,0,0,0,0,0,0,0,0,22)
177:(0,1,0,1,0,1,0,1,0,0,0,1,0,0,0,0,0,0,0,0,22)
178:(0,1,0,1,0,1,1,0,0,0,0,0,0,0,0,0,0,0,0,0,22)
179:(0,1,0,1,0,1,1,0,0,0,1,0,0,0,0,0,0,0,0,0,22)
180:(0,1,0,1,0,1,1,0,0,0,1,0,0,0,1,0,0,0,0,0,22)
181:(0,1,0,1,0,1,1,0,0,0,1,0,0,1,1,0,0,0,0,0,22)
182:(0,1,0,1,0,1,1,0,0,1,1,0,0,0,0,0,0,0,0,0,22)
183:(0,1,0,1,0,1,1,0,0,1,1,0,0,1,1,0,0,0,0,0,22)
184:(0,1,0,1,0,1,1,1,0,0,0,0,0,0,0,0,0,0,0,0,22)
185:(0,1,0,1,0,1,1,1,0,0,0,1,0,0,0,0,0,0,0,0,22)
186:(0,1,0,1,0,1,1,1,0,0,1,0,0,0,0,0,0,0,0,0,22)
187:(0,1,0,1,0,1,1,1,0,0,1,0,0,0,1,0,0,0,0,0,22)
188:(0,1,0,1,0,1,1,1,0,0,1,0,0,1,1,0,0,0,0,0,22)
189:(0,1,0,1,0,1,1,1,0,0,1,1,0,0,0,0,0,0,0,0,22)
190:(0,1,0,1,0,1,1,1,0,0,1,1,0,0,0,1,0,0,0,0,22)
191:(0,1,0,1,0,1,1,1,0,0,1,1,0,0,0,1,0,0,0,1,22)
192:(0,1,0,1,0,1,1,1,0,0,1,1,0,0,0,1,0,0,1,1,22)
193:(0,1,0,1,0,1,1,1,0,0,1,1,0,0,1,0,0,0,0,0,22)
194:(0,1,0,1,0,1,1,1,0,0,1,1,0,0,1,1,0,0,0,0,22)
195:(0,1,0,1,0,1,1,1,0,0,1,1,0,0,1,1,0,0,0,1,22)
196:(0,1,0,1,0,1,1,1,0,0,1,1,0,0,1,1,0,0,1,1,22)
197:(0,1,0,1,0,1,1,1,0,0,1,1,0,0,1,1,0,1,1,1,22)
198:(0,1,0,1,0,1,1,1,0,0,1,1,0,1,1,0,0,0,0,0,22)
199:(0,1,0,1,0,1,1,1,0,0,1,1,0,1,1,1,0,0,1,1,22)
200:(0,1,0,1,0,1,1,1,0,0,1,1,0,1,1,1,0,1,1,1,22)
201:(0,1,0,1,0,1,1,1,0,1,1,0,0,0,0,0,0,0,0,0,22)
202:(0,1,0,1,0,1,1,1,0,1,1,0,0,1,1,0,0,0,0,0,22)
203:(0,1,0,1,0,1,1,1,0,1,1,1,0,0,0,0,0,0,0,0,22)
204:(0,1,0,1,0,1,1,1,0,1,1,1,0,0,0,1,0,0,0,0,22)
205:(0,1,0,1,0,1,1,1,0,1,1,1,0,0,0,1,0,0,0,1,22)
206:(0,1,0,1,0,1,1,1,0,1,1,1,0,0,1,1,0,0,0,0,22)
207:(0,1,0,1,0,1,1,1,0,1,1,1,0,0,1,1,0,0,0,1,22)
208:(0,1,0,1,0,1,1,1,0,1,1,1,0,1,1,0,0,0,0,0,22)
209:(0,1,0,1,0,1,1,1,0,1,1,1,0,1,1,1,0,0,0,0,22)
210:(0,1,0,1,0,1,1,1,0,1,1,1,0,1,1,1,0,0,0,1,22)
211:(0,1,0,1,0,1,1,1,0,1,1,1,0,1,1,1,0,0,1,1,22)
212:(0,1,0,1,0,1,1,1,0,1,1,1,0,1,1,1,0,1,1,1,22)
213:(0,1,0,1,0,1,1,1,0,1,1,1,0,1,1,1,1,1,1,1,22)
214:(0,1,0,1,0,1,1,1,0,1,1,1,1,1,1,1,1,1,1,1,22)
215:(0,1,0,2,0,0,0,0,0,0,0,0,0,0,0,0,0,0,0,0,10)
216:(0,1,0,2,0,0,0,0,0,0,0,0,0,0,0,0,0,0,0,0,14)
217:(0,1,0,2,0,0,0,0,0,0,0,0,0,0,0,0,0,0,0,0,18)
218:(0,1,0,2,0,0,0,0,0,1,1,0,0,0,0,0,0,0,0,0,22)
219:(0,1,0,2,0,1,0,0,0,0,0,0,0,0,0,0,0,0,0,0,2)
220:(0,1,0,2,0,1,0,0,0,0,0,0,0,0,0,0,0,0,0,0,6)
221:(0,1,0,2,0,1,0,0,0,0,0,0,0,0,0,0,0,0,0,0,10)
222:(0,1,0,2,0,1,0,0,0,0,1,0,0,0,0,0,0,0,0,0,2)
223:(0,1,0,2,0,1,0,0,0,1,1,0,0,0,0,0,0,0,0,0,2)
224:(0,1,0,2,0,1,0,0,0,1,1,0,0,1,1,0,0,0,0,0,2)
225:(0,1,0,2,0,1,0,1,0,0,0,1,0,0,0,0,0,0,0,0,2)
226:(0,1,0,3,0,0,0,0,0,0,0,0,0,0,0,0,0,0,0,0,10)
227:(0,1,0,3,0,1,0,0,0,1,1,0,0,1,1,0,0,0,0,0,2)
228:(0,1,1,1,0,0,0,0,0,0,0,0,0,0,0,0,0,0,0,0,8)
229:(0,1,1,1,0,0,0,0,0,0,0,0,0,0,0,0,0,0,0,0,12)
230:(0,1,1,1,0,0,0,0,0,0,0,0,0,0,0,0,0,0,0,0,16)
231:(0,1,1,1,0,0,0,0,0,0,1,0,0,0,0,0,0,0,0,0,20)
232:(0,1,1,1,0,0,0,0,0,0,1,0,0,0,1,0,0,0,0,0,20)
233:(0,1,1,1,0,0,0,0,0,1,0,0,0,0,0,0,0,0,0,0,20)
234:(0,1,1,1,0,0,0,0,0,1,1,0,0,0,0,0,0,0,0,0,20)
235:(0,1,1,1,0,0,0,0,0,1,1,0,0,0,1,0,0,0,0,0,20)
236:(0,1,1,1,0,0,0,0,0,1,1,0,0,1,1,0,0,0,0,0,20)
237:(0,1,1,1,0,0,0,1,0,0,0,1,0,0,0,0,0,0,0,0,20)
238:(0,1,1,1,0,0,1,0,0,0,1,0,0,0,0,0,0,0,0,0,20)
239:(0,1,1,1,0,0,1,0,0,1,1,0,0,0,0,0,0,0,0,0,20)
240:(0,1,1,1,0,0,1,0,0,1,1,0,0,1,1,0,0,0,0,0,20)
241:(0,1,1,1,0,0,1,1,0,1,1,0,0,0,0,0,0,0,0,0,20)
242:(0,1,1,1,0,0,1,1,0,1,1,0,0,1,1,0,0,0,0,0,20)
243:(0,1,1,1,0,0,1,1,0,1,1,1,0,0,0,0,0,0,0,0,20)
244:(0,1,1,1,0,0,1,1,0,1,1,1,0,0,0,1,0,0,0,0,20)
245:(0,1,1,1,0,0,1,1,0,1,1,1,0,0,0,1,0,0,0,1,20)
246:(0,1,1,1,0,0,1,1,0,1,1,1,0,0,1,1,0,0,0,0,20)
247:(0,1,1,1,0,0,1,1,0,1,1,1,0,0,1,1,0,0,0,1,20)
248:(0,1,1,1,0,0,1,1,0,1,1,1,0,1,1,0,0,0,0,0,20)
249:(0,1,1,1,0,0,1,1,0,1,1,1,0,1,1,1,0,0,0,0,20)
250:(0,1,1,1,0,0,1,1,0,1,1,1,0,1,1,1,0,0,0,1,20)
251:(0,1,1,1,0,0,1,1,0,1,1,1,0,1,1,1,0,0,1,1,20)
252:(0,1,1,1,0,0,1,1,0,1,1,1,0,1,1,1,0,1,1,1,20)
253:(0,1,1,1,0,0,1,1,0,1,1,1,0,1,1,1,1,1,1,1,20)
254:(0,1,1,1,0,0,1,1,0,1,1,1,1,1,1,1,1,1,1,1,20)
255:(0,1,1,2,0,0,0,0,0,0,1,0,0,0,0,0,0,0,0,0,20)
256:(0,1,1,2,0,0,0,0,0,1,0,0,0,0,0,0,0,0,0,0,12)
257:(0,1,1,2,0,0,0,0,0,1,0,0,0,0,0,0,0,0,0,0,16)
258:(0,1,1,2,0,0,0,0,0,1,0,0,0,0,0,0,0,0,0,0,20)
259:(0,1,1,2,0,0,0,1,0,0,0,1,0,0,0,0,0,0,0,0,20)
260:(0,1,1,2,0,1,0,0,0,1,0,0,0,0,0,0,0,0,0,0,4)
261:(0,1,1,2,0,1,0,0,0,1,0,0,0,0,0,0,0,0,0,0,12)
262:(0,1,1,2,0,1,1,0,0,1,1,0,0,1,1,0,0,0,0,0,20)
263:(0,1,1,2,0,1,1,1,0,1,1,0,0,1,1,0,0,0,0,0,20)
264:(0,1,1,2,0,1,1,1,0,1,1,1,0,1,1,0,0,0,0,0,20)
265:(0,1,1,2,0,1,1,1,0,1,1,1,0,1,1,1,0,0,1,1,20)
266:(0,1,1,2,0,1,1,1,0,1,1,1,0,1,1,1,0,1,1,1,20)
267:(0,1,1,3,0,0,0,0,0,1,0,0,0,0,0,0,0,0,0,0,12)
268:(0,1,2,1,0,0,0,0,0,0,0,0,0,0,0,0,0,0,0,0,14)
269:(0,1,2,1,0,0,0,0,0,0,0,0,0,1,0,0,0,0,0,0,10)
270:(0,1,2,1,0,0,0,0,0,0,0,0,0,1,0,0,0,0,0,0,14)
271:(0,1,2,1,0,0,0,0,0,0,0,0,0,1,0,0,0,0,0,0,18)
272:(0,1,2,1,0,0,0,0,0,0,0,0,0,1,0,0,0,1,0,0,18)
273:(0,1,2,1,0,0,0,0,0,0,1,0,0,1,1,0,0,0,0,0,18)
274:(0,1,2,1,0,0,1,0,0,0,1,0,0,1,1,0,0,0,0,0,18)
275:(0,1,2,1,0,0,1,1,0,0,1,0,0,1,1,0,0,0,0,0,18)
276:(0,1,2,1,0,0,1,1,0,0,1,1,0,1,1,0,0,0,0,0,18)
277:(0,1,2,1,0,0,1,1,0,0,1,1,0,1,1,1,0,0,0,0,18)
278:(0,1,2,1,0,0,1,1,0,0,1,1,0,1,1,1,0,0,0,1,18)
279:(0,1,2,1,0,0,1,1,0,0,1,1,0,1,1,1,0,0,1,1,18)
280:(0,1,2,1,0,0,1,1,0,0,1,1,0,1,1,1,0,1,1,1,18)
281:(0,1,2,1,0,0,1,1,0,0,1,1,1,1,1,1,1,1,1,1,18)
282:(0,1,2,2,0,0,0,0,0,1,1,0,0,0,1,0,0,0,0,0,18)
283:(0,1,2,2,0,0,0,0,0,1,1,0,0,1,1,0,0,0,0,0,18)
284:(0,1,2,2,0,1,0,0,0,1,1,0,0,1,1,0,0,0,0,0,18)
285:(0,1,2,2,0,1,1,0,0,0,1,0,0,1,1,0,0,0,0,0,18)
286:(0,1,2,2,0,1,1,1,0,0,1,0,0,1,1,0,0,0,0,0,18)
287:(0,1,2,2,0,1,1,1,0,0,1,1,0,1,1,0,0,0,0,0,18)
288:(0,1,2,2,0,1,1,1,0,0,1,1,0,1,1,1,0,0,1,1,18)
289:(0,1,2,2,0,1,1,1,0,0,1,1,0,1,1,1,0,1,1,1,18)
290:(0,1,2,2,0,1,1,1,0,1,1,1,0,1,1,1,0,0,0,0,18)
291:(0,1,2,2,0,1,1,1,0,1,1,1,0,1,1,1,0,0,0,1,18)
292:(0,1,2,3,0,0,0,0,0,1,1,0,0,1,1,0,0,0,0,0,18)
293:(0,1,3,1,0,0,0,0,0,0,0,0,0,0,0,0,0,1,0,0,16)
294:(0,1,3,1,0,0,0,0,0,0,0,0,0,1,0,0,0,1,0,0,16)
295:(0,1,3,1,0,0,1,1,0,0,1,1,0,0,1,1,0,1,1,1,16)
296:(0,1,3,1,0,0,1,1,0,0,1,1,1,0,0,0,1,1,0,0,8)
297:(0,1,3,2,0,1,1,1,0,0,1,1,0,0,1,1,0,1,1,1,16)
298:(0,1,3,2,0,1,1,1,0,1,1,1,0,1,1,1,0,1,1,1,16)
299:(0,1,3,3,0,1,1,1,0,1,1,1,0,1,1,1,0,1,1,1,16)
300:(0,2,0,1,0,0,0,0,0,0,0,0,0,0,0,0,0,0,0,0,4)
301:(0,2,0,1,0,0,0,0,0,0,0,0,0,0,0,0,0,0,0,0,8)
302:(0,2,0,1,0,0,0,0,0,0,0,0,0,0,0,0,0,0,0,0,12)
303:(0,2,0,1,0,0,0,0,0,0,0,0,0,0,0,0,0,0,0,0,16)
304:(0,2,0,1,0,0,0,0,0,0,0,0,0,0,0,0,0,1,0,0,4)
305:(0,2,0,1,0,0,0,0,0,0,0,0,0,1,0,0,0,0,0,0,4)
306:(0,2,0,1,0,0,0,0,0,0,0,0,0,1,0,0,0,1,0,0,4)
307:(0,2,0,1,0,0,0,0,0,0,1,0,0,1,1,0,0,0,0,0,16)
308:(0,2,0,1,0,0,0,1,0,0,0,0,0,0,0,0,0,0,0,0,12)
309:(0,2,0,1,0,0,0,1,0,0,0,0,0,0,0,0,0,0,0,0,16)
310:(0,2,0,1,0,0,0,1,0,0,0,0,0,0,0,0,0,0,0,0,20)
311:(0,2,0,1,0,0,0,1,0,0,0,1,0,0,0,0,0,0,0,0,20)
312:(0,2,0,1,0,0,1,0,0,0,0,0,0,0,0,0,0,0,0,0,4)
313:(0,2,0,1,0,0,1,0,0,0,0,0,0,0,0,0,0,0,0,0,8)
314:(0,2,0,1,0,0,1,0,0,0,0,0,0,0,0,0,0,0,0,0,12)
315:(0,2,0,1,0,0,1,0,0,0,0,0,0,0,0,0,0,0,0,0,16)
316:(0,2,0,1,0,0,1,0,0,0,0,0,0,0,0,0,0,0,0,0,20)
317:(0,2,0,1,0,0,1,0,0,0,0,0,0,1,0,0,1,1,0,0,4)
318:(0,2,0,1,0,0,1,0,0,0,1,0,0,0,0,0,0,0,0,0,4)
319:(0,2,0,1,0,0,1,0,0,0,1,0,0,0,0,0,0,0,0,0,8)
320:(0,2,0,1,0,0,1,0,0,0,1,0,0,0,1,0,0,0,0,0,4)
321:(0,2,0,1,0,0,1,0,0,0,1,0,0,0,1,0,0,0,0,0,20)
322:(0,2,0,1,0,0,1,0,0,0,1,0,0,1,1,0,0,0,0,0,20)
323:(0,2,0,1,0,0,1,1,0,0,0,0,0,0,0,0,0,0,0,0,12)
324:(0,2,0,1,0,0,1,1,0,0,0,0,0,0,0,0,0,0,0,0,16)
325:(0,2,0,1,0,0,1,1,0,0,0,0,0,0,0,0,0,0,0,0,20)
326:(0,2,0,1,0,0,1,1,0,0,0,1,0,0,0,0,0,0,0,0,20)
327:(0,2,0,1,0,0,1,1,0,0,1,0,0,0,0,0,0,0,0,0,20)
328:(0,2,0,1,0,0,1,1,0,0,1,0,0,0,1,0,0,0,0,0,20)
329:(0,2,0,1,0,0,1,1,0,0,1,0,0,1,1,0,0,0,0,0,20)
330:(0,2,0,1,0,0,1,1,0,0,1,1,0,0,0,0,0,0,0,0,20)
331:(0,2,0,1,0,0,1,1,0,0,1,1,0,0,0,1,0,0,0,0,20)
332:(0,2,0,1,0,0,1,1,0,0,1,1,0,0,0,1,0,0,0,1,20)
333:(0,2,0,1,0,0,1,1,0,0,1,1,0,0,0,1,0,0,1,1,20)
334:(0,2,0,1,0,0,1,1,0,0,1,1,0,0,1,0,0,0,0,0,20)
335:(0,2,0,1,0,0,1,1,0,0,1,1,0,0,1,1,0,0,0,0,20)
336:(0,2,0,1,0,0,1,1,0,0,1,1,0,0,1,1,0,0,0,1,20)
337:(0,2,0,1,0,0,1,1,0,0,1,1,0,0,1,1,0,0,1,1,20)
338:(0,2,0,1,0,0,1,1,0,0,1,1,0,0,1,1,0,1,1,1,20)
339:(0,2,0,1,0,0,1,1,0,0,1,1,0,1,1,0,0,0,0,0,20)
340:(0,2,0,1,0,0,1,1,0,0,1,1,0,1,1,1,0,0,1,1,20)
341:(0,2,0,1,0,0,1,1,0,0,1,1,0,1,1,1,0,1,1,1,20)
342:(0,2,0,2,0,0,0,0,0,0,0,0,0,0,0,0,0,0,0,0,12)
343:(0,2,0,2,0,0,0,0,0,0,0,0,0,0,0,0,0,0,0,0,16)
344:(0,2,0,2,0,0,0,0,0,1,1,0,0,0,0,0,0,0,0,0,20)
345:(0,2,0,2,0,1,0,0,0,0,0,0,0,0,0,0,0,0,0,0,8)
346:(0,2,0,2,0,1,1,0,0,0,0,0,0,0,0,0,0,0,0,0,8)
347:(0,2,0,2,0,1,1,0,0,0,0,0,0,0,0,0,0,0,0,0,12)
348:(0,2,0,2,0,1,1,0,0,0,1,0,0,0,0,0,0,0,0,0,4)
349:(0,2,0,2,0,1,1,0,0,1,1,0,0,0,0,0,0,0,0,0,4)
350:(0,2,0,2,0,1,1,0,0,1,1,0,0,0,0,0,0,0,0,0,8)
351:(0,2,0,2,0,1,1,0,0,1,1,0,0,1,1,0,0,0,0,0,4)
352:(0,2,0,2,0,1,1,1,0,0,0,0,0,0,0,0,0,0,0,0,12)
353:(0,2,0,2,0,1,1,1,0,0,0,1,0,0,0,0,0,0,0,0,4)
354:(0,2,0,3,0,1,1,0,0,1,1,0,0,1,1,0,0,0,0,0,4)
355:(0,2,1,1,0,0,0,0,0,0,0,0,0,0,0,0,0,0,0,0,10)
356:(0,2,1,1,0,0,0,0,0,0,0,0,0,0,0,0,0,0,0,0,14)
357:(0,2,1,1,0,0,0,0,0,0,1,0,0,0,0,0,0,0,0,0,6)
358:(0,2,1,1,0,0,0,0,0,0,1,0,0,0,0,0,0,0,0,0,14)
359:(0,2,1,1,0,0,0,0,0,0,1,0,0,0,0,0,0,0,0,0,18)
360:(0,2,1,1,0,0,0,0,0,0,1,0,0,0,1,0,0,0,0,0,14)
361:(0,2,1,1,0,0,0,0,0,0,1,0,0,0,1,0,0,0,0,0,18)
362:(0,2,1,1,0,0,0,0,0,0,1,0,0,1,1,0,0,0,0,0,14)
363:(0,2,1,1,0,0,0,0,0,0,1,0,0,1,1,0,0,0,0,0,18)
364:(0,2,1,1,0,0,0,1,0,0,0,0,0,0,0,0,0,0,0,0,14)
365:(0,2,1,1,0,0,0,1,0,0,0,1,0,0,0,0,0,0,0,0,18)
366:(0,2,1,1,0,0,0,1,0,0,1,0,0,0,0,0,0,0,0,0,18)
367:(0,2,1,1,0,0,0,1,0,0,1,0,0,0,1,0,0,0,0,0,18)
368:(0,2,1,1,0,0,0,1,0,0,1,1,0,0,0,0,0,0,0,0,18)
369:(0,2,1,1,0,0,0,1,0,0,1,1,0,0,0,1,0,0,0,0,18)
370:(0,2,1,1,0,0,0,1,0,0,1,1,0,0,0,1,0,0,0,1,18)
371:(0,2,1,1,0,0,0,1,0,0,1,1,0,0,1,1,0,0,0,0,18)
372:(0,2,1,1,0,0,0,1,0,0,1,1,0,0,1,1,0,0,0,1,18)
373:(0,2,1,1,0,0,0,1,0,0,1,1,0,0,1,1,0,0,1,1,18)
374:(0,2,1,1,0,0,0,1,0,0,1,1,0,0,1,1,0,1,1,1,18)
375:(0,2,1,1,0,0,0,1,0,0,1,1,0,1,1,1,0,0,1,1,18)
376:(0,2,1,1,0,0,0,1,0,0,1,1,0,1,1,1,0,1,1,1,18)
377:(0,2,1,1,0,0,1,0,0,0,1,0,0,0,0,0,0,0,0,0,14)
378:(0,2,1,1,0,0,1,0,0,0,1,0,0,0,0,0,0,0,0,0,18)
379:(0,2,1,1,0,0,1,1,0,0,1,0,0,0,0,0,0,0,0,0,14)
380:(0,2,1,1,0,0,1,1,0,0,1,0,0,0,0,0,0,0,0,0,18)
381:(0,2,1,1,0,0,1,1,0,0,1,1,0,0,0,0,0,0,0,0,14)
382:(0,2,1,1,0,0,1,1,0,0,1,1,0,0,0,0,0,0,0,0,18)
383:(0,2,1,1,0,0,1,1,0,0,1,1,0,0,0,1,0,0,0,0,18)
384:(0,2,1,1,0,0,1,1,0,0,1,1,0,0,0,1,0,0,0,1,18)
385:(0,2,1,1,0,0,1,1,0,0,1,1,0,0,1,1,0,0,0,0,18)
386:(0,2,1,1,0,0,1,1,0,0,1,1,0,0,1,1,0,0,0,1,18)
387:(0,2,1,1,0,0,1,1,0,0,1,1,0,1,1,1,1,1,1,1,18)
388:(0,2,1,2,0,0,0,0,0,0,1,0,0,0,0,0,0,0,0,0,18)
389:(0,2,1,2,0,0,0,0,0,1,1,0,0,0,0,0,0,0,0,0,14)
390:(0,2,1,2,0,0,0,0,0,1,1,0,0,0,0,0,0,0,0,0,18)
391:(0,2,1,2,0,0,0,1,0,0,0,1,0,0,0,0,0,0,0,0,18)
392:(0,2,1,2,0,1,0,0,0,1,1,0,0,0,0,0,0,0,0,0,6)
393:(0,2,1,2,0,1,0,0,0,1,1,0,0,0,0,0,0,0,0,0,14)
394:(0,2,1,2,0,1,1,0,0,0,1,0,0,0,0,0,0,0,0,0,14)
395:(0,2,1,2,0,1,1,1,0,0,1,0,0,0,0,0,0,0,0,0,14)
396:(0,2,1,2,0,1,1,1,0,0,1,1,0,0,0,0,0,0,0,0,6)
397:(0,2,1,2,0,1,1,1,0,0,1,1,0,0,0,0,0,0,0,0,14)
398:(0,2,1,3,0,0,0,0,0,1,1,0,0,0,0,0,0,0,0,0,14)
399:(0,2,2,1,0,0,0,0,0,0,0,0,0,0,1,0,0,0,0,0,12)
400:(0,2,2,1,0,0,0,0,0,0,0,0,0,0,1,0,0,0,0,0,16)
401:(0,2,2,1,0,0,0,0,0,0,0,0,0,1,1,0,0,0,0,0,12)
402:(0,2,2,1,0,0,0,0,0,0,0,0,0,1,1,0,0,0,0,0,16)
403:(0,2,2,1,0,0,0,0,0,0,1,0,0,0,0,0,0,0,0,0,8)
404:(0,2,2,1,0,0,0,0,0,0,1,0,0,0,1,0,0,0,0,0,16)
405:(0,2,2,1,0,0,0,1,0,0,0,0,0,0,1,0,0,0,0,0,16)
406:(0,2,2,1,0,0,0,1,0,0,0,1,0,0,0,1,0,0,0,0,16)
407:(0,2,2,1,0,0,0,1,0,0,0,1,0,0,1,1,0,0,0,0,16)
408:(0,2,2,1,0,0,0,1,0,0,0,1,0,0,1,1,0,0,0,1,16)
409:(0,2,2,1,0,0,0,1,0,0,0,1,0,0,1,1,0,0,1,1,16)
410:(0,2,2,1,0,0,0,1,0,0,0,1,0,0,1,1,0,1,1,1,16)
411:(0,2,2,1,0,0,0,1,0,0,0,1,0,1,1,1,0,0,1,1,16)
412:(0,2,2,1,0,0,0,1,0,0,0,1,0,1,1,1,0,1,1,1,16)
413:(0,2,2,1,0,0,1,0,0,0,1,0,0,0,1,0,0,0,0,0,16)
414:(0,2,2,1,0,0,1,1,0,0,0,1,0,0,0,1,0,0,0,0,16)
415:(0,2,2,1,0,0,1,1,0,0,0,1,0,0,1,1,0,0,0,0,16)
416:(0,2,2,1,0,0,1,1,0,0,0,1,0,0,1,1,0,0,0,1,16)
417:(0,2,2,1,0,0,1,1,0,0,0,1,0,1,1,1,1,1,1,1,16)
418:(0,2,2,1,0,0,1,1,0,0,1,0,0,0,1,0,0,0,0,0,16)
419:(0,2,2,1,0,0,1,1,0,0,1,1,0,0,1,0,0,0,0,0,16)
420:(0,2,2,1,0,0,1,1,0,0,1,1,0,0,1,1,0,0,0,0,16)
421:(0,2,2,1,0,0,1,1,0,0,1,1,0,0,1,1,0,0,0,1,16)
422:(0,2,2,1,0,0,1,1,0,0,1,1,0,0,1,1,0,0,1,1,16)
423:(0,2,2,1,0,0,1,1,0,0,1,1,1,0,1,1,1,1,1,1,16)
424:(0,2,2,2,0,0,0,0,0,1,1,0,0,0,1,0,0,0,0,0,16)
425:(0,2,2,2,0,1,0,0,0,1,1,0,0,0,1,0,0,0,0,0,16)
426:(0,2,2,2,0,1,1,0,0,0,1,0,0,0,1,0,0,0,0,0,16)
427:(0,2,2,2,0,1,1,1,0,0,1,0,0,0,1,0,0,0,0,0,16)
428:(0,2,2,2,0,1,1,1,0,0,1,1,0,0,1,0,0,0,0,0,8)
429:(0,2,2,2,0,1,1,1,0,0,1,1,0,0,1,0,0,0,0,0,16)
430:(0,2,2,2,0,1,1,1,0,0,1,1,0,0,1,1,0,0,1,1,16)
431:(0,2,2,2,0,1,1,1,0,1,1,1,0,0,1,1,0,0,0,0,16)
432:(0,2,2,2,0,1,1,1,0,1,1,1,0,0,1,1,0,0,0,1,16)
433:(0,2,2,3,0,0,0,0,0,1,1,0,0,0,1,0,0,0,0,0,16)
434:(0,2,3,1,0,0,0,0,0,0,1,0,0,0,0,0,0,0,1,0,10)
435:(0,2,3,1,0,0,0,1,0,0,0,1,0,0,0,1,0,0,0,1,14)
436:(0,2,3,1,0,0,0,1,0,0,0,1,0,0,0,1,0,0,1,1,14)
437:(0,2,3,1,0,0,0,1,0,0,0,1,0,0,0,1,0,1,1,1,14)
438:(0,2,3,1,0,0,0,1,0,0,0,1,0,1,0,1,0,0,1,1,14)
439:(0,2,3,1,0,0,0,1,0,0,0,1,0,1,0,1,0,1,1,1,14)
440:(0,2,3,1,0,0,1,1,0,0,0,1,0,0,0,1,0,0,0,1,14)
441:(0,2,3,1,0,0,1,1,0,0,0,1,0,1,0,1,1,1,1,1,14)
442:(0,2,3,1,0,0,1,1,0,0,1,1,0,0,0,1,0,0,0,1,14)
443:(0,2,3,1,0,0,1,1,0,0,1,1,0,0,0,1,0,0,1,1,14)
444:(0,2,3,1,0,0,1,1,0,0,1,1,0,0,1,1,0,0,1,1,14)
445:(0,2,3,1,0,0,1,1,0,0,1,1,1,0,0,0,1,1,1,0,10)
446:(0,2,3,2,0,1,1,1,0,0,1,1,0,0,0,1,0,0,1,1,14)
447:(0,2,3,2,0,1,1,1,0,0,1,1,0,0,1,1,0,0,1,1,14)
448:(0,2,3,2,0,1,1,1,0,1,1,1,0,0,0,1,0,0,0,1,14)
449:(0,2,3,2,0,1,1,1,0,1,1,1,0,1,1,1,0,0,1,1,14)
450:(0,2,3,3,0,1,1,1,0,1,1,1,0,1,1,1,0,0,1,1,14)
451:(0,3,0,1,0,0,0,0,0,0,0,0,0,0,0,0,0,0,0,0,14)
452:(0,3,0,1,0,0,0,1,0,0,0,0,0,0,0,0,0,0,0,0,6)
453:(0,3,0,1,0,0,0,1,0,0,0,0,0,0,0,0,0,0,0,0,10)
454:(0,3,0,1,0,0,0,1,0,0,0,0,0,0,0,0,0,0,0,0,14)
455:(0,3,0,1,0,0,0,1,0,0,0,0,0,0,0,0,0,0,0,0,18)
456:(0,3,0,1,0,0,0,1,0,0,0,0,0,0,0,0,0,1,0,0,6)
457:(0,3,0,1,0,0,0,1,0,0,0,0,0,1,0,0,0,0,0,0,6)
458:(0,3,0,1,0,0,0,1,0,0,0,0,0,1,0,0,0,1,0,0,6)
459:(0,3,0,1,0,0,0,1,0,0,0,1,0,0,0,0,0,0,0,0,18)
460:(0,3,0,1,0,0,0,1,0,0,1,0,0,1,1,0,0,0,0,0,18)
461:(0,3,0,1,0,0,0,1,0,0,1,1,0,0,0,1,0,0,1,1,18)
462:(0,3,0,1,0,0,0,1,0,0,1,1,0,0,1,0,0,0,0,0,18)
463:(0,3,0,1,0,0,0,1,0,0,1,1,0,1,1,0,0,0,0,0,18)
464:(0,3,0,1,0,0,1,1,0,0,0,0,0,0,0,0,0,0,0,0,6)
465:(0,3,0,1,0,0,1,1,0,0,0,0,0,0,0,0,0,0,0,0,10)
466:(0,3,0,1,0,0,1,1,0,0,0,0,0,0,0,0,0,0,0,0,14)
467:(0,3,0,1,0,0,1,1,0,0,0,0,0,1,0,0,1,1,0,0,6)
468:(0,3,0,1,0,0,1,1,0,0,1,0,0,0,0,0,0,0,0,0,6)
469:(0,3,0,1,0,0,1,1,0,0,1,0,0,0,0,0,0,0,0,0,10)
470:(0,3,0,1,0,0,1,1,0,0,1,0,0,0,1,0,0,0,0,0,6)
471:(0,3,0,2,0,0,0,1,0,0,0,0,0,0,0,0,0,0,0,0,14)
472:(0,3,0,2,0,1,0,1,0,0,0,0,0,0,0,0,0,0,0,0,10)
473:(0,3,0,2,0,1,1,1,0,0,0,0,0,0,0,0,0,0,0,0,10)
474:(0,3,0,2,0,1,1,1,0,0,1,0,0,0,0,0,0,0,0,0,6)
475:(0,3,0,2,0,1,1,1,0,1,1,0,0,0,0,0,0,0,0,0,6)
476:(0,3,0,2,0,1,1,1,0,1,1,0,0,0,0,0,0,0,0,0,10)
477:(0,3,0,2,0,1,1,1,0,1,1,0,0,1,1,0,0,0,0,0,6)
478:(0,3,0,3,0,1,1,1,0,1,1,0,0,1,1,0,0,0,0,0,6)
479:(0,3,1,1,0,0,0,0,0,0,0,1,0,0,0,0,0,0,0,0,16)
480:(0,3,1,1,0,0,0,0,0,0,1,1,0,0,0,1,0,0,1,1,16)
481:(0,3,1,1,0,0,0,0,0,0,1,1,0,0,1,0,0,0,0,0,16)
482:(0,3,1,1,0,0,0,0,0,0,1,1,0,1,1,0,0,0,0,0,16)
483:(0,3,1,1,0,0,0,1,0,0,0,0,0,0,0,0,0,0,0,0,8)
484:(0,3,1,1,0,0,0,1,0,0,0,1,0,0,0,0,0,0,0,0,8)
485:(0,3,1,1,0,0,0,1,0,0,0,1,0,0,0,0,0,0,0,0,12)
486:(0,3,1,1,0,0,0,1,0,0,0,1,0,0,0,0,0,0,0,0,16)
487:(0,3,1,1,0,0,0,1,0,0,0,1,0,0,0,0,0,1,0,0,8)
488:(0,3,1,1,0,0,0,1,0,0,0,1,0,0,0,1,0,0,0,1,16)
489:(0,3,1,1,0,0,0,1,0,0,0,1,0,1,0,0,0,0,0,0,8)
490:(0,3,1,1,0,0,0,1,0,0,0,1,0,1,0,0,0,1,0,0,8)
491:(0,3,1,1,0,0,1,1,0,0,0,0,0,0,0,0,0,0,0,0,8)
492:(0,3,1,1,0,0,1,1,0,0,0,1,0,0,0,0,0,0,0,0,8)
493:(0,3,1,1,0,0,1,1,0,0,0,1,0,0,0,0,0,0,0,0,12)
494:(0,3,1,1,0,0,1,1,0,0,0,1,0,0,0,0,0,0,0,0,16)
495:(0,3,1,1,0,0,1,1,0,0,0,1,0,0,0,1,0,0,0,1,16)
496:(0,3,1,1,0,0,1,1,0,0,0,1,0,1,0,0,1,1,0,0,8)
497:(0,3,1,1,0,0,1,1,0,0,1,1,0,0,0,0,0,0,0,0,8)
498:(0,3,1,1,0,0,1,1,0,0,1,1,0,0,0,0,0,0,0,0,12)
499:(0,3,1,1,0,0,1,1,0,0,1,1,0,0,1,0,0,0,0,0,8)
500:(0,3,1,2,0,0,0,1,0,0,0,1,0,0,0,0,0,0,0,0,16)
501:(0,3,1,2,0,1,1,1,0,0,0,1,0,0,0,0,0,0,0,0,12)
502:(0,3,1,2,0,1,1,1,0,0,1,1,0,0,0,0,0,0,0,0,8)
503:(0,3,1,2,0,1,1,1,0,1,1,1,0,0,0,0,0,0,0,0,8)
504:(0,3,1,2,0,1,1,1,0,1,1,1,0,0,0,0,0,0,0,0,12)
505:(0,3,1,2,0,1,1,1,0,1,1,1,0,1,1,0,0,0,0,0,8)
506:(0,3,1,3,0,1,1,1,0,1,1,1,0,1,1,0,0,0,0,0,8)
507:(0,3,2,1,0,0,0,0,0,0,1,0,0,0,0,1,0,0,1,1,14)
508:(0,3,2,1,0,0,0,1,0,0,0,0,0,0,0,0,0,0,0,0,10)
509:(0,3,2,1,0,0,0,1,0,0,0,0,0,0,0,1,0,0,0,1,14)
510:(0,3,2,1,0,0,0,1,0,0,0,1,0,0,0,1,0,0,0,0,10)
511:(0,3,2,1,0,0,0,1,0,0,0,1,0,0,0,1,0,0,0,0,14)
512:(0,3,2,1,0,0,0,1,0,0,0,1,0,0,0,1,0,1,0,0,10)
513:(0,3,2,1,0,0,0,1,0,0,0,1,0,1,0,1,0,0,0,0,10)
514:(0,3,2,1,0,0,0,1,0,0,0,1,0,1,0,1,0,1,0,0,10)
515:(0,3,2,1,0,0,1,1,0,0,0,0,0,0,0,0,0,0,0,0,10)
516:(0,3,2,1,0,0,1,1,0,0,0,0,0,0,0,1,0,0,0,1,14)
517:(0,3,2,1,0,0,1,1,0,0,0,1,0,0,0,1,0,0,0,0,10)
518:(0,3,2,1,0,0,1,1,0,0,0,1,0,0,0,1,0,0,0,0,14)
519:(0,3,2,1,0,0,1,1,0,0,0,1,0,1,0,1,1,1,0,0,10)
520:(0,3,2,1,0,0,1,1,0,0,1,1,0,0,0,1,0,0,0,0,10)
521:(0,3,2,1,0,0,1,1,0,0,1,1,0,0,0,1,0,0,0,0,14)
522:(0,3,2,1,0,0,1,1,0,0,1,1,0,0,1,1,0,0,0,0,10)
523:(0,3,2,1,0,0,1,1,0,0,1,1,1,0,0,1,1,1,1,1,14)
524:(0,3,2,2,0,1,1,1,0,0,1,1,0,0,0,1,0,0,0,0,10)
525:(0,3,2,2,0,1,1,1,0,0,1,1,0,0,1,1,0,0,0,0,10)
526:(0,3,2,2,0,1,1,1,0,1,1,1,0,0,0,1,0,0,0,0,10)
527:(0,3,2,2,0,1,1,1,0,1,1,1,0,0,0,1,0,0,0,0,14)
528:(0,3,2,2,0,1,1,1,0,1,1,1,0,1,1,1,0,0,0,0,10)
529:(0,3,2,3,0,1,1,1,0,1,1,1,0,1,1,1,0,0,0,0,10)
530:(0,3,3,1,0,0,0,0,0,0,1,0,0,0,0,0,0,0,1,1,12)
531:(0,3,3,1,0,0,0,1,0,0,0,0,0,0,0,0,0,0,0,1,12)
532:(0,3,3,1,0,0,0,1,0,0,0,1,0,0,0,1,0,0,0,1,12)
533:(0,3,3,1,0,0,0,1,0,0,0,1,0,0,0,1,0,1,0,1,12)
534:(0,3,3,1,0,0,0,1,0,0,0,1,0,1,0,1,0,0,0,1,12)
535:(0,3,3,1,0,0,0,1,0,0,0,1,0,1,0,1,0,1,0,1,12)
536:(0,3,3,1,0,0,1,1,0,0,0,0,0,0,0,0,0,0,0,1,12)
537:(0,3,3,1,0,0,1,1,0,0,0,1,0,0,0,1,0,0,0,1,12)
538:(0,3,3,1,0,0,1,1,0,0,0,1,0,1,0,1,1,1,0,1,12)
539:(0,3,3,1,0,0,1,1,0,0,1,1,0,0,0,1,0,0,0,1,12)
540:(0,3,3,1,0,0,1,1,0,0,1,1,0,0,1,1,0,0,0,1,12)
541:(0,3,3,1,0,0,1,1,0,0,1,1,1,0,0,0,1,1,1,1,12)
542:(0,3,3,2,0,1,1,1,0,0,1,1,0,0,0,1,0,0,0,1,12)
543:(0,3,3,2,0,1,1,1,0,0,1,1,0,0,1,1,0,0,0,1,12)
544:(0,3,3,2,0,1,1,1,0,1,1,1,0,0,0,1,0,0,0,1,12)
545:(0,3,3,2,0,1,1,1,0,1,1,1,0,1,1,1,0,0,0,1,12)
546:(0,3,3,3,0,1,1,1,0,1,1,1,0,1,1,1,0,0,0,1,12)
547:(1,0,0,1,0,0,0,0,0,0,0,0,0,0,0,0,0,0,0,0,20)
548:(1,0,0,2,0,0,0,0,0,0,0,0,0,0,0,0,0,0,0,0,0)
549:(1,0,0,2,0,0,0,0,0,0,0,0,0,0,0,0,0,0,0,0,4)
550:(1,0,0,2,0,0,0,0,0,0,0,0,0,0,0,0,0,0,0,0,8)
551:(1,0,0,2,0,0,0,0,0,0,1,0,0,0,0,0,0,0,0,0,0)
552:(1,0,0,2,0,0,0,0,0,1,1,0,0,0,0,0,0,0,0,0,0)
553:(1,0,0,2,0,0,0,0,0,1,1,0,0,1,1,0,0,0,0,0,0)
554:(1,0,0,2,0,0,0,1,0,0,0,1,0,0,0,0,0,0,0,0,0)
555:(1,0,0,3,0,0,0,0,0,1,1,0,0,1,1,0,0,0,0,0,0)
556:(1,0,1,1,0,0,1,1,0,0,1,1,0,0,0,0,0,0,0,0,2)
557:(1,0,1,3,0,1,1,1,1,1,1,1,1,1,1,1,1,1,1,1,22)
558:(1,0,2,1,0,0,1,1,0,0,1,1,1,0,0,0,0,0,0,0,4)
559:(1,0,2,2,0,1,1,1,0,1,1,1,1,1,1,1,1,1,1,1,20)
560:(1,0,2,3,0,1,1,1,0,1,1,1,1,1,1,1,1,1,1,1,20)
561:(1,0,3,1,0,0,1,1,0,0,1,1,1,0,0,0,1,0,0,0,6)
562:(1,0,3,2,0,1,1,1,0,1,1,1,0,1,1,1,1,1,1,1,18)
563:(1,0,3,3,0,1,1,1,0,1,1,1,0,1,1,1,1,1,1,1,18)
564:(1,1,0,1,0,0,0,0,0,0,0,0,0,0,0,0,0,0,0,0,2)
565:(1,1,0,1,0,0,0,0,0,0,0,0,0,0,0,0,0,0,0,0,6)
566:(1,1,0,1,0,0,0,0,0,0,0,0,0,0,0,0,0,0,0,0,10)
567:(1,1,0,1,0,0,0,0,0,0,0,0,0,0,0,0,0,0,0,0,14)
568:(1,1,0,1,0,0,0,0,0,0,0,0,0,0,0,0,0,0,0,0,18)
569:(1,1,0,1,0,0,0,0,0,0,0,0,0,1,0,0,1,1,0,0,2)
570:(1,1,0,1,0,0,0,0,0,0,1,0,0,0,0,0,0,0,0,0,2)
571:(1,1,0,1,0,0,0,0,0,0,1,0,0,0,1,0,0,0,0,0,2)
572:(1,1,0,2,0,0,0,0,0,0,0,0,0,0,0,0,0,0,0,0,10)
573:(1,1,0,2,0,0,0,0,0,0,0,0,0,0,0,0,0,0,0,0,14)
574:(1,1,0,2,0,0,0,0,0,0,0,0,0,0,0,0,0,0,0,0,18)
575:(1,1,0,2,0,1,0,0,0,0,0,0,0,0,0,0,0,0,0,0,2)
576:(1,1,0,2,0,1,0,0,0,0,0,0,0,0,0,0,0,0,0,0,6)
577:(1,1,0,2,0,1,0,0,0,0,0,0,0,0,0,0,0,0,0,0,10)
578:(1,1,0,2,0,1,0,0,0,0,1,0,0,0,0,0,0,0,0,0,2)
579:(1,1,0,2,0,1,0,0,0,1,1,0,0,0,0,0,0,0,0,0,2)
580:(1,1,0,2,0,1,0,0,0,1,1,0,0,1,1,0,0,0,0,0,2)
581:(1,1,0,2,0,1,0,1,0,0,0,1,0,0,0,0,0,0,0,0,2)
582:(1,1,0,3,0,0,0,0,0,0,0,0,0,0,0,0,0,0,0,0,10)
583:(1,1,0,3,0,1,0,0,0,1,1,0,0,1,1,0,0,0,0,0,2)
584:(1,1,1,1,0,0,0,0,0,0,0,0,0,0,0,0,0,0,0,0,8)
585:(1,1,1,1,0,0,0,0,0,0,0,0,0,0,0,0,0,0,0,0,12)
586:(1,1,1,1,0,0,0,0,0,0,0,0,0,0,0,0,0,0,0,0,16)
587:(1,1,1,1,0,0,0,0,0,0,1,0,0,0,0,0,0,0,0,0,20)
588:(1,1,1,1,0,0,0,0,0,1,0,0,0,0,0,0,0,0,0,0,20)
589:(1,1,1,1,0,0,0,0,0,1,1,0,0,0,0,0,0,0,0,0,20)
590:(1,1,1,1,0,0,0,0,0,1,1,0,0,0,1,0,0,0,0,0,20)
591:(1,1,1,1,0,0,0,0,0,1,1,0,0,1,1,0,0,0,0,0,20)
592:(1,1,1,1,0,0,0,1,0,0,0,1,0,0,0,0,0,0,0,0,20)
593:(1,1,1,1,0,0,1,0,0,0,1,0,0,0,0,0,0,0,0,0,20)
594:(1,1,1,1,0,0,1,0,0,1,1,0,0,0,0,0,0,0,0,0,20)
595:(1,1,1,1,0,0,1,0,0,1,1,0,0,1,1,0,0,0,0,0,20)
596:(1,1,1,1,0,0,1,1,0,1,1,0,0,0,0,0,0,0,0,0,20)
597:(1,1,1,1,0,0,1,1,0,1,1,0,0,1,1,0,0,0,0,0,20)
598:(1,1,1,1,0,0,1,1,0,1,1,1,0,0,0,0,0,0,0,0,20)
599:(1,1,1,1,0,0,1,1,0,1,1,1,0,0,0,1,0,0,0,0,20)
600:(1,1,1,1,0,0,1,1,0,1,1,1,0,0,0,1,0,0,0,1,20)
601:(1,1,1,1,0,0,1,1,0,1,1,1,0,0,1,1,0,0,0,0,20)
602:(1,1,1,1,0,0,1,1,0,1,1,1,0,0,1,1,0,0,0,1,20)
603:(1,1,1,1,0,0,1,1,0,1,1,1,0,1,1,0,0,0,0,0,20)
604:(1,1,1,1,0,0,1,1,0,1,1,1,0,1,1,1,0,0,0,0,20)
605:(1,1,1,1,0,0,1,1,0,1,1,1,0,1,1,1,0,0,0,1,20)
606:(1,1,1,1,0,0,1,1,0,1,1,1,0,1,1,1,0,0,1,1,20)
607:(1,1,1,1,0,0,1,1,0,1,1,1,0,1,1,1,0,1,1,1,20)
608:(1,1,1,1,0,0,1,1,0,1,1,1,0,1,1,1,1,1,1,1,20)
609:(1,1,1,1,0,0,1,1,0,1,1,1,1,1,1,1,1,1,1,1,20)
610:(1,1,1,2,0,0,0,0,0,1,0,0,0,0,0,0,0,0,0,0,12)
611:(1,1,1,2,0,0,0,0,0,1,0,0,0,0,0,0,0,0,0,0,16)
612:(1,1,1,2,0,1,0,0,0,1,0,0,0,0,0,0,0,0,0,0,4)
613:(1,1,1,2,0,1,0,0,0,1,0,0,0,0,0,0,0,0,0,0,12)
614:(1,1,1,3,0,0,0,0,0,1,0,0,0,0,0,0,0,0,0,0,12)
615:(1,1,2,1,0,0,0,0,0,0,0,0,0,0,0,0,0,0,0,0,14)
616:(1,1,2,1,0,0,0,0,0,0,0,0,0,1,0,0,0,0,0,0,10)
617:(1,1,2,1,0,0,0,0,0,0,0,0,0,1,0,0,0,0,0,0,14)
618:(1,1,2,1,0,0,0,0,0,0,1,0,0,1,1,0,0,0,0,0,18)
619:(1,1,2,1,0,0,1,0,0,0,1,0,0,1,1,0,0,0,0,0,18)
620:(1,1,2,1,0,0,1,1,0,0,1,0,0,1,1,0,0,0,0,0,18)
621:(1,1,2,1,0,0,1,1,0,0,1,1,0,1,1,0,0,0,0,0,18)
622:(1,1,2,1,0,0,1,1,0,0,1,1,0,1,1,1,0,0,0,0,18)
623:(1,1,2,1,0,0,1,1,0,0,1,1,0,1,1,1,0,0,0,1,18)
624:(1,1,2,1,0,0,1,1,0,0,1,1,0,1,1,1,0,0,1,1,18)
625:(1,1,2,1,0,0,1,1,0,0,1,1,0,1,1,1,0,1,1,1,18)
626:(1,1,2,1,0,0,1,1,0,0,1,1,1,1,1,1,1,1,1,1,18)
627:(1,1,2,2,0,1,1,0,0,0,1,0,0,1,1,0,0,0,0,0,18)
628:(1,1,2,2,0,1,1,1,0,0,1,0,0,1,1,0,0,0,0,0,18)
629:(1,1,2,2,0,1,1,1,0,0,1,1,0,1,1,0,0,0,0,0,18)
630:(1,1,2,2,0,1,1,1,0,0,1,1,0,1,1,1,0,0,1,1,18)
631:(1,1,2,2,0,1,1,1,0,0,1,1,0,1,1,1,0,1,1,1,18)
632:(1,1,3,1,0,0,0,0,0,0,0,0,0,0,0,0,0,1,0,0,16)
633:(1,1,3,1,0,0,0,0,0,0,0,0,0,1,0,0,0,1,0,0,16)
634:(1,1,3,1,0,0,1,1,0,0,1,1,0,0,1,1,0,1,1,1,16)
635:(1,1,3,1,0,0,1,1,0,0,1,1,1,0,0,0,1,1,0,0,8)
636:(1,1,3,2,0,1,1,1,0,0,1,1,0,0,1,1,0,1,1,1,16)
637:(1,1,3,2,0,1,1,1,0,1,1,1,0,1,1,1,0,1,1,1,16)
638:(1,1,3,3,0,1,1,1,0,1,1,1,0,1,1,1,0,1,1,1,16)
639:(1,2,0,1,0,0,0,0,0,0,0,0,0,0,0,0,0,0,0,0,4)
640:(1,2,0,1,0,0,0,0,0,0,0,0,0,0,0,0,0,0,0,0,8)
641:(1,2,0,1,0,0,0,0,0,0,0,0,0,0,0,0,0,0,0,0,12)
642:(1,2,0,1,0,0,0,0,0,0,0,0,0,0,0,0,0,0,0,0,16)
643:(1,2,0,1,0,0,0,0,0,0,0,0,0,0,0,0,0,1,0,0,4)
644:(1,2,0,1,0,0,0,0,0,0,0,0,0,1,0,0,0,0,0,0,4)
645:(1,2,0,1,0,0,0,0,0,0,0,0,0,1,0,0,0,1,0,0,4)
646:(1,2,0,1,0,0,0,0,0,0,1,0,0,1,1,0,0,0,0,0,16)
647:(1,2,0,1,0,0,0,1,0,0,0,0,0,0,0,0,0,0,0,0,16)
648:(1,2,0,1,0,0,0,1,0,0,0,0,0,0,0,0,0,0,0,0,20)
649:(1,2,0,1,0,0,1,0,0,0,0,0,0,0,0,0,0,0,0,0,4)
650:(1,2,0,1,0,0,1,0,0,0,0,0,0,0,0,0,0,0,0,0,8)
651:(1,2,0,1,0,0,1,0,0,0,0,0,0,0,0,0,0,0,0,0,12)
652:(1,2,0,1,0,0,1,0,0,0,0,0,0,0,0,0,0,0,0,0,16)
653:(1,2,0,1,0,0,1,0,0,0,0,0,0,0,0,0,0,0,0,0,20)
654:(1,2,0,1,0,0,1,0,0,0,0,0,0,1,0,0,1,1,0,0,4)
655:(1,2,0,1,0,0,1,0,0,0,1,0,0,0,0,0,0,0,0,0,4)
656:(1,2,0,1,0,0,1,0,0,0,1,0,0,0,0,0,0,0,0,0,8)
657:(1,2,0,1,0,0,1,0,0,0,1,0,0,0,1,0,0,0,0,0,4)
658:(1,2,0,1,0,0,1,0,0,0,1,0,0,0,1,0,0,0,0,0,20)
659:(1,2,0,1,0,0,1,0,0,0,1,0,0,1,1,0,0,0,0,0,20)
660:(1,2,0,1,0,0,1,1,0,0,0,0,0,0,0,0,0,0,0,0,12)
661:(1,2,0,1,0,0,1,1,0,0,0,0,0,0,0,0,0,0,0,0,16)
662:(1,2,0,1,0,0,1,1,0,0,0,0,0,0,0,0,0,0,0,0,20)
663:(1,2,0,1,0,0,1,1,0,0,0,1,0,0,0,0,0,0,0,0,20)
664:(1,2,0,1,0,0,1,1,0,0,1,0,0,0,0,0,0,0,0,0,20)
665:(1,2,0,1,0,0,1,1,0,0,1,0,0,0,1,0,0,0,0,0,20)
666:(1,2,0,1,0,0,1,1,0,0,1,0,0,1,1,0,0,0,0,0,20)
667:(1,2,0,1,0,0,1,1,0,0,1,1,0,0,0,0,0,0,0,0,20)
668:(1,2,0,1,0,0,1,1,0,0,1,1,0,0,0,1,0,0,0,0,20)
669:(1,2,0,1,0,0,1,1,0,0,1,1,0,0,0,1,0,0,0,1,20)
670:(1,2,0,1,0,0,1,1,0,0,1,1,0,0,0,1,0,0,1,1,20)
671:(1,2,0,1,0,0,1,1,0,0,1,1,0,0,1,0,0,0,0,0,20)
672:(1,2,0,1,0,0,1,1,0,0,1,1,0,0,1,1,0,0,0,0,20)
673:(1,2,0,1,0,0,1,1,0,0,1,1,0,0,1,1,0,0,0,1,20)
674:(1,2,0,1,0,0,1,1,0,0,1,1,0,0,1,1,0,0,1,1,20)
675:(1,2,0,1,0,0,1,1,0,0,1,1,0,0,1,1,0,1,1,1,20)
676:(1,2,0,1,0,0,1,1,0,0,1,1,0,1,1,0,0,0,0,0,20)
677:(1,2,0,1,0,0,1,1,0,0,1,1,0,1,1,1,0,0,1,1,20)
678:(1,2,0,1,0,0,1,1,0,0,1,1,0,1,1,1,0,1,1,1,20)
679:(1,2,0,2,0,0,0,0,0,0,0,0,0,0,0,0,0,0,0,0,12)
680:(1,2,0,2,0,0,0,0,0,0,0,0,0,0,0,0,0,0,0,0,16)
681:(1,2,0,2,0,1,0,0,0,0,0,0,0,0,0,0,0,0,0,0,8)
682:(1,2,0,2,0,1,1,0,0,0,0,0,0,0,0,0,0,0,0,0,8)
683:(1,2,0,2,0,1,1,0,0,0,0,0,0,0,0,0,0,0,0,0,12)
684:(1,2,0,2,0,1,1,0,0,0,1,0,0,0,0,0,0,0,0,0,4)
685:(1,2,0,2,0,1,1,0,0,1,1,0,0,0,0,0,0,0,0,0,4)
686:(1,2,0,2,0,1,1,0,0,1,1,0,0,0,0,0,0,0,0,0,8)
687:(1,2,0,2,0,1,1,0,0,1,1,0,0,1,1,0,0,0,0,0,4)
688:(1,2,0,2,0,1,1,1,0,0,0,0,0,0,0,0,0,0,0,0,12)
689:(1,2,0,2,0,1,1,1,0,0,0,1,0,0,0,0,0,0,0,0,4)
690:(1,2,0,3,0,1,1,0,0,1,1,0,0,1,1,0,0,0,0,0,4)
691:(1,2,1,1,0,0,0,0,0,0,0,0,0,0,0,0,0,0,0,0,10)
692:(1,2,1,1,0,0,0,0,0,0,0,0,0,0,0,0,0,0,0,0,14)
693:(1,2,1,1,0,0,0,0,0,0,1,0,0,0,0,0,0,0,0,0,6)
694:(1,2,1,1,0,0,0,0,0,0,1,0,0,0,0,0,0,0,0,0,14)
695:(1,2,1,1,0,0,0,0,0,0,1,0,0,0,0,0,0,0,0,0,18)
696:(1,2,1,1,0,0,0,0,0,0,1,0,0,0,1,0,0,0,0,0,14)
697:(1,2,1,1,0,0,0,0,0,0,1,0,0,0,1,0,0,0,0,0,18)
698:(1,2,1,1,0,0,0,0,0,0,1,0,0,1,1,0,0,0,0,0,14)
699:(1,2,1,1,0,0,0,0,0,0,1,0,0,1,1,0,0,0,0,0,18)
700:(1,2,1,1,0,0,0,1,0,0,0,0,0,0,0,0,0,0,0,0,14)
701:(1,2,1,1,0,0,0,1,0,0,1,0,0,0,0,0,0,0,0,0,18)
702:(1,2,1,1,0,0,0,1,0,0,1,0,0,0,1,0,0,0,0,0,18)
703:(1,2,1,1,0,0,0,1,0,0,1,1,0,0,0,0,0,0,0,0,18)
704:(1,2,1,1,0,0,0,1,0,0,1,1,0,0,0,1,0,0,0,0,18)
705:(1,2,1,1,0,0,0,1,0,0,1,1,0,0,0,1,0,0,0,1,18)
706:(1,2,1,1,0,0,0,1,0,0,1,1,0,0,1,1,0,0,0,0,18)
707:(1,2,1,1,0,0,0,1,0,0,1,1,0,0,1,1,0,0,0,1,18)
708:(1,2,1,1,0,0,0,1,0,0,1,1,0,0,1,1,0,0,1,1,18)
709:(1,2,1,1,0,0,0,1,0,0,1,1,0,0,1,1,0,1,1,1,18)
710:(1,2,1,1,0,0,0,1,0,0,1,1,0,1,1,1,0,0,1,1,18)
711:(1,2,1,1,0,0,0,1,0,0,1,1,0,1,1,1,0,1,1,1,18)
712:(1,2,1,1,0,0,1,0,0,0,1,0,0,0,0,0,0,0,0,0,14)
713:(1,2,1,1,0,0,1,0,0,0,1,0,0,0,0,0,0,0,0,0,18)
714:(1,2,1,1,0,0,1,1,0,0,1,0,0,0,0,0,0,0,0,0,14)
715:(1,2,1,1,0,0,1,1,0,0,1,0,0,0,0,0,0,0,0,0,18)
716:(1,2,1,1,0,0,1,1,0,0,1,1,0,0,0,0,0,0,0,0,14)
717:(1,2,1,1,0,0,1,1,0,0,1,1,0,0,0,0,0,0,0,0,18)
718:(1,2,1,1,0,0,1,1,0,0,1,1,0,0,0,1,0,0,0,0,18)
719:(1,2,1,1,0,0,1,1,0,0,1,1,0,0,0,1,0,0,0,1,18)
720:(1,2,1,1,0,0,1,1,0,0,1,1,0,0,1,1,0,0,0,0,18)
721:(1,2,1,1,0,0,1,1,0,0,1,1,0,0,1,1,0,0,0,1,18)
722:(1,2,1,1,0,0,1,1,0,0,1,1,0,1,1,1,1,1,1,1,18)
723:(1,2,1,2,0,0,0,0,0,1,1,0,0,0,0,0,0,0,0,0,14)
724:(1,2,1,2,0,1,0,0,0,1,1,0,0,0,0,0,0,0,0,0,6)
725:(1,2,1,2,0,1,0,0,0,1,1,0,0,0,0,0,0,0,0,0,14)
726:(1,2,1,2,0,1,1,0,0,0,1,0,0,0,0,0,0,0,0,0,14)
727:(1,2,1,2,0,1,1,1,0,0,1,0,0,0,0,0,0,0,0,0,14)
728:(1,2,1,2,0,1,1,1,0,0,1,1,0,0,0,0,0,0,0,0,6)
729:(1,2,1,2,0,1,1,1,0,0,1,1,0,0,0,0,0,0,0,0,14)
730:(1,2,1,3,0,0,0,0,0,1,1,0,0,0,0,0,0,0,0,0,14)
731:(1,2,2,1,0,0,0,0,0,0,0,0,0,0,1,0,0,0,0,0,12)
732:(1,2,2,1,0,0,0,0,0,0,0,0,0,0,1,0,0,0,0,0,16)
733:(1,2,2,1,0,0,0,0,0,0,0,0,0,1,1,0,0,0,0,0,12)
734:(1,2,2,1,0,0,0,0,0,0,0,0,0,1,1,0,0,0,0,0,16)
735:(1,2,2,1,0,0,0,0,0,0,1,0,0,0,0,0,0,0,0,0,8)
736:(1,2,2,1,0,0,0,0,0,0,1,0,0,0,1,0,0,0,0,0,16)
737:(1,2,2,1,0,0,0,1,0,0,0,0,0,0,1,0,0,0,0,0,16)
738:(1,2,2,1,0,0,0,1,0,0,0,1,0,0,0,1,0,0,0,0,16)
739:(1,2,2,1,0,0,0,1,0,0,0,1,0,0,1,1,0,0,0,0,16)
740:(1,2,2,1,0,0,0,1,0,0,0,1,0,0,1,1,0,0,0,1,16)
741:(1,2,2,1,0,0,0,1,0,0,0,1,0,0,1,1,0,0,1,1,16)
742:(1,2,2,1,0,0,0,1,0,0,0,1,0,0,1,1,0,1,1,1,16)
743:(1,2,2,1,0,0,0,1,0,0,0,1,0,1,1,1,0,0,1,1,16)
744:(1,2,2,1,0,0,0,1,0,0,0,1,0,1,1,1,0,1,1,1,16)
745:(1,2,2,1,0,0,1,0,0,0,1,0,0,0,1,0,0,0,0,0,16)
746:(1,2,2,1,0,0,1,1,0,0,0,1,0,0,0,1,0,0,0,0,16)
747:(1,2,2,1,0,0,1,1,0,0,0,1,0,0,1,1,0,0,0,0,16)
748:(1,2,2,1,0,0,1,1,0,0,0,1,0,0,1,1,0,0,0,1,16)
749:(1,2,2,1,0,0,1,1,0,0,0,1,0,1,1,1,1,1,1,1,16)
750:(1,2,2,1,0,0,1,1,0,0,1,0,0,0,1,0,0,0,0,0,16)
751:(1,2,2,1,0,0,1,1,0,0,1,1,0,0,1,0,0,0,0,0,16)
752:(1,2,2,1,0,0,1,1,0,0,1,1,0,0,1,1,0,0,0,0,16)
753:(1,2,2,1,0,0,1,1,0,0,1,1,0,0,1,1,0,0,0,1,16)
754:(1,2,2,1,0,0,1,1,0,0,1,1,0,0,1,1,0,0,1,1,16)
755:(1,2,2,1,0,0,1,1,0,0,1,1,1,0,1,1,1,1,1,1,16)
756:(1,2,2,2,0,0,0,0,0,1,1,0,0,0,1,0,0,0,0,0,16)
757:(1,2,2,2,0,1,0,0,0,1,1,0,0,0,1,0,0,0,0,0,16)
758:(1,2,2,2,0,1,1,0,0,0,1,0,0,0,1,0,0,0,0,0,16)
759:(1,2,2,2,0,1,1,1,0,0,1,0,0,0,1,0,0,0,0,0,16)
760:(1,2,2,2,0,1,1,1,0,0,1,1,0,0,1,0,0,0,0,0,8)
761:(1,2,2,2,0,1,1,1,0,0,1,1,0,0,1,0,0,0,0,0,16)
762:(1,2,2,2,0,1,1,1,0,0,1,1,0,0,1,1,0,0,1,1,16)
763:(1,2,2,2,0,1,1,1,0,1,1,1,0,0,1,1,0,0,0,0,16)
764:(1,2,2,2,0,1,1,1,0,1,1,1,0,0,1,1,0,0,0,1,16)
765:(1,2,2,3,0,0,0,0,0,1,1,0,0,0,1,0,0,0,0,0,16)
766:(1,2,3,1,0,0,0,0,0,0,1,0,0,0,0,0,0,0,1,0,10)
767:(1,2,3,1,0,0,0,1,0,0,0,1,0,0,0,1,0,0,0,1,14)
768:(1,2,3,1,0,0,0,1,0,0,0,1,0,0,0,1,0,0,1,1,14)
769:(1,2,3,1,0,0,0,1,0,0,0,1,0,0,0,1,0,1,1,1,14)
770:(1,2,3,1,0,0,0,1,0,0,0,1,0,1,0,1,0,0,1,1,14)
771:(1,2,3,1,0,0,0,1,0,0,0,1,0,1,0,1,0,1,1,1,14)
772:(1,2,3,1,0,0,1,1,0,0,0,1,0,0,0,1,0,0,0,1,14)
773:(1,2,3,1,0,0,1,1,0,0,0,1,0,1,0,1,1,1,1,1,14)
774:(1,2,3,1,0,0,1,1,0,0,1,1,0,0,0,1,0,0,0,1,14)
775:(1,2,3,1,0,0,1,1,0,0,1,1,0,0,0,1,0,0,1,1,14)
776:(1,2,3,1,0,0,1,1,0,0,1,1,0,0,1,1,0,0,1,1,14)
777:(1,2,3,1,0,0,1,1,0,0,1,1,1,0,0,0,1,1,1,0,10)
778:(1,2,3,2,0,1,1,1,0,0,1,1,0,0,0,1,0,0,1,1,14)
779:(1,2,3,2,0,1,1,1,0,0,1,1,0,0,1,1,0,0,1,1,14)
780:(1,2,3,2,0,1,1,1,0,1,1,1,0,0,0,1,0,0,0,1,14)
781:(1,2,3,2,0,1,1,1,0,1,1,1,0,1,1,1,0,0,1,1,14)
782:(1,2,3,3,0,1,1,1,0,1,1,1,0,1,1,1,0,0,1,1,14)
783:(1,3,0,1,0,0,0,0,0,0,0,0,0,0,0,0,0,0,0,0,14)
784:(1,3,0,1,0,0,0,1,0,0,0,0,0,0,0,0,0,0,0,0,6)
785:(1,3,0,1,0,0,0,1,0,0,0,0,0,0,0,0,0,0,0,0,10)
786:(1,3,0,1,0,0,0,1,0,0,0,0,0,0,0,0,0,0,0,0,14)
787:(1,3,0,1,0,0,0,1,0,0,0,0,0,0,0,0,0,0,0,0,18)
788:(1,3,0,1,0,0,0,1,0,0,0,0,0,0,0,0,0,1,0,0,6)
789:(1,3,0,1,0,0,0,1,0,0,0,0,0,1,0,0,0,0,0,0,6)
790:(1,3,0,1,0,0,0,1,0,0,0,0,0,1,0,0,0,1,0,0,6)
791:(1,3,0,1,0,0,0,1,0,0,0,1,0,0,0,0,0,0,0,0,18)
792:(1,3,0,1,0,0,0,1,0,0,1,0,0,1,1,0,0,0,0,0,18)
793:(1,3,0,1,0,0,0,1,0,0,1,1,0,0,0,1,0,0,1,1,18)
794:(1,3,0,1,0,0,0,1,0,0,1,1,0,0,1,0,0,0,0,0,18)
795:(1,3,0,1,0,0,0,1,0,0,1,1,0,1,1,0,0,0,0,0,18)
796:(1,3,0,1,0,0,1,1,0,0,0,0,0,0,0,0,0,0,0,0,6)
797:(1,3,0,1,0,0,1,1,0,0,0,0,0,0,0,0,0,0,0,0,10)
798:(1,3,0,1,0,0,1,1,0,0,0,0,0,0,0,0,0,0,0,0,14)
799:(1,3,0,1,0,0,1,1,0,0,0,0,0,1,0,0,1,1,0,0,6)
800:(1,3,0,1,0,0,1,1,0,0,1,0,0,0,0,0,0,0,0,0,6)
801:(1,3,0,1,0,0,1,1,0,0,1,0,0,0,0,0,0,0,0,0,10)
802:(1,3,0,1,0,0,1,1,0,0,1,0,0,0,1,0,0,0,0,0,6)
803:(1,3,0,2,0,0,0,1,0,0,0,0,0,0,0,0,0,0,0,0,14)
804:(1,3,0,2,0,1,0,1,0,0,0,0,0,0,0,0,0,0,0,0,10)
805:(1,3,0,2,0,1,1,1,0,0,0,0,0,0,0,0,0,0,0,0,10)
806:(1,3,0,2,0,1,1,1,0,0,1,0,0,0,0,0,0,0,0,0,6)
807:(1,3,0,2,0,1,1,1,0,1,1,0,0,0,0,0,0,0,0,0,6)
808:(1,3,0,2,0,1,1,1,0,1,1,0,0,0,0,0,0,0,0,0,10)
809:(1,3,0,2,0,1,1,1,0,1,1,0,0,1,1,0,0,0,0,0,6)
810:(1,3,0,3,0,1,1,1,0,1,1,0,0,1,1,0,0,0,0,0,6)
811:(1,3,1,1,0,0,0,0,0,0,0,1,0,0,0,0,0,0,0,0,16)
812:(1,3,1,1,0,0,0,0,0,0,1,1,0,0,0,1,0,0,1,1,16)
813:(1,3,1,1,0,0,0,0,0,0,1,1,0,0,1,0,0,0,0,0,16)
814:(1,3,1,1,0,0,0,0,0,0,1,1,0,1,1,0,0,0,0,0,16)
815:(1,3,1,1,0,0,0,1,0,0,0,1,0,0,0,0,0,0,0,0,8)
816:(1,3,1,1,0,0,0,1,0,0,0,1,0,0,0,0,0,0,0,0,12)
817:(1,3,1,1,0,0,0,1,0,0,0,1,0,0,0,0,0,0,0,0,16)
818:(1,3,1,1,0,0,0,1,0,0,0,1,0,0,0,0,0,1,0,0,8)
819:(1,3,1,1,0,0,0,1,0,0,0,1,0,0,0,1,0,0,0,1,16)
820:(1,3,1,1,0,0,0,1,0,0,0,1,0,1,0,0,0,0,0,0,8)
821:(1,3,1,1,0,0,0,1,0,0,0,1,0,1,0,0,0,1,0,0,8)
822:(1,3,1,1,0,0,1,1,0,0,0,1,0,0,0,0,0,0,0,0,8)
823:(1,3,1,1,0,0,1,1,0,0,0,1,0,0,0,0,0,0,0,0,12)
824:(1,3,1,1,0,0,1,1,0,0,0,1,0,0,0,0,0,0,0,0,16)
825:(1,3,1,1,0,0,1,1,0,0,0,1,0,0,0,1,0,0,0,1,16)
826:(1,3,1,1,0,0,1,1,0,0,0,1,0,1,0,0,1,1,0,0,8)
827:(1,3,1,1,0,0,1,1,0,0,1,1,0,0,0,0,0,0,0,0,8)
828:(1,3,1,1,0,0,1,1,0,0,1,1,0,0,0,0,0,0,0,0,12)
829:(1,3,1,1,0,0,1,1,0,0,1,1,0,0,1,0,0,0,0,0,8)
830:(1,3,1,2,0,1,1,1,0,0,0,1,0,0,0,0,0,0,0,0,12)
831:(1,3,1,2,0,1,1,1,0,0,1,1,0,0,0,0,0,0,0,0,8)
832:(1,3,1,2,0,1,1,1,0,1,1,1,0,0,0,0,0,0,0,0,8)
833:(1,3,1,2,0,1,1,1,0,1,1,1,0,0,0,0,0,0,0,0,12)
834:(1,3,1,2,0,1,1,1,0,1,1,1,0,1,1,0,0,0,0,0,8)
835:(1,3,1,3,0,1,1,1,0,1,1,1,0,1,1,0,0,0,0,0,8)
836:(1,3,2,1,0,0,0,0,0,0,1,0,0,0,0,1,0,0,1,1,14)
837:(1,3,2,1,0,0,0,1,0,0,0,0,0,0,0,0,0,0,0,0,10)
838:(1,3,2,1,0,0,0,1,0,0,0,0,0,0,0,1,0,0,0,1,14)
839:(1,3,2,1,0,0,0,1,0,0,0,1,0,0,0,1,0,0,0,0,10)
840:(1,3,2,1,0,0,0,1,0,0,0,1,0,0,0,1,0,0,0,0,14)
841:(1,3,2,1,0,0,0,1,0,0,0,1,0,0,0,1,0,1,0,0,10)
842:(1,3,2,1,0,0,0,1,0,0,0,1,0,1,0,1,0,0,0,0,10)
843:(1,3,2,1,0,0,0,1,0,0,0,1,0,1,0,1,0,1,0,0,10)
844:(1,3,2,1,0,0,1,1,0,0,0,0,0,0,0,0,0,0,0,0,10)
845:(1,3,2,1,0,0,1,1,0,0,0,0,0,0,0,1,0,0,0,1,14)
846:(1,3,2,1,0,0,1,1,0,0,0,1,0,0,0,1,0,0,0,0,10)
847:(1,3,2,1,0,0,1,1,0,0,0,1,0,0,0,1,0,0,0,0,14)
848:(1,3,2,1,0,0,1,1,0,0,0,1,0,1,0,1,1,1,0,0,10)
849:(1,3,2,1,0,0,1,1,0,0,1,1,0,0,0,1,0,0,0,0,10)
850:(1,3,2,1,0,0,1,1,0,0,1,1,0,0,0,1,0,0,0,0,14)
851:(1,3,2,1,0,0,1,1,0,0,1,1,0,0,1,1,0,0,0,0,10)
852:(1,3,2,1,0,0,1,1,0,0,1,1,1,0,0,1,1,1,1,1,14)
853:(1,3,2,2,0,1,1,1,0,0,1,1,0,0,0,1,0,0,0,0,10)
854:(1,3,2,2,0,1,1,1,0,0,1,1,0,0,1,1,0,0,0,0,10)
855:(1,3,2,2,0,1,1,1,0,1,1,1,0,0,0,1,0,0,0,0,10)
856:(1,3,2,2,0,1,1,1,0,1,1,1,0,0,0,1,0,0,0,0,14)
857:(1,3,2,2,0,1,1,1,0,1,1,1,0,1,1,1,0,0,0,0,10)
858:(1,3,2,3,0,1,1,1,0,1,1,1,0,1,1,1,0,0,0,0,10)
859:(1,3,3,1,0,0,0,0,0,0,1,0,0,0,0,0,0,0,1,1,12)
860:(1,3,3,1,0,0,0,1,0,0,0,0,0,0,0,0,0,0,0,1,12)
861:(1,3,3,1,0,0,0,1,0,0,0,1,0,0,0,1,0,0,0,1,12)
862:(1,3,3,1,0,0,0,1,0,0,0,1,0,0,0,1,0,1,0,1,12)
863:(1,3,3,1,0,0,0,1,0,0,0,1,0,1,0,1,0,0,0,1,12)
864:(1,3,3,1,0,0,0,1,0,0,0,1,0,1,0,1,0,1,0,1,12)
865:(1,3,3,1,0,0,1,1,0,0,0,0,0,0,0,0,0,0,0,1,12)
866:(1,3,3,1,0,0,1,1,0,0,0,1,0,1,0,1,1,1,0,1,12)
867:(1,3,3,1,0,0,1,1,0,0,1,1,0,0,0,1,0,0,0,1,12)
868:(1,3,3,1,0,0,1,1,0,0,1,1,0,0,1,1,0,0,0,1,12)
869:(1,3,3,1,0,0,1,1,0,0,1,1,1,0,0,0,1,1,1,1,12)
870:(1,3,3,2,0,1,1,1,0,0,1,1,0,0,0,1,0,0,0,1,12)
871:(1,3,3,2,0,1,1,1,0,0,1,1,0,0,1,1,0,0,0,1,12)
872:(1,3,3,2,0,1,1,1,0,1,1,1,0,1,1,1,0,0,0,1,12)
873:(1,3,3,3,0,1,1,1,0,1,1,1,0,1,1,1,0,0,0,1,12)
874:(2,0,0,0,0,0,0,0,0,0,0,0,0,0,0,0,0,0,0,0,0)
875:(2,0,0,0,0,0,0,0,0,0,0,0,0,0,0,0,0,0,0,0,4)
876:(2,0,0,0,0,0,0,0,0,0,0,0,0,0,0,0,0,0,0,0,8)
877:(2,0,0,0,0,0,0,0,0,0,0,0,0,0,0,0,0,0,0,0,12)
878:(2,0,0,0,0,0,0,0,0,0,0,0,0,0,0,0,0,0,0,0,16)
879:(2,0,0,0,0,0,0,0,0,0,0,0,0,0,0,0,0,0,0,0,20)
880:(2,0,0,0,0,0,0,0,0,0,0,0,0,0,0,0,0,1,0,0,0)
881:(2,0,0,0,0,0,0,0,0,0,0,0,0,0,0,0,0,1,0,0,8)
882:(2,0,0,0,0,0,0,0,0,0,0,0,0,0,1,0,0,0,0,0,4)
883:(2,0,0,0,0,0,0,0,0,0,0,0,0,0,1,0,0,0,0,0,8)
884:(2,0,0,0,0,0,0,0,0,0,0,0,0,1,0,0,0,0,0,0,0)
885:(2,0,0,0,0,0,0,0,0,0,0,0,0,1,0,0,0,0,0,0,4)
886:(2,0,0,0,0,0,0,0,0,0,0,0,0,1,0,0,0,0,0,0,8)
887:(2,0,0,0,0,0,0,0,0,0,0,0,0,1,0,0,0,1,0,0,0)
888:(2,0,0,0,0,0,0,0,0,0,0,0,0,1,0,0,0,1,0,0,8)
889:(2,0,0,0,0,0,0,0,0,0,0,0,0,1,0,0,1,1,0,0,0)
890:(2,0,0,0,0,0,0,0,0,0,0,0,0,1,1,0,0,0,0,0,4)
891:(2,0,0,0,0,0,0,0,0,0,0,0,0,1,1,0,0,0,0,0,8)
892:(2,0,0,0,0,0,0,0,0,0,0,1,0,0,0,0,0,0,0,0,8)
893:(2,0,0,0,0,0,0,0,0,0,1,0,0,0,0,0,0,0,0,0,0)
894:(2,0,0,0,0,0,0,0,0,0,1,0,0,0,0,0,0,0,0,0,8)
895:(2,0,0,0,0,0,0,0,0,0,1,0,0,0,0,0,0,0,0,0,12)
896:(2,0,0,0,0,0,0,0,0,0,1,0,0,0,0,0,0,0,0,0,16)
897:(2,0,0,0,0,0,0,0,0,0,1,0,0,0,0,0,0,0,1,0,0)
898:(2,0,0,0,0,0,0,0,0,0,1,0,0,0,0,0,0,0,1,1,0)
899:(2,0,0,0,0,0,0,0,0,0,1,0,0,0,0,1,0,0,1,1,4)
900:(2,0,0,0,0,0,0,0,0,0,1,0,0,0,1,0,0,0,0,0,0)
901:(2,0,0,0,0,0,0,0,0,0,1,0,0,0,1,0,0,0,0,0,8)
902:(2,0,0,0,0,0,0,0,0,0,1,0,0,0,1,0,0,0,0,0,12)
903:(2,0,0,0,0,0,0,0,0,0,1,0,0,1,1,0,0,0,0,0,8)
904:(2,0,0,0,0,0,0,0,0,0,1,0,0,1,1,0,0,0,0,0,12)
905:(2,0,0,0,0,0,0,0,0,0,1,1,0,0,0,1,0,0,1,1,8)
906:(2,0,0,0,0,0,0,0,0,0,1,1,0,0,1,0,0,0,0,0,8)
907:(2,0,0,0,0,0,0,0,0,0,1,1,0,1,1,0,0,0,0,0,8)
908:(2,0,0,0,0,0,0,0,0,1,0,0,0,0,0,0,0,0,0,0,16)
909:(2,0,0,0,0,0,0,0,0,1,1,0,0,0,0,0,0,0,0,0,16)
910:(2,0,0,0,0,0,0,0,0,1,1,0,0,0,1,0,0,0,0,0,16)
911:(2,0,0,0,0,0,0,0,0,1,1,0,0,1,1,0,0,0,0,0,16)
912:(2,0,0,0,0,0,0,1,0,0,0,0,0,0,0,0,0,0,0,0,0)
913:(2,0,0,0,0,0,0,1,0,0,0,0,0,0,0,0,0,0,0,0,4)
914:(2,0,0,0,0,0,0,1,0,0,0,0,0,0,0,0,0,0,0,0,8)
915:(2,0,0,0,0,0,0,1,0,0,0,0,0,0,0,0,0,0,0,0,12)
916:(2,0,0,0,0,0,0,1,0,0,0,0,0,0,0,0,0,0,0,0,16)
917:(2,0,0,0,0,0,0,1,0,0,0,0,0,0,0,0,0,0,0,1,0)
918:(2,0,0,0,0,0,0,1,0,0,0,0,0,0,0,0,0,1,0,0,0)
919:(2,0,0,0,0,0,0,1,0,0,0,0,0,0,0,1,0,0,0,1,4)
920:(2,0,0,0,0,0,0,1,0,0,0,0,0,0,1,0,0,0,0,0,8)
921:(2,0,0,0,0,0,0,1,0,0,0,0,0,1,0,0,0,0,0,0,0)
922:(2,0,0,0,0,0,0,1,0,0,0,0,0,1,0,0,0,1,0,0,0)
923:(2,0,0,0,0,0,0,1,0,0,0,1,0,0,0,0,0,0,0,0,0)
924:(2,0,0,0,0,0,0,1,0,0,0,1,0,0,0,0,0,0,0,0,4)
925:(2,0,0,0,0,0,0,1,0,0,0,1,0,0,0,0,0,0,0,0,8)
926:(2,0,0,0,0,0,0,1,0,0,0,1,0,0,0,0,0,0,0,0,12)
927:(2,0,0,0,0,0,0,1,0,0,0,1,0,0,0,0,0,0,0,0,16)
928:(2,0,0,0,0,0,0,1,0,0,0,1,0,0,0,0,0,1,0,0,0)
929:(2,0,0,0,0,0,0,1,0,0,0,1,0,0,0,1,0,0,0,0,0)
930:(2,0,0,0,0,0,0,1,0,0,0,1,0,0,0,1,0,0,0,0,4)
931:(2,0,0,0,0,0,0,1,0,0,0,1,0,0,0,1,0,0,0,0,8)
932:(2,0,0,0,0,0,0,1,0,0,0,1,0,0,0,1,0,0,0,1,0)
933:(2,0,0,0,0,0,0,1,0,0,0,1,0,0,0,1,0,0,0,1,4)
934:(2,0,0,0,0,0,0,1,0,0,0,1,0,0,0,1,0,0,0,1,8)
935:(2,0,0,0,0,0,0,1,0,0,0,1,0,0,0,1,0,0,1,1,4)
936:(2,0,0,0,0,0,0,1,0,0,0,1,0,0,0,1,0,1,0,0,0)
937:(2,0,0,0,0,0,0,1,0,0,0,1,0,0,0,1,0,1,0,1,0)
938:(2,0,0,0,0,0,0,1,0,0,0,1,0,0,0,1,0,1,1,1,4)
939:(2,0,0,0,0,0,0,1,0,0,0,1,0,0,1,1,0,0,0,0,8)
940:(2,0,0,0,0,0,0,1,0,0,0,1,0,0,1,1,0,0,0,1,8)
941:(2,0,0,0,0,0,0,1,0,0,0,1,0,0,1,1,0,0,1,1,8)
942:(2,0,0,0,0,0,0,1,0,0,0,1,0,0,1,1,0,1,1,1,8)
943:(2,0,0,0,0,0,0,1,0,0,0,1,0,1,0,0,0,0,0,0,0)
944:(2,0,0,0,0,0,0,1,0,0,0,1,0,1,0,0,0,1,0,0,0)
945:(2,0,0,0,0,0,0,1,0,0,0,1,0,1,0,1,0,0,0,0,0)
946:(2,0,0,0,0,0,0,1,0,0,0,1,0,1,0,1,0,0,0,1,0)
947:(2,0,0,0,0,0,0,1,0,0,0,1,0,1,0,1,0,0,1,1,4)
948:(2,0,0,0,0,0,0,1,0,0,0,1,0,1,0,1,0,1,0,0,0)
949:(2,0,0,0,0,0,0,1,0,0,0,1,0,1,0,1,0,1,0,1,0)
950:(2,0,0,0,0,0,0,1,0,0,0,1,0,1,0,1,0,1,1,1,4)
951:(2,0,0,0,0,0,0,1,0,0,0,1,0,1,1,1,0,0,1,1,8)
952:(2,0,0,0,0,0,0,1,0,0,0,1,0,1,1,1,0,1,1,1,8)
953:(2,0,0,0,0,0,0,1,0,0,1,0,0,0,0,0,0,0,0,0,12)
954:(2,0,0,0,0,0,0,1,0,0,1,0,0,0,1,0,0,0,0,0,12)
955:(2,0,0,0,0,0,0,1,0,0,1,0,0,1,1,0,0,0,0,0,12)
956:(2,0,0,0,0,0,0,1,0,0,1,1,0,0,0,0,0,0,0,0,12)
957:(2,0,0,0,0,0,0,1,0,0,1,1,0,0,0,1,0,0,0,0,12)
958:(2,0,0,0,0,0,0,1,0,0,1,1,0,0,0,1,0,0,0,1,12)
959:(2,0,0,0,0,0,0,1,0,0,1,1,0,0,0,1,0,0,1,1,12)
960:(2,0,0,0,0,0,0,1,0,0,1,1,0,0,1,0,0,0,0,0,12)
961:(2,0,0,0,0,0,0,1,0,0,1,1,0,0,1,1,0,0,0,0,12)
962:(2,0,0,0,0,0,0,1,0,0,1,1,0,0,1,1,0,0,0,1,12)
963:(2,0,0,0,0,0,0,1,0,0,1,1,0,0,1,1,0,0,1,1,12)
964:(2,0,0,0,0,0,0,1,0,0,1,1,0,0,1,1,0,1,1,1,12)
965:(2,0,0,0,0,0,0,1,0,0,1,1,0,1,1,0,0,0,0,0,12)
966:(2,0,0,0,0,0,0,1,0,0,1,1,0,1,1,1,0,0,1,1,12)
967:(2,0,0,0,0,0,0,1,0,0,1,1,0,1,1,1,0,1,1,1,12)
968:(2,0,0,0,0,0,1,0,0,0,0,0,0,0,0,0,0,0,0,0,0)
969:(2,0,0,0,0,0,1,0,0,0,0,0,0,0,0,0,0,0,0,0,4)
970:(2,0,0,0,0,0,1,0,0,0,0,0,0,0,0,0,0,0,0,0,8)
971:(2,0,0,0,0,0,1,0,0,0,0,0,0,0,0,0,0,0,0,0,12)
972:(2,0,0,0,0,0,1,0,0,0,0,0,0,0,0,0,0,0,0,0,16)
973:(2,0,0,0,0,0,1,0,0,0,0,0,0,1,0,0,1,1,0,0,0)
974:(2,0,0,0,0,0,1,0,0,0,1,0,0,0,0,0,0,0,0,0,0)
975:(2,0,0,0,0,0,1,0,0,0,1,0,0,0,0,0,0,0,0,0,4)
976:(2,0,0,0,0,0,1,0,0,0,1,0,0,0,0,0,0,0,0,0,8)
977:(2,0,0,0,0,0,1,0,0,0,1,0,0,0,0,0,0,0,0,0,12)
978:(2,0,0,0,0,0,1,0,0,0,1,0,0,0,0,0,0,0,0,0,16)
979:(2,0,0,0,0,0,1,0,0,0,1,0,0,0,1,0,0,0,0,0,0)
980:(2,0,0,0,0,0,1,0,0,0,1,0,0,0,1,0,0,0,0,0,8)
981:(2,0,0,0,0,0,1,0,0,0,1,0,0,0,1,0,0,0,0,0,16)
982:(2,0,0,0,0,0,1,0,0,0,1,0,0,1,1,0,0,0,0,0,12)
983:(2,0,0,0,0,0,1,0,0,0,1,0,0,1,1,0,0,0,0,0,16)
984:(2,0,0,0,0,0,1,0,0,1,1,0,0,0,0,0,0,0,0,0,16)
985:(2,0,0,0,0,0,1,0,0,1,1,0,0,1,1,0,0,0,0,0,16)
986:(2,0,0,0,0,0,1,1,0,0,0,0,0,0,0,0,0,0,0,0,0)
987:(2,0,0,0,0,0,1,1,0,0,0,0,0,0,0,0,0,0,0,0,4)
988:(2,0,0,0,0,0,1,1,0,0,0,0,0,0,0,0,0,0,0,0,8)
989:(2,0,0,0,0,0,1,1,0,0,0,0,0,0,0,0,0,0,0,0,12)
990:(2,0,0,0,0,0,1,1,0,0,0,0,0,0,0,0,0,0,0,0,16)
991:(2,0,0,0,0,0,1,1,0,0,0,0,0,0,0,0,0,0,0,1,0)
992:(2,0,0,0,0,0,1,1,0,0,0,0,0,0,0,1,0,0,0,1,4)
993:(2,0,0,0,0,0,1,1,0,0,0,0,0,1,0,0,1,1,0,0,0)
994:(2,0,0,0,0,0,1,1,0,0,0,1,0,0,0,0,0,0,0,0,0)
995:(2,0,0,0,0,0,1,1,0,0,0,1,0,0,0,0,0,0,0,0,4)
996:(2,0,0,0,0,0,1,1,0,0,0,1,0,0,0,0,0,0,0,0,8)
997:(2,0,0,0,0,0,1,1,0,0,0,1,0,0,0,0,0,0,0,0,16)
998:(2,0,0,0,0,0,1,1,0,0,0,1,0,0,0,1,0,0,0,0,0)
999:(2,0,0,0,0,0,1,1,0,0,0,1,0,0,0,1,0,0,0,0,4)
1000:(2,0,0,0,0,0,1,1,0,0,0,1,0,0,0,1,0,0,0,0,8)
1001:(2,0,0,0,0,0,1,1,0,0,0,1,0,0,0,1,0,0,0,1,4)
1002:(2,0,0,0,0,0,1,1,0,0,0,1,0,0,0,1,0,0,0,1,8)
1003:(2,0,0,0,0,0,1,1,0,0,0,1,0,0,1,1,0,0,0,0,8)
1004:(2,0,0,0,0,0,1,1,0,0,0,1,0,0,1,1,0,0,0,1,8)
1005:(2,0,0,0,0,0,1,1,0,0,0,1,0,1,0,0,1,1,0,0,0)
1006:(2,0,0,0,0,0,1,1,0,0,0,1,0,1,0,1,1,1,0,0,0)
1007:(2,0,0,0,0,0,1,1,0,0,0,1,0,1,0,1,1,1,0,1,0)
1008:(2,0,0,0,0,0,1,1,0,0,0,1,0,1,0,1,1,1,1,1,4)
1009:(2,0,0,0,0,0,1,1,0,0,0,1,0,1,1,1,1,1,1,1,8)
1010:(2,0,0,0,0,0,1,1,0,0,1,0,0,0,0,0,0,0,0,0,0)
1011:(2,0,0,0,0,0,1,1,0,0,1,0,0,0,0,0,0,0,0,0,4)
1012:(2,0,0,0,0,0,1,1,0,0,1,0,0,0,0,0,0,0,0,0,8)
1013:(2,0,0,0,0,0,1,1,0,0,1,0,0,0,0,0,0,0,0,0,12)
1014:(2,0,0,0,0,0,1,1,0,0,1,0,0,0,0,0,0,0,0,0,16)
1015:(2,0,0,0,0,0,1,1,0,0,1,0,0,0,1,0,0,0,0,0,0)
1016:(2,0,0,0,0,0,1,1,0,0,1,0,0,0,1,0,0,0,0,0,8)
1017:(2,0,0,0,0,0,1,1,0,0,1,0,0,0,1,0,0,0,0,0,16)
1018:(2,0,0,0,0,0,1,1,0,0,1,0,0,1,1,0,0,0,0,0,12)
1019:(2,0,0,0,0,0,1,1,0,0,1,0,0,1,1,0,0,0,0,0,16)
1020:(2,0,0,0,0,0,1,1,0,0,1,1,0,0,0,0,0,0,0,0,0)
1021:(2,0,0,0,0,0,1,1,0,0,1,1,0,0,0,0,0,0,0,0,4)
1022:(2,0,0,0,0,0,1,1,0,0,1,1,0,0,0,0,0,0,0,0,8)
1023:(2,0,0,0,0,0,1,1,0,0,1,1,0,0,0,0,0,0,0,0,12)
1024:(2,0,0,0,0,0,1,1,0,0,1,1,0,0,0,0,0,0,0,0,16)
1025:(2,0,0,0,0,0,1,1,0,0,1,1,0,0,0,1,0,0,0,0,0)
1026:(2,0,0,0,0,0,1,1,0,0,1,1,0,0,0,1,0,0,0,0,4)
1027:(2,0,0,0,0,0,1,1,0,0,1,1,0,0,0,1,0,0,0,0,12)
1028:(2,0,0,0,0,0,1,1,0,0,1,1,0,0,0,1,0,0,0,0,16)
1029:(2,0,0,0,0,0,1,1,0,0,1,1,0,0,0,1,0,0,0,1,0)
1030:(2,0,0,0,0,0,1,1,0,0,1,1,0,0,0,1,0,0,0,1,4)
1031:(2,0,0,0,0,0,1,1,0,0,1,1,0,0,0,1,0,0,0,1,12)
1032:(2,0,0,0,0,0,1,1,0,0,1,1,0,0,0,1,0,0,0,1,16)
1033:(2,0,0,0,0,0,1,1,0,0,1,1,0,0,0,1,0,0,1,1,4)
1034:(2,0,0,0,0,0,1,1,0,0,1,1,0,0,0,1,0,0,1,1,16)
1035:(2,0,0,0,0,0,1,1,0,0,1,1,0,0,1,0,0,0,0,0,0)
1036:(2,0,0,0,0,0,1,1,0,0,1,1,0,0,1,0,0,0,0,0,8)
1037:(2,0,0,0,0,0,1,1,0,0,1,1,0,0,1,0,0,0,0,0,16)
1038:(2,0,0,0,0,0,1,1,0,0,1,1,0,0,1,1,0,0,0,0,0)
1039:(2,0,0,0,0,0,1,1,0,0,1,1,0,0,1,1,0,0,0,0,8)
1040:(2,0,0,0,0,0,1,1,0,0,1,1,0,0,1,1,0,0,0,0,12)
1041:(2,0,0,0,0,0,1,1,0,0,1,1,0,0,1,1,0,0,0,0,16)
1042:(2,0,0,0,0,0,1,1,0,0,1,1,0,0,1,1,0,0,0,1,0)
1043:(2,0,0,0,0,0,1,1,0,0,1,1,0,0,1,1,0,0,0,1,8)
1044:(2,0,0,0,0,0,1,1,0,0,1,1,0,0,1,1,0,0,0,1,12)
1045:(2,0,0,0,0,0,1,1,0,0,1,1,0,0,1,1,0,0,0,1,16)
1046:(2,0,0,0,0,0,1,1,0,0,1,1,0,0,1,1,0,0,1,1,4)
1047:(2,0,0,0,0,0,1,1,0,0,1,1,0,0,1,1,0,0,1,1,8)
1048:(2,0,0,0,0,0,1,1,0,0,1,1,0,0,1,1,0,0,1,1,16)
1049:(2,0,0,0,0,0,1,1,0,0,1,1,0,0,1,1,0,1,1,1,8)
1050:(2,0,0,0,0,0,1,1,0,0,1,1,0,0,1,1,0,1,1,1,16)
1051:(2,0,0,0,0,0,1,1,0,0,1,1,0,1,1,0,0,0,0,0,12)
1052:(2,0,0,0,0,0,1,1,0,0,1,1,0,1,1,0,0,0,0,0,16)
1053:(2,0,0,0,0,0,1,1,0,0,1,1,0,1,1,1,0,0,0,0,12)
1054:(2,0,0,0,0,0,1,1,0,0,1,1,0,1,1,1,0,0,0,1,12)
1055:(2,0,0,0,0,0,1,1,0,0,1,1,0,1,1,1,0,0,1,1,12)
1056:(2,0,0,0,0,0,1,1,0,0,1,1,0,1,1,1,0,0,1,1,16)
1057:(2,0,0,0,0,0,1,1,0,0,1,1,0,1,1,1,0,1,1,1,12)
1058:(2,0,0,0,0,0,1,1,0,0,1,1,0,1,1,1,0,1,1,1,16)
1059:(2,0,0,0,0,0,1,1,0,0,1,1,0,1,1,1,1,1,1,1,12)
1060:(2,0,0,0,0,0,1,1,0,0,1,1,1,0,0,0,0,0,0,0,0)
1061:(2,0,0,0,0,0,1,1,0,0,1,1,1,0,0,0,1,0,0,0,0)
1062:(2,0,0,0,0,0,1,1,0,0,1,1,1,0,0,0,1,1,0,0,0)
1063:(2,0,0,0,0,0,1,1,0,0,1,1,1,0,0,0,1,1,1,0,0)
1064:(2,0,0,0,0,0,1,1,0,0,1,1,1,0,0,0,1,1,1,1,0)
1065:(2,0,0,0,0,0,1,1,0,0,1,1,1,0,0,1,1,1,1,1,4)
1066:(2,0,0,0,0,0,1,1,0,0,1,1,1,0,1,1,1,1,1,1,8)
1067:(2,0,0,0,0,0,1,1,0,0,1,1,1,1,1,1,1,1,1,1,12)
1068:(2,0,0,0,0,0,1,1,0,1,1,0,0,0,0,0,0,0,0,0,16)
1069:(2,0,0,0,0,0,1,1,0,1,1,0,0,1,1,0,0,0,0,0,16)
1070:(2,0,0,0,0,0,1,1,0,1,1,1,0,0,0,0,0,0,0,0,16)
1071:(2,0,0,0,0,0,1,1,0,1,1,1,0,0,0,1,0,0,0,0,16)
1072:(2,0,0,0,0,0,1,1,0,1,1,1,0,0,0,1,0,0,0,1,16)
1073:(2,0,0,0,0,0,1,1,0,1,1,1,0,0,1,1,0,0,0,0,16)
1074:(2,0,0,0,0,0,1,1,0,1,1,1,0,0,1,1,0,0,0,1,16)
1075:(2,0,0,0,0,0,1,1,0,1,1,1,0,1,1,0,0,0,0,0,16)
1076:(2,0,0,0,0,0,1,1,0,1,1,1,0,1,1,1,0,0,0,0,16)
1077:(2,0,0,0,0,0,1,1,0,1,1,1,0,1,1,1,0,0,0,1,16)
1078:(2,0,0,0,0,0,1,1,0,1,1,1,0,1,1,1,0,0,1,1,16)
1079:(2,0,0,0,0,0,1,1,0,1,1,1,0,1,1,1,0,1,1,1,16)
1080:(2,0,0,0,0,0,1,1,0,1,1,1,0,1,1,1,1,1,1,1,16)
1081:(2,0,0,0,0,0,1,1,0,1,1,1,1,1,1,1,1,1,1,1,16)
