(s,posx,posy,objs,gp0,gp1,gp2,gp3,gp4,gp5,gp6,gp7,gp8,gp9,gp10,gp11,gp12,gp13,gp14,gp15,b)
0:(0,0,0,1,0,0,0,0,0,1,1,0,0,1,1,0,0,0,0,0,0)
1:(0,0,0,1,1,1,1,1,1,1,1,1,1,1,1,1,1,1,1,1,24)
2:(0,0,1,1,0,0,0,0,0,1,1,0,0,1,1,0,0,0,0,0,22)
3:(0,0,1,1,0,1,1,1,1,1,1,1,1,1,1,1,1,1,1,1,22)
4:(0,0,2,1,0,1,1,1,0,1,1,1,1,1,1,1,1,1,1,1,20)
5:(0,0,3,1,0,1,1,1,0,1,1,1,0,1,1,1,1,1,1,1,18)
6:(0,1,0,1,0,1,0,0,0,1,1,0,0,1,1,0,0,0,0,0,2)
7:(0,1,1,1,0,0,0,0,0,1,1,0,0,1,1,0,0,0,0,0,20)
8:(0,1,2,1,0,0,0,0,0,0,1,0,0,1,1,0,0,0,0,0,18)
9:(0,1,3,1,0,1,1,1,0,1,1,1,0,1,1,1,0,1,1,1,16)
10:(0,2,0,1,0,1,1,0,0,1,1,0,0,1,1,0,0,0,0,0,4)
11:(0,2,1,1,0,0,0,0,0,0,1,0,0,0,0,0,0,0,0,0,14)
12:(0,2,2,1,0,0,0,0,0,0,1,0,0,0,1,0,0,0,0,0,16)
13:(0,2,3,1,0,1,1,1,0,1,1,1,0,1,1,1,0,0,1,1,14)
14:(0,3,0,1,0,1,1,1,0,1,1,0,0,1,1,0,0,0,0,0,6)
15:(0,3,1,1,0,1,1,1,0,1,1,1,0,1,1,0,0,0,0,0,8)
16:(0,3,2,1,0,1,1,1,0,1,1,1,0,1,1,1,0,0,0,0,10)
17:(0,3,3,1,0,1,1,1,0,1,1,1,0,1,1,1,0,0,0,1,12)
18:(1,0,0,1,0,0,0,0,0,1,1,0,0,1,1,0,0,0,0,0,0)
19:(1,0,1,1,0,1,1,1,1,1,1,1,1,1,1,1,1,1,1,1,22)
20:(1,0,2,1,0,1,1,1,0,1,1,1,1,1,1,1,1,1,1,1,20)
21:(1,0,3,1,0,1,1,1,0,1,1,1,0,1,1,1,1,1,1,1,18)
22:(1,1,0,1,0,1,0,0,0,1,1,0,0,1,1,0,0,0,0,0,2)
23:(1,1,2,1,0,0,0,0,0,0,1,0,0,1,1,0,0,0,0,0,18)
24:(1,1,3,1,0,1,1,1,0,1,1,1,0,1,1,1,0,1,1,1,16)
25:(1,2,0,1,0,0,0,0,0,0,0,0,0,0,0,0,0,0,0,0,12)
26:(1,2,0,1,0,1,1,0,0,1,1,0,0,1,1,0,0,0,0,0,4)
27:(1,2,1,1,0,0,0,0,0,0,1,0,0,0,0,0,0,0,0,0,14)
28:(1,2,2,1,0,0,0,0,0,0,1,0,0,0,1,0,0,0,0,0,16)
29:(1,2,3,1,0,1,1,1,0,1,1,1,0,1,1,1,0,0,1,1,14)
30:(1,3,0,1,0,1,1,1,0,1,1,0,0,1,1,0,0,0,0,0,6)
31:(1,3,1,1,0,1,1,1,0,1,1,1,0,1,1,0,0,0,0,0,8)
32:(1,3,2,1,0,1,1,1,0,1,1,1,0,1,1,1,0,0,0,0,10)
33:(1,3,3,1,0,1,1,1,0,1,1,1,0,1,1,1,0,0,0,1,12)
34:(2,0,0,0,0,0,0,0,0,0,0,0,0,0,0,0,0,0,0,0,8)
35:(2,0,0,0,0,0,0,0,0,0,1,0,0,0,0,0,0,0,0,0,8)
36:(2,0,0,0,0,0,0,0,0,0,1,0,0,0,1,0,0,0,0,0,8)
37:(2,0,0,0,0,0,0,0,0,0,1,0,0,1,1,0,0,0,0,0,12)
38:(2,0,0,0,0,0,0,0,0,1,1,0,0,1,1,0,0,0,0,0,0)
39:(2,0,0,0,0,1,0,0,0,1,1,0,0,1,1,0,0,0,0,0,0)
40:(2,0,0,0,0,1,1,0,0,1,1,0,0,1,1,0,0,0,0,0,0)
41:(2,0,0,0,0,1,1,1,0,1,1,0,0,1,1,0,0,0,0,0,0)
42:(2,0,0,0,0,1,1,1,0,1,1,1,0,1,1,0,0,0,0,0,0)
43:(2,0,0,0,0,1,1,1,0,1,1,1,0,1,1,1,0,0,0,0,0)
44:(2,0,0,0,0,1,1,1,0,1,1,1,0,1,1,1,0,0,0,1,0)
45:(2,0,0,0,0,1,1,1,0,1,1,1,0,1,1,1,0,0,1,1,4)
46:(2,0,0,0,0,1,1,1,0,1,1,1,0,1,1,1,0,1,1,1,8)
47:(2,0,0,0,0,1,1,1,0,1,1,1,0,1,1,1,1,1,1,1,12)
48:(2,0,0,0,0,1,1,1,0,1,1,1,1,1,1,1,1,1,1,1,16)
49:(2,0,0,0,0,1,1,1,1,1,1,1,1,1,1,1,1,1,1,1,20)
