PRISM
=====

Version: 4.4.dev
Date: Mon Mar 25 19:57:24 GMT 2019
Hostname: sand
Memory limits: cudd=16g, java(heap)=622.2g
Command line: prism scenario3b_5x5.prism scenario3b.props -const 'battery=34,nobjs=1,square=2' -prop 2 -s -javamaxmem 700g -cuddmaxmem 16g -exportadvmdp tmp.tra -exportstates tmp.sta -exportlabels tmp.lab

Parsing model file "scenario3b_5x5.prism"...

Parsing properties file "scenario3b.props"...

3 properties:
(1) Pmax=? [ F ((s=2&objs=0)|(s=0&n=0))&posx=0&posy=0 ]
(2) R{"time"}min=? [ F ((s=2&objs=0)|(s=0&n=0))&posx=0&posy=0 ]
(3) R{"charges"}min=? [ F ((s=2&objs=0)|(s=0&n=0))&posx=0&posy=0 ]

Type:        MDP
Modules:     agent battery 
Variables:   s posx posy objs gp0 gp1 gp2 gp3 gp4 gp5 gp6 gp7 gp8 gp9 gp10 gp11 gp12 gp13 gp14 gp15 gp16 gp17 gp18 gp19 gp20 gp21 gp22 gp23 gp24 b 

Building model...
Model constants: battery=34,nobjs=1,square=2

Warning: Guard for command 31 of module "agent" is never satisfied.

Warning: Guard for command 32 of module "agent" is never satisfied.

Warning: Guard for command 71 of module "agent" is never satisfied.

Warning: Guard for command 72 of module "agent" is never satisfied.

Warning: Guard for command 111 of module "agent" is never satisfied.

Warning: Guard for command 112 of module "agent" is never satisfied.

Warning: Guard for command 151 of module "agent" is never satisfied.

Warning: Guard for command 152 of module "agent" is never satisfied.

Warning: Guard for command 191 of module "agent" is never satisfied.

Warning: Guard for command 192 of module "agent" is never satisfied.

Warning: Guard for command 2 of module "agent" is never satisfied.

Warning: Guard for command 41 of module "agent" is never satisfied.

Warning: Guard for command 42 of module "agent" is never satisfied.

Warning: Guard for command 81 of module "agent" is never satisfied.

Warning: Guard for command 82 of module "agent" is never satisfied.

Warning: Guard for command 121 of module "agent" is never satisfied.

Warning: Guard for command 122 of module "agent" is never satisfied.

Warning: Guard for command 161 of module "agent" is never satisfied.

Warning: Guard for command 162 of module "agent" is never satisfied.

Warning: Guard for command 163 of module "agent" is never satisfied.

Warning: Guard for command 164 of module "agent" is never satisfied.

Warning: Guard for command 171 of module "agent" is never satisfied.

Warning: Guard for command 172 of module "agent" is never satisfied.

Warning: Guard for command 179 of module "agent" is never satisfied.

Warning: Guard for command 180 of module "agent" is never satisfied.

Warning: Guard for command 187 of module "agent" is never satisfied.

Warning: Guard for command 188 of module "agent" is never satisfied.

Warning: Guard for command 195 of module "agent" is never satisfied.

Warning: Guard for command 196 of module "agent" is never satisfied.

Warning: Guard for command 5 of module "agent" is never satisfied.

Warning: Guard for command 6 of module "agent" is never satisfied.

Warning: Guard for command 13 of module "agent" is never satisfied.

Warning: Guard for command 14 of module "agent" is never satisfied.

Warning: Guard for command 21 of module "agent" is never satisfied.

Warning: Guard for command 22 of module "agent" is never satisfied.

Warning: Guard for command 29 of module "agent" is never satisfied.

Warning: Guard for command 30 of module "agent" is never satisfied.

Warning: Guard for command 37 of module "agent" is never satisfied.

Warning: Guard for command 38 of module "agent" is never satisfied.

Warning: Guard for command 199 of module "agent" is never satisfied.

Computing reachable states...

Reachability (BFS): 99 iterations in 115.61 seconds (average 1.167747, setup 0.00)

Time for model construction: 123.699 seconds.

Type:        MDP
States:      117026180 (1 initial)
Transitions: 355759230
Choices:     280210976

Transition matrix: 923536 nodes (50 terminal), 355759230 minterms, vars: 40r/40c/5nd

Exporting list of reachable states in plain text format to file "tmp.sta"...

Exporting labels and satisfying states in plain text format to file "tmp.lab"...

Warning: Disabling Prob1 since this is needed for adversary generation

---------------------------------------------------------------------

Model checking: R{"time"}min=? [ F ((s=2&objs=0)|(s=0&n=0))&posx=0&posy=0 ]
Model constants: battery=34,nobjs=1,square=2

Warning: Disabling Prob1 since this is needed for adversary generation

Prob0A: 18 iterations in 0.94 seconds (average 0.052278, setup 0.00)

Prob1E: 19 iterations in 0.90 seconds (average 0.047368, setup 0.00)

Warning: PRISM hasn't checked for zero-reward loops.
Your minimum rewards may be too low...

goal = 5300069, inf = 0, maybe = 111726111

Computing remaining rewards...
Engine: Sparse

Building sparse matrix (transitions)... [n=117026180, nc=274910899, nnz=350459153, k=4] [5.4 GB]
Building action information... [446.4 MB]
Building sparse matrix (transition rewards)... [n=117026180, nc=274910899, nnz=350459153, k=4] [5.4 GB]
Creating vector for state rewards... [892.8 MB]
Creating vector for inf... [892.8 MB]
Allocating iteration vectors... [2 x 892.8 MB]
Allocating adversary vector... [446.4 MB]
TOTAL: [15.1 GB]

Starting iterations...
Iteration 2: max relative diff=0.547945, 6.05 sec so far
Iteration 4: max relative diff=0.265734, 12.16 sec so far
Iteration 6: max relative diff=0.170616, 18.28 sec so far
Iteration 8: max relative diff=0.125000, 24.45 sec so far
Iteration 10: max relative diff=0.100000, 30.66 sec so far
Iteration 12: max relative diff=0.083333, 36.94 sec so far
Iteration 14: max relative diff=0.071429, 43.30 sec so far
Iteration 16: max relative diff=0.062500, 49.72 sec so far
Iteration 18: max relative diff=0.055556, 56.20 sec so far
Iteration 20: max relative diff=0.050000, 62.71 sec so far
Iteration 22: max relative diff=0.045455, 69.25 sec so far
Iteration 24: max relative diff=0.040416, 75.79 sec so far
Iteration 26: max relative diff=0.037118, 82.34 sec so far
Iteration 28: max relative diff=0.034068, 88.87 sec so far
Iteration 30: max relative diff=0.031640, 95.42 sec so far
Iteration 32: max relative diff=0.029307, 101.94 sec so far
Iteration 34: max relative diff=0.024964, 108.47 sec so far
Iteration 36: max relative diff=0.000000, 115.00 sec so far

Iterative method: 36 iterations in 458.61 seconds (average 4.985972, setup 279.11)

Adversary written to file "tmp.tra".

Value in the initial state: 50.071428571428555

Time for model checking: 469.827 seconds.

Result: 50.071428571428555 (value in the initial state)

---------------------------------------------------------------------

Note: There were 43 warnings during computation.

