(s,posx,posy,objs,gp0,gp1,gp2,gp3,gp4,gp5,gp6,gp7,gp8,gp9,gp10,gp11,gp12,gp13,gp14,gp15,b)
0:(0,0,0,1,0,0,0,0,0,0,0,0,0,0,0,0,0,0,0,1,0)
1:(0,0,0,1,0,0,0,0,0,0,0,0,0,0,0,0,0,1,0,0,0)
2:(0,0,0,1,0,0,0,0,0,0,0,0,0,0,0,0,1,0,0,0,0)
3:(0,0,0,1,0,0,0,0,0,0,0,0,0,0,1,0,1,0,0,0,0)
4:(0,0,0,1,0,0,0,0,0,0,0,0,0,1,0,0,0,0,0,0,0)
5:(0,0,0,1,0,0,0,0,0,0,0,0,0,1,0,0,0,0,0,0,4)
6:(0,0,0,1,0,0,0,0,0,0,0,0,0,1,0,0,0,1,0,0,0)
7:(0,0,0,1,0,0,0,0,0,0,0,0,0,1,0,0,0,1,0,0,12)
8:(0,0,0,1,0,0,0,0,0,0,0,0,0,1,0,0,1,1,0,0,0)
9:(0,0,0,1,0,0,0,0,0,0,1,0,0,0,0,0,0,0,0,0,0)
10:(0,0,0,1,0,0,0,0,0,0,1,0,0,0,0,0,0,0,0,0,4)
11:(0,0,0,1,0,0,0,0,0,0,1,0,0,0,0,0,0,0,0,0,8)
12:(0,0,0,1,0,0,0,0,0,0,1,0,0,0,1,0,0,0,0,0,0)
13:(0,0,0,1,0,0,0,0,0,0,1,0,0,0,1,0,0,0,0,0,12)
14:(0,0,0,1,0,0,0,0,0,1,0,0,0,0,0,0,0,0,0,0,8)
15:(0,0,0,1,0,0,0,0,0,1,0,0,0,1,0,0,1,1,0,0,0)
16:(0,0,0,1,0,0,0,0,0,1,1,0,0,0,0,0,0,0,0,0,8)
17:(0,0,0,1,0,0,0,0,0,1,1,0,0,0,1,0,0,0,0,0,12)
18:(0,0,0,1,0,0,0,0,0,1,1,0,0,1,0,0,1,1,0,0,0)
19:(0,0,0,1,0,0,0,0,0,1,1,0,0,1,1,0,0,0,0,0,0)
20:(0,0,0,1,0,0,0,0,0,1,1,0,0,1,1,0,1,1,0,0,0)
21:(0,0,0,1,0,0,0,0,0,1,1,0,0,1,1,0,1,1,1,0,0)
22:(0,0,0,1,0,0,0,0,0,1,1,0,0,1,1,0,1,1,1,1,0)
23:(0,0,0,1,0,0,0,0,0,1,1,0,0,1,1,1,1,1,1,1,4)
24:(0,0,0,1,0,0,0,0,0,1,1,1,0,1,1,1,1,1,1,1,8)
25:(0,0,0,1,0,0,0,1,0,0,0,0,0,0,0,0,0,0,0,0,8)
26:(0,0,0,1,0,0,0,1,0,0,0,0,0,0,0,0,0,0,0,0,20)
27:(0,0,0,1,0,0,0,1,0,0,0,1,0,0,0,0,0,0,0,0,0)
28:(0,0,0,1,0,0,0,1,0,0,1,1,0,0,0,0,0,0,0,0,0)
29:(0,0,0,1,0,0,0,1,0,1,1,1,0,1,1,1,1,1,1,1,12)
30:(0,0,0,1,0,0,1,0,0,0,0,0,0,0,0,0,0,0,0,0,20)
31:(0,0,0,1,0,0,1,1,0,0,1,1,0,0,0,0,0,0,0,0,0)
32:(0,0,0,1,0,0,1,1,0,1,1,1,0,1,1,1,1,1,1,1,16)
33:(0,0,0,1,0,1,0,0,0,0,0,0,0,0,0,0,0,0,0,0,4)
34:(0,0,0,1,0,1,0,0,0,0,0,0,0,0,0,0,0,0,0,0,8)
35:(0,0,0,1,0,1,0,0,0,0,1,0,0,0,0,0,0,0,0,0,0)
36:(0,0,0,1,0,1,0,0,0,0,1,0,0,0,0,0,0,0,0,0,4)
37:(0,0,0,1,0,1,0,0,0,1,0,0,0,0,0,0,0,0,0,0,8)
38:(0,0,0,1,0,1,0,0,0,1,1,0,0,0,0,0,0,0,0,0,8)
39:(0,0,0,1,0,1,0,0,0,1,1,0,0,0,1,0,0,0,0,0,8)
40:(0,0,0,1,0,1,0,0,0,1,1,0,0,1,1,0,0,0,0,0,0)
41:(0,0,0,1,0,1,0,1,0,0,0,0,0,0,0,0,0,0,0,0,8)
42:(0,0,0,1,0,1,0,1,0,0,0,1,0,0,0,0,0,0,0,0,0)
43:(0,0,0,1,0,1,1,0,0,0,0,0,0,0,0,0,0,0,0,0,4)
44:(0,0,0,1,0,1,1,0,0,0,0,0,0,0,0,0,0,0,0,0,8)
45:(0,0,0,1,0,1,1,0,0,0,1,0,0,0,0,0,0,0,0,0,0)
46:(0,0,0,1,0,1,1,0,0,0,1,0,0,0,0,0,0,0,0,0,4)
47:(0,0,0,1,0,1,1,0,0,0,1,0,0,0,0,0,0,0,0,0,8)
48:(0,0,0,1,0,1,1,0,0,0,1,0,0,0,1,0,0,0,0,0,8)
49:(0,0,0,1,0,1,1,0,0,0,1,0,0,1,1,0,0,0,0,0,12)
50:(0,0,0,1,0,1,1,0,0,1,1,0,0,1,1,0,0,0,0,0,0)
51:(0,0,0,1,0,1,1,1,0,0,0,0,0,0,0,0,0,0,0,0,4)
52:(0,0,0,1,0,1,1,1,0,0,0,0,0,0,0,0,0,0,0,0,8)
53:(0,0,0,1,0,1,1,1,0,0,0,1,0,0,0,0,0,0,0,0,0)
54:(0,0,0,1,0,1,1,1,0,0,0,1,0,0,0,0,0,0,0,0,4)
55:(0,0,0,1,0,1,1,1,0,0,1,0,0,0,0,0,0,0,0,0,0)
56:(0,0,0,1,0,1,1,1,0,0,1,0,0,0,0,0,0,0,0,0,4)
57:(0,0,0,1,0,1,1,1,0,0,1,0,0,0,0,0,0,0,0,0,8)
58:(0,0,0,1,0,1,1,1,0,0,1,0,0,0,1,0,0,0,0,0,8)
59:(0,0,0,1,0,1,1,1,0,0,1,0,0,1,1,0,0,0,0,0,12)
60:(0,0,0,1,0,1,1,1,0,0,1,1,0,0,0,0,0,0,0,0,0)
61:(0,0,0,1,0,1,1,1,0,0,1,1,0,0,0,0,0,0,0,0,4)
62:(0,0,0,1,0,1,1,1,0,0,1,1,0,0,0,0,0,0,0,0,8)
63:(0,0,0,1,0,1,1,1,0,0,1,1,0,0,0,1,0,0,0,0,0)
64:(0,0,0,1,0,1,1,1,0,0,1,1,0,0,0,1,0,0,0,0,4)
65:(0,0,0,1,0,1,1,1,0,0,1,1,0,0,0,1,0,0,0,1,0)
66:(0,0,0,1,0,1,1,1,0,0,1,1,0,0,0,1,0,0,0,1,4)
67:(0,0,0,1,0,1,1,1,0,0,1,1,0,0,0,1,0,0,1,1,4)
68:(0,0,0,1,0,1,1,1,0,0,1,1,0,0,1,0,0,0,0,0,0)
69:(0,0,0,1,0,1,1,1,0,0,1,1,0,0,1,0,0,0,0,0,8)
70:(0,0,0,1,0,1,1,1,0,0,1,1,0,0,1,1,0,0,0,0,0)
71:(0,0,0,1,0,1,1,1,0,0,1,1,0,0,1,1,0,0,0,0,8)
72:(0,0,0,1,0,1,1,1,0,0,1,1,0,0,1,1,0,0,0,1,0)
73:(0,0,0,1,0,1,1,1,0,0,1,1,0,0,1,1,0,0,0,1,8)
74:(0,0,0,1,0,1,1,1,0,0,1,1,0,0,1,1,0,0,1,1,4)
75:(0,0,0,1,0,1,1,1,0,0,1,1,0,0,1,1,0,0,1,1,8)
76:(0,0,0,1,0,1,1,1,0,0,1,1,0,0,1,1,0,1,1,1,8)
77:(0,0,0,1,0,1,1,1,0,0,1,1,0,1,1,0,0,0,0,0,12)
78:(0,0,0,1,0,1,1,1,0,0,1,1,0,1,1,1,0,0,0,0,12)
79:(0,0,0,1,0,1,1,1,0,0,1,1,0,1,1,1,0,0,0,1,12)
80:(0,0,0,1,0,1,1,1,0,0,1,1,0,1,1,1,0,0,1,1,12)
81:(0,0,0,1,0,1,1,1,0,0,1,1,0,1,1,1,0,1,1,1,12)
82:(0,0,0,1,0,1,1,1,0,1,1,0,0,1,1,0,0,0,0,0,0)
83:(0,0,0,1,0,1,1,1,0,1,1,1,0,1,1,0,0,0,0,0,0)
84:(0,0,0,1,0,1,1,1,0,1,1,1,0,1,1,1,0,0,0,0,0)
85:(0,0,0,1,0,1,1,1,0,1,1,1,0,1,1,1,0,0,0,1,0)
86:(0,0,0,1,0,1,1,1,0,1,1,1,0,1,1,1,0,0,1,1,4)
87:(0,0,0,1,0,1,1,1,0,1,1,1,0,1,1,1,0,1,1,1,8)
88:(0,0,0,1,0,1,1,1,0,1,1,1,0,1,1,1,1,1,1,1,12)
89:(0,0,0,1,0,1,1,1,0,1,1,1,1,1,1,1,1,1,1,1,16)
90:(0,0,0,2,0,0,0,0,0,0,0,0,0,1,0,0,1,1,0,0,0)
91:(0,0,0,2,0,0,0,0,0,0,1,0,0,0,1,0,0,0,0,0,12)
92:(0,0,0,2,0,0,0,0,0,1,1,0,0,0,1,0,0,0,0,0,12)
93:(0,0,0,2,0,0,0,0,0,1,1,0,0,1,1,0,0,0,0,0,0)
94:(0,0,0,2,0,0,0,1,0,0,0,1,0,0,0,0,0,0,0,0,0)
95:(0,0,0,2,0,1,0,0,0,1,1,0,0,1,1,0,0,0,0,0,0)
96:(0,0,0,2,0,1,1,0,0,1,1,0,0,1,1,0,0,0,0,0,0)
97:(0,0,0,2,0,1,1,1,0,1,1,0,0,1,1,0,0,0,0,0,0)
98:(0,0,0,2,0,1,1,1,0,1,1,1,0,1,1,0,0,0,0,0,0)
99:(0,0,0,2,0,1,1,1,0,1,1,1,0,1,1,1,0,0,0,0,0)
100:(0,0,0,2,0,1,1,1,0,1,1,1,0,1,1,1,0,0,0,1,0)
101:(0,0,0,2,0,1,1,1,0,1,1,1,0,1,1,1,0,0,1,1,4)
102:(0,0,0,2,0,1,1,1,0,1,1,1,0,1,1,1,0,1,1,1,8)
103:(0,0,0,2,0,1,1,1,0,1,1,1,0,1,1,1,1,1,1,1,12)
104:(0,0,0,2,0,1,1,1,0,1,1,1,1,1,1,1,1,1,1,1,16)
105:(0,0,0,2,0,1,1,1,1,1,1,1,1,1,1,1,1,1,1,1,20)
106:(0,0,0,3,0,0,0,0,0,1,1,0,0,1,1,0,0,0,0,0,0)
107:(0,0,0,3,1,1,1,1,1,1,1,1,1,1,1,1,1,1,1,1,24)
108:(0,0,1,1,0,0,0,0,0,0,0,0,0,0,0,0,0,0,0,1,22)
109:(0,0,1,1,0,0,0,0,0,0,0,0,0,0,0,0,0,1,0,0,22)
110:(0,0,1,1,0,0,0,0,0,0,0,0,0,0,0,0,1,0,0,0,22)
111:(0,0,1,1,0,0,0,0,0,0,0,0,0,0,1,0,1,0,0,0,22)
112:(0,0,1,1,0,0,0,0,0,0,0,0,0,1,0,0,0,0,0,0,22)
113:(0,0,1,1,0,0,0,0,0,0,0,0,0,1,0,0,0,1,0,0,22)
114:(0,0,1,1,0,0,0,0,0,0,0,0,0,1,0,0,1,1,0,0,22)
115:(0,0,1,1,0,0,0,0,0,0,1,0,0,0,0,0,0,0,0,0,10)
116:(0,0,1,1,0,0,0,0,0,0,1,0,0,0,0,0,0,0,0,0,22)
117:(0,0,1,1,0,0,0,0,0,0,1,0,0,0,1,0,0,0,0,0,22)
118:(0,0,1,1,0,0,0,0,0,1,0,0,0,0,0,0,0,0,0,0,22)
119:(0,0,1,1,0,0,0,0,0,1,0,0,0,1,0,0,1,1,0,0,22)
120:(0,0,1,1,0,0,0,0,0,1,1,0,0,0,0,0,0,0,0,0,22)
121:(0,0,1,1,0,0,0,0,0,1,1,0,0,0,1,0,0,0,0,0,22)
122:(0,0,1,1,0,0,0,0,0,1,1,0,0,1,0,0,1,1,0,0,22)
123:(0,0,1,1,0,0,0,0,0,1,1,0,0,1,1,0,0,0,0,0,22)
124:(0,0,1,1,0,0,0,0,0,1,1,0,0,1,1,0,1,1,0,0,22)
125:(0,0,1,1,0,0,0,0,0,1,1,0,0,1,1,0,1,1,1,0,22)
126:(0,0,1,1,0,0,0,0,0,1,1,0,0,1,1,0,1,1,1,1,22)
127:(0,0,1,1,0,0,0,0,0,1,1,0,0,1,1,1,1,1,1,1,22)
128:(0,0,1,1,0,0,0,0,0,1,1,1,0,1,1,1,1,1,1,1,22)
129:(0,0,1,1,0,0,0,1,0,0,0,1,0,0,0,0,0,0,0,0,22)
130:(0,0,1,1,0,0,0,1,0,0,1,1,0,0,0,0,0,0,0,0,2)
131:(0,0,1,1,0,0,0,1,0,0,1,1,0,0,0,0,0,0,0,0,22)
132:(0,0,1,1,0,0,0,1,0,1,1,1,0,1,1,1,1,1,1,1,22)
133:(0,0,1,1,0,0,1,1,0,0,1,1,0,0,0,0,0,0,0,0,2)
134:(0,0,1,1,0,0,1,1,0,1,1,1,0,1,1,1,1,1,1,1,22)
135:(0,0,1,1,0,1,0,0,0,1,0,0,0,0,0,0,0,0,0,0,22)
136:(0,0,1,2,0,0,0,0,0,0,0,0,0,1,0,0,1,1,0,0,22)
137:(0,0,1,2,0,0,0,0,0,0,1,0,0,0,1,0,0,0,0,0,22)
138:(0,0,1,2,0,0,0,0,0,1,1,0,0,0,1,0,0,0,0,0,22)
139:(0,0,1,2,0,0,0,0,0,1,1,0,0,1,1,0,0,0,0,0,22)
140:(0,0,1,2,0,0,0,1,0,0,0,1,0,0,0,0,0,0,0,0,22)
141:(0,0,1,2,0,1,0,0,0,1,1,0,0,1,1,0,0,0,0,0,22)
142:(0,0,1,2,0,1,1,0,0,1,1,0,0,1,1,0,0,0,0,0,22)
143:(0,0,1,2,0,1,1,1,0,1,1,0,0,1,1,0,0,0,0,0,22)
144:(0,0,1,2,0,1,1,1,0,1,1,1,0,1,1,0,0,0,0,0,22)
145:(0,0,1,2,0,1,1,1,0,1,1,1,0,1,1,1,0,0,0,0,22)
146:(0,0,1,2,0,1,1,1,0,1,1,1,0,1,1,1,0,0,0,1,22)
147:(0,0,1,2,0,1,1,1,0,1,1,1,0,1,1,1,0,0,1,1,22)
148:(0,0,1,2,0,1,1,1,0,1,1,1,0,1,1,1,0,1,1,1,22)
149:(0,0,1,2,0,1,1,1,0,1,1,1,1,1,1,1,1,1,1,1,22)
150:(0,0,1,2,0,1,1,1,1,1,1,1,1,1,1,1,1,1,1,1,22)
151:(0,0,1,3,0,0,0,0,0,1,1,0,0,1,1,0,0,0,0,0,22)
152:(0,0,1,3,0,1,1,1,1,1,1,1,1,1,1,1,1,1,1,1,22)
153:(0,0,2,1,0,0,0,0,0,0,0,0,0,0,0,0,0,0,0,1,20)
154:(0,0,2,1,0,0,0,0,0,0,0,0,0,0,0,0,0,1,0,0,20)
155:(0,0,2,1,0,0,0,0,0,0,0,0,0,0,0,0,1,0,0,0,8)
156:(0,0,2,1,0,0,0,0,0,0,0,0,0,0,0,0,1,0,0,0,20)
157:(0,0,2,1,0,0,0,0,0,0,0,0,0,0,1,0,0,0,0,0,16)
158:(0,0,2,1,0,0,0,0,0,0,0,0,0,0,1,0,1,0,0,0,20)
159:(0,0,2,1,0,0,0,0,0,0,0,0,0,1,0,0,0,0,0,0,20)
160:(0,0,2,1,0,0,0,0,0,0,0,0,0,1,0,0,0,1,0,0,20)
161:(0,0,2,1,0,0,0,0,0,0,0,0,0,1,0,0,1,1,0,0,20)
162:(0,0,2,1,0,0,0,0,0,0,1,0,0,0,0,0,0,0,0,0,12)
163:(0,0,2,1,0,0,0,0,0,0,1,0,0,0,1,0,0,0,0,0,20)
164:(0,0,2,1,0,0,0,1,0,0,1,1,0,0,0,0,0,0,0,0,4)
165:(0,0,2,1,0,0,1,1,0,0,1,1,1,0,0,0,0,0,0,0,4)
166:(0,0,2,2,0,0,0,0,0,0,0,0,0,1,0,0,0,1,0,0,16)
167:(0,0,2,2,0,0,0,0,0,0,0,0,0,1,0,0,1,1,0,0,20)
168:(0,0,2,2,0,0,0,0,0,0,1,0,0,0,1,0,0,0,0,0,20)
169:(0,0,2,2,0,0,0,0,0,1,1,0,0,0,1,0,0,0,0,0,20)
170:(0,0,2,2,0,0,0,0,0,1,1,0,0,1,1,0,0,0,0,0,20)
171:(0,0,2,2,0,1,0,0,0,1,1,0,0,1,1,0,0,0,0,0,20)
172:(0,0,2,2,0,1,1,1,0,1,1,1,1,1,1,1,1,1,1,1,20)
173:(0,0,2,3,0,0,0,0,0,1,1,0,0,1,1,0,0,0,0,0,20)
174:(0,0,2,3,0,1,1,1,0,1,1,1,1,1,1,1,1,1,1,1,20)
175:(0,0,3,1,0,0,0,0,0,0,0,0,0,0,0,0,0,0,0,1,18)
176:(0,0,3,1,0,0,0,0,0,0,0,0,0,0,0,0,0,1,0,0,18)
177:(0,0,3,1,0,0,0,0,0,0,0,0,0,0,0,0,1,0,0,0,6)
178:(0,0,3,1,0,0,0,0,0,0,0,0,0,0,0,0,1,0,0,0,10)
179:(0,0,3,1,0,0,0,0,0,0,0,0,0,0,0,0,1,0,0,0,14)
180:(0,0,3,1,0,0,0,0,0,0,0,0,0,0,0,0,1,0,0,0,18)
181:(0,0,3,1,0,0,0,0,0,0,0,0,0,0,1,0,1,0,0,0,18)
182:(0,0,3,1,0,0,0,0,0,0,0,0,0,1,0,0,0,1,0,0,18)
183:(0,0,3,1,0,0,0,0,0,0,0,0,0,1,0,0,1,1,0,0,18)
184:(0,0,3,1,0,0,0,0,0,0,1,0,0,0,0,0,1,0,0,0,14)
185:(0,0,3,1,0,0,0,1,0,0,1,1,0,0,0,0,1,0,0,0,6)
186:(0,0,3,1,0,0,1,1,0,0,1,1,1,0,0,0,1,0,0,0,6)
187:(0,0,3,2,0,0,0,0,0,0,0,0,0,1,0,0,0,1,0,0,14)
188:(0,0,3,2,0,0,0,0,0,0,0,0,0,1,0,0,1,1,0,0,18)
189:(0,0,3,2,0,1,1,1,0,1,1,1,0,1,1,1,1,1,1,1,18)
190:(0,0,3,3,0,1,1,1,0,1,1,1,0,1,1,1,1,1,1,1,18)
191:(0,1,0,1,0,0,0,0,0,0,0,0,0,0,0,0,0,0,0,1,2)
192:(0,1,0,1,0,0,0,0,0,0,0,0,0,0,0,0,0,1,0,0,2)
193:(0,1,0,1,0,0,0,0,0,0,0,0,0,0,0,0,1,0,0,0,2)
194:(0,1,0,1,0,0,0,0,0,0,0,0,0,0,1,0,1,0,0,0,2)
195:(0,1,0,1,0,0,0,0,0,0,0,0,0,1,0,0,0,0,0,0,2)
196:(0,1,0,1,0,0,0,0,0,0,0,0,0,1,0,0,0,1,0,0,2)
197:(0,1,0,1,0,0,0,0,0,0,0,0,0,1,0,0,1,1,0,0,2)
198:(0,1,0,1,0,0,0,0,0,0,1,0,0,0,0,0,0,0,0,0,2)
199:(0,1,0,1,0,0,0,0,0,0,1,0,0,0,0,0,0,0,0,0,18)
200:(0,1,0,1,0,0,0,0,0,0,1,0,0,0,1,0,0,0,0,0,2)
201:(0,1,0,1,0,0,0,1,0,0,0,0,0,0,0,0,0,0,0,0,10)
202:(0,1,0,1,0,0,0,1,0,0,0,0,0,0,0,0,0,0,0,0,18)
203:(0,1,0,1,0,0,0,1,0,0,0,0,0,0,0,0,0,0,0,0,22)
204:(0,1,0,1,0,0,1,0,0,0,0,0,0,0,0,0,0,0,0,0,22)
205:(0,1,0,1,0,0,1,1,0,0,1,1,0,0,0,0,0,0,0,0,22)
206:(0,1,0,1,0,1,0,0,0,0,0,0,0,0,0,0,0,0,0,0,18)
207:(0,1,0,1,0,1,0,0,0,0,0,0,0,0,0,0,0,0,0,0,22)
208:(0,1,0,1,0,1,0,0,0,0,1,0,0,0,0,0,0,0,0,0,22)
209:(0,1,0,1,0,1,0,0,0,1,1,0,0,0,0,0,0,0,0,0,22)
210:(0,1,0,1,0,1,0,0,0,1,1,0,0,0,1,0,0,0,0,0,22)
211:(0,1,0,1,0,1,0,0,0,1,1,0,0,1,1,0,0,0,0,0,22)
212:(0,1,0,1,0,1,0,1,0,0,0,0,0,0,0,0,0,0,0,0,22)
213:(0,1,0,1,0,1,0,1,0,0,0,1,0,0,0,0,0,0,0,0,22)
214:(0,1,0,1,0,1,1,0,0,0,0,0,0,0,0,0,0,0,0,0,22)
215:(0,1,0,1,0,1,1,0,0,0,1,0,0,0,0,0,0,0,0,0,22)
216:(0,1,0,1,0,1,1,0,0,0,1,0,0,0,1,0,0,0,0,0,22)
217:(0,1,0,1,0,1,1,0,0,0,1,0,0,1,1,0,0,0,0,0,22)
218:(0,1,0,1,0,1,1,0,0,1,1,0,0,1,1,0,0,0,0,0,22)
219:(0,1,0,1,0,1,1,1,0,0,0,0,0,0,0,0,0,0,0,0,22)
220:(0,1,0,1,0,1,1,1,0,0,0,1,0,0,0,0,0,0,0,0,22)
221:(0,1,0,1,0,1,1,1,0,0,1,0,0,0,0,0,0,0,0,0,22)
222:(0,1,0,1,0,1,1,1,0,0,1,0,0,0,1,0,0,0,0,0,22)
223:(0,1,0,1,0,1,1,1,0,0,1,0,0,1,1,0,0,0,0,0,22)
224:(0,1,0,1,0,1,1,1,0,0,1,1,0,0,0,0,0,0,0,0,22)
225:(0,1,0,1,0,1,1,1,0,0,1,1,0,0,0,1,0,0,0,0,22)
226:(0,1,0,1,0,1,1,1,0,0,1,1,0,0,0,1,0,0,0,1,22)
227:(0,1,0,1,0,1,1,1,0,0,1,1,0,0,0,1,0,0,1,1,22)
228:(0,1,0,1,0,1,1,1,0,0,1,1,0,0,1,0,0,0,0,0,22)
229:(0,1,0,1,0,1,1,1,0,0,1,1,0,0,1,1,0,0,0,0,22)
230:(0,1,0,1,0,1,1,1,0,0,1,1,0,0,1,1,0,0,0,1,22)
231:(0,1,0,1,0,1,1,1,0,0,1,1,0,0,1,1,0,0,1,1,22)
232:(0,1,0,1,0,1,1,1,0,0,1,1,0,0,1,1,0,1,1,1,22)
233:(0,1,0,1,0,1,1,1,0,0,1,1,0,1,1,0,0,0,0,0,22)
234:(0,1,0,1,0,1,1,1,0,0,1,1,0,1,1,1,0,0,0,0,22)
235:(0,1,0,1,0,1,1,1,0,0,1,1,0,1,1,1,0,0,0,1,22)
236:(0,1,0,1,0,1,1,1,0,0,1,1,0,1,1,1,0,0,1,1,22)
237:(0,1,0,1,0,1,1,1,0,0,1,1,0,1,1,1,0,1,1,1,22)
238:(0,1,0,1,0,1,1,1,0,1,1,0,0,1,1,0,0,0,0,0,22)
239:(0,1,0,1,0,1,1,1,0,1,1,1,0,1,1,0,0,0,0,0,22)
240:(0,1,0,1,0,1,1,1,0,1,1,1,0,1,1,1,0,0,0,0,22)
241:(0,1,0,1,0,1,1,1,0,1,1,1,0,1,1,1,0,0,0,1,22)
242:(0,1,0,1,0,1,1,1,0,1,1,1,0,1,1,1,0,0,1,1,22)
243:(0,1,0,1,0,1,1,1,0,1,1,1,0,1,1,1,0,1,1,1,22)
244:(0,1,0,1,0,1,1,1,0,1,1,1,0,1,1,1,1,1,1,1,22)
245:(0,1,0,1,0,1,1,1,0,1,1,1,1,1,1,1,1,1,1,1,22)
246:(0,1,0,2,0,0,0,0,0,0,0,0,0,1,0,0,1,1,0,0,2)
247:(0,1,0,2,0,0,0,0,0,0,1,0,0,0,1,0,0,0,0,0,14)
248:(0,1,0,2,0,1,0,0,0,0,1,0,0,0,0,0,0,0,0,0,2)
249:(0,1,0,2,0,1,0,0,0,0,1,0,0,0,0,0,0,0,0,0,6)
250:(0,1,0,2,0,1,0,0,0,1,1,0,0,1,1,0,0,0,0,0,2)
251:(0,1,0,2,0,1,0,1,0,0,0,0,0,0,0,0,0,0,0,0,10)
252:(0,1,0,2,0,1,0,1,0,0,0,1,0,0,0,0,0,0,0,0,2)
253:(0,1,0,2,0,1,1,1,0,1,1,1,0,1,1,1,1,1,1,1,22)
254:(0,1,0,3,0,1,0,0,0,1,1,0,0,1,1,0,0,0,0,0,2)
255:(0,1,1,1,0,0,0,0,0,0,0,0,0,0,0,0,0,0,0,1,4)
256:(0,1,1,1,0,0,0,0,0,0,0,0,0,1,0,0,0,0,0,0,8)
257:(0,1,1,1,0,0,0,0,0,0,1,0,0,0,0,0,0,0,0,0,8)
258:(0,1,1,1,0,0,0,0,0,0,1,0,0,0,0,0,0,0,0,0,16)
259:(0,1,1,1,0,0,0,0,0,0,1,0,0,0,0,0,0,0,0,0,20)
260:(0,1,1,1,0,0,0,0,0,1,0,0,0,0,0,0,0,0,0,0,20)
261:(0,1,1,1,0,0,0,0,0,1,0,0,0,1,0,0,1,1,0,0,20)
262:(0,1,1,1,0,0,0,0,0,1,1,0,0,0,0,0,0,0,0,0,20)
263:(0,1,1,1,0,0,0,0,0,1,1,0,0,0,1,0,0,0,0,0,20)
264:(0,1,1,1,0,0,0,0,0,1,1,0,0,1,0,0,1,1,0,0,20)
265:(0,1,1,1,0,0,0,0,0,1,1,0,0,1,1,0,0,0,0,0,20)
266:(0,1,1,1,0,0,0,0,0,1,1,0,0,1,1,0,1,1,0,0,20)
267:(0,1,1,1,0,0,0,0,0,1,1,0,0,1,1,0,1,1,1,0,20)
268:(0,1,1,1,0,0,0,0,0,1,1,0,0,1,1,0,1,1,1,1,20)
269:(0,1,1,1,0,0,0,0,0,1,1,0,0,1,1,1,1,1,1,1,20)
270:(0,1,1,1,0,0,0,0,0,1,1,1,0,1,1,1,1,1,1,1,20)
271:(0,1,1,1,0,0,0,1,0,0,0,0,0,0,0,0,0,0,0,0,12)
272:(0,1,1,1,0,0,0,1,0,0,0,1,0,0,0,0,0,0,0,0,20)
273:(0,1,1,1,0,0,0,1,0,0,1,1,0,0,0,0,0,0,0,0,20)
274:(0,1,1,1,0,0,0,1,0,1,1,1,0,1,1,1,1,1,1,1,20)
275:(0,1,1,1,0,0,1,0,0,0,1,0,0,0,0,0,0,0,0,0,20)
276:(0,1,1,1,0,0,1,0,0,1,1,0,0,1,1,0,0,0,0,0,20)
277:(0,1,1,1,0,0,1,1,0,1,1,0,0,1,1,0,0,0,0,0,20)
278:(0,1,1,1,0,0,1,1,0,1,1,1,0,1,1,0,0,0,0,0,20)
279:(0,1,1,1,0,0,1,1,0,1,1,1,0,1,1,1,0,0,0,0,20)
280:(0,1,1,1,0,0,1,1,0,1,1,1,0,1,1,1,0,0,0,1,20)
281:(0,1,1,1,0,0,1,1,0,1,1,1,0,1,1,1,0,0,1,1,20)
282:(0,1,1,1,0,0,1,1,0,1,1,1,0,1,1,1,0,1,1,1,20)
283:(0,1,1,1,0,0,1,1,0,1,1,1,0,1,1,1,1,1,1,1,20)
284:(0,1,1,1,0,0,1,1,0,1,1,1,1,1,1,1,1,1,1,1,20)
285:(0,1,1,1,0,1,0,0,0,1,0,0,0,0,0,0,0,0,0,0,20)
286:(0,1,1,2,0,0,0,0,0,0,1,0,0,0,1,0,0,0,0,0,12)
287:(0,1,1,2,0,0,0,0,0,1,0,0,0,1,0,0,1,1,0,0,4)
288:(0,1,1,2,0,0,0,0,0,1,1,0,0,0,1,0,0,0,0,0,16)
289:(0,1,1,2,0,0,0,1,0,0,0,1,0,0,0,0,0,0,0,0,20)
290:(0,1,1,2,0,1,0,0,0,1,0,0,0,0,0,0,0,0,0,0,12)
291:(0,1,1,2,0,1,1,0,0,1,1,0,0,1,1,0,0,0,0,0,20)
292:(0,1,1,2,0,1,1,1,0,1,1,0,0,1,1,0,0,0,0,0,20)
293:(0,1,1,2,0,1,1,1,0,1,1,1,0,1,1,0,0,0,0,0,20)
294:(0,1,1,2,0,1,1,1,0,1,1,1,0,1,1,1,0,0,0,0,20)
295:(0,1,1,2,0,1,1,1,0,1,1,1,0,1,1,1,0,0,0,1,20)
296:(0,1,1,2,0,1,1,1,0,1,1,1,0,1,1,1,0,0,1,1,20)
297:(0,1,1,2,0,1,1,1,0,1,1,1,0,1,1,1,0,1,1,1,20)
298:(0,1,1,3,0,0,0,0,0,1,1,0,0,0,1,0,0,0,0,0,16)
299:(0,1,2,1,0,0,0,0,0,0,0,0,0,0,1,0,0,0,0,0,14)
300:(0,1,2,1,0,0,0,0,0,0,0,0,0,1,0,0,0,0,0,0,6)
301:(0,1,2,1,0,0,0,0,0,0,0,0,0,1,0,0,0,0,0,0,10)
302:(0,1,2,1,0,0,0,0,0,0,0,0,0,1,0,0,0,0,0,0,14)
303:(0,1,2,1,0,0,0,0,0,0,0,0,0,1,0,0,0,0,0,0,18)
304:(0,1,2,1,0,0,0,0,0,0,0,0,0,1,0,0,0,0,0,1,6)
305:(0,1,2,1,0,0,0,0,0,0,0,0,0,1,0,0,1,0,0,0,10)
306:(0,1,2,1,0,0,0,0,0,0,0,0,0,1,0,0,1,1,0,0,14)
307:(0,1,2,1,0,0,0,0,0,0,0,0,0,1,0,0,1,1,0,0,18)
308:(0,1,2,1,0,0,0,0,0,0,1,0,0,0,1,0,0,0,0,0,18)
309:(0,1,2,1,0,0,0,0,0,0,1,0,0,1,0,0,1,1,0,0,18)
310:(0,1,2,1,0,0,0,0,0,0,1,0,0,1,1,0,0,0,0,0,18)
311:(0,1,2,1,0,0,0,0,0,0,1,0,0,1,1,0,1,1,1,1,18)
312:(0,1,2,1,0,0,0,0,0,0,1,0,0,1,1,1,1,1,1,1,18)
313:(0,1,2,1,0,0,0,0,0,0,1,1,0,1,1,1,1,1,1,1,18)
314:(0,1,2,1,0,0,0,1,0,0,0,0,0,1,0,0,0,0,0,0,14)
315:(0,1,2,1,0,0,0,1,0,0,1,1,0,1,1,1,1,1,1,1,18)
316:(0,1,2,1,0,0,1,0,0,0,1,0,0,1,1,0,0,0,0,0,18)
317:(0,1,2,1,0,0,1,1,0,0,1,0,0,1,1,0,0,0,0,0,18)
318:(0,1,2,1,0,0,1,1,0,0,1,1,0,1,1,0,0,0,0,0,18)
319:(0,1,2,1,0,0,1,1,0,0,1,1,0,1,1,1,0,0,0,0,18)
320:(0,1,2,1,0,0,1,1,0,0,1,1,0,1,1,1,0,0,1,1,18)
321:(0,1,2,1,0,0,1,1,0,0,1,1,0,1,1,1,0,1,1,1,18)
322:(0,1,2,1,0,0,1,1,0,0,1,1,1,1,1,1,1,1,1,1,18)
323:(0,1,2,2,0,0,0,0,0,0,1,0,0,0,1,0,0,0,0,0,10)
324:(0,1,2,2,0,0,0,0,0,0,1,0,0,0,1,0,0,0,0,0,18)
325:(0,1,2,2,0,0,0,0,0,1,1,0,0,0,1,0,0,0,0,0,18)
326:(0,1,2,2,0,0,0,0,0,1,1,0,0,1,1,0,0,0,0,0,18)
327:(0,1,2,2,0,1,0,0,0,1,1,0,0,1,1,0,0,0,0,0,18)
328:(0,1,2,2,0,1,1,0,0,0,1,0,0,1,1,0,0,0,0,0,18)
329:(0,1,2,2,0,1,1,1,0,0,1,0,0,1,1,0,0,0,0,0,18)
330:(0,1,2,2,0,1,1,1,0,0,1,1,0,1,1,0,0,0,0,0,18)
331:(0,1,2,2,0,1,1,1,0,0,1,1,0,1,1,1,0,0,0,0,18)
332:(0,1,2,2,0,1,1,1,0,0,1,1,0,1,1,1,0,0,0,1,18)
333:(0,1,2,2,0,1,1,1,0,0,1,1,0,1,1,1,0,0,1,1,18)
334:(0,1,2,2,0,1,1,1,0,0,1,1,0,1,1,1,0,1,1,1,18)
335:(0,1,2,3,0,0,0,0,0,1,1,0,0,1,1,0,0,0,0,0,18)
336:(0,1,3,1,0,0,0,0,0,0,0,0,0,0,0,0,0,0,0,1,16)
337:(0,1,3,1,0,0,0,0,0,0,0,0,0,0,0,0,0,1,0,0,16)
338:(0,1,3,1,0,0,0,0,0,0,0,0,0,0,0,0,1,1,0,0,12)
339:(0,1,3,1,0,0,0,0,0,0,0,0,0,0,0,0,1,1,0,0,16)
340:(0,1,3,1,0,0,0,0,0,0,0,0,0,1,0,0,0,1,0,0,16)
341:(0,1,3,1,0,0,0,0,0,0,0,0,0,1,0,0,1,1,0,0,12)
342:(0,1,3,1,0,0,0,0,0,0,1,0,0,0,0,0,1,1,0,0,16)
343:(0,1,3,1,0,0,0,0,0,0,1,0,0,0,1,0,1,1,1,1,16)
344:(0,1,3,1,0,0,0,0,0,0,1,0,0,0,1,1,1,1,1,1,16)
345:(0,1,3,1,0,0,0,0,0,0,1,1,0,0,1,1,1,1,1,1,16)
346:(0,1,3,1,0,0,0,1,0,0,1,1,0,0,0,0,1,1,0,0,8)
347:(0,1,3,1,0,0,1,1,0,0,1,1,0,0,1,1,0,1,1,1,16)
348:(0,1,3,1,0,0,1,1,0,0,1,1,1,0,0,0,1,1,0,0,8)
349:(0,1,3,2,0,0,0,0,0,0,0,0,0,1,0,0,0,1,0,0,12)
350:(0,1,3,2,0,1,1,1,0,0,1,1,0,0,1,1,0,1,1,1,16)
351:(0,1,3,2,0,1,1,1,0,1,1,1,0,1,1,1,0,1,1,1,16)
352:(0,1,3,3,0,1,1,1,0,1,1,1,0,1,1,1,0,1,1,1,16)
353:(0,2,0,1,0,0,0,0,0,0,0,0,0,0,0,0,0,1,0,0,4)
354:(0,2,0,1,0,0,0,0,0,0,0,0,0,0,0,0,1,0,0,0,4)
355:(0,2,0,1,0,0,0,0,0,0,0,0,0,0,1,0,0,0,0,0,16)
356:(0,2,0,1,0,0,0,0,0,0,0,0,0,0,1,0,1,0,0,0,4)
357:(0,2,0,1,0,0,0,0,0,0,0,0,0,1,0,0,0,0,0,0,4)
358:(0,2,0,1,0,0,0,0,0,0,0,0,0,1,0,0,0,1,0,0,4)
359:(0,2,0,1,0,0,0,1,0,0,0,0,0,0,0,0,0,0,0,0,8)
360:(0,2,0,1,0,0,0,1,0,0,0,0,0,0,0,0,0,0,0,0,12)
361:(0,2,0,1,0,0,0,1,0,0,0,0,0,0,0,0,0,0,0,0,16)
362:(0,2,0,1,0,0,0,1,0,0,0,0,0,0,0,0,0,0,0,0,20)
363:(0,2,0,1,0,0,1,0,0,0,0,0,0,0,0,0,0,0,0,0,8)
364:(0,2,0,1,0,0,1,0,0,0,0,0,0,0,0,0,0,0,0,0,12)
365:(0,2,0,1,0,0,1,0,0,0,0,0,0,0,0,0,0,0,0,0,16)
366:(0,2,0,1,0,0,1,0,0,0,0,0,0,0,0,0,0,0,0,0,20)
367:(0,2,0,1,0,0,1,0,0,0,0,0,0,1,0,0,1,1,0,0,4)
368:(0,2,0,1,0,0,1,0,0,0,1,0,0,0,0,0,0,0,0,0,4)
369:(0,2,0,1,0,0,1,0,0,0,1,0,0,0,0,0,0,0,0,0,8)
370:(0,2,0,1,0,0,1,0,0,0,1,0,0,0,1,0,0,0,0,0,4)
371:(0,2,0,1,0,0,1,0,0,0,1,0,0,0,1,0,0,0,0,0,20)
372:(0,2,0,1,0,0,1,0,0,0,1,0,0,1,1,0,0,0,0,0,20)
373:(0,2,0,1,0,0,1,1,0,0,0,0,0,0,0,0,0,0,0,0,12)
374:(0,2,0,1,0,0,1,1,0,0,0,0,0,0,0,0,0,0,0,0,20)
375:(0,2,0,1,0,0,1,1,0,0,0,1,0,0,0,0,0,0,0,0,20)
376:(0,2,0,1,0,0,1,1,0,0,0,1,0,1,1,1,0,0,0,1,16)
377:(0,2,0,1,0,0,1,1,0,0,1,0,0,0,0,0,0,0,0,0,20)
378:(0,2,0,1,0,0,1,1,0,0,1,0,0,0,1,0,0,0,0,0,20)
379:(0,2,0,1,0,0,1,1,0,0,1,0,0,1,1,0,0,0,0,0,20)
380:(0,2,0,1,0,0,1,1,0,0,1,1,0,0,0,0,0,0,0,0,20)
381:(0,2,0,1,0,0,1,1,0,0,1,1,0,0,0,1,0,0,0,0,20)
382:(0,2,0,1,0,0,1,1,0,0,1,1,0,0,0,1,0,0,0,1,20)
383:(0,2,0,1,0,0,1,1,0,0,1,1,0,0,0,1,0,0,1,1,20)
384:(0,2,0,1,0,0,1,1,0,0,1,1,0,0,1,0,0,0,0,0,20)
385:(0,2,0,1,0,0,1,1,0,0,1,1,0,0,1,1,0,0,0,0,20)
386:(0,2,0,1,0,0,1,1,0,0,1,1,0,0,1,1,0,0,0,1,20)
387:(0,2,0,1,0,0,1,1,0,0,1,1,0,0,1,1,0,0,1,1,20)
388:(0,2,0,1,0,0,1,1,0,0,1,1,0,0,1,1,0,1,1,1,20)
389:(0,2,0,1,0,0,1,1,0,0,1,1,0,1,1,0,0,0,0,0,20)
390:(0,2,0,1,0,0,1,1,0,0,1,1,0,1,1,1,0,0,0,0,20)
391:(0,2,0,1,0,0,1,1,0,0,1,1,0,1,1,1,0,0,0,1,20)
392:(0,2,0,1,0,0,1,1,0,0,1,1,0,1,1,1,0,0,1,1,20)
393:(0,2,0,1,0,0,1,1,0,0,1,1,0,1,1,1,0,1,1,1,20)
394:(0,2,0,2,0,0,1,1,0,1,1,1,0,1,1,1,1,1,1,1,20)
395:(0,2,0,2,0,1,1,0,0,0,0,0,0,0,0,0,0,0,0,0,8)
396:(0,2,0,2,0,1,1,0,0,0,0,0,0,0,0,0,0,0,0,0,12)
397:(0,2,0,2,0,1,1,0,0,0,1,0,0,0,0,0,0,0,0,0,4)
398:(0,2,0,2,0,1,1,0,0,0,1,0,0,0,0,0,0,0,0,0,8)
399:(0,2,0,2,0,1,1,0,0,1,1,0,0,1,1,0,0,0,0,0,4)
400:(0,2,0,2,0,1,1,1,0,0,0,0,0,0,0,0,0,0,0,0,12)
401:(0,2,0,2,0,1,1,1,0,0,0,1,0,0,0,0,0,0,0,0,4)
402:(0,2,0,3,0,1,1,0,0,1,1,0,0,1,1,0,0,0,0,0,4)
403:(0,2,1,1,0,0,0,0,0,0,0,0,0,0,1,0,0,0,0,0,14)
404:(0,2,1,1,0,0,0,0,0,0,1,0,0,0,0,0,0,0,0,0,6)
405:(0,2,1,1,0,0,0,0,0,0,1,0,0,0,0,0,0,0,0,0,14)
406:(0,2,1,1,0,0,0,0,0,0,1,0,0,0,0,0,0,0,0,0,18)
407:(0,2,1,1,0,0,0,0,0,0,1,0,0,0,0,0,1,0,0,0,6)
408:(0,2,1,1,0,0,0,0,0,0,1,0,0,0,1,0,0,0,0,0,18)
409:(0,2,1,1,0,0,0,0,0,0,1,0,0,0,1,0,1,0,0,0,6)
410:(0,2,1,1,0,0,0,0,0,0,1,0,0,1,0,0,0,0,0,0,10)
411:(0,2,1,1,0,0,0,0,0,0,1,0,0,1,1,0,0,0,0,0,14)
412:(0,2,1,1,0,0,0,0,0,0,1,0,0,1,1,0,0,0,0,0,18)
413:(0,2,1,1,0,0,0,0,0,0,1,0,0,1,1,0,1,1,0,0,18)
414:(0,2,1,1,0,0,0,0,0,0,1,0,0,1,1,0,1,1,1,0,18)
415:(0,2,1,1,0,0,0,1,0,0,0,0,0,0,0,0,0,0,0,0,14)
416:(0,2,1,1,0,0,0,1,0,0,0,1,0,0,0,0,0,0,0,0,14)
417:(0,2,1,1,0,0,0,1,0,0,0,1,0,0,0,0,0,0,0,0,18)
418:(0,2,1,1,0,0,0,1,0,0,1,0,0,0,0,0,0,0,0,0,18)
419:(0,2,1,1,0,0,0,1,0,0,1,0,0,0,1,0,0,0,0,0,18)
420:(0,2,1,1,0,0,0,1,0,0,1,0,0,1,1,0,0,0,0,0,18)
421:(0,2,1,1,0,0,0,1,0,0,1,1,0,0,0,0,0,0,0,0,18)
422:(0,2,1,1,0,0,0,1,0,0,1,1,0,0,0,1,0,0,0,0,18)
423:(0,2,1,1,0,0,0,1,0,0,1,1,0,0,0,1,0,0,0,1,18)
424:(0,2,1,1,0,0,0,1,0,0,1,1,0,0,1,0,0,0,0,0,18)
425:(0,2,1,1,0,0,0,1,0,0,1,1,0,0,1,1,0,0,0,0,18)
426:(0,2,1,1,0,0,0,1,0,0,1,1,0,0,1,1,0,0,0,1,18)
427:(0,2,1,1,0,0,0,1,0,0,1,1,0,0,1,1,0,0,1,1,18)
428:(0,2,1,1,0,0,0,1,0,0,1,1,0,0,1,1,0,1,1,1,18)
429:(0,2,1,1,0,0,0,1,0,0,1,1,0,1,1,1,0,0,0,1,18)
430:(0,2,1,1,0,0,0,1,0,0,1,1,0,1,1,1,0,0,1,1,18)
431:(0,2,1,1,0,0,0,1,0,0,1,1,0,1,1,1,0,1,1,1,18)
432:(0,2,1,1,0,0,1,0,0,0,1,0,0,0,0,0,0,0,0,0,14)
433:(0,2,1,1,0,0,1,0,0,0,1,0,0,0,0,0,0,0,0,0,18)
434:(0,2,1,1,0,0,1,1,0,0,1,0,0,0,0,0,0,0,0,0,14)
435:(0,2,1,1,0,0,1,1,0,0,1,1,0,0,0,0,0,0,0,0,14)
436:(0,2,1,1,0,0,1,1,0,0,1,1,0,1,1,1,0,0,0,1,18)
437:(0,2,1,1,0,0,1,1,0,0,1,1,0,1,1,1,1,1,1,1,18)
438:(0,2,1,2,0,0,0,0,0,1,1,0,0,0,0,0,0,0,0,0,14)
439:(0,2,1,2,0,0,0,0,0,1,1,0,0,1,0,0,1,1,0,0,6)
440:(0,2,1,2,0,0,0,1,0,0,0,1,0,0,0,0,0,0,0,0,18)
441:(0,2,1,2,0,1,0,0,0,1,1,0,0,0,0,0,0,0,0,0,14)
442:(0,2,1,2,0,1,1,0,0,0,1,0,0,0,0,0,0,0,0,0,14)
443:(0,2,1,2,0,1,1,1,0,0,1,0,0,0,0,0,0,0,0,0,14)
444:(0,2,1,2,0,1,1,1,0,0,1,1,0,0,0,0,0,0,0,0,6)
445:(0,2,1,2,0,1,1,1,0,0,1,1,0,0,0,0,0,0,0,0,14)
446:(0,2,2,1,0,0,0,0,0,0,0,0,0,0,1,0,0,0,0,0,12)
447:(0,2,2,1,0,0,0,0,0,0,0,0,0,1,1,0,0,0,0,0,12)
448:(0,2,2,1,0,0,0,0,0,0,0,0,0,1,1,0,0,0,0,0,16)
449:(0,2,2,1,0,0,0,0,0,0,0,0,0,1,1,0,0,0,0,1,8)
450:(0,2,2,1,0,0,0,0,0,0,0,0,0,1,1,0,1,1,0,0,16)
451:(0,2,2,1,0,0,0,0,0,0,0,0,0,1,1,0,1,1,1,0,16)
452:(0,2,2,1,0,0,0,0,0,0,1,0,0,0,0,0,0,0,0,0,8)
453:(0,2,2,1,0,0,0,0,0,0,1,0,0,0,1,0,0,0,0,0,16)
454:(0,2,2,1,0,0,0,0,0,0,1,0,0,0,1,0,1,0,0,0,8)
455:(0,2,2,1,0,0,0,0,0,0,1,0,0,1,1,0,0,0,0,0,12)
456:(0,2,2,1,0,0,0,1,0,0,0,0,0,0,1,0,0,0,0,0,16)
457:(0,2,2,1,0,0,0,1,0,0,0,0,0,1,1,0,0,0,0,0,16)
458:(0,2,2,1,0,0,0,1,0,0,0,1,0,0,0,1,0,0,0,0,16)
459:(0,2,2,1,0,0,0,1,0,0,0,1,0,0,1,0,0,0,0,0,16)
460:(0,2,2,1,0,0,0,1,0,0,0,1,0,0,1,1,0,0,0,0,16)
461:(0,2,2,1,0,0,0,1,0,0,0,1,0,0,1,1,0,0,0,1,16)
462:(0,2,2,1,0,0,0,1,0,0,0,1,0,0,1,1,0,0,1,1,16)
463:(0,2,2,1,0,0,0,1,0,0,0,1,0,0,1,1,0,1,1,1,16)
464:(0,2,2,1,0,0,0,1,0,0,0,1,0,1,1,1,0,0,0,1,16)
465:(0,2,2,1,0,0,0,1,0,0,0,1,0,1,1,1,0,0,1,1,16)
466:(0,2,2,1,0,0,0,1,0,0,0,1,0,1,1,1,0,1,1,1,16)
467:(0,2,2,1,0,0,0,1,0,0,1,1,0,0,1,1,1,1,1,1,16)
468:(0,2,2,1,0,0,1,0,0,0,1,0,0,0,1,0,0,0,0,0,16)
469:(0,2,2,1,0,0,1,1,0,0,0,1,0,1,1,1,1,1,1,1,16)
470:(0,2,2,1,0,0,1,1,0,0,1,0,0,0,1,0,0,0,0,0,16)
471:(0,2,2,1,0,0,1,1,0,0,1,1,0,0,1,0,0,0,0,0,16)
472:(0,2,2,1,0,0,1,1,0,0,1,1,0,0,1,1,0,0,0,0,16)
473:(0,2,2,1,0,0,1,1,0,0,1,1,0,0,1,1,0,0,1,1,16)
474:(0,2,2,1,0,0,1,1,0,0,1,1,1,0,1,1,1,1,1,1,16)
475:(0,2,2,2,0,0,0,0,0,0,1,0,0,0,1,0,0,0,0,0,8)
476:(0,2,2,2,0,0,0,0,0,0,1,0,0,0,1,0,0,0,0,0,16)
477:(0,2,2,2,0,0,0,0,0,1,1,0,0,0,1,0,0,0,0,0,16)
478:(0,2,2,2,0,0,0,0,0,1,1,0,0,1,1,0,1,1,0,0,8)
479:(0,2,2,2,0,1,0,0,0,1,1,0,0,0,1,0,0,0,0,0,16)
480:(0,2,2,2,0,1,1,0,0,0,1,0,0,0,1,0,0,0,0,0,16)
481:(0,2,2,2,0,1,1,1,0,0,1,0,0,0,1,0,0,0,0,0,16)
482:(0,2,2,2,0,1,1,1,0,0,1,1,0,0,1,0,0,0,0,0,8)
483:(0,2,2,2,0,1,1,1,0,0,1,1,0,0,1,0,0,0,0,0,16)
484:(0,2,2,2,0,1,1,1,0,0,1,1,0,0,1,1,0,0,0,0,16)
485:(0,2,2,2,0,1,1,1,0,0,1,1,0,0,1,1,0,0,0,1,16)
486:(0,2,2,2,0,1,1,1,0,0,1,1,0,0,1,1,0,0,1,1,16)
487:(0,2,3,1,0,0,0,0,0,0,0,0,0,0,0,0,0,0,0,1,14)
488:(0,2,3,1,0,0,0,0,0,0,0,0,0,1,0,0,1,1,1,0,14)
489:(0,2,3,1,0,0,0,0,0,0,1,0,0,0,0,0,0,0,1,0,10)
490:(0,2,3,1,0,0,0,0,0,0,1,0,0,0,1,0,1,0,1,1,14)
491:(0,2,3,1,0,0,0,0,0,0,1,0,0,0,1,1,1,0,1,1,14)
492:(0,2,3,1,0,0,0,0,0,0,1,1,0,0,1,1,1,0,1,1,14)
493:(0,2,3,1,0,0,0,1,0,0,0,1,0,0,0,1,0,0,0,1,14)
494:(0,2,3,1,0,0,0,1,0,0,0,1,0,0,0,1,0,0,1,1,14)
495:(0,2,3,1,0,0,0,1,0,0,0,1,0,0,0,1,0,1,1,1,14)
496:(0,2,3,1,0,0,0,1,0,0,0,1,0,1,0,1,0,0,0,1,14)
497:(0,2,3,1,0,0,0,1,0,0,0,1,0,1,0,1,0,0,1,1,14)
498:(0,2,3,1,0,0,0,1,0,0,0,1,0,1,0,1,0,1,1,1,14)
499:(0,2,3,1,0,0,0,1,0,0,1,1,0,0,0,0,1,1,1,0,10)
500:(0,2,3,1,0,0,1,1,0,0,0,1,0,1,0,1,1,1,1,1,14)
501:(0,2,3,1,0,0,1,1,0,0,1,1,0,0,0,1,0,0,1,1,14)
502:(0,2,3,1,0,0,1,1,0,0,1,1,0,0,1,1,0,0,1,1,14)
503:(0,2,3,1,0,0,1,1,0,0,1,1,1,0,0,0,1,1,1,0,10)
504:(0,2,3,2,0,0,0,0,0,1,1,0,0,1,1,0,1,1,1,0,10)
505:(0,2,3,2,0,1,1,1,0,0,1,1,0,0,0,1,0,0,0,1,14)
506:(0,2,3,2,0,1,1,1,0,0,1,1,0,0,0,1,0,0,1,1,14)
507:(0,2,3,2,0,1,1,1,0,0,1,1,0,0,1,1,0,0,1,1,14)
508:(0,2,3,2,0,1,1,1,0,1,1,1,0,1,1,1,0,0,1,1,14)
509:(0,2,3,3,0,1,1,1,0,1,1,1,0,1,1,1,0,0,1,1,14)
510:(0,3,0,1,0,0,0,1,0,0,0,0,0,0,0,0,0,0,0,0,6)
511:(0,3,0,1,0,0,0,1,0,0,0,0,0,0,0,0,0,0,0,0,10)
512:(0,3,0,1,0,0,0,1,0,0,0,0,0,0,0,0,0,0,0,0,14)
513:(0,3,0,1,0,0,0,1,0,0,0,0,0,0,0,0,0,0,0,0,18)
514:(0,3,0,1,0,0,0,1,0,0,0,0,0,0,0,0,0,1,0,0,6)
515:(0,3,0,1,0,0,0,1,0,0,0,0,0,1,0,0,0,0,0,0,6)
516:(0,3,0,1,0,0,0,1,0,0,0,0,0,1,0,0,0,1,0,0,6)
517:(0,3,0,1,0,0,0,1,0,0,0,1,0,1,1,1,0,0,0,1,14)
518:(0,3,0,1,0,0,0,1,0,0,1,1,0,0,0,1,0,0,1,1,18)
519:(0,3,0,1,0,0,0,1,0,0,1,1,0,1,1,0,0,0,0,0,18)
520:(0,3,0,1,0,0,0,1,0,0,1,1,0,1,1,1,0,0,0,0,18)
521:(0,3,0,1,0,0,1,1,0,0,0,0,0,0,0,0,0,0,0,0,10)
522:(0,3,0,1,0,0,1,1,0,0,0,0,0,1,0,0,1,1,0,0,6)
523:(0,3,0,1,0,0,1,1,0,0,1,0,0,0,0,0,0,0,0,0,6)
524:(0,3,0,1,0,0,1,1,0,0,1,0,0,0,0,0,0,0,0,0,10)
525:(0,3,0,1,0,0,1,1,0,0,1,0,0,0,1,0,0,0,0,0,6)
526:(0,3,0,2,0,0,0,1,0,1,1,1,0,1,1,1,1,1,1,1,18)
527:(0,3,0,2,0,1,1,1,0,0,0,0,0,0,0,0,0,0,0,0,10)
528:(0,3,0,2,0,1,1,1,0,0,1,0,0,0,0,0,0,0,0,0,6)
529:(0,3,0,2,0,1,1,1,0,0,1,0,0,0,0,0,0,0,0,0,10)
530:(0,3,0,2,0,1,1,1,0,1,1,0,0,1,1,0,0,0,0,0,6)
531:(0,3,0,3,0,1,1,1,0,1,1,0,0,1,1,0,0,0,0,0,6)
532:(0,3,1,1,0,0,0,0,0,0,0,1,0,1,1,1,0,0,0,1,12)
533:(0,3,1,1,0,0,0,0,0,0,1,1,0,0,0,1,0,0,1,1,16)
534:(0,3,1,1,0,0,0,0,0,0,1,1,0,0,1,0,1,0,0,0,8)
535:(0,3,1,1,0,0,0,0,0,0,1,1,0,1,1,0,0,0,0,0,16)
536:(0,3,1,1,0,0,0,0,0,0,1,1,0,1,1,1,0,0,0,0,16)
537:(0,3,1,1,0,0,0,1,0,0,0,0,0,0,0,0,0,0,0,0,8)
538:(0,3,1,1,0,0,0,1,0,0,0,1,0,0,0,0,0,0,0,0,8)
539:(0,3,1,1,0,0,0,1,0,0,0,1,0,0,0,0,0,0,0,0,12)
540:(0,3,1,1,0,0,0,1,0,0,0,1,0,0,0,0,0,0,0,0,16)
541:(0,3,1,1,0,0,0,1,0,0,0,1,0,0,0,0,0,1,0,0,8)
542:(0,3,1,1,0,0,0,1,0,0,0,1,0,0,0,1,0,0,0,1,16)
543:(0,3,1,1,0,0,0,1,0,0,0,1,0,1,0,0,0,0,0,0,8)
544:(0,3,1,1,0,0,0,1,0,0,0,1,0,1,0,0,0,1,0,0,8)
545:(0,3,1,1,0,0,1,1,0,0,0,1,0,0,0,0,0,0,0,0,12)
546:(0,3,1,1,0,0,1,1,0,0,0,1,0,1,0,0,1,1,0,0,8)
547:(0,3,1,1,0,0,1,1,0,0,1,1,0,0,0,0,0,0,0,0,8)
548:(0,3,1,1,0,0,1,1,0,0,1,1,0,0,0,0,0,0,0,0,12)
549:(0,3,1,1,0,0,1,1,0,0,1,1,0,0,1,0,0,0,0,0,8)
550:(0,3,1,2,0,0,0,0,0,1,1,1,0,1,1,1,1,1,1,1,16)
551:(0,3,1,2,0,0,0,1,0,0,0,1,0,0,0,0,0,0,0,0,16)
552:(0,3,1,2,0,1,1,1,0,0,0,1,0,0,0,0,0,0,0,0,12)
553:(0,3,1,2,0,1,1,1,0,0,1,1,0,0,0,0,0,0,0,0,8)
554:(0,3,1,2,0,1,1,1,0,0,1,1,0,0,0,0,0,0,0,0,12)
555:(0,3,1,2,0,1,1,1,0,1,1,1,0,1,1,0,0,0,0,0,8)
556:(0,3,1,3,0,1,1,1,0,1,1,1,0,1,1,0,0,0,0,0,8)
557:(0,3,2,1,0,0,0,0,0,0,0,0,0,1,1,1,0,0,0,1,10)
558:(0,3,2,1,0,0,0,0,0,0,1,0,0,0,0,1,0,0,1,1,14)
559:(0,3,2,1,0,0,0,0,0,0,1,0,0,0,1,0,1,0,0,0,10)
560:(0,3,2,1,0,0,0,0,0,0,1,0,0,0,1,1,1,0,0,0,10)
561:(0,3,2,1,0,0,0,0,0,0,1,0,0,1,1,1,0,0,0,0,14)
562:(0,3,2,1,0,0,0,0,0,0,1,1,0,0,1,1,1,0,0,0,10)
563:(0,3,2,1,0,0,0,1,0,0,0,0,0,0,0,0,0,0,0,0,10)
564:(0,3,2,1,0,0,0,1,0,0,0,0,0,0,0,1,0,0,0,1,14)
565:(0,3,2,1,0,0,0,1,0,0,0,1,0,0,0,1,0,0,0,0,10)
566:(0,3,2,1,0,0,0,1,0,0,0,1,0,0,0,1,0,0,0,0,14)
567:(0,3,2,1,0,0,0,1,0,0,0,1,0,0,0,1,0,1,0,0,10)
568:(0,3,2,1,0,0,0,1,0,0,0,1,0,1,0,1,0,0,0,0,10)
569:(0,3,2,1,0,0,0,1,0,0,0,1,0,1,0,1,0,1,0,0,10)
570:(0,3,2,1,0,0,0,1,0,0,1,1,0,0,0,1,1,1,1,1,14)
571:(0,3,2,1,0,0,1,1,0,0,0,1,0,1,0,1,1,1,0,0,10)
572:(0,3,2,1,0,0,1,1,0,0,1,1,0,0,0,1,0,0,0,0,10)
573:(0,3,2,1,0,0,1,1,0,0,1,1,0,0,0,1,0,0,0,0,14)
574:(0,3,2,1,0,0,1,1,0,0,1,1,0,0,1,1,0,0,0,0,10)
575:(0,3,2,1,0,0,1,1,0,0,1,1,1,0,0,1,1,1,1,1,14)
576:(0,3,2,2,0,0,0,0,0,1,1,0,0,1,1,1,1,1,1,1,14)
577:(0,3,2,2,0,1,1,1,0,0,1,1,0,0,0,1,0,0,0,0,10)
578:(0,3,2,2,0,1,1,1,0,0,1,1,0,0,0,1,0,0,0,0,14)
579:(0,3,2,2,0,1,1,1,0,0,1,1,0,0,1,1,0,0,0,0,10)
580:(0,3,2,2,0,1,1,1,0,1,1,1,0,1,1,1,0,0,0,0,10)
581:(0,3,2,3,0,1,1,1,0,1,1,1,0,1,1,1,0,0,0,0,10)
582:(0,3,3,1,0,0,0,0,0,0,0,0,0,0,0,0,0,0,0,1,12)
583:(0,3,3,1,0,0,0,0,0,0,1,0,0,0,0,0,0,0,1,1,12)
584:(0,3,3,1,0,0,0,0,0,0,1,0,0,0,1,0,1,0,0,1,12)
585:(0,3,3,1,0,0,0,0,0,0,1,0,0,0,1,1,1,0,0,1,12)
586:(0,3,3,1,0,0,0,0,0,0,1,1,0,0,1,1,1,0,0,1,12)
587:(0,3,3,1,0,0,0,1,0,0,0,0,0,0,0,0,0,0,0,1,12)
588:(0,3,3,1,0,0,0,1,0,0,0,1,0,0,0,1,0,0,0,1,12)
589:(0,3,3,1,0,0,0,1,0,0,0,1,0,0,0,1,0,1,0,1,12)
590:(0,3,3,1,0,0,0,1,0,0,0,1,0,1,0,1,0,0,0,1,12)
591:(0,3,3,1,0,0,0,1,0,0,0,1,0,1,0,1,0,1,0,1,12)
592:(0,3,3,1,0,0,0,1,0,0,1,1,0,0,0,0,1,1,1,1,12)
593:(0,3,3,1,0,0,1,1,0,0,0,1,0,1,0,1,1,1,0,1,12)
594:(0,3,3,1,0,0,1,1,0,0,1,1,0,0,0,1,0,0,0,1,12)
595:(0,3,3,1,0,0,1,1,0,0,1,1,0,0,1,1,0,0,0,1,12)
596:(0,3,3,1,0,0,1,1,0,0,1,1,1,0,0,0,1,1,1,1,12)
597:(0,3,3,2,0,0,0,0,0,1,1,0,0,1,1,0,1,1,1,1,12)
598:(0,3,3,2,0,1,1,1,0,0,1,1,0,0,0,1,0,0,0,1,12)
599:(0,3,3,2,0,1,1,1,0,0,1,1,0,0,1,1,0,0,0,1,12)
600:(0,3,3,2,0,1,1,1,0,1,1,1,0,1,1,1,0,0,0,1,12)
601:(0,3,3,3,0,1,1,1,0,1,1,1,0,1,1,1,0,0,0,1,12)
602:(1,0,0,1,0,0,0,0,0,0,0,0,0,0,0,0,0,0,0,0,16)
603:(1,0,0,1,0,0,0,0,0,0,0,0,0,0,0,0,0,0,0,0,20)
604:(1,0,0,1,0,0,0,1,0,0,0,0,0,0,0,0,0,0,0,0,20)
605:(1,0,0,1,0,0,1,0,0,0,0,0,0,0,0,0,0,0,0,0,20)
606:(1,0,0,2,0,0,0,0,0,0,1,0,0,0,0,0,0,0,0,0,0)
607:(1,0,0,2,0,0,0,0,0,0,1,0,0,0,0,0,0,0,0,0,4)
608:(1,0,0,2,0,0,0,0,0,1,1,0,0,1,1,0,0,0,0,0,0)
609:(1,0,0,2,0,0,0,1,0,0,0,0,0,0,0,0,0,0,0,0,8)
610:(1,0,0,2,0,0,0,1,0,0,0,1,0,0,0,0,0,0,0,0,0)
611:(1,0,0,3,0,0,0,0,0,1,1,0,0,1,1,0,0,0,0,0,0)
612:(1,0,1,1,0,0,1,1,0,0,1,1,0,0,0,0,0,0,0,0,2)
613:(1,0,1,3,0,1,1,1,1,1,1,1,1,1,1,1,1,1,1,1,22)
614:(1,0,2,1,0,0,0,0,0,0,0,0,0,0,0,0,0,0,0,0,4)
615:(1,0,2,1,0,0,0,0,0,0,0,0,0,0,0,0,0,0,0,0,8)
616:(1,0,2,1,0,0,0,0,0,0,0,0,0,0,0,0,0,0,0,0,12)
617:(1,0,2,1,0,0,0,0,0,0,0,0,0,0,0,0,0,0,0,0,16)
618:(1,0,2,1,0,0,0,0,0,0,0,0,0,0,0,0,1,0,0,0,8)
619:(1,0,2,1,0,0,0,0,0,0,0,0,0,0,1,0,0,0,0,0,16)
620:(1,0,2,1,0,0,0,0,0,0,1,0,0,0,0,0,0,0,0,0,12)
621:(1,0,2,1,0,0,0,1,0,0,1,1,0,0,0,0,0,0,0,0,4)
622:(1,0,2,1,0,0,1,1,0,0,1,1,1,0,0,0,0,0,0,0,4)
623:(1,0,2,2,0,0,0,0,0,0,0,0,0,1,0,0,0,1,0,0,16)
624:(1,0,2,2,0,1,1,1,0,1,1,1,1,1,1,1,1,1,1,1,20)
625:(1,0,2,3,0,1,1,1,0,1,1,1,1,1,1,1,1,1,1,1,20)
626:(1,0,3,1,0,0,0,0,0,0,0,0,0,0,0,0,1,0,0,0,10)
627:(1,0,3,1,0,0,0,0,0,0,0,0,0,0,0,0,1,0,0,0,14)
628:(1,0,3,1,0,0,0,0,0,0,1,0,0,0,0,0,1,0,0,0,14)
629:(1,0,3,1,0,0,0,1,0,0,1,1,0,0,0,0,1,0,0,0,6)
630:(1,0,3,1,0,0,1,1,0,0,1,1,1,0,0,0,1,0,0,0,6)
631:(1,0,3,2,0,1,1,1,0,1,1,1,0,1,1,1,1,1,1,1,18)
632:(1,0,3,3,0,1,1,1,0,1,1,1,0,1,1,1,1,1,1,1,18)
633:(1,1,0,1,0,0,0,0,0,0,0,0,0,0,0,0,0,0,0,0,6)
634:(1,1,0,1,0,0,0,0,0,0,0,0,0,0,0,0,0,0,0,0,10)
635:(1,1,0,1,0,0,0,0,0,0,0,0,0,0,0,0,0,0,0,0,14)
636:(1,1,0,1,0,0,0,0,0,0,0,0,0,0,0,0,0,0,0,0,18)
637:(1,1,0,1,0,0,0,0,0,0,0,0,0,1,0,0,1,1,0,0,2)
638:(1,1,0,1,0,0,0,0,0,0,1,0,0,0,0,0,0,0,0,0,2)
639:(1,1,0,1,0,0,0,0,0,0,1,0,0,0,0,0,0,0,0,0,18)
640:(1,1,0,1,0,0,0,0,0,0,1,0,0,0,1,0,0,0,0,0,2)
641:(1,1,0,1,0,0,0,1,0,0,0,0,0,0,0,0,0,0,0,0,10)
642:(1,1,0,1,0,0,0,1,0,0,0,0,0,0,0,0,0,0,0,0,18)
643:(1,1,0,1,0,1,0,0,0,0,0,0,0,0,0,0,0,0,0,0,18)
644:(1,1,0,2,0,0,0,0,0,0,0,0,0,1,0,0,1,1,0,0,2)
645:(1,1,0,2,0,0,0,0,0,0,1,0,0,0,1,0,0,0,0,0,14)
646:(1,1,0,2,0,1,0,0,0,0,0,0,0,0,0,0,0,0,0,0,6)
647:(1,1,0,2,0,1,0,0,0,0,0,0,0,0,0,0,0,0,0,0,10)
648:(1,1,0,2,0,1,0,0,0,0,1,0,0,0,0,0,0,0,0,0,2)
649:(1,1,0,2,0,1,0,0,0,0,1,0,0,0,0,0,0,0,0,0,6)
650:(1,1,0,2,0,1,0,0,0,1,1,0,0,1,1,0,0,0,0,0,2)
651:(1,1,0,2,0,1,0,1,0,0,0,0,0,0,0,0,0,0,0,0,10)
652:(1,1,0,2,0,1,0,1,0,0,0,1,0,0,0,0,0,0,0,0,2)
653:(1,1,0,3,0,0,0,0,0,0,1,0,0,0,1,0,0,0,0,0,14)
654:(1,1,0,3,0,1,0,0,0,1,1,0,0,1,1,0,0,0,0,0,2)
655:(1,1,1,1,0,0,0,0,0,0,0,0,0,0,0,0,0,0,0,0,4)
656:(1,1,1,1,0,0,0,0,0,0,0,0,0,0,0,0,0,0,0,0,8)
657:(1,1,1,1,0,0,0,0,0,0,0,0,0,0,0,0,0,0,0,0,12)
658:(1,1,1,1,0,0,0,0,0,0,0,0,0,0,0,0,0,0,0,0,16)
659:(1,1,1,1,0,0,0,0,0,0,0,0,0,0,0,0,0,0,0,1,4)
660:(1,1,1,1,0,0,0,0,0,0,0,0,0,1,0,0,0,0,0,0,8)
661:(1,1,1,1,0,0,0,0,0,0,1,0,0,0,0,0,0,0,0,0,20)
662:(1,1,1,1,0,0,0,0,0,1,1,0,0,0,0,0,0,0,0,0,20)
663:(1,1,1,1,0,0,0,0,0,1,1,0,0,0,1,0,0,0,0,0,20)
664:(1,1,1,1,0,0,0,0,0,1,1,0,0,1,1,0,0,0,0,0,20)
665:(1,1,1,1,0,0,0,1,0,0,0,0,0,0,0,0,0,0,0,0,12)
666:(1,1,1,1,0,0,0,1,0,0,0,1,0,0,0,0,0,0,0,0,20)
667:(1,1,1,1,0,0,1,0,0,0,1,0,0,0,0,0,0,0,0,0,20)
668:(1,1,1,1,0,0,1,0,0,1,1,0,0,1,1,0,0,0,0,0,20)
669:(1,1,1,1,0,0,1,1,0,1,1,0,0,1,1,0,0,0,0,0,20)
670:(1,1,1,1,0,0,1,1,0,1,1,1,0,1,1,0,0,0,0,0,20)
671:(1,1,1,1,0,0,1,1,0,1,1,1,0,1,1,1,0,0,0,0,20)
672:(1,1,1,1,0,0,1,1,0,1,1,1,0,1,1,1,0,0,0,1,20)
673:(1,1,1,1,0,0,1,1,0,1,1,1,0,1,1,1,0,0,1,1,20)
674:(1,1,1,1,0,0,1,1,0,1,1,1,0,1,1,1,0,1,1,1,20)
675:(1,1,1,1,0,0,1,1,0,1,1,1,0,1,1,1,1,1,1,1,20)
676:(1,1,1,1,0,0,1,1,0,1,1,1,1,1,1,1,1,1,1,1,20)
677:(1,1,1,2,0,0,0,0,0,1,0,0,0,1,0,0,1,1,0,0,4)
678:(1,1,1,2,0,0,0,0,0,1,1,0,0,0,1,0,0,0,0,0,16)
679:(1,1,1,2,0,1,0,0,0,1,0,0,0,0,0,0,0,0,0,0,12)
680:(1,1,1,3,0,0,0,0,0,1,1,0,0,0,1,0,0,0,0,0,16)
681:(1,1,2,1,0,0,0,0,0,0,0,0,0,0,0,0,0,0,0,0,14)
682:(1,1,2,1,0,0,0,0,0,0,0,0,0,1,0,0,0,0,0,0,10)
683:(1,1,2,1,0,0,0,0,0,0,0,0,0,1,0,0,0,0,0,0,14)
684:(1,1,2,1,0,0,0,0,0,0,0,0,0,1,0,0,0,0,0,1,6)
685:(1,1,2,1,0,0,0,0,0,0,0,0,0,1,0,0,1,0,0,0,10)
686:(1,1,2,1,0,0,0,0,0,0,0,0,0,1,0,0,1,1,0,0,14)
687:(1,1,2,1,0,0,0,0,0,0,0,0,0,1,0,0,1,1,0,0,18)
688:(1,1,2,1,0,0,0,0,0,0,1,0,0,0,1,0,0,0,0,0,18)
689:(1,1,2,1,0,0,0,0,0,0,1,0,0,1,0,0,1,1,0,0,18)
690:(1,1,2,1,0,0,0,0,0,0,1,0,0,1,1,0,0,0,0,0,18)
691:(1,1,2,1,0,0,0,0,0,0,1,0,0,1,1,0,1,1,1,1,18)
692:(1,1,2,1,0,0,0,0,0,0,1,0,0,1,1,1,1,1,1,1,18)
693:(1,1,2,1,0,0,0,0,0,0,1,1,0,1,1,1,1,1,1,1,18)
694:(1,1,2,1,0,0,0,1,0,0,0,0,0,1,0,0,0,0,0,0,14)
695:(1,1,2,1,0,0,0,1,0,0,1,1,0,1,1,1,1,1,1,1,18)
696:(1,1,2,1,0,0,1,0,0,0,1,0,0,1,1,0,0,0,0,0,18)
697:(1,1,2,1,0,0,1,1,0,0,1,0,0,1,1,0,0,0,0,0,18)
698:(1,1,2,1,0,0,1,1,0,0,1,1,0,1,1,0,0,0,0,0,18)
699:(1,1,2,1,0,0,1,1,0,0,1,1,0,1,1,1,0,0,0,0,18)
700:(1,1,2,1,0,0,1,1,0,0,1,1,0,1,1,1,0,0,1,1,18)
701:(1,1,2,1,0,0,1,1,0,0,1,1,0,1,1,1,0,1,1,1,18)
702:(1,1,2,1,0,0,1,1,0,0,1,1,1,1,1,1,1,1,1,1,18)
703:(1,1,2,2,0,0,0,0,0,0,0,0,0,1,0,0,0,0,0,0,10)
704:(1,1,2,2,0,1,1,0,0,0,1,0,0,1,1,0,0,0,0,0,18)
705:(1,1,2,2,0,1,1,1,0,0,1,0,0,1,1,0,0,0,0,0,18)
706:(1,1,2,2,0,1,1,1,0,0,1,1,0,1,1,0,0,0,0,0,18)
707:(1,1,2,2,0,1,1,1,0,0,1,1,0,1,1,1,0,0,0,0,18)
708:(1,1,2,2,0,1,1,1,0,0,1,1,0,1,1,1,0,0,0,1,18)
709:(1,1,2,2,0,1,1,1,0,0,1,1,0,1,1,1,0,0,1,1,18)
710:(1,1,2,2,0,1,1,1,0,0,1,1,0,1,1,1,0,1,1,1,18)
711:(1,1,3,1,0,0,0,0,0,0,0,0,0,0,0,0,1,1,0,0,12)
712:(1,1,3,1,0,0,0,0,0,0,0,0,0,0,0,0,1,1,0,0,16)
713:(1,1,3,1,0,0,0,0,0,0,0,0,0,1,0,0,0,1,0,0,16)
714:(1,1,3,1,0,0,0,0,0,0,0,0,0,1,0,0,1,1,0,0,12)
715:(1,1,3,1,0,0,0,0,0,0,1,0,0,0,0,0,1,1,0,0,16)
716:(1,1,3,1,0,0,0,0,0,0,1,0,0,0,1,0,1,1,1,1,16)
717:(1,1,3,1,0,0,0,0,0,0,1,0,0,0,1,1,1,1,1,1,16)
718:(1,1,3,1,0,0,0,0,0,0,1,1,0,0,1,1,1,1,1,1,16)
719:(1,1,3,1,0,0,0,1,0,0,1,1,0,0,0,0,1,1,0,0,8)
720:(1,1,3,1,0,0,1,1,0,0,1,1,0,0,1,1,0,1,1,1,16)
721:(1,1,3,1,0,0,1,1,0,0,1,1,1,0,0,0,1,1,0,0,8)
722:(1,1,3,2,0,1,1,1,0,0,1,1,0,0,1,1,0,1,1,1,16)
723:(1,1,3,2,0,1,1,1,0,1,1,1,0,1,1,1,0,1,1,1,16)
724:(1,1,3,3,0,1,1,1,0,1,1,1,0,1,1,1,0,1,1,1,16)
725:(1,2,0,1,0,0,0,0,0,0,0,0,0,0,0,0,0,0,0,0,4)
726:(1,2,0,1,0,0,0,0,0,0,0,0,0,0,0,0,0,0,0,0,8)
727:(1,2,0,1,0,0,0,0,0,0,0,0,0,0,0,0,0,0,0,0,12)
728:(1,2,0,1,0,0,0,0,0,0,0,0,0,0,0,0,0,0,0,0,16)
729:(1,2,0,1,0,0,0,0,0,0,0,0,0,0,0,0,0,1,0,0,4)
730:(1,2,0,1,0,0,0,0,0,0,0,0,0,0,0,0,1,0,0,0,4)
731:(1,2,0,1,0,0,0,0,0,0,0,0,0,0,1,0,0,0,0,0,16)
732:(1,2,0,1,0,0,0,0,0,0,0,0,0,0,1,0,1,0,0,0,4)
733:(1,2,0,1,0,0,0,0,0,0,0,0,0,1,0,0,0,0,0,0,4)
734:(1,2,0,1,0,0,0,0,0,0,0,0,0,1,0,0,0,1,0,0,4)
735:(1,2,0,1,0,0,0,1,0,0,0,0,0,0,0,0,0,0,0,0,16)
736:(1,2,0,1,0,0,1,0,0,0,0,0,0,0,0,0,0,0,0,0,8)
737:(1,2,0,1,0,0,1,0,0,0,0,0,0,0,0,0,0,0,0,0,12)
738:(1,2,0,1,0,0,1,0,0,0,0,0,0,0,0,0,0,0,0,0,16)
739:(1,2,0,1,0,0,1,0,0,0,0,0,0,1,0,0,1,1,0,0,4)
740:(1,2,0,1,0,0,1,0,0,0,1,0,0,0,0,0,0,0,0,0,4)
741:(1,2,0,1,0,0,1,0,0,0,1,0,0,0,0,0,0,0,0,0,8)
742:(1,2,0,1,0,0,1,0,0,0,1,0,0,0,1,0,0,0,0,0,4)
743:(1,2,0,1,0,0,1,0,0,0,1,0,0,0,1,0,0,0,0,0,20)
744:(1,2,0,1,0,0,1,0,0,0,1,0,0,1,1,0,0,0,0,0,20)
745:(1,2,0,1,0,0,1,1,0,0,0,0,0,0,0,0,0,0,0,0,12)
746:(1,2,0,1,0,0,1,1,0,0,0,0,0,0,0,0,0,0,0,0,20)
747:(1,2,0,1,0,0,1,1,0,0,0,1,0,0,0,0,0,0,0,0,20)
748:(1,2,0,1,0,0,1,1,0,0,0,1,0,1,1,1,0,0,0,1,16)
749:(1,2,0,1,0,0,1,1,0,0,1,0,0,0,0,0,0,0,0,0,20)
750:(1,2,0,1,0,0,1,1,0,0,1,0,0,0,1,0,0,0,0,0,20)
751:(1,2,0,1,0,0,1,1,0,0,1,0,0,1,1,0,0,0,0,0,20)
752:(1,2,0,1,0,0,1,1,0,0,1,1,0,0,0,0,0,0,0,0,20)
753:(1,2,0,1,0,0,1,1,0,0,1,1,0,0,0,1,0,0,0,0,20)
754:(1,2,0,1,0,0,1,1,0,0,1,1,0,0,0,1,0,0,0,1,20)
755:(1,2,0,1,0,0,1,1,0,0,1,1,0,0,0,1,0,0,1,1,20)
756:(1,2,0,1,0,0,1,1,0,0,1,1,0,0,1,0,0,0,0,0,20)
757:(1,2,0,1,0,0,1,1,0,0,1,1,0,0,1,1,0,0,0,0,20)
758:(1,2,0,1,0,0,1,1,0,0,1,1,0,0,1,1,0,0,0,1,20)
759:(1,2,0,1,0,0,1,1,0,0,1,1,0,0,1,1,0,0,1,1,20)
760:(1,2,0,1,0,0,1,1,0,0,1,1,0,0,1,1,0,1,1,1,20)
761:(1,2,0,1,0,0,1,1,0,0,1,1,0,1,1,0,0,0,0,0,20)
762:(1,2,0,1,0,0,1,1,0,0,1,1,0,1,1,1,0,0,0,0,20)
763:(1,2,0,1,0,0,1,1,0,0,1,1,0,1,1,1,0,0,0,1,20)
764:(1,2,0,1,0,0,1,1,0,0,1,1,0,1,1,1,0,0,1,1,20)
765:(1,2,0,1,0,0,1,1,0,0,1,1,0,1,1,1,0,1,1,1,20)
766:(1,2,0,2,0,0,0,0,0,1,0,0,0,0,0,0,0,0,0,0,12)
767:(1,2,0,2,0,0,1,1,0,1,1,1,0,1,1,1,1,1,1,1,20)
768:(1,2,0,2,0,1,1,0,0,0,0,0,0,0,0,0,0,0,0,0,8)
769:(1,2,0,2,0,1,1,0,0,0,0,0,0,0,0,0,0,0,0,0,12)
770:(1,2,0,2,0,1,1,0,0,0,1,0,0,0,0,0,0,0,0,0,4)
771:(1,2,0,2,0,1,1,0,0,0,1,0,0,0,0,0,0,0,0,0,8)
772:(1,2,0,2,0,1,1,0,0,1,1,0,0,1,1,0,0,0,0,0,4)
773:(1,2,0,2,0,1,1,1,0,0,0,0,0,0,0,0,0,0,0,0,12)
774:(1,2,0,2,0,1,1,1,0,0,0,1,0,0,0,0,0,0,0,0,4)
775:(1,2,0,3,0,1,1,0,0,1,1,0,0,1,1,0,0,0,0,0,4)
776:(1,2,1,1,0,0,0,0,0,0,0,0,0,0,0,0,0,0,0,0,10)
777:(1,2,1,1,0,0,0,0,0,0,1,0,0,0,0,0,0,0,0,0,6)
778:(1,2,1,1,0,0,0,0,0,0,1,0,0,0,0,0,0,0,0,0,14)
779:(1,2,1,1,0,0,0,0,0,0,1,0,0,0,0,0,1,0,0,0,6)
780:(1,2,1,1,0,0,0,0,0,0,1,0,0,0,1,0,0,0,0,0,18)
781:(1,2,1,1,0,0,0,0,0,0,1,0,0,0,1,0,1,0,0,0,6)
782:(1,2,1,1,0,0,0,0,0,0,1,0,0,1,0,0,0,0,0,0,10)
783:(1,2,1,1,0,0,0,0,0,0,1,0,0,1,1,0,0,0,0,0,14)
784:(1,2,1,1,0,0,0,0,0,0,1,0,0,1,1,0,0,0,0,0,18)
785:(1,2,1,1,0,0,0,0,0,0,1,0,0,1,1,0,1,1,0,0,18)
786:(1,2,1,1,0,0,0,0,0,0,1,0,0,1,1,0,1,1,1,0,18)
787:(1,2,1,1,0,0,0,1,0,0,0,0,0,0,0,0,0,0,0,0,14)
788:(1,2,1,1,0,0,0,1,0,0,0,1,0,0,0,0,0,0,0,0,14)
789:(1,2,1,1,0,0,0,1,0,0,0,1,0,0,0,0,0,0,0,0,18)
790:(1,2,1,1,0,0,0,1,0,0,1,0,0,0,0,0,0,0,0,0,18)
791:(1,2,1,1,0,0,0,1,0,0,1,0,0,0,1,0,0,0,0,0,18)
792:(1,2,1,1,0,0,0,1,0,0,1,0,0,1,1,0,0,0,0,0,18)
793:(1,2,1,1,0,0,0,1,0,0,1,1,0,0,0,0,0,0,0,0,18)
794:(1,2,1,1,0,0,0,1,0,0,1,1,0,0,0,1,0,0,0,0,18)
795:(1,2,1,1,0,0,0,1,0,0,1,1,0,0,0,1,0,0,0,1,18)
796:(1,2,1,1,0,0,0,1,0,0,1,1,0,0,1,0,0,0,0,0,18)
797:(1,2,1,1,0,0,0,1,0,0,1,1,0,0,1,1,0,0,0,0,18)
798:(1,2,1,1,0,0,0,1,0,0,1,1,0,0,1,1,0,0,0,1,18)
799:(1,2,1,1,0,0,0,1,0,0,1,1,0,0,1,1,0,0,1,1,18)
800:(1,2,1,1,0,0,0,1,0,0,1,1,0,0,1,1,0,1,1,1,18)
801:(1,2,1,1,0,0,0,1,0,0,1,1,0,1,1,1,0,0,0,1,18)
802:(1,2,1,1,0,0,0,1,0,0,1,1,0,1,1,1,0,0,1,1,18)
803:(1,2,1,1,0,0,0,1,0,0,1,1,0,1,1,1,0,1,1,1,18)
804:(1,2,1,1,0,0,1,0,0,0,1,0,0,0,0,0,0,0,0,0,14)
805:(1,2,1,1,0,0,1,1,0,0,1,0,0,0,0,0,0,0,0,0,14)
806:(1,2,1,1,0,0,1,1,0,0,1,1,0,0,0,0,0,0,0,0,14)
807:(1,2,1,1,0,0,1,1,0,0,1,1,0,1,1,1,0,0,0,1,18)
808:(1,2,1,1,0,0,1,1,0,0,1,1,0,1,1,1,1,1,1,1,18)
809:(1,2,1,2,0,0,0,0,0,0,1,0,0,0,0,0,0,0,0,0,6)
810:(1,2,1,2,0,0,0,0,0,0,1,0,0,0,0,0,0,0,0,0,14)
811:(1,2,1,2,0,0,0,0,0,1,1,0,0,0,0,0,0,0,0,0,14)
812:(1,2,1,2,0,0,0,0,0,1,1,0,0,1,0,0,1,1,0,0,6)
813:(1,2,1,2,0,1,0,0,0,1,1,0,0,0,0,0,0,0,0,0,14)
814:(1,2,1,2,0,1,1,0,0,0,1,0,0,0,0,0,0,0,0,0,14)
815:(1,2,1,2,0,1,1,1,0,0,1,0,0,0,0,0,0,0,0,0,14)
816:(1,2,1,2,0,1,1,1,0,0,1,1,0,0,0,0,0,0,0,0,6)
817:(1,2,1,2,0,1,1,1,0,0,1,1,0,0,0,0,0,0,0,0,14)
818:(1,2,2,1,0,0,0,0,0,0,0,0,0,1,1,0,0,0,0,0,12)
819:(1,2,2,1,0,0,0,0,0,0,0,0,0,1,1,0,0,0,0,0,16)
820:(1,2,2,1,0,0,0,0,0,0,0,0,0,1,1,0,0,0,0,1,8)
821:(1,2,2,1,0,0,0,0,0,0,0,0,0,1,1,0,1,1,0,0,16)
822:(1,2,2,1,0,0,0,0,0,0,0,0,0,1,1,0,1,1,1,0,16)
823:(1,2,2,1,0,0,0,0,0,0,1,0,0,0,0,0,0,0,0,0,8)
824:(1,2,2,1,0,0,0,0,0,0,1,0,0,0,1,0,0,0,0,0,16)
825:(1,2,2,1,0,0,0,0,0,0,1,0,0,0,1,0,1,0,0,0,8)
826:(1,2,2,1,0,0,0,0,0,0,1,0,0,1,1,0,0,0,0,0,12)
827:(1,2,2,1,0,0,0,1,0,0,0,0,0,0,1,0,0,0,0,0,16)
828:(1,2,2,1,0,0,0,1,0,0,0,0,0,1,1,0,0,0,0,0,16)
829:(1,2,2,1,0,0,0,1,0,0,0,1,0,0,0,1,0,0,0,0,16)
830:(1,2,2,1,0,0,0,1,0,0,0,1,0,0,1,0,0,0,0,0,16)
831:(1,2,2,1,0,0,0,1,0,0,0,1,0,0,1,1,0,0,0,0,16)
832:(1,2,2,1,0,0,0,1,0,0,0,1,0,0,1,1,0,0,0,1,16)
833:(1,2,2,1,0,0,0,1,0,0,0,1,0,0,1,1,0,0,1,1,16)
834:(1,2,2,1,0,0,0,1,0,0,0,1,0,0,1,1,0,1,1,1,16)
835:(1,2,2,1,0,0,0,1,0,0,0,1,0,1,1,1,0,0,0,1,16)
836:(1,2,2,1,0,0,0,1,0,0,0,1,0,1,1,1,0,0,1,1,16)
837:(1,2,2,1,0,0,0,1,0,0,0,1,0,1,1,1,0,1,1,1,16)
838:(1,2,2,1,0,0,0,1,0,0,1,1,0,0,1,1,1,1,1,1,16)
839:(1,2,2,1,0,0,1,0,0,0,1,0,0,0,1,0,0,0,0,0,16)
840:(1,2,2,1,0,0,1,1,0,0,0,1,0,1,1,1,1,1,1,1,16)
841:(1,2,2,1,0,0,1,1,0,0,1,0,0,0,1,0,0,0,0,0,16)
842:(1,2,2,1,0,0,1,1,0,0,1,1,0,0,1,0,0,0,0,0,16)
843:(1,2,2,1,0,0,1,1,0,0,1,1,0,0,1,1,0,0,0,0,16)
844:(1,2,2,1,0,0,1,1,0,0,1,1,0,0,1,1,0,0,1,1,16)
845:(1,2,2,1,0,0,1,1,0,0,1,1,1,0,1,1,1,1,1,1,16)
846:(1,2,2,2,0,0,0,0,0,1,1,0,0,1,1,0,1,1,0,0,8)
847:(1,2,2,2,0,1,0,0,0,1,1,0,0,0,1,0,0,0,0,0,16)
848:(1,2,2,2,0,1,1,0,0,0,1,0,0,0,1,0,0,0,0,0,16)
849:(1,2,2,2,0,1,1,1,0,0,1,0,0,0,1,0,0,0,0,0,16)
850:(1,2,2,2,0,1,1,1,0,0,1,1,0,0,1,0,0,0,0,0,8)
851:(1,2,2,2,0,1,1,1,0,0,1,1,0,0,1,0,0,0,0,0,16)
852:(1,2,2,2,0,1,1,1,0,0,1,1,0,0,1,1,0,0,0,0,16)
853:(1,2,2,2,0,1,1,1,0,0,1,1,0,0,1,1,0,0,0,1,16)
854:(1,2,2,2,0,1,1,1,0,0,1,1,0,0,1,1,0,0,1,1,16)
855:(1,2,3,1,0,0,0,0,0,0,0,0,0,1,0,0,1,1,1,0,14)
856:(1,2,3,1,0,0,0,0,0,0,1,0,0,0,0,0,0,0,1,0,10)
857:(1,2,3,1,0,0,0,0,0,0,1,0,0,0,1,0,1,0,1,1,14)
858:(1,2,3,1,0,0,0,0,0,0,1,0,0,0,1,1,1,0,1,1,14)
859:(1,2,3,1,0,0,0,0,0,0,1,1,0,0,1,1,1,0,1,1,14)
860:(1,2,3,1,0,0,0,1,0,0,0,1,0,0,0,1,0,0,0,1,14)
861:(1,2,3,1,0,0,0,1,0,0,0,1,0,0,0,1,0,0,1,1,14)
862:(1,2,3,1,0,0,0,1,0,0,0,1,0,0,0,1,0,1,1,1,14)
863:(1,2,3,1,0,0,0,1,0,0,0,1,0,1,0,1,0,0,0,1,14)
864:(1,2,3,1,0,0,0,1,0,0,0,1,0,1,0,1,0,0,1,1,14)
865:(1,2,3,1,0,0,0,1,0,0,0,1,0,1,0,1,0,1,1,1,14)
866:(1,2,3,1,0,0,0,1,0,0,1,1,0,0,0,0,1,1,1,0,10)
867:(1,2,3,1,0,0,1,1,0,0,0,1,0,1,0,1,1,1,1,1,14)
868:(1,2,3,1,0,0,1,1,0,0,1,1,0,0,0,1,0,0,1,1,14)
869:(1,2,3,1,0,0,1,1,0,0,1,1,0,0,1,1,0,0,1,1,14)
870:(1,2,3,1,0,0,1,1,0,0,1,1,1,0,0,0,1,1,1,0,10)
871:(1,2,3,2,0,0,0,0,0,1,1,0,0,1,1,0,1,1,1,0,10)
872:(1,2,3,2,0,1,1,1,0,0,1,1,0,0,0,1,0,0,0,1,14)
873:(1,2,3,2,0,1,1,1,0,0,1,1,0,0,0,1,0,0,1,1,14)
874:(1,2,3,2,0,1,1,1,0,0,1,1,0,0,1,1,0,0,1,1,14)
875:(1,2,3,2,0,1,1,1,0,1,1,1,0,1,1,1,0,0,1,1,14)
876:(1,2,3,3,0,1,1,1,0,1,1,1,0,1,1,1,0,0,1,1,14)
877:(1,3,0,1,0,0,0,1,0,0,0,0,0,0,0,0,0,0,0,0,6)
878:(1,3,0,1,0,0,0,1,0,0,0,0,0,0,0,0,0,0,0,0,10)
879:(1,3,0,1,0,0,0,1,0,0,0,0,0,0,0,0,0,0,0,0,14)
880:(1,3,0,1,0,0,0,1,0,0,0,0,0,0,0,0,0,1,0,0,6)
881:(1,3,0,1,0,0,0,1,0,0,0,0,0,1,0,0,0,0,0,0,6)
882:(1,3,0,1,0,0,0,1,0,0,0,0,0,1,0,0,0,1,0,0,6)
883:(1,3,0,1,0,0,0,1,0,0,0,1,0,1,1,1,0,0,0,1,14)
884:(1,3,0,1,0,0,0,1,0,0,1,1,0,0,0,1,0,0,1,1,18)
885:(1,3,0,1,0,0,0,1,0,0,1,1,0,1,1,0,0,0,0,0,18)
886:(1,3,0,1,0,0,0,1,0,0,1,1,0,1,1,1,0,0,0,0,18)
887:(1,3,0,1,0,0,1,1,0,0,0,0,0,0,0,0,0,0,0,0,10)
888:(1,3,0,1,0,0,1,1,0,0,0,0,0,1,0,0,1,1,0,0,6)
889:(1,3,0,1,0,0,1,1,0,0,1,0,0,0,0,0,0,0,0,0,6)
890:(1,3,0,1,0,0,1,1,0,0,1,0,0,0,0,0,0,0,0,0,10)
891:(1,3,0,1,0,0,1,1,0,0,1,0,0,0,1,0,0,0,0,0,6)
892:(1,3,0,2,0,0,0,1,0,0,0,0,0,0,0,0,0,0,0,0,14)
893:(1,3,0,2,0,0,0,1,0,1,1,1,0,1,1,1,1,1,1,1,18)
894:(1,3,0,2,0,1,1,1,0,0,0,0,0,0,0,0,0,0,0,0,10)
895:(1,3,0,2,0,1,1,1,0,0,1,0,0,0,0,0,0,0,0,0,6)
896:(1,3,0,2,0,1,1,1,0,0,1,0,0,0,0,0,0,0,0,0,10)
897:(1,3,0,2,0,1,1,1,0,1,1,0,0,1,1,0,0,0,0,0,6)
898:(1,3,0,3,0,1,1,1,0,1,1,0,0,1,1,0,0,0,0,0,6)
899:(1,3,1,1,0,0,0,0,0,0,0,1,0,1,1,1,0,0,0,1,12)
900:(1,3,1,1,0,0,0,0,0,0,1,1,0,0,0,1,0,0,1,1,16)
901:(1,3,1,1,0,0,0,0,0,0,1,1,0,0,1,0,1,0,0,0,8)
902:(1,3,1,1,0,0,0,0,0,0,1,1,0,1,1,0,0,0,0,0,16)
903:(1,3,1,1,0,0,0,0,0,0,1,1,0,1,1,1,0,0,0,0,16)
904:(1,3,1,1,0,0,0,1,0,0,0,1,0,0,0,0,0,0,0,0,8)
905:(1,3,1,1,0,0,0,1,0,0,0,1,0,0,0,0,0,0,0,0,12)
906:(1,3,1,1,0,0,0,1,0,0,0,1,0,0,0,0,0,0,0,0,16)
907:(1,3,1,1,0,0,0,1,0,0,0,1,0,0,0,0,0,1,0,0,8)
908:(1,3,1,1,0,0,0,1,0,0,0,1,0,0,0,1,0,0,0,1,16)
909:(1,3,1,1,0,0,0,1,0,0,0,1,0,1,0,0,0,0,0,0,8)
910:(1,3,1,1,0,0,0,1,0,0,0,1,0,1,0,0,0,1,0,0,8)
911:(1,3,1,1,0,0,1,1,0,0,0,1,0,0,0,0,0,0,0,0,12)
912:(1,3,1,1,0,0,1,1,0,0,0,1,0,1,0,0,1,1,0,0,8)
913:(1,3,1,1,0,0,1,1,0,0,1,1,0,0,0,0,0,0,0,0,8)
914:(1,3,1,1,0,0,1,1,0,0,1,1,0,0,0,0,0,0,0,0,12)
915:(1,3,1,1,0,0,1,1,0,0,1,1,0,0,1,0,0,0,0,0,8)
916:(1,3,1,2,0,0,0,0,0,1,1,1,0,1,1,1,1,1,1,1,16)
917:(1,3,1,2,0,1,1,1,0,0,0,1,0,0,0,0,0,0,0,0,12)
918:(1,3,1,2,0,1,1,1,0,0,1,1,0,0,0,0,0,0,0,0,8)
919:(1,3,1,2,0,1,1,1,0,0,1,1,0,0,0,0,0,0,0,0,12)
920:(1,3,1,2,0,1,1,1,0,1,1,1,0,1,1,0,0,0,0,0,8)
921:(1,3,1,3,0,1,1,1,0,1,1,1,0,1,1,0,0,0,0,0,8)
922:(1,3,2,1,0,0,0,0,0,0,0,0,0,0,0,0,0,0,0,0,10)
923:(1,3,2,1,0,0,0,0,0,0,0,0,0,1,1,1,0,0,0,1,10)
924:(1,3,2,1,0,0,0,0,0,0,1,0,0,0,0,1,0,0,1,1,14)
925:(1,3,2,1,0,0,0,0,0,0,1,0,0,0,1,0,1,0,0,0,10)
926:(1,3,2,1,0,0,0,0,0,0,1,0,0,0,1,1,1,0,0,0,10)
927:(1,3,2,1,0,0,0,0,0,0,1,0,0,1,1,1,0,0,0,0,14)
928:(1,3,2,1,0,0,0,0,0,0,1,1,0,0,1,1,1,0,0,0,10)
929:(1,3,2,1,0,0,0,1,0,0,0,0,0,0,0,0,0,0,0,0,10)
930:(1,3,2,1,0,0,0,1,0,0,0,0,0,0,0,1,0,0,0,1,14)
931:(1,3,2,1,0,0,0,1,0,0,0,1,0,0,0,1,0,0,0,0,10)
932:(1,3,2,1,0,0,0,1,0,0,0,1,0,0,0,1,0,0,0,0,14)
933:(1,3,2,1,0,0,0,1,0,0,0,1,0,0,0,1,0,1,0,0,10)
934:(1,3,2,1,0,0,0,1,0,0,0,1,0,1,0,1,0,0,0,0,10)
935:(1,3,2,1,0,0,0,1,0,0,0,1,0,1,0,1,0,1,0,0,10)
936:(1,3,2,1,0,0,0,1,0,0,1,1,0,0,0,1,1,1,1,1,14)
937:(1,3,2,1,0,0,1,1,0,0,0,1,0,1,0,1,1,1,0,0,10)
938:(1,3,2,1,0,0,1,1,0,0,1,1,0,0,0,1,0,0,0,0,10)
939:(1,3,2,1,0,0,1,1,0,0,1,1,0,0,0,1,0,0,0,0,14)
940:(1,3,2,1,0,0,1,1,0,0,1,1,0,0,1,1,0,0,0,0,10)
941:(1,3,2,1,0,0,1,1,0,0,1,1,1,0,0,1,1,1,1,1,14)
942:(1,3,2,2,0,0,0,0,0,1,1,0,0,1,1,1,1,1,1,1,14)
943:(1,3,2,2,0,1,1,1,0,0,1,1,0,0,0,1,0,0,0,0,10)
944:(1,3,2,2,0,1,1,1,0,0,1,1,0,0,0,1,0,0,0,0,14)
945:(1,3,2,2,0,1,1,1,0,0,1,1,0,0,1,1,0,0,0,0,10)
946:(1,3,2,2,0,1,1,1,0,1,1,1,0,1,1,1,0,0,0,0,10)
947:(1,3,2,3,0,1,1,1,0,1,1,1,0,1,1,1,0,0,0,0,10)
948:(1,3,3,1,0,0,0,0,0,0,1,0,0,0,0,0,0,0,1,1,12)
949:(1,3,3,1,0,0,0,0,0,0,1,0,0,0,1,0,1,0,0,1,12)
950:(1,3,3,1,0,0,0,0,0,0,1,0,0,0,1,1,1,0,0,1,12)
951:(1,3,3,1,0,0,0,0,0,0,1,1,0,0,1,1,1,0,0,1,12)
952:(1,3,3,1,0,0,0,1,0,0,0,0,0,0,0,0,0,0,0,1,12)
953:(1,3,3,1,0,0,0,1,0,0,0,1,0,0,0,1,0,0,0,1,12)
954:(1,3,3,1,0,0,0,1,0,0,0,1,0,0,0,1,0,1,0,1,12)
955:(1,3,3,1,0,0,0,1,0,0,0,1,0,1,0,1,0,0,0,1,12)
956:(1,3,3,1,0,0,0,1,0,0,0,1,0,1,0,1,0,1,0,1,12)
957:(1,3,3,1,0,0,0,1,0,0,1,1,0,0,0,0,1,1,1,1,12)
958:(1,3,3,1,0,0,1,1,0,0,0,1,0,1,0,1,1,1,0,1,12)
959:(1,3,3,1,0,0,1,1,0,0,1,1,0,0,0,1,0,0,0,1,12)
960:(1,3,3,1,0,0,1,1,0,0,1,1,0,0,1,1,0,0,0,1,12)
961:(1,3,3,1,0,0,1,1,0,0,1,1,1,0,0,0,1,1,1,1,12)
962:(1,3,3,2,0,0,0,0,0,1,1,0,0,1,1,0,1,1,1,1,12)
963:(1,3,3,2,0,1,1,1,0,0,1,1,0,0,0,1,0,0,0,1,12)
964:(1,3,3,2,0,1,1,1,0,0,1,1,0,0,1,1,0,0,0,1,12)
965:(1,3,3,2,0,1,1,1,0,1,1,1,0,1,1,1,0,0,0,1,12)
966:(1,3,3,3,0,1,1,1,0,1,1,1,0,1,1,1,0,0,0,1,12)
967:(2,0,0,0,0,0,0,0,0,0,0,0,0,0,0,0,0,0,0,0,0)
968:(2,0,0,0,0,0,0,0,0,0,0,0,0,0,0,0,0,0,0,0,4)
969:(2,0,0,0,0,0,0,0,0,0,0,0,0,0,0,0,0,0,0,0,8)
970:(2,0,0,0,0,0,0,0,0,0,0,0,0,0,0,0,0,0,0,0,12)
971:(2,0,0,0,0,0,0,0,0,0,0,0,0,0,0,0,0,0,0,0,16)
972:(2,0,0,0,0,0,0,0,0,0,0,0,0,0,0,0,0,0,0,0,20)
973:(2,0,0,0,0,0,0,0,0,0,0,0,0,0,0,0,0,0,0,1,0)
974:(2,0,0,0,0,0,0,0,0,0,0,0,0,0,0,0,0,1,0,0,0)
975:(2,0,0,0,0,0,0,0,0,0,0,0,0,0,0,0,1,0,0,0,0)
976:(2,0,0,0,0,0,0,0,0,0,0,0,0,0,0,0,1,0,0,0,4)
977:(2,0,0,0,0,0,0,0,0,0,0,0,0,0,0,0,1,0,0,0,8)
978:(2,0,0,0,0,0,0,0,0,0,0,0,0,0,0,0,1,1,0,0,4)
979:(2,0,0,0,0,0,0,0,0,0,0,0,0,0,0,0,1,1,0,0,8)
980:(2,0,0,0,0,0,0,0,0,0,0,0,0,0,1,0,0,0,0,0,12)
981:(2,0,0,0,0,0,0,0,0,0,0,0,0,0,1,0,1,0,0,0,0)
982:(2,0,0,0,0,0,0,0,0,0,0,0,0,1,0,0,0,0,0,0,0)
983:(2,0,0,0,0,0,0,0,0,0,0,0,0,1,0,0,0,0,0,0,4)
984:(2,0,0,0,0,0,0,0,0,0,0,0,0,1,0,0,0,0,0,0,8)
985:(2,0,0,0,0,0,0,0,0,0,0,0,0,1,0,0,0,0,0,1,0)
986:(2,0,0,0,0,0,0,0,0,0,0,0,0,1,0,0,0,1,0,0,0)
987:(2,0,0,0,0,0,0,0,0,0,0,0,0,1,0,0,0,1,0,0,8)
988:(2,0,0,0,0,0,0,0,0,0,0,0,0,1,0,0,1,0,0,0,4)
989:(2,0,0,0,0,0,0,0,0,0,0,0,0,1,0,0,1,1,0,0,0)
990:(2,0,0,0,0,0,0,0,0,0,0,0,0,1,0,0,1,1,0,0,4)
991:(2,0,0,0,0,0,0,0,0,0,0,0,0,1,0,0,1,1,0,0,8)
992:(2,0,0,0,0,0,0,0,0,0,0,0,0,1,0,0,1,1,0,0,12)
993:(2,0,0,0,0,0,0,0,0,0,0,0,0,1,0,0,1,1,1,0,4)
994:(2,0,0,0,0,0,0,0,0,0,0,0,0,1,1,0,0,0,0,0,4)
995:(2,0,0,0,0,0,0,0,0,0,0,0,0,1,1,0,0,0,0,0,8)
996:(2,0,0,0,0,0,0,0,0,0,0,0,0,1,1,0,0,0,0,1,0)
997:(2,0,0,0,0,0,0,0,0,0,0,0,0,1,1,0,1,1,0,0,8)
998:(2,0,0,0,0,0,0,0,0,0,0,0,0,1,1,0,1,1,1,0,8)
999:(2,0,0,0,0,0,0,0,0,0,0,0,0,1,1,1,0,0,0,1,0)
1000:(2,0,0,0,0,0,0,0,0,0,0,1,0,1,1,1,0,0,0,1,4)
1001:(2,0,0,0,0,0,0,0,0,0,1,0,0,0,0,0,0,0,0,0,0)
1002:(2,0,0,0,0,0,0,0,0,0,1,0,0,0,0,0,0,0,0,0,8)
1003:(2,0,0,0,0,0,0,0,0,0,1,0,0,0,0,0,0,0,0,0,16)
1004:(2,0,0,0,0,0,0,0,0,0,1,0,0,0,0,0,0,0,1,0,0)
1005:(2,0,0,0,0,0,0,0,0,0,1,0,0,0,0,0,0,0,1,1,0)
1006:(2,0,0,0,0,0,0,0,0,0,1,0,0,0,0,0,1,0,0,0,0)
1007:(2,0,0,0,0,0,0,0,0,0,1,0,0,0,0,0,1,0,0,0,8)
1008:(2,0,0,0,0,0,0,0,0,0,1,0,0,0,0,0,1,1,0,0,8)
1009:(2,0,0,0,0,0,0,0,0,0,1,0,0,0,0,1,0,0,1,1,4)
1010:(2,0,0,0,0,0,0,0,0,0,1,0,0,0,1,0,0,0,0,0,0)
1011:(2,0,0,0,0,0,0,0,0,0,1,0,0,0,1,0,0,0,0,0,8)
1012:(2,0,0,0,0,0,0,0,0,0,1,0,0,0,1,0,0,0,0,0,12)
1013:(2,0,0,0,0,0,0,0,0,0,1,0,0,0,1,0,1,0,0,0,0)
1014:(2,0,0,0,0,0,0,0,0,0,1,0,0,0,1,0,1,0,0,1,0)
1015:(2,0,0,0,0,0,0,0,0,0,1,0,0,0,1,0,1,0,1,1,4)
1016:(2,0,0,0,0,0,0,0,0,0,1,0,0,0,1,0,1,1,1,1,8)
1017:(2,0,0,0,0,0,0,0,0,0,1,0,0,0,1,1,1,0,0,0,0)
1018:(2,0,0,0,0,0,0,0,0,0,1,0,0,0,1,1,1,0,0,1,0)
1019:(2,0,0,0,0,0,0,0,0,0,1,0,0,0,1,1,1,0,1,1,4)
1020:(2,0,0,0,0,0,0,0,0,0,1,0,0,0,1,1,1,1,1,1,8)
1021:(2,0,0,0,0,0,0,0,0,0,1,0,0,1,0,0,0,0,0,0,4)
1022:(2,0,0,0,0,0,0,0,0,0,1,0,0,1,0,0,1,1,0,0,12)
1023:(2,0,0,0,0,0,0,0,0,0,1,0,0,1,1,0,0,0,0,0,4)
1024:(2,0,0,0,0,0,0,0,0,0,1,0,0,1,1,0,0,0,0,0,8)
1025:(2,0,0,0,0,0,0,0,0,0,1,0,0,1,1,0,0,0,0,0,12)
1026:(2,0,0,0,0,0,0,0,0,0,1,0,0,1,1,0,1,1,0,0,12)
1027:(2,0,0,0,0,0,0,0,0,0,1,0,0,1,1,0,1,1,1,0,12)
1028:(2,0,0,0,0,0,0,0,0,0,1,0,0,1,1,0,1,1,1,1,12)
1029:(2,0,0,0,0,0,0,0,0,0,1,0,0,1,1,1,0,0,0,0,4)
1030:(2,0,0,0,0,0,0,0,0,0,1,0,0,1,1,1,1,1,1,1,12)
1031:(2,0,0,0,0,0,0,0,0,0,1,1,0,0,0,1,0,0,1,1,8)
1032:(2,0,0,0,0,0,0,0,0,0,1,1,0,0,1,0,1,0,0,0,0)
1033:(2,0,0,0,0,0,0,0,0,0,1,1,0,0,1,1,1,0,0,0,0)
1034:(2,0,0,0,0,0,0,0,0,0,1,1,0,0,1,1,1,0,0,1,0)
1035:(2,0,0,0,0,0,0,0,0,0,1,1,0,0,1,1,1,0,1,1,4)
1036:(2,0,0,0,0,0,0,0,0,0,1,1,0,0,1,1,1,1,1,1,8)
1037:(2,0,0,0,0,0,0,0,0,0,1,1,0,1,1,0,0,0,0,0,8)
1038:(2,0,0,0,0,0,0,0,0,0,1,1,0,1,1,1,0,0,0,0,8)
1039:(2,0,0,0,0,0,0,0,0,0,1,1,0,1,1,1,1,1,1,1,12)
1040:(2,0,0,0,0,0,0,0,0,1,1,0,0,0,0,0,0,0,0,0,16)
1041:(2,0,0,0,0,0,0,0,0,1,1,0,0,0,1,0,0,0,0,0,16)
1042:(2,0,0,0,0,0,0,0,0,1,1,0,0,1,1,0,0,0,0,0,16)
1043:(2,0,0,0,0,0,0,1,0,0,0,0,0,0,0,0,0,0,0,0,0)
1044:(2,0,0,0,0,0,0,1,0,0,0,0,0,0,0,0,0,0,0,0,4)
1045:(2,0,0,0,0,0,0,1,0,0,0,0,0,0,0,0,0,0,0,0,8)
1046:(2,0,0,0,0,0,0,1,0,0,0,0,0,0,0,0,0,0,0,0,12)
1047:(2,0,0,0,0,0,0,1,0,0,0,0,0,0,0,0,0,0,0,0,16)
1048:(2,0,0,0,0,0,0,1,0,0,0,0,0,0,0,0,0,0,0,0,20)
1049:(2,0,0,0,0,0,0,1,0,0,0,0,0,0,0,0,0,0,0,1,0)
1050:(2,0,0,0,0,0,0,1,0,0,0,0,0,0,0,0,0,1,0,0,0)
1051:(2,0,0,0,0,0,0,1,0,0,0,0,0,0,0,1,0,0,0,1,4)
1052:(2,0,0,0,0,0,0,1,0,0,0,0,0,0,1,0,0,0,0,0,8)
1053:(2,0,0,0,0,0,0,1,0,0,0,0,0,1,0,0,0,0,0,0,0)
1054:(2,0,0,0,0,0,0,1,0,0,0,0,0,1,0,0,0,0,0,0,8)
1055:(2,0,0,0,0,0,0,1,0,0,0,0,0,1,0,0,0,1,0,0,0)
1056:(2,0,0,0,0,0,0,1,0,0,0,0,0,1,1,0,0,0,0,0,8)
1057:(2,0,0,0,0,0,0,1,0,0,0,1,0,0,0,0,0,0,0,0,0)
1058:(2,0,0,0,0,0,0,1,0,0,0,1,0,0,0,0,0,0,0,0,4)
1059:(2,0,0,0,0,0,0,1,0,0,0,1,0,0,0,0,0,0,0,0,8)
1060:(2,0,0,0,0,0,0,1,0,0,0,1,0,0,0,0,0,0,0,0,12)
1061:(2,0,0,0,0,0,0,1,0,0,0,1,0,0,0,0,0,0,0,0,16)
1062:(2,0,0,0,0,0,0,1,0,0,0,1,0,0,0,0,0,1,0,0,0)
1063:(2,0,0,0,0,0,0,1,0,0,0,1,0,0,0,1,0,0,0,0,0)
1064:(2,0,0,0,0,0,0,1,0,0,0,1,0,0,0,1,0,0,0,0,4)
1065:(2,0,0,0,0,0,0,1,0,0,0,1,0,0,0,1,0,0,0,0,8)
1066:(2,0,0,0,0,0,0,1,0,0,0,1,0,0,0,1,0,0,0,1,0)
1067:(2,0,0,0,0,0,0,1,0,0,0,1,0,0,0,1,0,0,0,1,4)
1068:(2,0,0,0,0,0,0,1,0,0,0,1,0,0,0,1,0,0,0,1,8)
1069:(2,0,0,0,0,0,0,1,0,0,0,1,0,0,0,1,0,0,1,1,4)
1070:(2,0,0,0,0,0,0,1,0,0,0,1,0,0,0,1,0,1,0,0,0)
1071:(2,0,0,0,0,0,0,1,0,0,0,1,0,0,0,1,0,1,0,1,0)
1072:(2,0,0,0,0,0,0,1,0,0,0,1,0,0,0,1,0,1,1,1,4)
1073:(2,0,0,0,0,0,0,1,0,0,0,1,0,0,1,0,0,0,0,0,8)
1074:(2,0,0,0,0,0,0,1,0,0,0,1,0,0,1,1,0,0,0,0,8)
1075:(2,0,0,0,0,0,0,1,0,0,0,1,0,0,1,1,0,0,0,1,8)
1076:(2,0,0,0,0,0,0,1,0,0,0,1,0,0,1,1,0,0,1,1,8)
1077:(2,0,0,0,0,0,0,1,0,0,0,1,0,0,1,1,0,1,1,1,8)
1078:(2,0,0,0,0,0,0,1,0,0,0,1,0,1,0,0,0,0,0,0,0)
1079:(2,0,0,0,0,0,0,1,0,0,0,1,0,1,0,0,0,1,0,0,0)
1080:(2,0,0,0,0,0,0,1,0,0,0,1,0,1,0,1,0,0,0,0,0)
1081:(2,0,0,0,0,0,0,1,0,0,0,1,0,1,0,1,0,0,0,1,0)
1082:(2,0,0,0,0,0,0,1,0,0,0,1,0,1,0,1,0,0,0,1,4)
1083:(2,0,0,0,0,0,0,1,0,0,0,1,0,1,0,1,0,0,1,1,4)
1084:(2,0,0,0,0,0,0,1,0,0,0,1,0,1,0,1,0,1,0,0,0)
1085:(2,0,0,0,0,0,0,1,0,0,0,1,0,1,0,1,0,1,0,1,0)
1086:(2,0,0,0,0,0,0,1,0,0,0,1,0,1,0,1,0,1,1,1,4)
1087:(2,0,0,0,0,0,0,1,0,0,0,1,0,1,1,1,0,0,0,1,8)
1088:(2,0,0,0,0,0,0,1,0,0,0,1,0,1,1,1,0,0,1,1,8)
1089:(2,0,0,0,0,0,0,1,0,0,0,1,0,1,1,1,0,1,1,1,8)
1090:(2,0,0,0,0,0,0,1,0,0,1,0,0,0,0,0,0,0,0,0,12)
1091:(2,0,0,0,0,0,0,1,0,0,1,0,0,0,1,0,0,0,0,0,12)
1092:(2,0,0,0,0,0,0,1,0,0,1,0,0,1,1,0,0,0,0,0,12)
1093:(2,0,0,0,0,0,0,1,0,0,1,1,0,0,0,0,0,0,0,0,0)
1094:(2,0,0,0,0,0,0,1,0,0,1,1,0,0,0,0,0,0,0,0,12)
1095:(2,0,0,0,0,0,0,1,0,0,1,1,0,0,0,0,1,0,0,0,0)
1096:(2,0,0,0,0,0,0,1,0,0,1,1,0,0,0,0,1,1,0,0,0)
1097:(2,0,0,0,0,0,0,1,0,0,1,1,0,0,0,0,1,1,1,0,0)
1098:(2,0,0,0,0,0,0,1,0,0,1,1,0,0,0,0,1,1,1,1,0)
1099:(2,0,0,0,0,0,0,1,0,0,1,1,0,0,0,1,0,0,0,0,12)
1100:(2,0,0,0,0,0,0,1,0,0,1,1,0,0,0,1,0,0,0,1,12)
1101:(2,0,0,0,0,0,0,1,0,0,1,1,0,0,0,1,0,0,1,1,12)
1102:(2,0,0,0,0,0,0,1,0,0,1,1,0,0,0,1,1,1,1,1,4)
1103:(2,0,0,0,0,0,0,1,0,0,1,1,0,0,1,0,0,0,0,0,12)
1104:(2,0,0,0,0,0,0,1,0,0,1,1,0,0,1,1,0,0,0,0,12)
1105:(2,0,0,0,0,0,0,1,0,0,1,1,0,0,1,1,0,0,0,1,12)
1106:(2,0,0,0,0,0,0,1,0,0,1,1,0,0,1,1,0,0,1,1,12)
1107:(2,0,0,0,0,0,0,1,0,0,1,1,0,0,1,1,0,1,1,1,12)
1108:(2,0,0,0,0,0,0,1,0,0,1,1,0,0,1,1,1,1,1,1,8)
1109:(2,0,0,0,0,0,0,1,0,0,1,1,0,1,1,0,0,0,0,0,12)
1110:(2,0,0,0,0,0,0,1,0,0,1,1,0,1,1,1,0,0,0,0,12)
1111:(2,0,0,0,0,0,0,1,0,0,1,1,0,1,1,1,0,0,0,1,12)
1112:(2,0,0,0,0,0,0,1,0,0,1,1,0,1,1,1,0,0,1,1,12)
1113:(2,0,0,0,0,0,0,1,0,0,1,1,0,1,1,1,0,1,1,1,12)
1114:(2,0,0,0,0,0,0,1,0,0,1,1,0,1,1,1,1,1,1,1,12)
1115:(2,0,0,0,0,0,1,0,0,0,0,0,0,0,0,0,0,0,0,0,4)
1116:(2,0,0,0,0,0,1,0,0,0,0,0,0,0,0,0,0,0,0,0,8)
1117:(2,0,0,0,0,0,1,0,0,0,0,0,0,0,0,0,0,0,0,0,12)
1118:(2,0,0,0,0,0,1,0,0,0,0,0,0,0,0,0,0,0,0,0,20)
1119:(2,0,0,0,0,0,1,0,0,0,0,0,0,1,0,0,1,1,0,0,0)
1120:(2,0,0,0,0,0,1,0,0,0,1,0,0,0,0,0,0,0,0,0,0)
1121:(2,0,0,0,0,0,1,0,0,0,1,0,0,0,0,0,0,0,0,0,4)
1122:(2,0,0,0,0,0,1,0,0,0,1,0,0,0,0,0,0,0,0,0,8)
1123:(2,0,0,0,0,0,1,0,0,0,1,0,0,0,0,0,0,0,0,0,16)
1124:(2,0,0,0,0,0,1,0,0,0,1,0,0,0,1,0,0,0,0,0,0)
1125:(2,0,0,0,0,0,1,0,0,0,1,0,0,0,1,0,0,0,0,0,8)
1126:(2,0,0,0,0,0,1,0,0,0,1,0,0,0,1,0,0,0,0,0,16)
1127:(2,0,0,0,0,0,1,0,0,0,1,0,0,1,1,0,0,0,0,0,12)
1128:(2,0,0,0,0,0,1,0,0,0,1,0,0,1,1,0,0,0,0,0,16)
1129:(2,0,0,0,0,0,1,0,0,1,1,0,0,1,1,0,0,0,0,0,16)
1130:(2,0,0,0,0,0,1,1,0,0,0,0,0,0,0,0,0,0,0,0,4)
1131:(2,0,0,0,0,0,1,1,0,0,0,0,0,0,0,0,0,0,0,0,8)
1132:(2,0,0,0,0,0,1,1,0,0,0,0,0,0,0,0,0,0,0,0,16)
1133:(2,0,0,0,0,0,1,1,0,0,0,0,0,1,0,0,1,1,0,0,0)
1134:(2,0,0,0,0,0,1,1,0,0,0,1,0,0,0,0,0,0,0,0,4)
1135:(2,0,0,0,0,0,1,1,0,0,0,1,0,0,0,0,0,0,0,0,16)
1136:(2,0,0,0,0,0,1,1,0,0,0,1,0,1,0,0,1,1,0,0,0)
1137:(2,0,0,0,0,0,1,1,0,0,0,1,0,1,0,1,1,1,0,0,0)
1138:(2,0,0,0,0,0,1,1,0,0,0,1,0,1,0,1,1,1,0,1,0)
1139:(2,0,0,0,0,0,1,1,0,0,0,1,0,1,0,1,1,1,1,1,4)
1140:(2,0,0,0,0,0,1,1,0,0,0,1,0,1,1,1,0,0,0,1,12)
1141:(2,0,0,0,0,0,1,1,0,0,0,1,0,1,1,1,1,1,1,1,8)
1142:(2,0,0,0,0,0,1,1,0,0,1,0,0,0,0,0,0,0,0,0,0)
1143:(2,0,0,0,0,0,1,1,0,0,1,0,0,0,0,0,0,0,0,0,4)
1144:(2,0,0,0,0,0,1,1,0,0,1,0,0,0,0,0,0,0,0,0,8)
1145:(2,0,0,0,0,0,1,1,0,0,1,0,0,0,0,0,0,0,0,0,16)
1146:(2,0,0,0,0,0,1,1,0,0,1,0,0,0,1,0,0,0,0,0,0)
1147:(2,0,0,0,0,0,1,1,0,0,1,0,0,0,1,0,0,0,0,0,8)
1148:(2,0,0,0,0,0,1,1,0,0,1,0,0,0,1,0,0,0,0,0,16)
1149:(2,0,0,0,0,0,1,1,0,0,1,0,0,1,1,0,0,0,0,0,12)
1150:(2,0,0,0,0,0,1,1,0,0,1,0,0,1,1,0,0,0,0,0,16)
1151:(2,0,0,0,0,0,1,1,0,0,1,1,0,0,0,0,0,0,0,0,0)
1152:(2,0,0,0,0,0,1,1,0,0,1,1,0,0,0,0,0,0,0,0,4)
1153:(2,0,0,0,0,0,1,1,0,0,1,1,0,0,0,0,0,0,0,0,8)
1154:(2,0,0,0,0,0,1,1,0,0,1,1,0,0,0,0,0,0,0,0,16)
1155:(2,0,0,0,0,0,1,1,0,0,1,1,0,0,0,1,0,0,0,0,0)
1156:(2,0,0,0,0,0,1,1,0,0,1,1,0,0,0,1,0,0,0,0,4)
1157:(2,0,0,0,0,0,1,1,0,0,1,1,0,0,0,1,0,0,0,0,16)
1158:(2,0,0,0,0,0,1,1,0,0,1,1,0,0,0,1,0,0,0,1,0)
1159:(2,0,0,0,0,0,1,1,0,0,1,1,0,0,0,1,0,0,0,1,16)
1160:(2,0,0,0,0,0,1,1,0,0,1,1,0,0,0,1,0,0,1,1,4)
1161:(2,0,0,0,0,0,1,1,0,0,1,1,0,0,0,1,0,0,1,1,16)
1162:(2,0,0,0,0,0,1,1,0,0,1,1,0,0,1,0,0,0,0,0,0)
1163:(2,0,0,0,0,0,1,1,0,0,1,1,0,0,1,0,0,0,0,0,8)
1164:(2,0,0,0,0,0,1,1,0,0,1,1,0,0,1,0,0,0,0,0,16)
1165:(2,0,0,0,0,0,1,1,0,0,1,1,0,0,1,1,0,0,0,0,0)
1166:(2,0,0,0,0,0,1,1,0,0,1,1,0,0,1,1,0,0,0,0,8)
1167:(2,0,0,0,0,0,1,1,0,0,1,1,0,0,1,1,0,0,0,0,16)
1168:(2,0,0,0,0,0,1,1,0,0,1,1,0,0,1,1,0,0,0,1,0)
1169:(2,0,0,0,0,0,1,1,0,0,1,1,0,0,1,1,0,0,0,1,16)
1170:(2,0,0,0,0,0,1,1,0,0,1,1,0,0,1,1,0,0,1,1,4)
1171:(2,0,0,0,0,0,1,1,0,0,1,1,0,0,1,1,0,0,1,1,8)
1172:(2,0,0,0,0,0,1,1,0,0,1,1,0,0,1,1,0,0,1,1,16)
1173:(2,0,0,0,0,0,1,1,0,0,1,1,0,0,1,1,0,1,1,1,8)
1174:(2,0,0,0,0,0,1,1,0,0,1,1,0,0,1,1,0,1,1,1,16)
1175:(2,0,0,0,0,0,1,1,0,0,1,1,0,1,1,0,0,0,0,0,12)
1176:(2,0,0,0,0,0,1,1,0,0,1,1,0,1,1,0,0,0,0,0,16)
1177:(2,0,0,0,0,0,1,1,0,0,1,1,0,1,1,1,0,0,0,0,12)
1178:(2,0,0,0,0,0,1,1,0,0,1,1,0,1,1,1,0,0,0,0,16)
1179:(2,0,0,0,0,0,1,1,0,0,1,1,0,1,1,1,0,0,0,1,12)
1180:(2,0,0,0,0,0,1,1,0,0,1,1,0,1,1,1,0,0,0,1,16)
1181:(2,0,0,0,0,0,1,1,0,0,1,1,0,1,1,1,0,0,1,1,12)
1182:(2,0,0,0,0,0,1,1,0,0,1,1,0,1,1,1,0,0,1,1,16)
1183:(2,0,0,0,0,0,1,1,0,0,1,1,0,1,1,1,0,1,1,1,12)
1184:(2,0,0,0,0,0,1,1,0,0,1,1,0,1,1,1,0,1,1,1,16)
1185:(2,0,0,0,0,0,1,1,0,0,1,1,0,1,1,1,1,1,1,1,12)
1186:(2,0,0,0,0,0,1,1,0,0,1,1,1,0,0,0,0,0,0,0,0)
1187:(2,0,0,0,0,0,1,1,0,0,1,1,1,0,0,0,1,0,0,0,0)
1188:(2,0,0,0,0,0,1,1,0,0,1,1,1,0,0,0,1,1,0,0,0)
1189:(2,0,0,0,0,0,1,1,0,0,1,1,1,0,0,0,1,1,1,0,0)
1190:(2,0,0,0,0,0,1,1,0,0,1,1,1,0,0,0,1,1,1,1,0)
1191:(2,0,0,0,0,0,1,1,0,0,1,1,1,0,0,1,1,1,1,1,4)
1192:(2,0,0,0,0,0,1,1,0,0,1,1,1,0,1,1,1,1,1,1,8)
1193:(2,0,0,0,0,0,1,1,0,0,1,1,1,1,1,1,1,1,1,1,12)
1194:(2,0,0,0,0,0,1,1,0,1,1,0,0,1,1,0,0,0,0,0,16)
1195:(2,0,0,0,0,0,1,1,0,1,1,1,0,1,1,0,0,0,0,0,16)
1196:(2,0,0,0,0,0,1,1,0,1,1,1,0,1,1,1,0,0,0,0,16)
1197:(2,0,0,0,0,0,1,1,0,1,1,1,0,1,1,1,0,0,0,1,16)
1198:(2,0,0,0,0,0,1,1,0,1,1,1,0,1,1,1,0,0,1,1,16)
1199:(2,0,0,0,0,0,1,1,0,1,1,1,0,1,1,1,0,1,1,1,16)
1200:(2,0,0,0,0,0,1,1,0,1,1,1,0,1,1,1,1,1,1,1,16)
1201:(2,0,0,0,0,0,1,1,0,1,1,1,1,1,1,1,1,1,1,1,16)
1202:(2,0,0,0,0,1,0,0,0,0,0,0,0,0,0,0,0,0,0,0,16)
