(s,posx,posy,objs,gp0,gp1,gp2,gp3,gp4,gp5,gp6,gp7,gp8,gp9,gp10,gp11,gp12,gp13,gp14,gp15,b)
0:(0,0,0,1,0,0,0,0,0,0,0,0,0,0,0,0,0,0,0,0,0)
1:(0,0,0,1,0,0,0,0,0,0,0,0,0,0,0,0,0,0,0,0,4)
2:(0,0,0,1,0,0,0,0,0,0,0,0,0,0,0,0,0,0,0,0,8)
3:(0,0,0,1,0,0,0,0,0,0,0,0,0,0,0,0,0,0,0,0,12)
4:(0,0,0,1,0,0,0,0,0,0,0,0,0,0,0,0,0,0,0,0,16)
5:(0,0,0,1,0,0,0,0,0,0,0,0,0,0,0,0,0,0,0,0,20)
6:(0,0,0,1,0,0,0,0,0,0,0,0,0,0,0,0,0,1,0,0,0)
7:(0,0,0,1,0,0,0,0,0,0,0,0,0,1,0,0,1,1,0,0,0)
8:(0,0,0,1,0,0,0,0,0,0,1,0,0,0,0,0,0,0,0,0,0)
9:(0,0,0,1,0,0,0,0,0,0,1,0,0,0,1,0,0,0,0,0,0)
10:(0,0,0,1,0,0,0,0,0,1,0,0,0,0,0,0,0,0,0,0,8)
11:(0,0,0,1,0,0,0,0,0,1,0,0,0,0,0,0,0,0,0,0,12)
12:(0,0,0,1,0,0,0,0,0,1,1,0,0,0,0,0,0,0,0,0,0)
13:(0,0,0,1,0,0,0,0,0,1,1,0,0,0,0,0,0,0,0,0,8)
14:(0,0,0,1,0,0,0,0,0,1,1,0,0,0,1,0,0,0,0,0,8)
15:(0,0,0,1,0,0,0,0,0,1,1,0,0,1,1,0,0,0,0,0,0)
16:(0,0,0,1,0,0,1,0,0,0,0,0,0,0,0,0,0,0,0,0,8)
17:(0,0,0,1,0,0,1,1,0,0,0,0,0,0,0,0,0,0,0,0,8)
18:(0,0,0,1,0,0,1,1,0,0,0,1,0,0,0,0,0,0,0,0,0)
19:(0,0,0,1,0,0,1,1,0,0,1,1,0,0,0,0,0,0,0,0,0)
20:(0,0,0,1,0,1,0,0,0,0,0,0,0,0,0,0,0,0,0,0,0)
21:(0,0,0,1,0,1,0,0,0,0,0,0,0,0,0,0,0,0,0,0,4)
22:(0,0,0,1,0,1,0,0,0,0,0,0,0,0,0,0,0,0,0,0,8)
23:(0,0,0,1,0,1,0,0,0,1,0,0,0,0,0,0,0,0,0,0,0)
24:(0,0,0,1,0,1,0,0,0,1,0,0,0,0,0,0,0,0,0,0,8)
25:(0,0,0,1,0,1,0,0,0,1,1,0,0,0,0,0,0,0,0,0,0)
26:(0,0,0,1,0,1,0,0,0,1,1,0,0,0,0,0,0,0,0,0,8)
27:(0,0,0,1,0,1,0,0,0,1,1,0,0,0,1,0,0,0,0,0,8)
28:(0,0,0,1,0,1,0,0,0,1,1,0,0,1,1,0,0,0,0,0,0)
29:(0,0,0,1,0,1,0,1,0,0,0,0,0,0,0,0,0,0,0,0,4)
30:(0,0,0,1,0,1,1,0,0,0,0,0,0,0,0,0,0,0,0,0,4)
31:(0,0,0,1,0,1,1,0,0,0,0,0,0,0,0,0,0,0,0,0,8)
32:(0,0,0,1,0,1,1,0,0,0,1,0,0,0,0,0,0,0,0,0,8)
33:(0,0,0,1,0,1,1,0,0,0,1,0,0,0,1,0,0,0,0,0,8)
34:(0,0,0,1,0,1,1,0,0,0,1,0,0,1,1,0,0,0,0,0,12)
35:(0,0,0,1,0,1,1,0,0,1,1,0,0,0,0,0,0,0,0,0,0)
36:(0,0,0,1,0,1,1,0,0,1,1,0,0,0,0,0,0,0,0,0,4)
37:(0,0,0,1,0,1,1,0,0,1,1,0,0,1,1,0,0,0,0,0,0)
38:(0,0,0,1,0,1,1,1,0,0,0,0,0,0,0,0,0,0,0,0,4)
39:(0,0,0,1,0,1,1,1,0,0,0,0,0,0,0,0,0,0,0,0,8)
40:(0,0,0,1,0,1,1,1,0,0,0,1,0,0,0,0,0,0,0,0,0)
41:(0,0,0,1,0,1,1,1,0,0,0,1,0,0,0,0,0,0,0,0,4)
42:(0,0,0,1,0,1,1,1,0,0,1,0,0,0,0,0,0,0,0,0,8)
43:(0,0,0,1,0,1,1,1,0,0,1,0,0,0,1,0,0,0,0,0,8)
44:(0,0,0,1,0,1,1,1,0,0,1,0,0,1,1,0,0,0,0,0,12)
45:(0,0,0,1,0,1,1,1,0,0,1,1,0,0,0,0,0,0,0,0,8)
46:(0,0,0,1,0,1,1,1,0,0,1,1,0,0,1,0,0,0,0,0,8)
47:(0,0,0,1,0,1,1,1,0,0,1,1,0,1,1,0,0,0,0,0,12)
48:(0,0,0,1,0,1,1,1,0,1,0,1,0,0,0,0,0,0,0,0,0)
49:(0,0,0,1,0,1,1,1,0,1,1,0,0,0,0,0,0,0,0,0,0)
50:(0,0,0,1,0,1,1,1,0,1,1,0,0,0,0,0,0,0,0,0,4)
51:(0,0,0,1,0,1,1,1,0,1,1,0,0,1,1,0,0,0,0,0,0)
52:(0,0,0,1,0,1,1,1,0,1,1,1,0,0,0,0,0,0,0,0,0)
53:(0,0,0,1,0,1,1,1,0,1,1,1,0,0,0,0,0,0,0,0,4)
54:(0,0,0,1,0,1,1,1,0,1,1,1,0,0,0,1,0,0,0,0,0)
55:(0,0,0,1,0,1,1,1,0,1,1,1,0,0,0,1,0,0,0,0,4)
56:(0,0,0,1,0,1,1,1,0,1,1,1,0,0,0,1,0,0,0,1,0)
57:(0,0,0,1,0,1,1,1,0,1,1,1,0,0,0,1,0,0,0,1,4)
58:(0,0,0,1,0,1,1,1,0,1,1,1,0,0,0,1,0,0,1,1,4)
59:(0,0,0,1,0,1,1,1,0,1,1,1,0,0,1,0,0,0,0,0,0)
60:(0,0,0,1,0,1,1,1,0,1,1,1,0,0,1,1,0,0,0,0,0)
61:(0,0,0,1,0,1,1,1,0,1,1,1,0,0,1,1,0,0,0,0,8)
62:(0,0,0,1,0,1,1,1,0,1,1,1,0,0,1,1,0,0,0,1,0)
63:(0,0,0,1,0,1,1,1,0,1,1,1,0,0,1,1,0,0,0,1,8)
64:(0,0,0,1,0,1,1,1,0,1,1,1,0,0,1,1,0,0,1,1,4)
65:(0,0,0,1,0,1,1,1,0,1,1,1,0,0,1,1,0,0,1,1,8)
66:(0,0,0,1,0,1,1,1,0,1,1,1,0,0,1,1,0,1,1,1,8)
67:(0,0,0,1,0,1,1,1,0,1,1,1,0,1,1,0,0,0,0,0,0)
68:(0,0,0,1,0,1,1,1,0,1,1,1,0,1,1,1,0,0,0,0,0)
69:(0,0,0,1,0,1,1,1,0,1,1,1,0,1,1,1,0,0,0,1,0)
70:(0,0,0,1,0,1,1,1,0,1,1,1,0,1,1,1,0,0,1,1,4)
71:(0,0,0,1,0,1,1,1,0,1,1,1,0,1,1,1,0,1,1,1,8)
72:(0,0,0,1,0,1,1,1,0,1,1,1,0,1,1,1,1,1,1,1,12)
73:(0,0,0,1,0,1,1,1,0,1,1,1,1,1,1,1,1,1,1,1,16)
74:(0,0,0,2,0,0,0,0,0,0,0,0,0,0,0,0,0,0,0,0,0)
75:(0,0,0,2,0,0,0,0,0,0,0,0,0,0,0,0,0,0,0,0,4)
76:(0,0,0,2,0,0,0,0,0,0,0,0,0,0,0,0,0,0,0,0,8)
77:(0,0,0,2,0,0,0,0,0,0,0,0,0,0,0,0,0,0,0,0,12)
78:(0,0,0,2,0,0,0,0,0,0,0,0,0,0,0,0,0,0,0,0,16)
79:(0,0,0,2,0,0,0,0,0,1,0,0,0,0,0,0,0,0,0,0,8)
80:(0,0,0,2,0,0,0,0,0,1,1,0,0,0,0,0,0,0,0,0,0)
81:(0,0,0,2,0,0,0,0,0,1,1,0,0,0,0,0,0,0,0,0,8)
82:(0,0,0,2,0,0,0,0,0,1,1,0,0,0,1,0,0,0,0,0,8)
83:(0,0,0,2,0,0,0,0,0,1,1,0,0,1,1,0,0,0,0,0,0)
84:(0,0,0,2,0,0,1,1,0,0,0,1,0,0,0,0,0,0,0,0,0)
85:(0,0,0,2,0,1,0,0,0,1,1,0,0,1,1,0,0,0,0,0,0)
86:(0,0,0,2,0,1,1,0,0,1,1,0,0,1,1,0,0,0,0,0,0)
87:(0,0,0,2,0,1,1,1,0,1,1,0,0,1,1,0,0,0,0,0,0)
88:(0,0,0,2,0,1,1,1,0,1,1,1,0,1,1,0,0,0,0,0,0)
89:(0,0,0,2,0,1,1,1,0,1,1,1,0,1,1,1,0,0,0,0,0)
90:(0,0,0,2,0,1,1,1,0,1,1,1,0,1,1,1,0,0,0,1,0)
91:(0,0,0,2,0,1,1,1,0,1,1,1,0,1,1,1,0,0,1,1,4)
92:(0,0,0,2,0,1,1,1,0,1,1,1,0,1,1,1,0,1,1,1,8)
93:(0,0,0,2,0,1,1,1,0,1,1,1,0,1,1,1,1,1,1,1,12)
94:(0,0,0,2,0,1,1,1,0,1,1,1,1,1,1,1,1,1,1,1,16)
95:(0,0,0,2,0,1,1,1,1,1,1,1,1,1,1,1,1,1,1,1,20)
96:(0,0,0,3,0,0,0,0,0,0,0,0,0,0,0,0,0,0,0,0,8)
97:(0,0,0,3,0,0,0,0,0,1,1,0,0,1,1,0,0,0,0,0,0)
98:(0,0,0,3,1,1,1,1,1,1,1,1,1,1,1,1,1,1,1,1,24)
99:(0,0,1,1,0,0,0,0,0,0,0,0,0,0,0,0,0,1,0,0,22)
100:(0,0,1,1,0,0,0,0,0,0,0,0,0,1,0,0,1,1,0,0,22)
101:(0,0,1,1,0,0,0,0,0,0,1,0,0,0,0,0,0,0,0,0,22)
102:(0,0,1,1,0,0,0,0,0,0,1,0,0,0,1,0,0,0,0,0,22)
103:(0,0,1,1,0,0,0,0,0,1,0,0,0,0,0,0,0,0,0,0,22)
104:(0,0,1,1,0,0,0,0,0,1,1,0,0,0,0,0,0,0,0,0,22)
105:(0,0,1,1,0,0,0,0,0,1,1,0,0,0,1,0,0,0,0,0,22)
106:(0,0,1,1,0,0,0,0,0,1,1,0,0,1,1,0,0,0,0,0,22)
107:(0,0,1,1,0,0,1,1,0,0,1,1,0,0,0,0,0,0,0,0,2)
108:(0,0,1,1,0,1,0,0,0,1,0,0,0,0,0,0,0,0,0,0,22)
109:(0,0,1,2,0,0,0,0,0,1,0,0,0,0,0,0,0,0,0,0,22)
110:(0,0,1,2,0,0,0,0,0,1,1,0,0,0,1,0,0,0,0,0,22)
111:(0,0,1,2,0,0,0,0,0,1,1,0,0,1,1,0,0,0,0,0,22)
112:(0,0,1,2,0,0,1,1,0,0,0,1,0,0,0,0,0,0,0,0,22)
113:(0,0,1,2,0,1,0,0,0,1,1,0,0,1,1,0,0,0,0,0,22)
114:(0,0,1,2,0,1,1,0,0,1,1,0,0,1,1,0,0,0,0,0,22)
115:(0,0,1,2,0,1,1,1,0,1,1,0,0,1,1,0,0,0,0,0,22)
116:(0,0,1,2,0,1,1,1,0,1,1,1,0,1,1,0,0,0,0,0,22)
117:(0,0,1,2,0,1,1,1,0,1,1,1,0,1,1,1,0,0,0,0,22)
118:(0,0,1,2,0,1,1,1,0,1,1,1,0,1,1,1,0,0,0,1,22)
119:(0,0,1,2,0,1,1,1,0,1,1,1,0,1,1,1,0,0,1,1,22)
120:(0,0,1,2,0,1,1,1,0,1,1,1,0,1,1,1,0,1,1,1,22)
121:(0,0,1,2,0,1,1,1,0,1,1,1,0,1,1,1,1,1,1,1,22)
122:(0,0,1,2,0,1,1,1,0,1,1,1,1,1,1,1,1,1,1,1,22)
123:(0,0,1,2,0,1,1,1,1,1,1,1,1,1,1,1,1,1,1,1,22)
124:(0,0,1,3,0,0,0,0,0,1,1,0,0,1,1,0,0,0,0,0,22)
125:(0,0,1,3,0,1,1,1,1,1,1,1,1,1,1,1,1,1,1,1,22)
126:(0,0,2,1,0,0,0,0,0,0,0,0,0,0,0,0,0,1,0,0,20)
127:(0,0,2,1,0,0,0,0,0,0,0,0,0,1,0,0,1,1,0,0,20)
128:(0,0,2,1,0,0,1,1,0,0,1,1,1,0,0,0,0,0,0,0,4)
129:(0,0,2,2,0,0,0,0,0,1,1,0,0,0,1,0,0,0,0,0,20)
130:(0,0,2,2,0,0,0,0,0,1,1,0,0,1,1,0,0,0,0,0,20)
131:(0,0,2,2,0,1,0,0,0,1,1,0,0,1,1,0,0,0,0,0,20)
132:(0,0,2,2,0,1,1,1,0,1,1,1,0,1,1,1,0,0,0,0,20)
133:(0,0,2,2,0,1,1,1,0,1,1,1,0,1,1,1,0,0,0,1,20)
134:(0,0,2,2,0,1,1,1,0,1,1,1,0,1,1,1,0,0,1,1,20)
135:(0,0,2,2,0,1,1,1,0,1,1,1,0,1,1,1,0,1,1,1,20)
136:(0,0,2,2,0,1,1,1,0,1,1,1,0,1,1,1,1,1,1,1,20)
137:(0,0,2,2,0,1,1,1,0,1,1,1,1,1,1,1,1,1,1,1,20)
138:(0,0,2,3,0,0,0,0,0,1,1,0,0,1,1,0,0,0,0,0,20)
139:(0,0,2,3,0,1,1,1,0,1,1,1,1,1,1,1,1,1,1,1,20)
140:(0,0,3,1,0,0,0,0,0,0,0,0,0,0,0,0,0,1,0,0,18)
141:(0,0,3,1,0,0,0,0,0,0,0,0,0,1,0,0,1,1,0,0,18)
142:(0,0,3,1,0,0,1,1,0,0,1,1,1,0,0,0,1,0,0,0,6)
143:(0,0,3,2,0,1,1,1,0,1,1,1,0,1,1,1,1,1,1,1,18)
144:(0,0,3,3,0,1,1,1,0,1,1,1,0,1,1,1,1,1,1,1,18)
145:(0,1,0,1,0,0,0,0,0,0,0,0,0,0,0,0,0,0,0,0,2)
146:(0,1,0,1,0,0,0,0,0,0,0,0,0,0,0,0,0,0,0,0,6)
147:(0,1,0,1,0,0,0,0,0,0,0,0,0,0,0,0,0,0,0,0,10)
148:(0,1,0,1,0,0,0,0,0,0,0,0,0,0,0,0,0,0,0,0,14)
149:(0,1,0,1,0,0,0,0,0,0,0,0,0,0,0,0,0,0,0,0,18)
150:(0,1,0,1,0,0,0,0,0,0,0,0,0,0,0,0,0,1,0,0,2)
151:(0,1,0,1,0,0,0,0,0,0,0,0,0,1,0,0,1,1,0,0,2)
152:(0,1,0,1,0,0,0,0,0,0,1,0,0,0,0,0,0,0,0,0,2)
153:(0,1,0,1,0,0,0,0,0,0,1,0,0,0,1,0,0,0,0,0,2)
154:(0,1,0,1,0,0,1,0,0,0,0,0,0,0,0,0,0,0,0,0,22)
155:(0,1,0,1,0,0,1,1,0,0,0,0,0,0,0,0,0,0,0,0,22)
156:(0,1,0,1,0,0,1,1,0,0,0,1,0,0,0,0,0,0,0,0,22)
157:(0,1,0,1,0,0,1,1,0,0,1,1,0,0,0,0,0,0,0,0,22)
158:(0,1,0,1,0,1,0,0,0,0,0,0,0,0,0,0,0,0,0,0,18)
159:(0,1,0,1,0,1,0,0,0,0,0,0,0,0,0,0,0,0,0,0,22)
160:(0,1,0,1,0,1,0,0,0,1,1,0,0,0,0,0,0,0,0,0,22)
161:(0,1,0,1,0,1,0,0,0,1,1,0,0,0,1,0,0,0,0,0,22)
162:(0,1,0,1,0,1,0,0,0,1,1,0,0,1,1,0,0,0,0,0,22)
163:(0,1,0,1,0,1,0,1,0,0,0,0,0,0,0,0,0,0,0,0,22)
164:(0,1,0,1,0,1,1,0,0,0,0,0,0,0,0,0,0,0,0,0,22)
165:(0,1,0,1,0,1,1,0,0,0,1,0,0,0,0,0,0,0,0,0,22)
166:(0,1,0,1,0,1,1,0,0,0,1,0,0,0,1,0,0,0,0,0,22)
167:(0,1,0,1,0,1,1,0,0,0,1,0,0,1,1,0,0,0,0,0,22)
168:(0,1,0,1,0,1,1,0,0,1,1,0,0,0,0,0,0,0,0,0,22)
169:(0,1,0,1,0,1,1,0,0,1,1,0,0,1,1,0,0,0,0,0,22)
170:(0,1,0,1,0,1,1,1,0,0,0,0,0,0,0,0,0,0,0,0,22)
171:(0,1,0,1,0,1,1,1,0,0,0,1,0,0,0,0,0,0,0,0,22)
172:(0,1,0,1,0,1,1,1,0,0,1,0,0,0,0,0,0,0,0,0,22)
173:(0,1,0,1,0,1,1,1,0,0,1,0,0,0,1,0,0,0,0,0,22)
174:(0,1,0,1,0,1,1,1,0,0,1,0,0,1,1,0,0,0,0,0,22)
175:(0,1,0,1,0,1,1,1,0,0,1,1,0,0,0,0,0,0,0,0,22)
176:(0,1,0,1,0,1,1,1,0,0,1,1,0,0,1,0,0,0,0,0,22)
177:(0,1,0,1,0,1,1,1,0,0,1,1,0,1,1,0,0,0,0,0,22)
178:(0,1,0,1,0,1,1,1,0,1,0,1,0,0,0,0,0,0,0,0,22)
179:(0,1,0,1,0,1,1,1,0,1,1,0,0,0,0,0,0,0,0,0,22)
180:(0,1,0,1,0,1,1,1,0,1,1,0,0,1,1,0,0,0,0,0,22)
181:(0,1,0,1,0,1,1,1,0,1,1,1,0,0,0,0,0,0,0,0,22)
182:(0,1,0,1,0,1,1,1,0,1,1,1,0,0,0,1,0,0,0,0,22)
183:(0,1,0,1,0,1,1,1,0,1,1,1,0,0,0,1,0,0,0,1,22)
184:(0,1,0,1,0,1,1,1,0,1,1,1,0,0,0,1,0,0,1,1,22)
185:(0,1,0,1,0,1,1,1,0,1,1,1,0,0,1,0,0,0,0,0,22)
186:(0,1,0,1,0,1,1,1,0,1,1,1,0,0,1,1,0,0,0,0,22)
187:(0,1,0,1,0,1,1,1,0,1,1,1,0,0,1,1,0,0,0,1,22)
188:(0,1,0,1,0,1,1,1,0,1,1,1,0,0,1,1,0,0,1,1,22)
189:(0,1,0,1,0,1,1,1,0,1,1,1,0,0,1,1,0,1,1,1,22)
190:(0,1,0,1,0,1,1,1,0,1,1,1,0,1,1,0,0,0,0,0,22)
191:(0,1,0,1,0,1,1,1,0,1,1,1,0,1,1,1,0,0,0,0,22)
192:(0,1,0,1,0,1,1,1,0,1,1,1,0,1,1,1,0,0,0,1,22)
193:(0,1,0,1,0,1,1,1,0,1,1,1,0,1,1,1,0,0,1,1,22)
194:(0,1,0,1,0,1,1,1,0,1,1,1,0,1,1,1,0,1,1,1,22)
195:(0,1,0,1,0,1,1,1,0,1,1,1,0,1,1,1,1,1,1,1,22)
196:(0,1,0,1,0,1,1,1,0,1,1,1,1,1,1,1,1,1,1,1,22)
197:(0,1,0,2,0,0,0,0,0,0,0,0,0,0,0,0,0,0,0,0,10)
198:(0,1,0,2,0,0,0,0,0,0,0,0,0,0,0,0,0,0,0,0,14)
199:(0,1,0,2,0,0,0,0,0,0,0,0,0,0,0,0,0,0,0,0,18)
200:(0,1,0,2,0,0,0,0,0,1,1,0,0,0,0,0,0,0,0,0,22)
201:(0,1,0,2,0,1,0,0,0,0,0,0,0,0,0,0,0,0,0,0,2)
202:(0,1,0,2,0,1,0,0,0,0,0,0,0,0,0,0,0,0,0,0,6)
203:(0,1,0,2,0,1,0,0,0,0,0,0,0,0,0,0,0,0,0,0,10)
204:(0,1,0,2,0,1,0,0,0,1,1,0,0,0,0,0,0,0,0,0,2)
205:(0,1,0,2,0,1,0,0,0,1,1,0,0,1,1,0,0,0,0,0,2)
206:(0,1,0,2,0,1,1,1,0,0,0,1,0,0,0,0,0,0,0,0,2)
207:(0,1,0,3,0,0,0,0,0,0,0,0,0,0,0,0,0,0,0,0,10)
208:(0,1,0,3,0,1,0,0,0,1,1,0,0,1,1,0,0,0,0,0,2)
209:(0,1,1,1,0,0,0,0,0,0,0,0,0,0,0,0,0,0,0,0,8)
210:(0,1,1,1,0,0,0,0,0,0,0,0,0,0,0,0,0,0,0,0,12)
211:(0,1,1,1,0,0,0,0,0,0,1,0,0,0,0,0,0,0,0,0,20)
212:(0,1,1,1,0,0,0,0,0,0,1,0,0,0,1,0,0,0,0,0,20)
213:(0,1,1,1,0,0,0,0,0,1,0,0,0,0,0,0,0,0,0,0,4)
214:(0,1,1,1,0,0,0,0,0,1,0,0,0,0,0,0,0,0,0,0,12)
215:(0,1,1,1,0,0,0,0,0,1,0,0,0,0,0,0,0,0,0,0,20)
216:(0,1,1,1,0,0,0,0,0,1,1,0,0,0,0,0,0,0,0,0,20)
217:(0,1,1,1,0,0,0,0,0,1,1,0,0,0,1,0,0,0,0,0,20)
218:(0,1,1,1,0,0,0,0,0,1,1,0,0,1,1,0,0,0,0,0,20)
219:(0,1,1,1,0,0,1,0,0,0,1,0,0,0,0,0,0,0,0,0,20)
220:(0,1,1,1,0,0,1,0,0,1,1,0,0,0,0,0,0,0,0,0,20)
221:(0,1,1,1,0,0,1,0,0,1,1,0,0,1,1,0,0,0,0,0,20)
222:(0,1,1,1,0,0,1,1,0,1,1,0,0,0,0,0,0,0,0,0,20)
223:(0,1,1,1,0,0,1,1,0,1,1,0,0,1,1,0,0,0,0,0,20)
224:(0,1,1,1,0,0,1,1,0,1,1,1,0,0,0,0,0,0,0,0,20)
225:(0,1,1,1,0,0,1,1,0,1,1,1,0,0,0,1,0,0,0,0,20)
226:(0,1,1,1,0,0,1,1,0,1,1,1,0,0,0,1,0,0,0,1,20)
227:(0,1,1,1,0,0,1,1,0,1,1,1,0,0,1,0,0,0,0,0,20)
228:(0,1,1,1,0,0,1,1,0,1,1,1,0,0,1,1,0,0,0,0,20)
229:(0,1,1,1,0,0,1,1,0,1,1,1,0,0,1,1,0,0,0,1,20)
230:(0,1,1,1,0,0,1,1,0,1,1,1,0,0,1,1,0,0,1,1,20)
231:(0,1,1,1,0,0,1,1,0,1,1,1,0,0,1,1,0,1,1,1,20)
232:(0,1,1,1,0,0,1,1,0,1,1,1,0,1,1,0,0,0,0,0,20)
233:(0,1,1,1,0,0,1,1,0,1,1,1,0,1,1,1,0,0,0,0,20)
234:(0,1,1,1,0,0,1,1,0,1,1,1,0,1,1,1,0,0,0,1,20)
235:(0,1,1,1,0,0,1,1,0,1,1,1,0,1,1,1,0,0,1,1,20)
236:(0,1,1,1,0,0,1,1,0,1,1,1,0,1,1,1,0,1,1,1,20)
237:(0,1,1,1,0,0,1,1,0,1,1,1,0,1,1,1,1,1,1,1,20)
238:(0,1,1,1,0,0,1,1,0,1,1,1,1,1,1,1,1,1,1,1,20)
239:(0,1,1,1,0,1,0,0,0,1,0,0,0,0,0,0,0,0,0,0,20)
240:(0,1,1,2,0,0,0,0,0,1,0,0,0,0,0,0,0,0,0,0,12)
241:(0,1,1,2,0,0,0,0,0,1,0,0,0,0,0,0,0,0,0,0,16)
242:(0,1,1,2,0,0,0,0,0,1,0,0,0,0,0,0,0,0,0,0,20)
243:(0,1,1,2,0,0,1,1,0,0,0,1,0,0,0,0,0,0,0,0,20)
244:(0,1,1,2,0,1,0,0,0,1,0,0,0,0,0,0,0,0,0,0,4)
245:(0,1,1,2,0,1,0,0,0,1,0,0,0,0,0,0,0,0,0,0,12)
246:(0,1,1,2,0,1,1,0,0,1,1,0,0,1,1,0,0,0,0,0,20)
247:(0,1,1,2,0,1,1,1,0,1,0,1,0,0,0,0,0,0,0,0,4)
248:(0,1,1,2,0,1,1,1,0,1,1,0,0,1,1,0,0,0,0,0,20)
249:(0,1,1,2,0,1,1,1,0,1,1,1,0,1,1,0,0,0,0,0,20)
250:(0,1,1,3,0,0,0,0,0,1,0,0,0,0,0,0,0,0,0,0,12)
251:(0,1,2,1,0,0,0,0,0,0,0,0,0,0,0,0,0,0,0,0,14)
252:(0,1,2,1,0,0,0,0,0,0,0,0,0,1,0,0,0,0,0,0,10)
253:(0,1,2,1,0,0,0,0,0,0,0,0,0,1,0,0,0,0,0,0,14)
254:(0,1,2,1,0,0,0,0,0,0,1,0,0,1,1,0,0,0,0,0,18)
255:(0,1,2,1,0,0,1,0,0,0,1,0,0,1,1,0,0,0,0,0,18)
256:(0,1,2,1,0,0,1,1,0,0,1,0,0,1,1,0,0,0,0,0,18)
257:(0,1,2,1,0,0,1,1,0,0,1,1,0,1,1,0,0,0,0,0,18)
258:(0,1,2,1,0,0,1,1,0,0,1,1,0,1,1,1,0,0,0,0,18)
259:(0,1,2,1,0,0,1,1,0,0,1,1,0,1,1,1,0,0,0,1,18)
260:(0,1,2,1,0,0,1,1,0,0,1,1,0,1,1,1,0,0,1,1,18)
261:(0,1,2,1,0,0,1,1,0,0,1,1,0,1,1,1,0,1,1,1,18)
262:(0,1,2,1,0,0,1,1,0,0,1,1,1,1,1,1,1,1,1,1,18)
263:(0,1,2,2,0,0,0,0,0,1,1,0,0,0,1,0,0,0,0,0,18)
264:(0,1,2,2,0,0,0,0,0,1,1,0,0,1,1,0,0,0,0,0,18)
265:(0,1,2,2,0,1,0,0,0,1,1,0,0,1,1,0,0,0,0,0,18)
266:(0,1,2,2,0,1,1,0,0,0,1,0,0,1,1,0,0,0,0,0,18)
267:(0,1,2,2,0,1,1,1,0,0,1,0,0,1,1,0,0,0,0,0,18)
268:(0,1,2,2,0,1,1,1,0,0,1,1,0,1,1,0,0,0,0,0,18)
269:(0,1,2,2,0,1,1,1,0,1,1,1,0,1,1,1,0,0,0,0,18)
270:(0,1,2,2,0,1,1,1,0,1,1,1,0,1,1,1,0,0,0,1,18)
271:(0,1,2,2,0,1,1,1,0,1,1,1,0,1,1,1,0,0,1,1,18)
272:(0,1,2,2,0,1,1,1,0,1,1,1,0,1,1,1,0,1,1,1,18)
273:(0,1,2,3,0,0,0,0,0,1,1,0,0,1,1,0,0,0,0,0,18)
274:(0,1,3,1,0,0,0,0,0,0,0,0,0,0,0,0,0,1,0,0,16)
275:(0,1,3,1,0,0,0,0,0,0,0,0,0,1,0,0,0,1,0,0,16)
276:(0,1,3,1,0,0,1,1,0,0,1,1,0,0,1,1,0,1,1,1,16)
277:(0,1,3,1,0,0,1,1,0,0,1,1,1,0,0,0,1,1,0,0,8)
278:(0,1,3,2,0,1,1,1,0,1,1,1,0,0,1,1,0,1,1,1,16)
279:(0,1,3,2,0,1,1,1,0,1,1,1,0,1,1,1,0,1,1,1,16)
280:(0,1,3,3,0,1,1,1,0,1,1,1,0,1,1,1,0,1,1,1,16)
281:(0,2,0,1,0,0,0,0,0,0,0,0,0,0,0,0,0,0,0,0,4)
282:(0,2,0,1,0,0,0,0,0,0,0,0,0,0,0,0,0,0,0,0,8)
283:(0,2,0,1,0,0,0,0,0,0,0,0,0,0,0,0,0,0,0,0,12)
284:(0,2,0,1,0,0,0,0,0,0,0,0,0,0,0,0,0,0,0,0,16)
285:(0,2,0,1,0,0,0,0,0,0,1,0,0,0,1,0,0,0,0,0,16)
286:(0,2,0,1,0,0,0,0,0,0,1,0,0,1,1,0,0,0,0,0,16)
287:(0,2,0,1,0,0,0,1,0,0,0,0,0,0,0,0,0,0,0,0,16)
288:(0,2,0,1,0,0,0,1,0,0,0,0,0,0,0,0,0,0,0,0,20)
289:(0,2,0,1,0,0,1,0,0,0,0,0,0,0,0,0,0,0,0,0,4)
290:(0,2,0,1,0,0,1,0,0,0,0,0,0,0,0,0,0,0,0,0,8)
291:(0,2,0,1,0,0,1,0,0,0,0,0,0,0,0,0,0,0,0,0,12)
292:(0,2,0,1,0,0,1,0,0,0,0,0,0,0,0,0,0,0,0,0,16)
293:(0,2,0,1,0,0,1,0,0,0,0,0,0,0,0,0,0,0,0,0,20)
294:(0,2,0,1,0,0,1,0,0,0,0,0,0,0,0,0,0,1,0,0,4)
295:(0,2,0,1,0,0,1,0,0,0,0,0,0,1,0,0,1,1,0,0,4)
296:(0,2,0,1,0,0,1,0,0,0,1,0,0,0,0,0,0,0,0,0,4)
297:(0,2,0,1,0,0,1,0,0,0,1,0,0,0,0,0,0,0,0,0,8)
298:(0,2,0,1,0,0,1,0,0,0,1,0,0,0,1,0,0,0,0,0,4)
299:(0,2,0,1,0,0,1,0,0,0,1,0,0,0,1,0,0,0,0,0,20)
300:(0,2,0,1,0,0,1,0,0,0,1,0,0,1,1,0,0,0,0,0,20)
301:(0,2,0,1,0,0,1,1,0,0,0,0,0,0,0,0,0,0,0,0,12)
302:(0,2,0,1,0,0,1,1,0,0,0,0,0,0,0,0,0,0,0,0,16)
303:(0,2,0,1,0,0,1,1,0,0,0,0,0,0,0,0,0,0,0,0,20)
304:(0,2,0,1,0,0,1,1,0,0,0,1,0,0,0,0,0,0,0,0,20)
305:(0,2,0,1,0,0,1,1,0,0,1,0,0,0,0,0,0,0,0,0,20)
306:(0,2,0,1,0,0,1,1,0,0,1,0,0,0,1,0,0,0,0,0,20)
307:(0,2,0,1,0,0,1,1,0,0,1,0,0,1,1,0,0,0,0,0,20)
308:(0,2,0,1,0,0,1,1,0,0,1,1,0,0,0,0,0,0,0,0,20)
309:(0,2,0,1,0,0,1,1,0,0,1,1,0,0,1,0,0,0,0,0,20)
310:(0,2,0,1,0,0,1,1,0,0,1,1,0,1,1,0,0,0,0,0,20)
311:(0,2,0,1,0,0,1,1,0,1,0,1,0,0,0,0,0,0,0,0,20)
312:(0,2,0,1,0,0,1,1,0,1,1,1,0,0,0,1,0,0,1,1,20)
313:(0,2,0,2,0,0,0,0,0,1,1,0,0,0,0,0,0,0,0,0,20)
314:(0,2,0,2,0,0,1,0,0,0,0,0,0,0,0,0,0,0,0,0,12)
315:(0,2,0,2,0,1,0,0,0,0,0,0,0,0,0,0,0,0,0,0,8)
316:(0,2,0,2,0,1,1,0,0,0,0,0,0,0,0,0,0,0,0,0,8)
317:(0,2,0,2,0,1,1,0,0,0,0,0,0,0,0,0,0,0,0,0,12)
318:(0,2,0,2,0,1,1,0,0,1,1,0,0,0,0,0,0,0,0,0,4)
319:(0,2,0,2,0,1,1,0,0,1,1,0,0,0,0,0,0,0,0,0,8)
320:(0,2,0,2,0,1,1,0,0,1,1,0,0,1,1,0,0,0,0,0,4)
321:(0,2,0,2,0,1,1,1,0,0,0,0,0,0,0,0,0,0,0,0,12)
322:(0,2,0,3,0,1,1,0,0,1,1,0,0,1,1,0,0,0,0,0,4)
323:(0,2,1,1,0,0,0,0,0,0,0,0,0,0,0,0,0,0,0,0,10)
324:(0,2,1,1,0,0,0,0,0,0,0,0,0,0,0,0,0,0,0,0,14)
325:(0,2,1,1,0,0,0,0,0,0,1,0,0,0,0,0,0,0,0,0,6)
326:(0,2,1,1,0,0,0,0,0,0,1,0,0,0,0,0,0,0,0,0,14)
327:(0,2,1,1,0,0,0,0,0,0,1,0,0,0,0,0,0,0,0,0,18)
328:(0,2,1,1,0,0,0,0,0,0,1,0,0,0,1,0,0,0,0,0,14)
329:(0,2,1,1,0,0,0,0,0,0,1,0,0,0,1,0,0,0,0,0,18)
330:(0,2,1,1,0,0,0,0,0,0,1,0,0,1,1,0,0,0,0,0,14)
331:(0,2,1,1,0,0,0,0,0,0,1,0,0,1,1,0,0,0,0,0,18)
332:(0,2,1,1,0,0,0,0,0,1,0,0,0,0,0,0,0,0,0,0,14)
333:(0,2,1,1,0,0,0,0,0,1,1,0,0,0,0,0,0,0,0,0,6)
334:(0,2,1,1,0,0,0,1,0,0,1,0,0,0,0,0,0,0,0,0,18)
335:(0,2,1,1,0,0,0,1,0,0,1,1,0,0,0,0,0,0,0,0,18)
336:(0,2,1,1,0,0,1,0,0,0,1,0,0,0,0,0,0,0,0,0,14)
337:(0,2,1,1,0,0,1,0,0,0,1,0,0,0,0,0,0,0,0,0,18)
338:(0,2,1,1,0,0,1,1,0,0,0,1,0,0,0,0,0,0,0,0,14)
339:(0,2,1,1,0,0,1,1,0,0,1,0,0,0,0,0,0,0,0,0,14)
340:(0,2,1,1,0,0,1,1,0,0,1,0,0,0,0,0,0,0,0,0,18)
341:(0,2,1,1,0,0,1,1,0,0,1,1,0,0,0,0,0,0,0,0,14)
342:(0,2,1,1,0,0,1,1,0,0,1,1,0,0,0,0,0,0,0,0,18)
343:(0,2,1,1,0,0,1,1,0,0,1,1,0,0,0,1,0,0,0,0,18)
344:(0,2,1,1,0,0,1,1,0,0,1,1,0,0,0,1,0,0,0,1,18)
345:(0,2,1,1,0,0,1,1,0,0,1,1,0,0,1,0,0,0,0,0,18)
346:(0,2,1,1,0,0,1,1,0,0,1,1,0,0,1,1,0,0,0,0,18)
347:(0,2,1,1,0,0,1,1,0,0,1,1,0,0,1,1,0,0,0,1,18)
348:(0,2,1,1,0,0,1,1,0,0,1,1,0,0,1,1,0,0,1,1,18)
349:(0,2,1,1,0,0,1,1,0,0,1,1,0,0,1,1,0,1,1,1,18)
350:(0,2,1,1,0,0,1,1,0,0,1,1,0,1,1,1,1,1,1,1,18)
351:(0,2,1,2,0,0,0,0,0,1,1,0,0,0,0,0,0,0,0,0,14)
352:(0,2,1,2,0,0,0,0,0,1,1,0,0,0,0,0,0,0,0,0,18)
353:(0,2,1,2,0,0,1,1,0,0,0,1,0,0,0,0,0,0,0,0,18)
354:(0,2,1,2,0,1,0,0,0,1,1,0,0,0,0,0,0,0,0,0,6)
355:(0,2,1,2,0,1,0,0,0,1,1,0,0,0,0,0,0,0,0,0,14)
356:(0,2,1,2,0,1,1,0,0,0,1,0,0,0,0,0,0,0,0,0,14)
357:(0,2,1,2,0,1,1,1,0,0,1,0,0,0,0,0,0,0,0,0,14)
358:(0,2,1,2,0,1,1,1,0,0,1,1,0,0,0,0,0,0,0,0,14)
359:(0,2,1,2,0,1,1,1,0,1,1,1,0,0,0,0,0,0,0,0,6)
360:(0,2,1,3,0,0,0,0,0,1,1,0,0,0,0,0,0,0,0,0,14)
361:(0,2,2,1,0,0,0,0,0,0,0,0,0,0,1,0,0,0,0,0,12)
362:(0,2,2,1,0,0,0,0,0,0,0,0,0,0,1,0,0,0,0,0,16)
363:(0,2,2,1,0,0,0,0,0,0,0,0,0,1,1,0,0,0,0,0,12)
364:(0,2,2,1,0,0,0,0,0,0,0,0,0,1,1,0,0,0,0,0,16)
365:(0,2,2,1,0,0,0,0,0,0,1,0,0,0,1,0,0,0,0,0,16)
366:(0,2,2,1,0,0,0,0,0,1,1,0,0,0,0,0,0,0,0,0,8)
367:(0,2,2,1,0,0,1,0,0,0,1,0,0,0,1,0,0,0,0,0,16)
368:(0,2,2,1,0,0,1,1,0,0,0,1,0,0,1,0,0,0,0,0,16)
369:(0,2,2,1,0,0,1,1,0,0,0,1,0,0,1,1,0,0,0,0,16)
370:(0,2,2,1,0,0,1,1,0,0,0,1,0,0,1,1,0,0,0,1,16)
371:(0,2,2,1,0,0,1,1,0,0,0,1,0,0,1,1,0,0,1,1,16)
372:(0,2,2,1,0,0,1,1,0,0,0,1,0,0,1,1,0,1,1,1,16)
373:(0,2,2,1,0,0,1,1,0,0,0,1,0,1,1,1,1,1,1,1,16)
374:(0,2,2,1,0,0,1,1,0,0,1,0,0,0,1,0,0,0,0,0,16)
375:(0,2,2,1,0,0,1,1,0,0,1,1,0,0,1,0,0,0,0,0,16)
376:(0,2,2,1,0,0,1,1,0,0,1,1,0,0,1,1,0,0,0,0,16)
377:(0,2,2,1,0,0,1,1,0,0,1,1,0,0,1,1,0,0,0,1,16)
378:(0,2,2,1,0,0,1,1,0,0,1,1,0,0,1,1,0,0,1,1,16)
379:(0,2,2,1,0,0,1,1,0,0,1,1,1,0,1,1,1,1,1,1,16)
380:(0,2,2,2,0,0,0,0,0,1,1,0,0,0,1,0,0,0,0,0,16)
381:(0,2,2,2,0,1,0,0,0,1,1,0,0,0,1,0,0,0,0,0,16)
382:(0,2,2,2,0,1,1,0,0,0,1,0,0,0,1,0,0,0,0,0,16)
383:(0,2,2,2,0,1,1,1,0,0,1,0,0,0,1,0,0,0,0,0,16)
384:(0,2,2,2,0,1,1,1,0,0,1,1,0,0,1,0,0,0,0,0,16)
385:(0,2,2,2,0,1,1,1,0,1,1,1,0,0,1,0,0,0,0,0,8)
386:(0,2,2,2,0,1,1,1,0,1,1,1,0,0,1,1,0,0,0,0,16)
387:(0,2,2,2,0,1,1,1,0,1,1,1,0,0,1,1,0,0,0,1,16)
388:(0,2,2,2,0,1,1,1,0,1,1,1,0,0,1,1,0,0,1,1,16)
389:(0,2,2,3,0,0,0,0,0,1,1,0,0,0,1,0,0,0,0,0,16)
390:(0,2,3,1,0,0,0,0,0,1,1,0,0,0,0,0,0,0,1,0,10)
391:(0,2,3,1,0,0,1,1,0,0,0,1,0,0,0,1,0,0,0,1,14)
392:(0,2,3,1,0,0,1,1,0,0,0,1,0,0,0,1,0,0,1,1,14)
393:(0,2,3,1,0,0,1,1,0,0,0,1,0,0,0,1,0,1,1,1,14)
394:(0,2,3,1,0,0,1,1,0,0,0,1,0,1,0,1,1,1,1,1,14)
395:(0,2,3,1,0,0,1,1,0,0,1,1,0,0,0,1,0,0,1,1,14)
396:(0,2,3,1,0,0,1,1,0,0,1,1,0,0,1,1,0,0,1,1,14)
397:(0,2,3,1,0,0,1,1,0,0,1,1,1,0,0,0,1,1,1,0,10)
398:(0,2,3,2,0,1,1,1,0,1,1,1,0,0,0,1,0,0,0,1,14)
399:(0,2,3,2,0,1,1,1,0,1,1,1,0,0,0,1,0,0,1,1,14)
400:(0,2,3,2,0,1,1,1,0,1,1,1,0,0,1,1,0,0,1,1,14)
401:(0,2,3,2,0,1,1,1,0,1,1,1,0,1,1,1,0,0,1,1,14)
402:(0,2,3,3,0,1,1,1,0,1,1,1,0,1,1,1,0,0,1,1,14)
403:(0,3,0,1,0,0,0,0,0,0,0,0,0,0,0,0,0,0,0,0,14)
404:(0,3,0,1,0,0,0,1,0,0,0,0,0,0,0,0,0,0,0,0,10)
405:(0,3,0,1,0,0,0,1,0,0,0,0,0,0,0,0,0,0,0,0,14)
406:(0,3,0,1,0,0,0,1,0,0,0,0,0,0,0,0,0,0,0,0,18)
407:(0,3,0,1,0,0,0,1,0,0,0,1,0,0,0,0,0,0,0,0,18)
408:(0,3,0,1,0,0,0,1,0,0,1,0,0,0,1,0,0,0,0,0,18)
409:(0,3,0,1,0,0,0,1,0,0,1,0,0,1,1,0,0,0,0,0,18)
410:(0,3,0,1,0,0,0,1,0,0,1,1,0,0,1,0,0,0,0,0,18)
411:(0,3,0,1,0,0,0,1,0,0,1,1,0,1,1,0,0,0,0,0,18)
412:(0,3,0,1,0,0,0,1,0,1,0,1,0,0,0,0,0,0,0,0,18)
413:(0,3,0,1,0,0,0,1,0,1,1,1,0,0,0,1,0,0,1,1,18)
414:(0,3,0,1,0,0,1,1,0,0,0,0,0,0,0,0,0,0,0,0,6)
415:(0,3,0,1,0,0,1,1,0,0,0,0,0,0,0,0,0,0,0,0,10)
416:(0,3,0,1,0,0,1,1,0,0,0,0,0,0,0,0,0,0,0,0,14)
417:(0,3,0,1,0,0,1,1,0,0,0,0,0,0,0,0,0,1,0,0,6)
418:(0,3,0,1,0,0,1,1,0,0,0,0,0,1,0,0,1,1,0,0,6)
419:(0,3,0,1,0,0,1,1,0,0,1,0,0,0,0,0,0,0,0,0,6)
420:(0,3,0,1,0,0,1,1,0,0,1,0,0,0,0,0,0,0,0,0,10)
421:(0,3,0,1,0,0,1,1,0,0,1,0,0,0,1,0,0,0,0,0,6)
422:(0,3,0,2,0,0,1,1,0,0,0,0,0,0,0,0,0,0,0,0,14)
423:(0,3,0,2,0,1,0,1,0,0,0,0,0,0,0,0,0,0,0,0,10)
424:(0,3,0,2,0,1,1,1,0,0,0,0,0,0,0,0,0,0,0,0,10)
425:(0,3,0,2,0,1,1,1,0,1,1,0,0,0,0,0,0,0,0,0,6)
426:(0,3,0,2,0,1,1,1,0,1,1,0,0,0,0,0,0,0,0,0,10)
427:(0,3,0,2,0,1,1,1,0,1,1,0,0,1,1,0,0,0,0,0,6)
428:(0,3,0,3,0,1,1,1,0,1,1,0,0,1,1,0,0,0,0,0,6)
429:(0,3,1,1,0,0,0,0,0,0,0,1,0,0,0,0,0,0,0,0,16)
430:(0,3,1,1,0,0,0,0,0,0,1,1,0,0,1,0,0,0,0,0,16)
431:(0,3,1,1,0,0,0,0,0,0,1,1,0,1,1,0,0,0,0,0,16)
432:(0,3,1,1,0,0,0,0,0,1,0,1,0,0,0,0,0,0,0,0,16)
433:(0,3,1,1,0,0,0,0,0,1,1,1,0,0,0,1,0,0,1,1,16)
434:(0,3,1,1,0,0,0,1,0,0,0,1,0,0,0,0,0,0,0,0,16)
435:(0,3,1,1,0,0,1,1,0,0,0,0,0,0,0,0,0,0,0,0,8)
436:(0,3,1,1,0,0,1,1,0,0,0,0,0,0,0,0,0,0,0,0,12)
437:(0,3,1,1,0,0,1,1,0,0,0,1,0,0,0,0,0,0,0,0,8)
438:(0,3,1,1,0,0,1,1,0,0,0,1,0,0,0,0,0,0,0,0,12)
439:(0,3,1,1,0,0,1,1,0,0,0,1,0,0,0,0,0,0,0,0,16)
440:(0,3,1,1,0,0,1,1,0,0,0,1,0,0,0,0,0,1,0,0,8)
441:(0,3,1,1,0,0,1,1,0,0,0,1,0,0,0,1,0,0,0,0,16)
442:(0,3,1,1,0,0,1,1,0,0,0,1,0,0,0,1,0,0,0,1,16)
443:(0,3,1,1,0,0,1,1,0,0,0,1,0,1,0,0,1,1,0,0,8)
444:(0,3,1,1,0,0,1,1,0,0,1,1,0,0,0,0,0,0,0,0,8)
445:(0,3,1,1,0,0,1,1,0,0,1,1,0,0,0,0,0,0,0,0,12)
446:(0,3,1,1,0,0,1,1,0,0,1,1,0,0,1,0,0,0,0,0,8)
447:(0,3,1,2,0,0,1,1,0,0,0,1,0,0,0,0,0,0,0,0,16)
448:(0,3,1,2,0,1,1,1,0,0,0,1,0,0,0,0,0,0,0,0,12)
449:(0,3,1,2,0,1,1,1,0,1,1,1,0,0,0,0,0,0,0,0,8)
450:(0,3,1,2,0,1,1,1,0,1,1,1,0,0,0,0,0,0,0,0,12)
451:(0,3,1,2,0,1,1,1,0,1,1,1,0,1,1,0,0,0,0,0,8)
452:(0,3,1,3,0,1,1,1,0,1,1,1,0,1,1,0,0,0,0,0,8)
453:(0,3,2,1,0,0,0,0,0,1,1,0,0,0,0,1,0,0,1,1,14)
454:(0,3,2,1,0,0,1,1,0,0,0,0,0,0,0,0,0,0,0,0,10)
455:(0,3,2,1,0,0,1,1,0,0,0,0,0,0,0,1,0,0,0,0,14)
456:(0,3,2,1,0,0,1,1,0,0,0,0,0,0,0,1,0,0,0,1,14)
457:(0,3,2,1,0,0,1,1,0,0,0,1,0,0,0,1,0,0,0,0,10)
458:(0,3,2,1,0,0,1,1,0,0,0,1,0,0,0,1,0,0,0,0,14)
459:(0,3,2,1,0,0,1,1,0,0,0,1,0,0,0,1,0,1,0,0,10)
460:(0,3,2,1,0,0,1,1,0,0,0,1,0,1,0,1,1,1,0,0,10)
461:(0,3,2,1,0,0,1,1,0,0,1,1,0,0,0,0,0,0,0,0,10)
462:(0,3,2,1,0,0,1,1,0,0,1,1,0,0,0,1,0,0,0,0,10)
463:(0,3,2,1,0,0,1,1,0,0,1,1,0,0,0,1,0,0,0,0,14)
464:(0,3,2,1,0,0,1,1,0,0,1,1,0,0,0,1,0,0,0,1,14)
465:(0,3,2,1,0,0,1,1,0,0,1,1,0,0,1,1,0,0,0,0,10)
466:(0,3,2,1,0,0,1,1,0,0,1,1,1,0,0,1,1,1,1,1,14)
467:(0,3,2,2,0,1,1,1,0,1,1,1,0,0,0,1,0,0,0,0,10)
468:(0,3,2,2,0,1,1,1,0,1,1,1,0,0,0,1,0,0,0,0,14)
469:(0,3,2,2,0,1,1,1,0,1,1,1,0,0,1,1,0,0,0,0,10)
470:(0,3,2,2,0,1,1,1,0,1,1,1,0,1,1,1,0,0,0,0,10)
471:(0,3,2,3,0,1,1,1,0,1,1,1,0,1,1,1,0,0,0,0,10)
472:(0,3,3,1,0,0,0,0,0,1,1,0,0,0,0,0,0,0,1,1,12)
473:(0,3,3,1,0,0,1,1,0,0,0,0,0,0,0,0,0,0,0,1,12)
474:(0,3,3,1,0,0,1,1,0,0,0,1,0,0,0,1,0,0,0,1,12)
475:(0,3,3,1,0,0,1,1,0,0,0,1,0,0,0,1,0,1,0,1,12)
476:(0,3,3,1,0,0,1,1,0,0,0,1,0,1,0,1,1,1,0,1,12)
477:(0,3,3,1,0,0,1,1,0,0,1,1,0,0,0,0,0,0,0,1,12)
478:(0,3,3,1,0,0,1,1,0,0,1,1,0,0,0,1,0,0,0,1,12)
479:(0,3,3,1,0,0,1,1,0,0,1,1,0,0,1,1,0,0,0,1,12)
480:(0,3,3,1,0,0,1,1,0,0,1,1,1,0,0,0,1,1,1,1,12)
481:(0,3,3,2,0,1,1,1,0,1,1,1,0,0,0,1,0,0,0,1,12)
482:(0,3,3,2,0,1,1,1,0,1,1,1,0,0,1,1,0,0,0,1,12)
483:(0,3,3,2,0,1,1,1,0,1,1,1,0,1,1,1,0,0,0,1,12)
484:(0,3,3,3,0,1,1,1,0,1,1,1,0,1,1,1,0,0,0,1,12)
485:(1,0,0,1,0,0,0,0,0,0,0,0,0,0,0,0,0,0,0,0,16)
486:(1,0,0,1,0,0,0,0,0,0,0,0,0,0,0,0,0,0,0,0,20)
487:(1,0,0,2,0,0,0,0,0,0,0,0,0,0,0,0,0,0,0,0,0)
488:(1,0,0,2,0,0,0,0,0,0,0,0,0,0,0,0,0,0,0,0,4)
489:(1,0,0,2,0,0,0,0,0,0,0,0,0,0,0,0,0,0,0,0,8)
490:(1,0,0,2,0,0,0,0,0,1,1,0,0,0,0,0,0,0,0,0,0)
491:(1,0,0,2,0,0,0,0,0,1,1,0,0,1,1,0,0,0,0,0,0)
492:(1,0,0,2,0,0,1,1,0,0,0,1,0,0,0,0,0,0,0,0,0)
493:(1,0,0,3,0,0,0,0,0,1,1,0,0,1,1,0,0,0,0,0,0)
494:(1,0,1,1,0,0,1,1,0,0,1,1,0,0,0,0,0,0,0,0,2)
495:(1,0,1,3,0,1,1,1,1,1,1,1,1,1,1,1,1,1,1,1,22)
496:(1,0,2,1,0,0,1,1,0,0,1,1,1,0,0,0,0,0,0,0,4)
497:(1,0,2,2,0,1,1,1,0,1,1,1,1,1,1,1,1,1,1,1,20)
498:(1,0,2,3,0,1,1,1,0,1,1,1,1,1,1,1,1,1,1,1,20)
499:(1,0,3,1,0,0,1,1,0,0,1,1,1,0,0,0,1,0,0,0,6)
500:(1,0,3,2,0,1,1,1,0,1,1,1,0,1,1,1,1,1,1,1,18)
501:(1,0,3,3,0,1,1,1,0,1,1,1,0,1,1,1,1,1,1,1,18)
502:(1,1,0,1,0,0,0,0,0,0,0,0,0,0,0,0,0,0,0,0,2)
503:(1,1,0,1,0,0,0,0,0,0,0,0,0,0,0,0,0,0,0,0,6)
504:(1,1,0,1,0,0,0,0,0,0,0,0,0,0,0,0,0,0,0,0,10)
505:(1,1,0,1,0,0,0,0,0,0,0,0,0,0,0,0,0,0,0,0,14)
506:(1,1,0,1,0,0,0,0,0,0,0,0,0,0,0,0,0,0,0,0,18)
507:(1,1,0,1,0,0,0,0,0,0,0,0,0,0,0,0,0,1,0,0,2)
508:(1,1,0,1,0,0,0,0,0,0,0,0,0,1,0,0,1,1,0,0,2)
509:(1,1,0,1,0,0,0,0,0,0,1,0,0,0,0,0,0,0,0,0,2)
510:(1,1,0,1,0,0,0,0,0,0,1,0,0,0,1,0,0,0,0,0,2)
511:(1,1,0,1,0,1,0,0,0,0,0,0,0,0,0,0,0,0,0,0,18)
512:(1,1,0,2,0,0,0,0,0,0,0,0,0,0,0,0,0,0,0,0,10)
513:(1,1,0,2,0,0,0,0,0,0,0,0,0,0,0,0,0,0,0,0,14)
514:(1,1,0,2,0,0,0,0,0,0,0,0,0,0,0,0,0,0,0,0,18)
515:(1,1,0,2,0,1,0,0,0,0,0,0,0,0,0,0,0,0,0,0,2)
516:(1,1,0,2,0,1,0,0,0,0,0,0,0,0,0,0,0,0,0,0,6)
517:(1,1,0,2,0,1,0,0,0,0,0,0,0,0,0,0,0,0,0,0,10)
518:(1,1,0,2,0,1,0,0,0,1,1,0,0,0,0,0,0,0,0,0,2)
519:(1,1,0,2,0,1,0,0,0,1,1,0,0,1,1,0,0,0,0,0,2)
520:(1,1,0,2,0,1,1,1,0,0,0,1,0,0,0,0,0,0,0,0,2)
521:(1,1,0,3,0,0,0,0,0,0,0,0,0,0,0,0,0,0,0,0,10)
522:(1,1,0,3,0,1,0,0,0,1,1,0,0,1,1,0,0,0,0,0,2)
523:(1,1,1,1,0,0,0,0,0,0,0,0,0,0,0,0,0,0,0,0,8)
524:(1,1,1,1,0,0,0,0,0,0,0,0,0,0,0,0,0,0,0,0,12)
525:(1,1,1,1,0,0,0,0,0,1,0,0,0,0,0,0,0,0,0,0,4)
526:(1,1,1,1,0,0,0,0,0,1,1,0,0,0,0,0,0,0,0,0,20)
527:(1,1,1,1,0,0,0,0,0,1,1,0,0,0,1,0,0,0,0,0,20)
528:(1,1,1,1,0,0,0,0,0,1,1,0,0,1,1,0,0,0,0,0,20)
529:(1,1,1,1,0,0,1,0,0,0,1,0,0,0,0,0,0,0,0,0,20)
530:(1,1,1,1,0,0,1,0,0,1,1,0,0,0,0,0,0,0,0,0,20)
531:(1,1,1,1,0,0,1,0,0,1,1,0,0,1,1,0,0,0,0,0,20)
532:(1,1,1,1,0,0,1,1,0,1,1,0,0,0,0,0,0,0,0,0,20)
533:(1,1,1,1,0,0,1,1,0,1,1,0,0,1,1,0,0,0,0,0,20)
534:(1,1,1,1,0,0,1,1,0,1,1,1,0,0,0,0,0,0,0,0,20)
535:(1,1,1,1,0,0,1,1,0,1,1,1,0,0,0,1,0,0,0,0,20)
536:(1,1,1,1,0,0,1,1,0,1,1,1,0,0,0,1,0,0,0,1,20)
537:(1,1,1,1,0,0,1,1,0,1,1,1,0,0,1,0,0,0,0,0,20)
538:(1,1,1,1,0,0,1,1,0,1,1,1,0,0,1,1,0,0,0,0,20)
539:(1,1,1,1,0,0,1,1,0,1,1,1,0,0,1,1,0,0,0,1,20)
540:(1,1,1,1,0,0,1,1,0,1,1,1,0,0,1,1,0,0,1,1,20)
541:(1,1,1,1,0,0,1,1,0,1,1,1,0,0,1,1,0,1,1,1,20)
542:(1,1,1,1,0,0,1,1,0,1,1,1,0,1,1,0,0,0,0,0,20)
543:(1,1,1,1,0,0,1,1,0,1,1,1,0,1,1,1,0,0,0,0,20)
544:(1,1,1,1,0,0,1,1,0,1,1,1,0,1,1,1,0,0,0,1,20)
545:(1,1,1,1,0,0,1,1,0,1,1,1,0,1,1,1,0,0,1,1,20)
546:(1,1,1,1,0,0,1,1,0,1,1,1,0,1,1,1,0,1,1,1,20)
547:(1,1,1,1,0,0,1,1,0,1,1,1,0,1,1,1,1,1,1,1,20)
548:(1,1,1,1,0,0,1,1,0,1,1,1,1,1,1,1,1,1,1,1,20)
549:(1,1,1,2,0,0,0,0,0,1,0,0,0,0,0,0,0,0,0,0,12)
550:(1,1,1,2,0,0,0,0,0,1,0,0,0,0,0,0,0,0,0,0,16)
551:(1,1,1,2,0,1,0,0,0,1,0,0,0,0,0,0,0,0,0,0,4)
552:(1,1,1,2,0,1,0,0,0,1,0,0,0,0,0,0,0,0,0,0,12)
553:(1,1,1,2,0,1,1,1,0,1,0,1,0,0,0,0,0,0,0,0,4)
554:(1,1,1,3,0,0,0,0,0,1,0,0,0,0,0,0,0,0,0,0,12)
555:(1,1,2,1,0,0,0,0,0,0,0,0,0,0,0,0,0,0,0,0,14)
556:(1,1,2,1,0,0,0,0,0,0,0,0,0,1,0,0,0,0,0,0,10)
557:(1,1,2,1,0,0,0,0,0,0,0,0,0,1,0,0,0,0,0,0,14)
558:(1,1,2,1,0,0,0,0,0,0,1,0,0,1,1,0,0,0,0,0,18)
559:(1,1,2,1,0,0,1,0,0,0,1,0,0,1,1,0,0,0,0,0,18)
560:(1,1,2,1,0,0,1,1,0,0,1,0,0,1,1,0,0,0,0,0,18)
561:(1,1,2,1,0,0,1,1,0,0,1,1,0,1,1,0,0,0,0,0,18)
562:(1,1,2,1,0,0,1,1,0,0,1,1,0,1,1,1,0,0,0,0,18)
563:(1,1,2,1,0,0,1,1,0,0,1,1,0,1,1,1,0,0,0,1,18)
564:(1,1,2,1,0,0,1,1,0,0,1,1,0,1,1,1,0,0,1,1,18)
565:(1,1,2,1,0,0,1,1,0,0,1,1,0,1,1,1,0,1,1,1,18)
566:(1,1,2,1,0,0,1,1,0,0,1,1,1,1,1,1,1,1,1,1,18)
567:(1,1,2,2,0,1,1,0,0,0,1,0,0,1,1,0,0,0,0,0,18)
568:(1,1,2,2,0,1,1,1,0,0,1,0,0,1,1,0,0,0,0,0,18)
569:(1,1,2,2,0,1,1,1,0,0,1,1,0,1,1,0,0,0,0,0,18)
570:(1,1,3,1,0,0,0,0,0,0,0,0,0,1,0,0,0,1,0,0,16)
571:(1,1,3,1,0,0,1,1,0,0,1,1,0,0,1,1,0,1,1,1,16)
572:(1,1,3,1,0,0,1,1,0,0,1,1,1,0,0,0,1,1,0,0,8)
573:(1,1,3,2,0,1,1,1,0,1,1,1,0,0,1,1,0,1,1,1,16)
574:(1,1,3,2,0,1,1,1,0,1,1,1,0,1,1,1,0,1,1,1,16)
575:(1,1,3,3,0,1,1,1,0,1,1,1,0,1,1,1,0,1,1,1,16)
576:(1,2,0,1,0,0,0,0,0,0,0,0,0,0,0,0,0,0,0,0,4)
577:(1,2,0,1,0,0,0,0,0,0,0,0,0,0,0,0,0,0,0,0,8)
578:(1,2,0,1,0,0,0,0,0,0,0,0,0,0,0,0,0,0,0,0,12)
579:(1,2,0,1,0,0,0,0,0,0,0,0,0,0,0,0,0,0,0,0,16)
580:(1,2,0,1,0,0,0,0,0,0,1,0,0,0,1,0,0,0,0,0,16)
581:(1,2,0,1,0,0,0,0,0,0,1,0,0,1,1,0,0,0,0,0,16)
582:(1,2,0,1,0,0,0,1,0,0,0,0,0,0,0,0,0,0,0,0,16)
583:(1,2,0,1,0,0,0,1,0,0,0,0,0,0,0,0,0,0,0,0,20)
584:(1,2,0,1,0,0,1,0,0,0,0,0,0,0,0,0,0,0,0,0,4)
585:(1,2,0,1,0,0,1,0,0,0,0,0,0,0,0,0,0,0,0,0,8)
586:(1,2,0,1,0,0,1,0,0,0,0,0,0,0,0,0,0,0,0,0,12)
587:(1,2,0,1,0,0,1,0,0,0,0,0,0,0,0,0,0,0,0,0,16)
588:(1,2,0,1,0,0,1,0,0,0,0,0,0,0,0,0,0,0,0,0,20)
589:(1,2,0,1,0,0,1,0,0,0,0,0,0,0,0,0,0,1,0,0,4)
590:(1,2,0,1,0,0,1,0,0,0,0,0,0,1,0,0,1,1,0,0,4)
591:(1,2,0,1,0,0,1,0,0,0,1,0,0,0,0,0,0,0,0,0,4)
592:(1,2,0,1,0,0,1,0,0,0,1,0,0,0,0,0,0,0,0,0,8)
593:(1,2,0,1,0,0,1,0,0,0,1,0,0,0,1,0,0,0,0,0,4)
594:(1,2,0,1,0,0,1,0,0,0,1,0,0,0,1,0,0,0,0,0,20)
595:(1,2,0,1,0,0,1,0,0,0,1,0,0,1,1,0,0,0,0,0,20)
596:(1,2,0,1,0,0,1,1,0,0,0,0,0,0,0,0,0,0,0,0,12)
597:(1,2,0,1,0,0,1,1,0,0,0,0,0,0,0,0,0,0,0,0,16)
598:(1,2,0,1,0,0,1,1,0,0,0,0,0,0,0,0,0,0,0,0,20)
599:(1,2,0,1,0,0,1,1,0,0,0,1,0,0,0,0,0,0,0,0,20)
600:(1,2,0,1,0,0,1,1,0,0,1,0,0,0,0,0,0,0,0,0,20)
601:(1,2,0,1,0,0,1,1,0,0,1,0,0,0,1,0,0,0,0,0,20)
602:(1,2,0,1,0,0,1,1,0,0,1,0,0,1,1,0,0,0,0,0,20)
603:(1,2,0,1,0,0,1,1,0,0,1,1,0,0,0,0,0,0,0,0,20)
604:(1,2,0,1,0,0,1,1,0,0,1,1,0,0,1,0,0,0,0,0,20)
605:(1,2,0,1,0,0,1,1,0,0,1,1,0,1,1,0,0,0,0,0,20)
606:(1,2,0,1,0,0,1,1,0,1,0,1,0,0,0,0,0,0,0,0,20)
607:(1,2,0,1,0,0,1,1,0,1,1,1,0,0,0,1,0,0,1,1,20)
608:(1,2,0,2,0,0,1,0,0,0,0,0,0,0,0,0,0,0,0,0,12)
609:(1,2,0,2,0,1,0,0,0,0,0,0,0,0,0,0,0,0,0,0,8)
610:(1,2,0,2,0,1,1,0,0,0,0,0,0,0,0,0,0,0,0,0,8)
611:(1,2,0,2,0,1,1,0,0,0,0,0,0,0,0,0,0,0,0,0,12)
612:(1,2,0,2,0,1,1,0,0,1,1,0,0,0,0,0,0,0,0,0,4)
613:(1,2,0,2,0,1,1,0,0,1,1,0,0,0,0,0,0,0,0,0,8)
614:(1,2,0,2,0,1,1,0,0,1,1,0,0,1,1,0,0,0,0,0,4)
615:(1,2,0,2,0,1,1,1,0,0,0,0,0,0,0,0,0,0,0,0,12)
616:(1,2,0,3,0,1,1,0,0,1,1,0,0,1,1,0,0,0,0,0,4)
617:(1,2,1,1,0,0,0,0,0,0,0,0,0,0,0,0,0,0,0,0,10)
618:(1,2,1,1,0,0,0,0,0,0,0,0,0,0,0,0,0,0,0,0,14)
619:(1,2,1,1,0,0,0,0,0,0,1,0,0,0,0,0,0,0,0,0,6)
620:(1,2,1,1,0,0,0,0,0,0,1,0,0,0,0,0,0,0,0,0,14)
621:(1,2,1,1,0,0,0,0,0,0,1,0,0,0,0,0,0,0,0,0,18)
622:(1,2,1,1,0,0,0,0,0,0,1,0,0,0,1,0,0,0,0,0,14)
623:(1,2,1,1,0,0,0,0,0,0,1,0,0,0,1,0,0,0,0,0,18)
624:(1,2,1,1,0,0,0,0,0,0,1,0,0,1,1,0,0,0,0,0,14)
625:(1,2,1,1,0,0,0,0,0,0,1,0,0,1,1,0,0,0,0,0,18)
626:(1,2,1,1,0,0,0,0,0,1,0,0,0,0,0,0,0,0,0,0,14)
627:(1,2,1,1,0,0,0,1,0,0,1,0,0,0,0,0,0,0,0,0,18)
628:(1,2,1,1,0,0,0,1,0,0,1,1,0,0,0,0,0,0,0,0,18)
629:(1,2,1,1,0,0,1,0,0,0,1,0,0,0,0,0,0,0,0,0,14)
630:(1,2,1,1,0,0,1,0,0,0,1,0,0,0,0,0,0,0,0,0,18)
631:(1,2,1,1,0,0,1,1,0,0,0,1,0,0,0,0,0,0,0,0,14)
632:(1,2,1,1,0,0,1,1,0,0,1,0,0,0,0,0,0,0,0,0,14)
633:(1,2,1,1,0,0,1,1,0,0,1,0,0,0,0,0,0,0,0,0,18)
634:(1,2,1,1,0,0,1,1,0,0,1,1,0,0,0,0,0,0,0,0,14)
635:(1,2,1,1,0,0,1,1,0,0,1,1,0,0,0,0,0,0,0,0,18)
636:(1,2,1,1,0,0,1,1,0,0,1,1,0,0,0,1,0,0,0,0,18)
637:(1,2,1,1,0,0,1,1,0,0,1,1,0,0,0,1,0,0,0,1,18)
638:(1,2,1,1,0,0,1,1,0,0,1,1,0,0,1,0,0,0,0,0,18)
639:(1,2,1,1,0,0,1,1,0,0,1,1,0,0,1,1,0,0,0,0,18)
640:(1,2,1,1,0,0,1,1,0,0,1,1,0,0,1,1,0,0,0,1,18)
641:(1,2,1,1,0,0,1,1,0,0,1,1,0,0,1,1,0,0,1,1,18)
642:(1,2,1,1,0,0,1,1,0,0,1,1,0,0,1,1,0,1,1,1,18)
643:(1,2,1,1,0,0,1,1,0,0,1,1,0,1,1,1,1,1,1,1,18)
644:(1,2,1,2,0,0,0,0,0,1,1,0,0,0,0,0,0,0,0,0,14)
645:(1,2,1,2,0,1,0,0,0,1,1,0,0,0,0,0,0,0,0,0,6)
646:(1,2,1,2,0,1,0,0,0,1,1,0,0,0,0,0,0,0,0,0,14)
647:(1,2,1,2,0,1,1,0,0,0,1,0,0,0,0,0,0,0,0,0,14)
648:(1,2,1,2,0,1,1,1,0,0,1,0,0,0,0,0,0,0,0,0,14)
649:(1,2,1,2,0,1,1,1,0,0,1,1,0,0,0,0,0,0,0,0,14)
650:(1,2,1,2,0,1,1,1,0,1,1,1,0,0,0,0,0,0,0,0,6)
651:(1,2,1,3,0,0,0,0,0,1,1,0,0,0,0,0,0,0,0,0,14)
652:(1,2,2,1,0,0,0,0,0,0,0,0,0,0,1,0,0,0,0,0,12)
653:(1,2,2,1,0,0,0,0,0,0,0,0,0,0,1,0,0,0,0,0,16)
654:(1,2,2,1,0,0,0,0,0,0,0,0,0,1,1,0,0,0,0,0,12)
655:(1,2,2,1,0,0,0,0,0,0,0,0,0,1,1,0,0,0,0,0,16)
656:(1,2,2,1,0,0,0,0,0,0,1,0,0,0,1,0,0,0,0,0,16)
657:(1,2,2,1,0,0,0,0,0,1,1,0,0,0,0,0,0,0,0,0,8)
658:(1,2,2,1,0,0,1,0,0,0,1,0,0,0,1,0,0,0,0,0,16)
659:(1,2,2,1,0,0,1,1,0,0,0,1,0,0,1,0,0,0,0,0,16)
660:(1,2,2,1,0,0,1,1,0,0,0,1,0,0,1,1,0,0,0,0,16)
661:(1,2,2,1,0,0,1,1,0,0,0,1,0,0,1,1,0,0,0,1,16)
662:(1,2,2,1,0,0,1,1,0,0,0,1,0,0,1,1,0,0,1,1,16)
663:(1,2,2,1,0,0,1,1,0,0,0,1,0,0,1,1,0,1,1,1,16)
664:(1,2,2,1,0,0,1,1,0,0,0,1,0,1,1,1,1,1,1,1,16)
665:(1,2,2,1,0,0,1,1,0,0,1,0,0,0,1,0,0,0,0,0,16)
666:(1,2,2,1,0,0,1,1,0,0,1,1,0,0,1,0,0,0,0,0,16)
667:(1,2,2,1,0,0,1,1,0,0,1,1,0,0,1,1,0,0,0,0,16)
668:(1,2,2,1,0,0,1,1,0,0,1,1,0,0,1,1,0,0,0,1,16)
669:(1,2,2,1,0,0,1,1,0,0,1,1,0,0,1,1,0,0,1,1,16)
670:(1,2,2,1,0,0,1,1,0,0,1,1,1,0,1,1,1,1,1,1,16)
671:(1,2,2,2,0,0,0,0,0,1,1,0,0,0,1,0,0,0,0,0,16)
672:(1,2,2,2,0,1,0,0,0,1,1,0,0,0,1,0,0,0,0,0,16)
673:(1,2,2,2,0,1,1,0,0,0,1,0,0,0,1,0,0,0,0,0,16)
674:(1,2,2,2,0,1,1,1,0,0,1,0,0,0,1,0,0,0,0,0,16)
675:(1,2,2,2,0,1,1,1,0,0,1,1,0,0,1,0,0,0,0,0,16)
676:(1,2,2,2,0,1,1,1,0,1,1,1,0,0,1,0,0,0,0,0,8)
677:(1,2,2,2,0,1,1,1,0,1,1,1,0,0,1,1,0,0,0,0,16)
678:(1,2,2,2,0,1,1,1,0,1,1,1,0,0,1,1,0,0,0,1,16)
679:(1,2,2,2,0,1,1,1,0,1,1,1,0,0,1,1,0,0,1,1,16)
680:(1,2,2,3,0,0,0,0,0,1,1,0,0,0,1,0,0,0,0,0,16)
681:(1,2,3,1,0,0,0,0,0,1,1,0,0,0,0,0,0,0,1,0,10)
682:(1,2,3,1,0,0,1,1,0,0,0,1,0,0,0,1,0,0,0,1,14)
683:(1,2,3,1,0,0,1,1,0,0,0,1,0,0,0,1,0,0,1,1,14)
684:(1,2,3,1,0,0,1,1,0,0,0,1,0,0,0,1,0,1,1,1,14)
685:(1,2,3,1,0,0,1,1,0,0,0,1,0,1,0,1,1,1,1,1,14)
686:(1,2,3,1,0,0,1,1,0,0,1,1,0,0,0,1,0,0,1,1,14)
687:(1,2,3,1,0,0,1,1,0,0,1,1,0,0,1,1,0,0,1,1,14)
688:(1,2,3,1,0,0,1,1,0,0,1,1,1,0,0,0,1,1,1,0,10)
689:(1,2,3,2,0,1,1,1,0,1,1,1,0,0,0,1,0,0,0,1,14)
690:(1,2,3,2,0,1,1,1,0,1,1,1,0,0,0,1,0,0,1,1,14)
691:(1,2,3,2,0,1,1,1,0,1,1,1,0,0,1,1,0,0,1,1,14)
692:(1,2,3,2,0,1,1,1,0,1,1,1,0,1,1,1,0,0,1,1,14)
693:(1,2,3,3,0,1,1,1,0,1,1,1,0,1,1,1,0,0,1,1,14)
694:(1,3,0,1,0,0,0,0,0,0,0,0,0,0,0,0,0,0,0,0,14)
695:(1,3,0,1,0,0,0,1,0,0,0,0,0,0,0,0,0,0,0,0,10)
696:(1,3,0,1,0,0,0,1,0,0,0,0,0,0,0,0,0,0,0,0,14)
697:(1,3,0,1,0,0,0,1,0,0,0,0,0,0,0,0,0,0,0,0,18)
698:(1,3,0,1,0,0,0,1,0,0,0,1,0,0,0,0,0,0,0,0,18)
699:(1,3,0,1,0,0,0,1,0,0,1,0,0,0,1,0,0,0,0,0,18)
700:(1,3,0,1,0,0,0,1,0,0,1,0,0,1,1,0,0,0,0,0,18)
701:(1,3,0,1,0,0,0,1,0,0,1,1,0,0,1,0,0,0,0,0,18)
702:(1,3,0,1,0,0,0,1,0,0,1,1,0,1,1,0,0,0,0,0,18)
703:(1,3,0,1,0,0,0,1,0,1,0,1,0,0,0,0,0,0,0,0,18)
704:(1,3,0,1,0,0,0,1,0,1,1,1,0,0,0,1,0,0,1,1,18)
705:(1,3,0,1,0,0,1,1,0,0,0,0,0,0,0,0,0,0,0,0,6)
706:(1,3,0,1,0,0,1,1,0,0,0,0,0,0,0,0,0,0,0,0,10)
707:(1,3,0,1,0,0,1,1,0,0,0,0,0,0,0,0,0,0,0,0,14)
708:(1,3,0,1,0,0,1,1,0,0,0,0,0,0,0,0,0,1,0,0,6)
709:(1,3,0,1,0,0,1,1,0,0,0,0,0,1,0,0,1,1,0,0,6)
710:(1,3,0,1,0,0,1,1,0,0,1,0,0,0,0,0,0,0,0,0,6)
711:(1,3,0,1,0,0,1,1,0,0,1,0,0,0,0,0,0,0,0,0,10)
712:(1,3,0,1,0,0,1,1,0,0,1,0,0,0,1,0,0,0,0,0,6)
713:(1,3,0,2,0,0,1,1,0,0,0,0,0,0,0,0,0,0,0,0,14)
714:(1,3,0,2,0,1,0,1,0,0,0,0,0,0,0,0,0,0,0,0,10)
715:(1,3,0,2,0,1,1,1,0,0,0,0,0,0,0,0,0,0,0,0,10)
716:(1,3,0,2,0,1,1,1,0,1,1,0,0,0,0,0,0,0,0,0,6)
717:(1,3,0,2,0,1,1,1,0,1,1,0,0,0,0,0,0,0,0,0,10)
718:(1,3,0,2,0,1,1,1,0,1,1,0,0,1,1,0,0,0,0,0,6)
719:(1,3,0,3,0,1,1,1,0,1,1,0,0,1,1,0,0,0,0,0,6)
720:(1,3,1,1,0,0,0,0,0,0,0,1,0,0,0,0,0,0,0,0,16)
721:(1,3,1,1,0,0,0,0,0,0,1,1,0,0,1,0,0,0,0,0,16)
722:(1,3,1,1,0,0,0,0,0,0,1,1,0,1,1,0,0,0,0,0,16)
723:(1,3,1,1,0,0,0,0,0,1,0,1,0,0,0,0,0,0,0,0,16)
724:(1,3,1,1,0,0,0,0,0,1,1,1,0,0,0,1,0,0,1,1,16)
725:(1,3,1,1,0,0,0,1,0,0,0,1,0,0,0,0,0,0,0,0,16)
726:(1,3,1,1,0,0,1,1,0,0,0,0,0,0,0,0,0,0,0,0,12)
727:(1,3,1,1,0,0,1,1,0,0,0,1,0,0,0,0,0,0,0,0,8)
728:(1,3,1,1,0,0,1,1,0,0,0,1,0,0,0,0,0,0,0,0,12)
729:(1,3,1,1,0,0,1,1,0,0,0,1,0,0,0,0,0,0,0,0,16)
730:(1,3,1,1,0,0,1,1,0,0,0,1,0,0,0,0,0,1,0,0,8)
731:(1,3,1,1,0,0,1,1,0,0,0,1,0,0,0,1,0,0,0,0,16)
732:(1,3,1,1,0,0,1,1,0,0,0,1,0,0,0,1,0,0,0,1,16)
733:(1,3,1,1,0,0,1,1,0,0,0,1,0,1,0,0,1,1,0,0,8)
734:(1,3,1,1,0,0,1,1,0,0,1,1,0,0,0,0,0,0,0,0,8)
735:(1,3,1,1,0,0,1,1,0,0,1,1,0,0,0,0,0,0,0,0,12)
736:(1,3,1,1,0,0,1,1,0,0,1,1,0,0,1,0,0,0,0,0,8)
737:(1,3,1,2,0,1,1,1,0,0,0,1,0,0,0,0,0,0,0,0,12)
738:(1,3,1,2,0,1,1,1,0,1,1,1,0,0,0,0,0,0,0,0,8)
739:(1,3,1,2,0,1,1,1,0,1,1,1,0,0,0,0,0,0,0,0,12)
740:(1,3,1,2,0,1,1,1,0,1,1,1,0,1,1,0,0,0,0,0,8)
741:(1,3,1,3,0,1,1,1,0,1,1,1,0,1,1,0,0,0,0,0,8)
742:(1,3,2,1,0,0,0,0,0,1,1,0,0,0,0,1,0,0,1,1,14)
743:(1,3,2,1,0,0,1,1,0,0,0,0,0,0,0,0,0,0,0,0,10)
744:(1,3,2,1,0,0,1,1,0,0,0,0,0,0,0,1,0,0,0,0,14)
745:(1,3,2,1,0,0,1,1,0,0,0,0,0,0,0,1,0,0,0,1,14)
746:(1,3,2,1,0,0,1,1,0,0,0,1,0,0,0,1,0,0,0,0,10)
747:(1,3,2,1,0,0,1,1,0,0,0,1,0,0,0,1,0,0,0,0,14)
748:(1,3,2,1,0,0,1,1,0,0,0,1,0,0,0,1,0,1,0,0,10)
749:(1,3,2,1,0,0,1,1,0,0,0,1,0,1,0,1,1,1,0,0,10)
750:(1,3,2,1,0,0,1,1,0,0,1,1,0,0,0,0,0,0,0,0,10)
751:(1,3,2,1,0,0,1,1,0,0,1,1,0,0,0,1,0,0,0,0,10)
752:(1,3,2,1,0,0,1,1,0,0,1,1,0,0,0,1,0,0,0,0,14)
753:(1,3,2,1,0,0,1,1,0,0,1,1,0,0,0,1,0,0,0,1,14)
754:(1,3,2,1,0,0,1,1,0,0,1,1,0,0,1,1,0,0,0,0,10)
755:(1,3,2,1,0,0,1,1,0,0,1,1,1,0,0,1,1,1,1,1,14)
756:(1,3,2,2,0,1,1,1,0,1,1,1,0,0,0,1,0,0,0,0,10)
757:(1,3,2,2,0,1,1,1,0,1,1,1,0,0,0,1,0,0,0,0,14)
758:(1,3,2,2,0,1,1,1,0,1,1,1,0,0,1,1,0,0,0,0,10)
759:(1,3,2,2,0,1,1,1,0,1,1,1,0,1,1,1,0,0,0,0,10)
760:(1,3,2,3,0,1,1,1,0,1,1,1,0,1,1,1,0,0,0,0,10)
761:(1,3,3,1,0,0,0,0,0,1,1,0,0,0,0,0,0,0,1,1,12)
762:(1,3,3,1,0,0,1,1,0,0,0,0,0,0,0,0,0,0,0,1,12)
763:(1,3,3,1,0,0,1,1,0,0,0,1,0,0,0,1,0,0,0,1,12)
764:(1,3,3,1,0,0,1,1,0,0,0,1,0,0,0,1,0,1,0,1,12)
765:(1,3,3,1,0,0,1,1,0,0,0,1,0,1,0,1,1,1,0,1,12)
766:(1,3,3,1,0,0,1,1,0,0,1,1,0,0,0,0,0,0,0,1,12)
767:(1,3,3,1,0,0,1,1,0,0,1,1,0,0,0,1,0,0,0,1,12)
768:(1,3,3,1,0,0,1,1,0,0,1,1,0,0,1,1,0,0,0,1,12)
769:(1,3,3,1,0,0,1,1,0,0,1,1,1,0,0,0,1,1,1,1,12)
770:(1,3,3,2,0,1,1,1,0,1,1,1,0,0,0,1,0,0,0,1,12)
771:(1,3,3,2,0,1,1,1,0,1,1,1,0,0,1,1,0,0,0,1,12)
772:(1,3,3,2,0,1,1,1,0,1,1,1,0,1,1,1,0,0,0,1,12)
773:(1,3,3,3,0,1,1,1,0,1,1,1,0,1,1,1,0,0,0,1,12)
774:(2,0,0,0,0,0,0,0,0,0,0,0,0,0,0,0,0,0,0,0,0)
775:(2,0,0,0,0,0,0,0,0,0,0,0,0,0,0,0,0,0,0,0,4)
776:(2,0,0,0,0,0,0,0,0,0,0,0,0,0,0,0,0,0,0,0,8)
777:(2,0,0,0,0,0,0,0,0,0,0,0,0,0,0,0,0,0,0,0,12)
778:(2,0,0,0,0,0,0,0,0,0,0,0,0,0,0,0,0,0,0,0,16)
779:(2,0,0,0,0,0,0,0,0,0,0,0,0,0,0,0,0,0,0,0,20)
780:(2,0,0,0,0,0,0,0,0,0,0,0,0,0,0,0,0,1,0,0,0)
781:(2,0,0,0,0,0,0,0,0,0,0,0,0,0,1,0,0,0,0,0,4)
782:(2,0,0,0,0,0,0,0,0,0,0,0,0,0,1,0,0,0,0,0,8)
783:(2,0,0,0,0,0,0,0,0,0,0,0,0,1,0,0,0,0,0,0,4)
784:(2,0,0,0,0,0,0,0,0,0,0,0,0,1,0,0,0,0,0,0,8)
785:(2,0,0,0,0,0,0,0,0,0,0,0,0,1,0,0,0,1,0,0,8)
786:(2,0,0,0,0,0,0,0,0,0,0,0,0,1,0,0,1,1,0,0,0)
787:(2,0,0,0,0,0,0,0,0,0,0,0,0,1,1,0,0,0,0,0,4)
788:(2,0,0,0,0,0,0,0,0,0,0,0,0,1,1,0,0,0,0,0,8)
789:(2,0,0,0,0,0,0,0,0,0,0,1,0,0,0,0,0,0,0,0,8)
790:(2,0,0,0,0,0,0,0,0,0,1,0,0,0,0,0,0,0,0,0,0)
791:(2,0,0,0,0,0,0,0,0,0,1,0,0,0,0,0,0,0,0,0,8)
792:(2,0,0,0,0,0,0,0,0,0,1,0,0,0,0,0,0,0,0,0,12)
793:(2,0,0,0,0,0,0,0,0,0,1,0,0,0,1,0,0,0,0,0,0)
794:(2,0,0,0,0,0,0,0,0,0,1,0,0,0,1,0,0,0,0,0,8)
795:(2,0,0,0,0,0,0,0,0,0,1,0,0,0,1,0,0,0,0,0,12)
796:(2,0,0,0,0,0,0,0,0,0,1,0,0,1,1,0,0,0,0,0,8)
797:(2,0,0,0,0,0,0,0,0,0,1,0,0,1,1,0,0,0,0,0,12)
798:(2,0,0,0,0,0,0,0,0,0,1,1,0,0,1,0,0,0,0,0,8)
799:(2,0,0,0,0,0,0,0,0,0,1,1,0,1,1,0,0,0,0,0,8)
800:(2,0,0,0,0,0,0,0,0,1,0,0,0,0,0,0,0,0,0,0,0)
801:(2,0,0,0,0,0,0,0,0,1,0,0,0,0,0,0,0,0,0,0,8)
802:(2,0,0,0,0,0,0,0,0,1,0,1,0,0,0,0,0,0,0,0,8)
803:(2,0,0,0,0,0,0,0,0,1,1,0,0,0,0,0,0,0,0,0,0)
804:(2,0,0,0,0,0,0,0,0,1,1,0,0,0,0,0,0,0,0,0,16)
805:(2,0,0,0,0,0,0,0,0,1,1,0,0,0,0,0,0,0,1,0,0)
806:(2,0,0,0,0,0,0,0,0,1,1,0,0,0,0,0,0,0,1,1,0)
807:(2,0,0,0,0,0,0,0,0,1,1,0,0,0,0,1,0,0,1,1,4)
808:(2,0,0,0,0,0,0,0,0,1,1,0,0,0,1,0,0,0,0,0,16)
809:(2,0,0,0,0,0,0,0,0,1,1,0,0,1,1,0,0,0,0,0,16)
810:(2,0,0,0,0,0,0,0,0,1,1,1,0,0,0,1,0,0,1,1,8)
811:(2,0,0,0,0,0,0,1,0,0,0,0,0,0,0,0,0,0,0,0,4)
812:(2,0,0,0,0,0,0,1,0,0,0,0,0,0,0,0,0,0,0,0,8)
813:(2,0,0,0,0,0,0,1,0,0,0,0,0,0,0,0,0,0,0,0,12)
814:(2,0,0,0,0,0,0,1,0,0,0,0,0,0,0,0,0,0,0,0,16)
815:(2,0,0,0,0,0,0,1,0,0,0,1,0,0,0,0,0,0,0,0,8)
816:(2,0,0,0,0,0,0,1,0,0,0,1,0,0,0,0,0,0,0,0,12)
817:(2,0,0,0,0,0,0,1,0,0,1,0,0,0,0,0,0,0,0,0,12)
818:(2,0,0,0,0,0,0,1,0,0,1,0,0,0,1,0,0,0,0,0,12)
819:(2,0,0,0,0,0,0,1,0,0,1,0,0,1,1,0,0,0,0,0,12)
820:(2,0,0,0,0,0,0,1,0,0,1,1,0,0,0,0,0,0,0,0,12)
821:(2,0,0,0,0,0,0,1,0,0,1,1,0,0,1,0,0,0,0,0,12)
822:(2,0,0,0,0,0,0,1,0,0,1,1,0,1,1,0,0,0,0,0,12)
823:(2,0,0,0,0,0,0,1,0,1,0,1,0,0,0,0,0,0,0,0,12)
824:(2,0,0,0,0,0,0,1,0,1,1,1,0,0,0,1,0,0,1,1,12)
825:(2,0,0,0,0,0,1,0,0,0,0,0,0,0,0,0,0,0,0,0,0)
826:(2,0,0,0,0,0,1,0,0,0,0,0,0,0,0,0,0,0,0,0,4)
827:(2,0,0,0,0,0,1,0,0,0,0,0,0,0,0,0,0,0,0,0,8)
828:(2,0,0,0,0,0,1,0,0,0,0,0,0,0,0,0,0,0,0,0,12)
829:(2,0,0,0,0,0,1,0,0,0,0,0,0,0,0,0,0,0,0,0,16)
830:(2,0,0,0,0,0,1,0,0,0,0,0,0,0,0,0,0,1,0,0,0)
831:(2,0,0,0,0,0,1,0,0,0,0,0,0,1,0,0,1,1,0,0,0)
832:(2,0,0,0,0,0,1,0,0,0,1,0,0,0,0,0,0,0,0,0,0)
833:(2,0,0,0,0,0,1,0,0,0,1,0,0,0,0,0,0,0,0,0,4)
834:(2,0,0,0,0,0,1,0,0,0,1,0,0,0,0,0,0,0,0,0,8)
835:(2,0,0,0,0,0,1,0,0,0,1,0,0,0,0,0,0,0,0,0,12)
836:(2,0,0,0,0,0,1,0,0,0,1,0,0,0,0,0,0,0,0,0,16)
837:(2,0,0,0,0,0,1,0,0,0,1,0,0,0,1,0,0,0,0,0,0)
838:(2,0,0,0,0,0,1,0,0,0,1,0,0,0,1,0,0,0,0,0,8)
839:(2,0,0,0,0,0,1,0,0,0,1,0,0,0,1,0,0,0,0,0,16)
840:(2,0,0,0,0,0,1,0,0,0,1,0,0,1,1,0,0,0,0,0,12)
841:(2,0,0,0,0,0,1,0,0,0,1,0,0,1,1,0,0,0,0,0,16)
842:(2,0,0,0,0,0,1,0,0,1,1,0,0,0,0,0,0,0,0,0,16)
843:(2,0,0,0,0,0,1,0,0,1,1,0,0,1,1,0,0,0,0,0,16)
844:(2,0,0,0,0,0,1,1,0,0,0,0,0,0,0,0,0,0,0,0,0)
845:(2,0,0,0,0,0,1,1,0,0,0,0,0,0,0,0,0,0,0,0,4)
846:(2,0,0,0,0,0,1,1,0,0,0,0,0,0,0,0,0,0,0,0,8)
847:(2,0,0,0,0,0,1,1,0,0,0,0,0,0,0,0,0,0,0,0,12)
848:(2,0,0,0,0,0,1,1,0,0,0,0,0,0,0,0,0,0,0,0,16)
849:(2,0,0,0,0,0,1,1,0,0,0,0,0,0,0,0,0,0,0,1,0)
850:(2,0,0,0,0,0,1,1,0,0,0,0,0,0,0,0,0,1,0,0,0)
851:(2,0,0,0,0,0,1,1,0,0,0,0,0,0,0,1,0,0,0,0,4)
852:(2,0,0,0,0,0,1,1,0,0,0,0,0,0,0,1,0,0,0,1,4)
853:(2,0,0,0,0,0,1,1,0,0,0,0,0,1,0,0,1,1,0,0,0)
854:(2,0,0,0,0,0,1,1,0,0,0,1,0,0,0,0,0,0,0,0,0)
855:(2,0,0,0,0,0,1,1,0,0,0,1,0,0,0,0,0,0,0,0,4)
856:(2,0,0,0,0,0,1,1,0,0,0,1,0,0,0,0,0,0,0,0,8)
857:(2,0,0,0,0,0,1,1,0,0,0,1,0,0,0,0,0,0,0,0,16)
858:(2,0,0,0,0,0,1,1,0,0,0,1,0,0,0,0,0,1,0,0,0)
859:(2,0,0,0,0,0,1,1,0,0,0,1,0,0,0,1,0,0,0,0,0)
860:(2,0,0,0,0,0,1,1,0,0,0,1,0,0,0,1,0,0,0,0,4)
861:(2,0,0,0,0,0,1,1,0,0,0,1,0,0,0,1,0,0,0,0,8)
862:(2,0,0,0,0,0,1,1,0,0,0,1,0,0,0,1,0,0,0,1,0)
863:(2,0,0,0,0,0,1,1,0,0,0,1,0,0,0,1,0,0,0,1,4)
864:(2,0,0,0,0,0,1,1,0,0,0,1,0,0,0,1,0,0,0,1,8)
865:(2,0,0,0,0,0,1,1,0,0,0,1,0,0,0,1,0,0,1,1,4)
866:(2,0,0,0,0,0,1,1,0,0,0,1,0,0,0,1,0,1,0,0,0)
867:(2,0,0,0,0,0,1,1,0,0,0,1,0,0,0,1,0,1,0,1,0)
868:(2,0,0,0,0,0,1,1,0,0,0,1,0,0,0,1,0,1,1,1,4)
869:(2,0,0,0,0,0,1,1,0,0,0,1,0,0,1,0,0,0,0,0,8)
870:(2,0,0,0,0,0,1,1,0,0,0,1,0,0,1,1,0,0,0,0,8)
871:(2,0,0,0,0,0,1,1,0,0,0,1,0,0,1,1,0,0,0,1,8)
872:(2,0,0,0,0,0,1,1,0,0,0,1,0,0,1,1,0,0,1,1,8)
873:(2,0,0,0,0,0,1,1,0,0,0,1,0,0,1,1,0,1,1,1,8)
874:(2,0,0,0,0,0,1,1,0,0,0,1,0,1,0,0,1,1,0,0,0)
875:(2,0,0,0,0,0,1,1,0,0,0,1,0,1,0,1,1,1,0,0,0)
876:(2,0,0,0,0,0,1,1,0,0,0,1,0,1,0,1,1,1,0,1,0)
877:(2,0,0,0,0,0,1,1,0,0,0,1,0,1,0,1,1,1,1,1,4)
878:(2,0,0,0,0,0,1,1,0,0,0,1,0,1,1,1,1,1,1,1,8)
879:(2,0,0,0,0,0,1,1,0,0,1,0,0,0,0,0,0,0,0,0,0)
880:(2,0,0,0,0,0,1,1,0,0,1,0,0,0,0,0,0,0,0,0,4)
881:(2,0,0,0,0,0,1,1,0,0,1,0,0,0,0,0,0,0,0,0,8)
882:(2,0,0,0,0,0,1,1,0,0,1,0,0,0,0,0,0,0,0,0,12)
883:(2,0,0,0,0,0,1,1,0,0,1,0,0,0,0,0,0,0,0,0,16)
884:(2,0,0,0,0,0,1,1,0,0,1,0,0,0,1,0,0,0,0,0,0)
885:(2,0,0,0,0,0,1,1,0,0,1,0,0,0,1,0,0,0,0,0,8)
886:(2,0,0,0,0,0,1,1,0,0,1,0,0,0,1,0,0,0,0,0,16)
887:(2,0,0,0,0,0,1,1,0,0,1,0,0,1,1,0,0,0,0,0,12)
888:(2,0,0,0,0,0,1,1,0,0,1,0,0,1,1,0,0,0,0,0,16)
889:(2,0,0,0,0,0,1,1,0,0,1,1,0,0,0,0,0,0,0,0,0)
890:(2,0,0,0,0,0,1,1,0,0,1,1,0,0,0,0,0,0,0,0,4)
891:(2,0,0,0,0,0,1,1,0,0,1,1,0,0,0,0,0,0,0,0,8)
892:(2,0,0,0,0,0,1,1,0,0,1,1,0,0,0,0,0,0,0,0,12)
893:(2,0,0,0,0,0,1,1,0,0,1,1,0,0,0,0,0,0,0,0,16)
894:(2,0,0,0,0,0,1,1,0,0,1,1,0,0,0,0,0,0,0,1,0)
895:(2,0,0,0,0,0,1,1,0,0,1,1,0,0,0,1,0,0,0,0,0)
896:(2,0,0,0,0,0,1,1,0,0,1,1,0,0,0,1,0,0,0,0,4)
897:(2,0,0,0,0,0,1,1,0,0,1,1,0,0,0,1,0,0,0,0,12)
898:(2,0,0,0,0,0,1,1,0,0,1,1,0,0,0,1,0,0,0,1,0)
899:(2,0,0,0,0,0,1,1,0,0,1,1,0,0,0,1,0,0,0,1,4)
900:(2,0,0,0,0,0,1,1,0,0,1,1,0,0,0,1,0,0,0,1,12)
901:(2,0,0,0,0,0,1,1,0,0,1,1,0,0,0,1,0,0,1,1,4)
902:(2,0,0,0,0,0,1,1,0,0,1,1,0,0,1,0,0,0,0,0,0)
903:(2,0,0,0,0,0,1,1,0,0,1,1,0,0,1,0,0,0,0,0,8)
904:(2,0,0,0,0,0,1,1,0,0,1,1,0,0,1,0,0,0,0,0,12)
905:(2,0,0,0,0,0,1,1,0,0,1,1,0,0,1,0,0,0,0,0,16)
906:(2,0,0,0,0,0,1,1,0,0,1,1,0,0,1,1,0,0,0,0,0)
907:(2,0,0,0,0,0,1,1,0,0,1,1,0,0,1,1,0,0,0,0,8)
908:(2,0,0,0,0,0,1,1,0,0,1,1,0,0,1,1,0,0,0,0,12)
909:(2,0,0,0,0,0,1,1,0,0,1,1,0,0,1,1,0,0,0,1,0)
910:(2,0,0,0,0,0,1,1,0,0,1,1,0,0,1,1,0,0,0,1,8)
911:(2,0,0,0,0,0,1,1,0,0,1,1,0,0,1,1,0,0,0,1,12)
912:(2,0,0,0,0,0,1,1,0,0,1,1,0,0,1,1,0,0,1,1,4)
913:(2,0,0,0,0,0,1,1,0,0,1,1,0,0,1,1,0,0,1,1,8)
914:(2,0,0,0,0,0,1,1,0,0,1,1,0,0,1,1,0,0,1,1,12)
915:(2,0,0,0,0,0,1,1,0,0,1,1,0,0,1,1,0,1,1,1,8)
916:(2,0,0,0,0,0,1,1,0,0,1,1,0,0,1,1,0,1,1,1,12)
917:(2,0,0,0,0,0,1,1,0,0,1,1,0,1,1,0,0,0,0,0,12)
918:(2,0,0,0,0,0,1,1,0,0,1,1,0,1,1,0,0,0,0,0,16)
919:(2,0,0,0,0,0,1,1,0,0,1,1,0,1,1,1,0,0,0,0,12)
920:(2,0,0,0,0,0,1,1,0,0,1,1,0,1,1,1,0,0,0,1,12)
921:(2,0,0,0,0,0,1,1,0,0,1,1,0,1,1,1,0,0,1,1,12)
922:(2,0,0,0,0,0,1,1,0,0,1,1,0,1,1,1,0,1,1,1,12)
923:(2,0,0,0,0,0,1,1,0,0,1,1,0,1,1,1,1,1,1,1,12)
924:(2,0,0,0,0,0,1,1,0,0,1,1,1,0,0,0,0,0,0,0,0)
925:(2,0,0,0,0,0,1,1,0,0,1,1,1,0,0,0,1,0,0,0,0)
926:(2,0,0,0,0,0,1,1,0,0,1,1,1,0,0,0,1,1,0,0,0)
927:(2,0,0,0,0,0,1,1,0,0,1,1,1,0,0,0,1,1,1,0,0)
928:(2,0,0,0,0,0,1,1,0,0,1,1,1,0,0,0,1,1,1,1,0)
929:(2,0,0,0,0,0,1,1,0,0,1,1,1,0,0,1,1,1,1,1,4)
930:(2,0,0,0,0,0,1,1,0,0,1,1,1,0,1,1,1,1,1,1,8)
931:(2,0,0,0,0,0,1,1,0,0,1,1,1,1,1,1,1,1,1,1,12)
932:(2,0,0,0,0,0,1,1,0,1,0,1,0,0,0,0,0,0,0,0,16)
933:(2,0,0,0,0,0,1,1,0,1,1,0,0,0,0,0,0,0,0,0,16)
934:(2,0,0,0,0,0,1,1,0,1,1,0,0,1,1,0,0,0,0,0,16)
935:(2,0,0,0,0,0,1,1,0,1,1,1,0,0,0,0,0,0,0,0,16)
936:(2,0,0,0,0,0,1,1,0,1,1,1,0,0,0,1,0,0,0,0,16)
937:(2,0,0,0,0,0,1,1,0,1,1,1,0,0,0,1,0,0,0,1,16)
938:(2,0,0,0,0,0,1,1,0,1,1,1,0,0,0,1,0,0,1,1,16)
939:(2,0,0,0,0,0,1,1,0,1,1,1,0,0,1,0,0,0,0,0,16)
940:(2,0,0,0,0,0,1,1,0,1,1,1,0,0,1,1,0,0,0,0,16)
941:(2,0,0,0,0,0,1,1,0,1,1,1,0,0,1,1,0,0,0,1,16)
942:(2,0,0,0,0,0,1,1,0,1,1,1,0,0,1,1,0,0,1,1,16)
943:(2,0,0,0,0,0,1,1,0,1,1,1,0,0,1,1,0,1,1,1,16)
944:(2,0,0,0,0,0,1,1,0,1,1,1,0,1,1,0,0,0,0,0,16)
945:(2,0,0,0,0,0,1,1,0,1,1,1,0,1,1,1,0,0,0,0,16)
946:(2,0,0,0,0,0,1,1,0,1,1,1,0,1,1,1,0,0,0,1,16)
947:(2,0,0,0,0,0,1,1,0,1,1,1,0,1,1,1,0,0,1,1,16)
948:(2,0,0,0,0,0,1,1,0,1,1,1,0,1,1,1,0,1,1,1,16)
949:(2,0,0,0,0,0,1,1,0,1,1,1,0,1,1,1,1,1,1,1,16)
950:(2,0,0,0,0,0,1,1,0,1,1,1,1,1,1,1,1,1,1,1,16)
951:(2,0,0,0,0,1,0,0,0,0,0,0,0,0,0,0,0,0,0,0,16)
