(s,posx,posy,objs,gp0,gp1,gp2,gp3,gp4,gp5,gp6,gp7,gp8,gp9,gp10,gp11,gp12,gp13,gp14,gp15,b)
0:(0,0,0,1,0,0,0,0,0,0,0,0,0,0,0,0,0,0,0,1,0)
1:(0,0,0,1,0,0,0,0,0,0,0,0,0,1,0,0,1,1,0,0,0)
2:(0,0,0,1,0,0,0,0,0,0,1,0,0,0,0,0,0,0,0,0,0)
3:(0,0,0,1,0,0,0,0,0,0,1,0,0,0,1,0,0,0,0,0,0)
4:(0,0,0,1,0,0,0,0,0,0,1,0,0,0,1,0,0,0,0,0,12)
5:(0,0,0,1,0,0,0,0,0,1,1,0,0,0,1,0,0,0,0,0,12)
6:(0,0,0,1,0,0,0,0,0,1,1,0,0,1,1,0,0,0,0,0,0)
7:(0,0,0,1,0,0,1,1,0,0,1,1,0,0,0,0,0,0,0,0,0)
8:(0,0,0,1,0,1,0,0,0,1,1,0,0,1,1,0,0,0,0,0,0)
9:(0,0,0,1,0,1,1,0,0,1,1,0,0,1,1,0,0,0,0,0,0)
10:(0,0,0,1,0,1,1,1,0,1,1,0,0,1,1,0,0,0,0,0,0)
11:(0,0,0,1,0,1,1,1,0,1,1,1,0,1,1,0,0,0,0,0,0)
12:(0,0,0,1,0,1,1,1,0,1,1,1,0,1,1,1,0,0,0,0,0)
13:(0,0,0,1,0,1,1,1,0,1,1,1,0,1,1,1,0,0,0,1,0)
14:(0,0,0,1,0,1,1,1,0,1,1,1,0,1,1,1,0,0,1,1,4)
15:(0,0,0,1,0,1,1,1,0,1,1,1,0,1,1,1,0,1,1,1,8)
16:(0,0,0,1,0,1,1,1,0,1,1,1,0,1,1,1,1,1,1,1,12)
17:(0,0,0,1,0,1,1,1,0,1,1,1,1,1,1,1,1,1,1,1,16)
18:(0,0,0,1,0,1,1,1,1,1,1,1,1,1,1,1,1,1,1,1,20)
19:(0,0,0,2,0,0,0,0,0,1,1,0,0,1,1,0,0,0,0,0,0)
20:(0,0,0,2,1,1,1,1,1,1,1,1,1,1,1,1,1,1,1,1,24)
21:(0,0,1,1,0,0,0,0,0,0,0,0,0,0,0,0,0,0,0,1,22)
22:(0,0,1,1,0,0,0,0,0,0,0,0,0,1,0,0,1,1,0,0,22)
23:(0,0,1,1,0,0,0,0,0,0,1,0,0,0,0,0,0,0,0,0,22)
24:(0,0,1,1,0,0,0,0,0,0,1,0,0,0,1,0,0,0,0,0,22)
25:(0,0,1,1,0,0,0,0,0,1,1,0,0,0,1,0,0,0,0,0,22)
26:(0,0,1,1,0,0,0,0,0,1,1,0,0,1,1,0,0,0,0,0,22)
27:(0,0,1,1,0,0,1,1,0,0,1,1,0,0,0,0,0,0,0,0,2)
28:(0,0,1,1,0,1,1,1,1,1,1,1,1,1,1,1,1,1,1,1,22)
29:(0,0,1,2,0,0,0,0,0,1,1,0,0,1,1,0,0,0,0,0,22)
30:(0,0,1,2,0,1,1,1,1,1,1,1,1,1,1,1,1,1,1,1,22)
31:(0,0,2,1,0,0,0,0,0,0,0,0,0,0,0,0,0,0,0,1,20)
32:(0,0,2,1,0,0,0,0,0,0,0,0,0,1,0,0,1,1,0,0,20)
33:(0,0,2,1,0,0,0,0,0,0,1,0,0,0,1,0,0,0,0,0,20)
34:(0,0,2,1,0,0,1,1,0,0,1,1,1,0,0,0,0,0,0,0,4)
35:(0,0,2,1,0,1,1,1,0,1,1,1,1,1,1,1,1,1,1,1,20)
36:(0,0,2,2,0,0,0,0,0,1,1,0,0,1,1,0,0,0,0,0,20)
37:(0,0,2,2,0,1,1,1,0,1,1,1,1,1,1,1,1,1,1,1,20)
38:(0,0,3,1,0,0,0,0,0,0,0,0,0,0,0,0,0,0,0,1,18)
39:(0,0,3,1,0,0,0,0,0,0,0,0,0,1,0,0,1,1,0,0,18)
40:(0,0,3,1,0,0,1,1,0,0,1,1,1,0,0,0,1,0,0,0,6)
41:(0,0,3,1,0,1,1,1,0,1,1,1,0,1,1,1,1,1,1,1,18)
42:(0,0,3,2,0,1,1,1,0,1,1,1,0,1,1,1,1,1,1,1,18)
43:(0,1,0,1,0,0,0,0,0,0,0,0,0,0,0,0,0,0,0,1,2)
44:(0,1,0,1,0,0,0,0,0,0,0,0,0,1,0,0,1,1,0,0,2)
45:(0,1,0,1,0,0,0,0,0,0,1,0,0,0,0,0,0,0,0,0,2)
46:(0,1,0,1,0,0,0,0,0,0,1,0,0,0,1,0,0,0,0,0,2)
47:(0,1,0,1,0,0,0,1,0,0,0,0,0,0,0,0,0,0,0,0,10)
48:(0,1,0,1,0,0,1,1,0,0,1,1,0,0,0,0,0,0,0,0,22)
49:(0,1,0,1,0,1,0,0,0,1,1,0,0,1,1,0,0,0,0,0,2)
50:(0,1,0,1,0,1,0,0,0,1,1,0,0,1,1,0,0,0,0,0,22)
51:(0,1,0,1,0,1,1,0,0,1,1,0,0,1,1,0,0,0,0,0,22)
52:(0,1,0,1,0,1,1,1,0,1,1,0,0,1,1,0,0,0,0,0,22)
53:(0,1,0,1,0,1,1,1,0,1,1,1,0,1,1,0,0,0,0,0,22)
54:(0,1,0,1,0,1,1,1,0,1,1,1,0,1,1,1,0,0,0,0,22)
55:(0,1,0,1,0,1,1,1,0,1,1,1,0,1,1,1,0,0,0,1,22)
56:(0,1,0,1,0,1,1,1,0,1,1,1,0,1,1,1,0,0,1,1,22)
57:(0,1,0,1,0,1,1,1,0,1,1,1,0,1,1,1,0,1,1,1,22)
58:(0,1,0,1,0,1,1,1,0,1,1,1,0,1,1,1,1,1,1,1,22)
59:(0,1,0,1,0,1,1,1,0,1,1,1,1,1,1,1,1,1,1,1,22)
60:(0,1,0,2,0,0,0,0,0,0,1,0,0,0,1,0,0,0,0,0,14)
61:(0,1,0,2,0,1,0,0,0,1,1,0,0,1,1,0,0,0,0,0,2)
62:(0,1,1,1,0,0,0,0,0,0,0,0,0,0,0,0,0,0,0,1,4)
63:(0,1,1,1,0,0,0,0,0,0,1,0,0,0,0,0,0,0,0,0,20)
64:(0,1,1,1,0,0,0,0,0,1,1,0,0,0,1,0,0,0,0,0,20)
65:(0,1,1,1,0,0,0,0,0,1,1,0,0,1,1,0,0,0,0,0,20)
66:(0,1,1,1,0,0,1,0,0,1,1,0,0,1,1,0,0,0,0,0,20)
67:(0,1,1,1,0,0,1,1,0,1,1,0,0,1,1,0,0,0,0,0,20)
68:(0,1,1,1,0,0,1,1,0,1,1,1,0,1,1,0,0,0,0,0,20)
69:(0,1,1,1,0,0,1,1,0,1,1,1,0,1,1,1,0,0,0,0,20)
70:(0,1,1,1,0,0,1,1,0,1,1,1,0,1,1,1,0,0,0,1,20)
71:(0,1,1,1,0,0,1,1,0,1,1,1,0,1,1,1,0,0,1,1,20)
72:(0,1,1,1,0,0,1,1,0,1,1,1,0,1,1,1,0,1,1,1,20)
73:(0,1,1,1,0,0,1,1,0,1,1,1,0,1,1,1,1,1,1,1,20)
74:(0,1,1,1,0,0,1,1,0,1,1,1,1,1,1,1,1,1,1,1,20)
75:(0,1,1,2,0,0,0,0,0,0,1,0,0,0,1,0,0,0,0,0,12)
76:(0,1,1,2,0,0,0,0,0,1,1,0,0,0,1,0,0,0,0,0,16)
77:(0,1,2,1,0,0,0,0,0,0,0,0,0,1,0,0,0,0,0,0,14)
78:(0,1,2,1,0,0,0,0,0,0,0,0,0,1,0,0,0,0,0,1,6)
79:(0,1,2,1,0,0,0,0,0,0,1,0,0,0,1,0,0,0,0,0,18)
80:(0,1,2,1,0,0,0,0,0,0,1,0,0,1,1,0,0,0,0,0,18)
81:(0,1,2,1,0,0,1,0,0,0,1,0,0,1,1,0,0,0,0,0,18)
82:(0,1,2,1,0,0,1,1,0,0,1,0,0,1,1,0,0,0,0,0,18)
83:(0,1,2,1,0,0,1,1,0,0,1,1,0,1,1,0,0,0,0,0,18)
84:(0,1,2,1,0,0,1,1,0,0,1,1,0,1,1,1,0,0,0,0,18)
85:(0,1,2,1,0,0,1,1,0,0,1,1,0,1,1,1,0,0,1,1,18)
86:(0,1,2,1,0,0,1,1,0,0,1,1,0,1,1,1,0,1,1,1,18)
87:(0,1,2,1,0,0,1,1,0,0,1,1,1,1,1,1,1,1,1,1,18)
88:(0,1,2,2,0,0,0,0,0,0,1,0,0,0,1,0,0,0,0,0,10)
89:(0,1,2,2,0,0,0,0,0,1,1,0,0,1,1,0,0,0,0,0,18)
90:(0,1,3,1,0,0,0,0,0,0,0,0,0,0,0,0,0,0,0,1,16)
91:(0,1,3,1,0,0,0,0,0,0,0,0,0,1,0,0,0,1,0,0,16)
92:(0,1,3,1,0,0,1,1,0,0,1,1,0,0,1,1,0,1,1,1,16)
93:(0,1,3,1,0,0,1,1,0,0,1,1,1,0,0,0,1,1,0,0,8)
94:(0,1,3,1,0,1,1,1,0,1,1,1,0,1,1,1,0,1,1,1,16)
95:(0,1,3,2,0,1,1,1,0,1,1,1,0,1,1,1,0,1,1,1,16)
96:(0,2,0,1,0,0,0,1,0,0,0,0,0,0,0,0,0,0,0,0,8)
97:(0,2,0,1,0,0,1,0,0,0,0,0,0,0,0,0,0,0,0,0,8)
98:(0,2,0,1,0,0,1,0,0,0,0,0,0,0,0,0,0,0,0,0,12)
99:(0,2,0,1,0,0,1,0,0,0,0,0,0,1,0,0,1,1,0,0,4)
100:(0,2,0,1,0,0,1,0,0,0,1,0,0,0,0,0,0,0,0,0,4)
101:(0,2,0,1,0,0,1,0,0,0,1,0,0,0,0,0,0,0,0,0,8)
102:(0,2,0,1,0,0,1,0,0,0,1,0,0,0,1,0,0,0,0,0,4)
103:(0,2,0,1,0,0,1,1,0,0,0,0,0,0,0,0,0,0,0,0,12)
104:(0,2,0,1,0,0,1,1,0,0,0,1,0,1,1,1,0,0,0,1,16)
105:(0,2,0,1,0,0,1,1,0,0,1,1,0,0,0,0,0,0,0,0,20)
106:(0,2,0,1,0,1,1,0,0,1,1,0,0,1,1,0,0,0,0,0,4)
107:(0,2,0,2,0,1,1,0,0,1,1,0,0,1,1,0,0,0,0,0,4)
108:(0,2,1,1,0,0,0,0,0,0,1,0,0,0,0,0,0,0,0,0,6)
109:(0,2,1,1,0,0,0,0,0,0,1,0,0,0,0,0,0,0,0,0,14)
110:(0,2,1,1,0,0,0,0,0,0,1,0,0,0,0,0,0,0,0,0,18)
111:(0,2,1,1,0,0,0,1,0,0,1,1,0,0,0,0,0,0,0,0,18)
112:(0,2,1,1,0,0,1,0,0,0,1,0,0,0,0,0,0,0,0,0,14)
113:(0,2,1,1,0,0,1,1,0,0,1,0,0,0,0,0,0,0,0,0,14)
114:(0,2,1,1,0,0,1,1,0,0,1,1,0,0,0,0,0,0,0,0,14)
115:(0,2,1,1,0,0,1,1,0,0,1,1,0,1,1,1,0,0,0,1,18)
116:(0,2,1,1,0,0,1,1,0,0,1,1,0,1,1,1,1,1,1,1,18)
117:(0,2,2,1,0,0,0,0,0,0,0,0,0,1,1,0,0,0,0,1,8)
118:(0,2,2,1,0,0,0,0,0,0,1,0,0,0,1,0,0,0,0,0,16)
119:(0,2,2,1,0,0,1,0,0,0,1,0,0,0,1,0,0,0,0,0,16)
120:(0,2,2,1,0,0,1,1,0,0,0,1,0,1,1,1,1,1,1,1,16)
121:(0,2,2,1,0,0,1,1,0,0,1,0,0,0,1,0,0,0,0,0,16)
122:(0,2,2,1,0,0,1,1,0,0,1,1,0,0,1,0,0,0,0,0,16)
123:(0,2,2,1,0,0,1,1,0,0,1,1,0,0,1,1,0,0,0,0,16)
124:(0,2,2,1,0,0,1,1,0,0,1,1,0,0,1,1,0,0,1,1,16)
125:(0,2,2,1,0,0,1,1,0,0,1,1,1,0,1,1,1,1,1,1,16)
126:(0,2,2,2,0,0,0,0,0,0,1,0,0,0,1,0,0,0,0,0,8)
127:(0,2,3,1,0,0,0,0,0,0,0,0,0,0,0,0,0,0,0,1,14)
128:(0,2,3,1,0,0,1,1,0,0,0,1,0,1,0,1,1,1,1,1,14)
129:(0,2,3,1,0,0,1,1,0,0,1,1,0,0,0,1,0,0,1,1,14)
130:(0,2,3,1,0,0,1,1,0,0,1,1,0,0,1,1,0,0,1,1,14)
131:(0,2,3,1,0,0,1,1,0,0,1,1,1,0,0,0,1,1,1,0,10)
132:(0,2,3,1,0,1,1,1,0,1,1,1,0,1,1,1,0,0,1,1,14)
133:(0,2,3,2,0,1,1,1,0,1,1,1,0,1,1,1,0,0,1,1,14)
134:(0,3,0,1,0,0,0,1,0,0,0,0,0,0,0,0,0,0,0,0,6)
135:(0,3,0,1,0,0,0,1,0,0,0,0,0,0,0,0,0,0,0,0,14)
136:(0,3,0,1,0,0,0,1,0,0,0,1,0,1,1,1,0,0,0,1,14)
137:(0,3,0,1,0,0,1,1,0,0,0,0,0,0,0,0,0,0,0,0,10)
138:(0,3,0,1,0,0,1,1,0,0,0,0,0,1,0,0,1,1,0,0,6)
139:(0,3,0,1,0,0,1,1,0,0,1,0,0,0,0,0,0,0,0,0,6)
140:(0,3,0,1,0,0,1,1,0,0,1,0,0,0,0,0,0,0,0,0,10)
141:(0,3,0,1,0,0,1,1,0,0,1,0,0,0,1,0,0,0,0,0,6)
142:(0,3,0,1,0,1,1,1,0,1,1,0,0,1,1,0,0,0,0,0,6)
143:(0,3,0,2,0,1,1,1,0,1,1,0,0,1,1,0,0,0,0,0,6)
144:(0,3,1,1,0,0,0,0,0,0,0,1,0,1,1,1,0,0,0,1,12)
145:(0,3,1,1,0,0,0,1,0,0,0,1,0,0,0,0,0,0,0,0,16)
146:(0,3,1,1,0,0,1,1,0,0,0,1,0,0,0,0,0,0,0,0,12)
147:(0,3,1,1,0,0,1,1,0,0,0,1,0,1,0,0,1,1,0,0,8)
148:(0,3,1,1,0,0,1,1,0,0,1,1,0,0,0,0,0,0,0,0,8)
149:(0,3,1,1,0,0,1,1,0,0,1,1,0,0,0,0,0,0,0,0,12)
150:(0,3,1,1,0,0,1,1,0,0,1,1,0,0,1,0,0,0,0,0,8)
151:(0,3,1,1,0,1,1,1,0,1,1,1,0,1,1,0,0,0,0,0,8)
152:(0,3,1,2,0,1,1,1,0,1,1,1,0,1,1,0,0,0,0,0,8)
153:(0,3,2,1,0,0,0,0,0,0,0,0,0,1,1,1,0,0,0,1,10)
154:(0,3,2,1,0,0,1,1,0,0,0,1,0,1,0,1,1,1,0,0,10)
155:(0,3,2,1,0,0,1,1,0,0,1,1,0,0,0,1,0,0,0,0,10)
156:(0,3,2,1,0,0,1,1,0,0,1,1,0,0,0,1,0,0,0,0,14)
157:(0,3,2,1,0,0,1,1,0,0,1,1,0,0,1,1,0,0,0,0,10)
158:(0,3,2,1,0,0,1,1,0,0,1,1,1,0,0,1,1,1,1,1,14)
159:(0,3,2,1,0,1,1,1,0,1,1,1,0,1,1,1,0,0,0,0,10)
160:(0,3,2,2,0,1,1,1,0,1,1,1,0,1,1,1,0,0,0,0,10)
161:(0,3,3,1,0,0,0,0,0,0,0,0,0,0,0,0,0,0,0,1,12)
162:(0,3,3,1,0,0,1,1,0,0,0,1,0,1,0,1,1,1,0,1,12)
163:(0,3,3,1,0,0,1,1,0,0,1,1,0,0,0,1,0,0,0,1,12)
164:(0,3,3,1,0,0,1,1,0,0,1,1,0,0,1,1,0,0,0,1,12)
165:(0,3,3,1,0,0,1,1,0,0,1,1,1,0,0,0,1,1,1,1,12)
166:(0,3,3,1,0,1,1,1,0,1,1,1,0,1,1,1,0,0,0,1,12)
167:(0,3,3,2,0,1,1,1,0,1,1,1,0,1,1,1,0,0,0,1,12)
168:(1,0,0,1,0,0,0,0,0,1,1,0,0,1,1,0,0,0,0,0,0)
169:(1,0,0,2,0,0,0,0,0,1,1,0,0,1,1,0,0,0,0,0,0)
170:(1,0,1,1,0,0,1,1,0,0,1,1,0,0,0,0,0,0,0,0,2)
171:(1,0,1,2,0,1,1,1,1,1,1,1,1,1,1,1,1,1,1,1,22)
172:(1,0,2,1,0,0,1,1,0,0,1,1,1,0,0,0,0,0,0,0,4)
173:(1,0,2,1,0,1,1,1,0,1,1,1,1,1,1,1,1,1,1,1,20)
174:(1,0,2,2,0,1,1,1,0,1,1,1,1,1,1,1,1,1,1,1,20)
175:(1,0,3,1,0,0,1,1,0,0,1,1,1,0,0,0,1,0,0,0,6)
176:(1,0,3,1,0,1,1,1,0,1,1,1,0,1,1,1,1,1,1,1,18)
177:(1,0,3,2,0,1,1,1,0,1,1,1,0,1,1,1,1,1,1,1,18)
178:(1,1,0,1,0,0,0,0,0,0,0,0,0,0,0,0,0,0,0,0,6)
179:(1,1,0,1,0,0,0,0,0,0,0,0,0,0,0,0,0,0,0,0,10)
180:(1,1,0,1,0,0,0,0,0,0,0,0,0,1,0,0,1,1,0,0,2)
181:(1,1,0,1,0,0,0,0,0,0,1,0,0,0,0,0,0,0,0,0,2)
182:(1,1,0,1,0,0,0,0,0,0,1,0,0,0,1,0,0,0,0,0,2)
183:(1,1,0,1,0,0,0,1,0,0,0,0,0,0,0,0,0,0,0,0,10)
184:(1,1,0,1,0,1,0,0,0,1,1,0,0,1,1,0,0,0,0,0,2)
185:(1,1,0,2,0,0,0,0,0,0,1,0,0,0,1,0,0,0,0,0,14)
186:(1,1,0,2,0,1,0,0,0,1,1,0,0,1,1,0,0,0,0,0,2)
187:(1,1,1,1,0,0,0,0,0,0,0,0,0,0,0,0,0,0,0,0,12)
188:(1,1,1,1,0,0,0,0,0,0,0,0,0,0,0,0,0,0,0,1,4)
189:(1,1,1,1,0,0,0,0,0,1,1,0,0,1,1,0,0,0,0,0,20)
190:(1,1,1,1,0,0,1,0,0,1,1,0,0,1,1,0,0,0,0,0,20)
191:(1,1,1,1,0,0,1,1,0,1,1,0,0,1,1,0,0,0,0,0,20)
192:(1,1,1,1,0,0,1,1,0,1,1,1,0,1,1,0,0,0,0,0,20)
193:(1,1,1,1,0,0,1,1,0,1,1,1,0,1,1,1,0,0,0,0,20)
194:(1,1,1,1,0,0,1,1,0,1,1,1,0,1,1,1,0,0,0,1,20)
195:(1,1,1,1,0,0,1,1,0,1,1,1,0,1,1,1,0,0,1,1,20)
196:(1,1,1,1,0,0,1,1,0,1,1,1,0,1,1,1,0,1,1,1,20)
197:(1,1,1,1,0,0,1,1,0,1,1,1,0,1,1,1,1,1,1,1,20)
198:(1,1,1,1,0,0,1,1,0,1,1,1,1,1,1,1,1,1,1,1,20)
199:(1,1,1,2,0,0,0,0,0,1,1,0,0,0,1,0,0,0,0,0,16)
200:(1,1,2,1,0,0,0,0,0,0,0,0,0,1,0,0,0,0,0,0,14)
201:(1,1,2,1,0,0,0,0,0,0,0,0,0,1,0,0,0,0,0,1,6)
202:(1,1,2,1,0,0,0,0,0,0,1,0,0,0,1,0,0,0,0,0,18)
203:(1,1,2,1,0,0,0,0,0,0,1,0,0,1,1,0,0,0,0,0,18)
204:(1,1,2,1,0,0,1,0,0,0,1,0,0,1,1,0,0,0,0,0,18)
205:(1,1,2,1,0,0,1,1,0,0,1,0,0,1,1,0,0,0,0,0,18)
206:(1,1,2,1,0,0,1,1,0,0,1,1,0,1,1,0,0,0,0,0,18)
207:(1,1,2,1,0,0,1,1,0,0,1,1,0,1,1,1,0,0,0,0,18)
208:(1,1,2,1,0,0,1,1,0,0,1,1,0,1,1,1,0,0,1,1,18)
209:(1,1,2,1,0,0,1,1,0,0,1,1,0,1,1,1,0,1,1,1,18)
210:(1,1,2,1,0,0,1,1,0,0,1,1,1,1,1,1,1,1,1,1,18)
211:(1,1,3,1,0,0,0,0,0,0,0,0,0,1,0,0,0,1,0,0,16)
212:(1,1,3,1,0,0,1,1,0,0,1,1,0,0,1,1,0,1,1,1,16)
213:(1,1,3,1,0,0,1,1,0,0,1,1,1,0,0,0,1,1,0,0,8)
214:(1,1,3,1,0,1,1,1,0,1,1,1,0,1,1,1,0,1,1,1,16)
215:(1,1,3,2,0,1,1,1,0,1,1,1,0,1,1,1,0,1,1,1,16)
216:(1,2,0,1,0,0,0,0,0,0,0,0,0,0,0,0,0,0,0,0,4)
217:(1,2,0,1,0,0,0,0,0,0,0,0,0,0,0,0,0,0,0,0,12)
218:(1,2,0,1,0,0,0,0,0,0,0,0,0,0,0,0,0,0,0,0,16)
219:(1,2,0,1,0,0,1,0,0,0,0,0,0,0,0,0,0,0,0,0,8)
220:(1,2,0,1,0,0,1,0,0,0,0,0,0,0,0,0,0,0,0,0,12)
221:(1,2,0,1,0,0,1,0,0,0,0,0,0,1,0,0,1,1,0,0,4)
222:(1,2,0,1,0,0,1,0,0,0,1,0,0,0,0,0,0,0,0,0,4)
223:(1,2,0,1,0,0,1,0,0,0,1,0,0,0,0,0,0,0,0,0,8)
224:(1,2,0,1,0,0,1,0,0,0,1,0,0,0,1,0,0,0,0,0,4)
225:(1,2,0,1,0,0,1,1,0,0,0,0,0,0,0,0,0,0,0,0,12)
226:(1,2,0,1,0,0,1,1,0,0,0,1,0,1,1,1,0,0,0,1,16)
227:(1,2,0,1,0,1,1,0,0,1,1,0,0,1,1,0,0,0,0,0,4)
228:(1,2,0,2,0,1,1,0,0,1,1,0,0,1,1,0,0,0,0,0,4)
229:(1,2,1,1,0,0,0,0,0,0,1,0,0,0,0,0,0,0,0,0,6)
230:(1,2,1,1,0,0,0,0,0,0,1,0,0,0,0,0,0,0,0,0,14)
231:(1,2,1,1,0,0,0,1,0,0,1,1,0,0,0,0,0,0,0,0,18)
232:(1,2,1,1,0,0,1,0,0,0,1,0,0,0,0,0,0,0,0,0,14)
233:(1,2,1,1,0,0,1,1,0,0,1,0,0,0,0,0,0,0,0,0,14)
234:(1,2,1,1,0,0,1,1,0,0,1,1,0,0,0,0,0,0,0,0,14)
235:(1,2,1,1,0,0,1,1,0,0,1,1,0,1,1,1,0,0,0,1,18)
236:(1,2,1,1,0,0,1,1,0,0,1,1,0,1,1,1,1,1,1,1,18)
237:(1,2,1,2,0,0,0,0,0,0,1,0,0,0,0,0,0,0,0,0,6)
238:(1,2,2,1,0,0,0,0,0,0,0,0,0,1,1,0,0,0,0,1,8)
239:(1,2,2,1,0,0,0,0,0,0,1,0,0,0,1,0,0,0,0,0,16)
240:(1,2,2,1,0,0,1,0,0,0,1,0,0,0,1,0,0,0,0,0,16)
241:(1,2,2,1,0,0,1,1,0,0,0,1,0,1,1,1,1,1,1,1,16)
242:(1,2,2,1,0,0,1,1,0,0,1,0,0,0,1,0,0,0,0,0,16)
243:(1,2,2,1,0,0,1,1,0,0,1,1,0,0,1,0,0,0,0,0,16)
244:(1,2,2,1,0,0,1,1,0,0,1,1,0,0,1,1,0,0,0,0,16)
245:(1,2,2,1,0,0,1,1,0,0,1,1,0,0,1,1,0,0,1,1,16)
246:(1,2,2,1,0,0,1,1,0,0,1,1,1,0,1,1,1,1,1,1,16)
247:(1,2,3,1,0,0,1,1,0,0,0,1,0,1,0,1,1,1,1,1,14)
248:(1,2,3,1,0,0,1,1,0,0,1,1,0,0,0,1,0,0,1,1,14)
249:(1,2,3,1,0,0,1,1,0,0,1,1,0,0,1,1,0,0,1,1,14)
250:(1,2,3,1,0,0,1,1,0,0,1,1,1,0,0,0,1,1,1,0,10)
251:(1,2,3,1,0,1,1,1,0,1,1,1,0,1,1,1,0,0,1,1,14)
252:(1,2,3,2,0,1,1,1,0,1,1,1,0,1,1,1,0,0,1,1,14)
253:(1,3,0,1,0,0,0,1,0,0,0,0,0,0,0,0,0,0,0,0,14)
254:(1,3,0,1,0,0,0,1,0,0,0,1,0,1,1,1,0,0,0,1,14)
255:(1,3,0,1,0,0,1,1,0,0,0,0,0,0,0,0,0,0,0,0,10)
256:(1,3,0,1,0,0,1,1,0,0,0,0,0,1,0,0,1,1,0,0,6)
257:(1,3,0,1,0,0,1,1,0,0,1,0,0,0,0,0,0,0,0,0,6)
258:(1,3,0,1,0,0,1,1,0,0,1,0,0,0,0,0,0,0,0,0,10)
259:(1,3,0,1,0,0,1,1,0,0,1,0,0,0,1,0,0,0,0,0,6)
260:(1,3,0,1,0,1,1,1,0,1,1,0,0,1,1,0,0,0,0,0,6)
261:(1,3,0,2,0,1,1,1,0,1,1,0,0,1,1,0,0,0,0,0,6)
262:(1,3,1,1,0,0,0,0,0,0,0,1,0,1,1,1,0,0,0,1,12)
263:(1,3,1,1,0,0,0,1,0,0,0,1,0,0,0,0,0,0,0,0,16)
264:(1,3,1,1,0,0,1,1,0,0,0,1,0,0,0,0,0,0,0,0,12)
265:(1,3,1,1,0,0,1,1,0,0,0,1,0,1,0,0,1,1,0,0,8)
266:(1,3,1,1,0,0,1,1,0,0,1,1,0,0,0,0,0,0,0,0,8)
267:(1,3,1,1,0,0,1,1,0,0,1,1,0,0,0,0,0,0,0,0,12)
268:(1,3,1,1,0,0,1,1,0,0,1,1,0,0,1,0,0,0,0,0,8)
269:(1,3,1,1,0,1,1,1,0,1,1,1,0,1,1,0,0,0,0,0,8)
270:(1,3,1,2,0,1,1,1,0,1,1,1,0,1,1,0,0,0,0,0,8)
271:(1,3,2,1,0,0,0,0,0,0,0,0,0,0,0,0,0,0,0,0,10)
272:(1,3,2,1,0,0,0,0,0,0,0,0,0,1,1,1,0,0,0,1,10)
273:(1,3,2,1,0,0,1,1,0,0,0,1,0,1,0,1,1,1,0,0,10)
274:(1,3,2,1,0,0,1,1,0,0,1,1,0,0,0,1,0,0,0,0,10)
275:(1,3,2,1,0,0,1,1,0,0,1,1,0,0,0,1,0,0,0,0,14)
276:(1,3,2,1,0,0,1,1,0,0,1,1,0,0,1,1,0,0,0,0,10)
277:(1,3,2,1,0,0,1,1,0,0,1,1,1,0,0,1,1,1,1,1,14)
278:(1,3,2,1,0,1,1,1,0,1,1,1,0,1,1,1,0,0,0,0,10)
279:(1,3,2,2,0,1,1,1,0,1,1,1,0,1,1,1,0,0,0,0,10)
280:(1,3,3,1,0,0,1,1,0,0,0,1,0,1,0,1,1,1,0,1,12)
281:(1,3,3,1,0,0,1,1,0,0,1,1,0,0,0,1,0,0,0,1,12)
282:(1,3,3,1,0,0,1,1,0,0,1,1,0,0,1,1,0,0,0,1,12)
283:(1,3,3,1,0,0,1,1,0,0,1,1,1,0,0,0,1,1,1,1,12)
284:(1,3,3,1,0,1,1,1,0,1,1,1,0,1,1,1,0,0,0,1,12)
285:(1,3,3,2,0,1,1,1,0,1,1,1,0,1,1,1,0,0,0,1,12)
286:(2,0,0,0,0,0,0,0,0,0,0,0,0,0,0,0,0,0,0,0,0)
287:(2,0,0,0,0,0,0,0,0,0,0,0,0,0,0,0,0,0,0,0,4)
288:(2,0,0,0,0,0,0,0,0,0,0,0,0,0,0,0,0,0,0,0,8)
289:(2,0,0,0,0,0,0,0,0,0,0,0,0,0,0,0,0,0,0,0,12)
290:(2,0,0,0,0,0,0,0,0,0,0,0,0,0,0,0,0,0,0,1,0)
291:(2,0,0,0,0,0,0,0,0,0,0,0,0,1,0,0,0,0,0,0,8)
292:(2,0,0,0,0,0,0,0,0,0,0,0,0,1,0,0,0,0,0,1,0)
293:(2,0,0,0,0,0,0,0,0,0,0,0,0,1,0,0,0,1,0,0,8)
294:(2,0,0,0,0,0,0,0,0,0,0,0,0,1,0,0,1,1,0,0,0)
295:(2,0,0,0,0,0,0,0,0,0,0,0,0,1,1,0,0,0,0,1,0)
296:(2,0,0,0,0,0,0,0,0,0,0,0,0,1,1,1,0,0,0,1,0)
297:(2,0,0,0,0,0,0,0,0,0,0,1,0,1,1,1,0,0,0,1,4)
298:(2,0,0,0,0,0,0,0,0,0,1,0,0,0,0,0,0,0,0,0,0)
299:(2,0,0,0,0,0,0,0,0,0,1,0,0,0,0,0,0,0,0,0,8)
300:(2,0,0,0,0,0,0,0,0,0,1,0,0,0,1,0,0,0,0,0,0)
301:(2,0,0,0,0,0,0,0,0,0,1,0,0,0,1,0,0,0,0,0,8)
302:(2,0,0,0,0,0,0,0,0,0,1,0,0,0,1,0,0,0,0,0,12)
303:(2,0,0,0,0,0,0,0,0,0,1,0,0,1,1,0,0,0,0,0,12)
304:(2,0,0,0,0,0,0,0,0,1,1,0,0,1,1,0,0,0,0,0,0)
305:(2,0,0,0,0,0,0,0,0,1,1,0,0,1,1,0,0,0,0,0,16)
306:(2,0,0,0,0,0,0,1,0,0,0,0,0,0,0,0,0,0,0,0,8)
307:(2,0,0,0,0,0,0,1,0,0,0,1,0,0,0,0,0,0,0,0,8)
308:(2,0,0,0,0,0,0,1,0,0,0,1,0,1,1,1,0,0,0,1,8)
309:(2,0,0,0,0,0,0,1,0,0,1,1,0,0,0,0,0,0,0,0,12)
310:(2,0,0,0,0,0,1,0,0,0,0,0,0,0,0,0,0,0,0,0,4)
311:(2,0,0,0,0,0,1,0,0,0,0,0,0,0,0,0,0,0,0,0,8)
312:(2,0,0,0,0,0,1,0,0,0,0,0,0,1,0,0,1,1,0,0,0)
313:(2,0,0,0,0,0,1,0,0,0,1,0,0,0,0,0,0,0,0,0,0)
314:(2,0,0,0,0,0,1,0,0,0,1,0,0,0,0,0,0,0,0,0,4)
315:(2,0,0,0,0,0,1,0,0,0,1,0,0,0,0,0,0,0,0,0,8)
316:(2,0,0,0,0,0,1,0,0,0,1,0,0,0,1,0,0,0,0,0,0)
317:(2,0,0,0,0,0,1,0,0,0,1,0,0,0,1,0,0,0,0,0,8)
318:(2,0,0,0,0,0,1,0,0,0,1,0,0,1,1,0,0,0,0,0,12)
319:(2,0,0,0,0,0,1,0,0,1,1,0,0,1,1,0,0,0,0,0,16)
320:(2,0,0,0,0,0,1,1,0,0,0,0,0,0,0,0,0,0,0,0,4)
321:(2,0,0,0,0,0,1,1,0,0,0,0,0,0,0,0,0,0,0,0,8)
322:(2,0,0,0,0,0,1,1,0,0,0,0,0,1,0,0,1,1,0,0,0)
323:(2,0,0,0,0,0,1,1,0,0,0,1,0,0,0,0,0,0,0,0,4)
324:(2,0,0,0,0,0,1,1,0,0,0,1,0,1,0,0,1,1,0,0,0)
325:(2,0,0,0,0,0,1,1,0,0,0,1,0,1,0,1,1,1,0,0,0)
326:(2,0,0,0,0,0,1,1,0,0,0,1,0,1,0,1,1,1,0,1,0)
327:(2,0,0,0,0,0,1,1,0,0,0,1,0,1,0,1,1,1,1,1,4)
328:(2,0,0,0,0,0,1,1,0,0,0,1,0,1,1,1,0,0,0,1,12)
329:(2,0,0,0,0,0,1,1,0,0,0,1,0,1,1,1,1,1,1,1,8)
330:(2,0,0,0,0,0,1,1,0,0,1,0,0,0,0,0,0,0,0,0,0)
331:(2,0,0,0,0,0,1,1,0,0,1,0,0,0,0,0,0,0,0,0,4)
332:(2,0,0,0,0,0,1,1,0,0,1,0,0,0,0,0,0,0,0,0,8)
333:(2,0,0,0,0,0,1,1,0,0,1,0,0,0,1,0,0,0,0,0,0)
334:(2,0,0,0,0,0,1,1,0,0,1,0,0,0,1,0,0,0,0,0,8)
335:(2,0,0,0,0,0,1,1,0,0,1,0,0,1,1,0,0,0,0,0,12)
336:(2,0,0,0,0,0,1,1,0,0,1,1,0,0,0,0,0,0,0,0,0)
337:(2,0,0,0,0,0,1,1,0,0,1,1,0,0,0,0,0,0,0,0,4)
338:(2,0,0,0,0,0,1,1,0,0,1,1,0,0,0,0,0,0,0,0,8)
339:(2,0,0,0,0,0,1,1,0,0,1,1,0,0,0,1,0,0,0,0,0)
340:(2,0,0,0,0,0,1,1,0,0,1,1,0,0,0,1,0,0,0,0,4)
341:(2,0,0,0,0,0,1,1,0,0,1,1,0,0,0,1,0,0,0,1,0)
342:(2,0,0,0,0,0,1,1,0,0,1,1,0,0,0,1,0,0,1,1,4)
343:(2,0,0,0,0,0,1,1,0,0,1,1,0,0,1,0,0,0,0,0,0)
344:(2,0,0,0,0,0,1,1,0,0,1,1,0,0,1,0,0,0,0,0,8)
345:(2,0,0,0,0,0,1,1,0,0,1,1,0,0,1,1,0,0,0,0,0)
346:(2,0,0,0,0,0,1,1,0,0,1,1,0,0,1,1,0,0,0,0,8)
347:(2,0,0,0,0,0,1,1,0,0,1,1,0,0,1,1,0,0,0,1,0)
348:(2,0,0,0,0,0,1,1,0,0,1,1,0,0,1,1,0,0,1,1,4)
349:(2,0,0,0,0,0,1,1,0,0,1,1,0,0,1,1,0,0,1,1,8)
350:(2,0,0,0,0,0,1,1,0,0,1,1,0,0,1,1,0,1,1,1,8)
351:(2,0,0,0,0,0,1,1,0,0,1,1,0,1,1,0,0,0,0,0,12)
352:(2,0,0,0,0,0,1,1,0,0,1,1,0,1,1,1,0,0,0,0,12)
353:(2,0,0,0,0,0,1,1,0,0,1,1,0,1,1,1,0,0,0,1,12)
354:(2,0,0,0,0,0,1,1,0,0,1,1,0,1,1,1,0,0,1,1,12)
355:(2,0,0,0,0,0,1,1,0,0,1,1,0,1,1,1,0,1,1,1,12)
356:(2,0,0,0,0,0,1,1,0,0,1,1,0,1,1,1,1,1,1,1,12)
357:(2,0,0,0,0,0,1,1,0,0,1,1,1,0,0,0,0,0,0,0,0)
358:(2,0,0,0,0,0,1,1,0,0,1,1,1,0,0,0,1,0,0,0,0)
359:(2,0,0,0,0,0,1,1,0,0,1,1,1,0,0,0,1,1,0,0,0)
360:(2,0,0,0,0,0,1,1,0,0,1,1,1,0,0,0,1,1,1,0,0)
361:(2,0,0,0,0,0,1,1,0,0,1,1,1,0,0,0,1,1,1,1,0)
362:(2,0,0,0,0,0,1,1,0,0,1,1,1,0,0,1,1,1,1,1,4)
363:(2,0,0,0,0,0,1,1,0,0,1,1,1,0,1,1,1,1,1,1,8)
364:(2,0,0,0,0,0,1,1,0,0,1,1,1,1,1,1,1,1,1,1,12)
365:(2,0,0,0,0,0,1,1,0,1,1,0,0,1,1,0,0,0,0,0,16)
366:(2,0,0,0,0,0,1,1,0,1,1,1,0,1,1,0,0,0,0,0,16)
367:(2,0,0,0,0,0,1,1,0,1,1,1,0,1,1,1,0,0,0,0,16)
368:(2,0,0,0,0,0,1,1,0,1,1,1,0,1,1,1,0,0,0,1,16)
369:(2,0,0,0,0,0,1,1,0,1,1,1,0,1,1,1,0,0,1,1,16)
370:(2,0,0,0,0,0,1,1,0,1,1,1,0,1,1,1,0,1,1,1,16)
371:(2,0,0,0,0,0,1,1,0,1,1,1,0,1,1,1,1,1,1,1,16)
372:(2,0,0,0,0,0,1,1,0,1,1,1,1,1,1,1,1,1,1,1,16)
373:(2,0,0,0,0,1,0,0,0,1,1,0,0,1,1,0,0,0,0,0,0)
374:(2,0,0,0,0,1,1,0,0,1,1,0,0,1,1,0,0,0,0,0,0)
375:(2,0,0,0,0,1,1,1,0,1,1,0,0,1,1,0,0,0,0,0,0)
376:(2,0,0,0,0,1,1,1,0,1,1,1,0,1,1,0,0,0,0,0,0)
377:(2,0,0,0,0,1,1,1,0,1,1,1,0,1,1,1,0,0,0,0,0)
378:(2,0,0,0,0,1,1,1,0,1,1,1,0,1,1,1,0,0,0,1,0)
379:(2,0,0,0,0,1,1,1,0,1,1,1,0,1,1,1,0,0,1,1,4)
380:(2,0,0,0,0,1,1,1,0,1,1,1,0,1,1,1,0,1,1,1,8)
381:(2,0,0,0,0,1,1,1,0,1,1,1,0,1,1,1,1,1,1,1,12)
382:(2,0,0,0,0,1,1,1,0,1,1,1,1,1,1,1,1,1,1,1,16)
