(s,posx,posy,objs,gp0,gp1,gp2,gp3,gp4,gp5,gp6,gp7,gp8,gp9,gp10,gp11,gp12,gp13,gp14,gp15,b)
0:(0,0,0,1,0,0,0,0,0,0,0,0,0,0,0,0,0,0,0,0,8)
1:(0,0,0,1,0,0,0,0,0,1,1,0,0,1,1,0,0,0,0,0,0)
2:(0,0,0,1,1,1,1,1,1,1,1,1,1,1,1,1,1,1,1,1,24)
3:(0,0,1,1,0,0,0,0,0,1,1,0,0,1,1,0,0,0,0,0,22)
4:(0,0,1,1,0,1,1,1,1,1,1,1,1,1,1,1,1,1,1,1,22)
5:(0,0,2,1,0,1,1,1,0,1,1,1,1,1,1,1,1,1,1,1,20)
6:(0,0,3,1,0,1,1,1,0,1,1,1,0,1,1,1,1,1,1,1,18)
7:(0,1,0,1,0,0,0,0,0,0,0,0,0,0,0,0,0,0,0,0,10)
8:(0,1,0,1,0,1,0,0,0,1,1,0,0,1,1,0,0,0,0,0,2)
9:(0,1,1,1,0,0,0,0,0,1,1,0,0,1,1,0,0,0,0,0,20)
10:(0,1,2,1,0,0,0,0,0,0,1,0,0,1,1,0,0,0,0,0,18)
11:(0,1,3,1,0,1,1,1,0,1,1,1,0,1,1,1,0,1,1,1,16)
12:(0,2,0,1,0,0,0,0,0,0,0,0,0,0,0,0,0,0,0,0,12)
13:(0,2,0,1,0,1,1,0,0,1,1,0,0,1,1,0,0,0,0,0,4)
14:(0,2,1,1,0,0,0,0,0,0,1,0,0,0,0,0,0,0,0,0,14)
15:(0,2,2,1,0,0,0,0,0,0,1,0,0,0,1,0,0,0,0,0,16)
16:(0,2,3,1,0,1,1,1,0,1,1,1,0,1,1,1,0,0,1,1,14)
17:(0,3,0,1,0,1,1,1,0,1,1,0,0,1,1,0,0,0,0,0,6)
18:(0,3,1,1,0,1,1,1,0,1,1,1,0,1,1,0,0,0,0,0,8)
19:(0,3,2,1,0,1,1,1,0,1,1,1,0,1,1,1,0,0,0,0,10)
20:(0,3,3,1,0,1,1,1,0,1,1,1,0,1,1,1,0,0,0,1,12)
21:(1,0,0,1,0,0,0,0,0,1,1,0,0,1,1,0,0,0,0,0,0)
22:(1,0,1,1,0,1,1,1,1,1,1,1,1,1,1,1,1,1,1,1,22)
23:(1,0,2,1,0,1,1,1,0,1,1,1,1,1,1,1,1,1,1,1,20)
24:(1,0,3,1,0,1,1,1,0,1,1,1,0,1,1,1,1,1,1,1,18)
25:(1,1,0,1,0,1,0,0,0,1,1,0,0,1,1,0,0,0,0,0,2)
26:(1,1,2,1,0,0,0,0,0,0,1,0,0,1,1,0,0,0,0,0,18)
27:(1,1,3,1,0,1,1,1,0,1,1,1,0,1,1,1,0,1,1,1,16)
28:(1,2,0,1,0,0,0,0,0,0,0,0,0,0,0,0,0,0,0,0,12)
29:(1,2,0,1,0,1,1,0,0,1,1,0,0,1,1,0,0,0,0,0,4)
30:(1,2,1,1,0,0,0,0,0,0,1,0,0,0,0,0,0,0,0,0,14)
31:(1,2,2,1,0,0,0,0,0,0,1,0,0,0,1,0,0,0,0,0,16)
32:(1,2,3,1,0,1,1,1,0,1,1,1,0,1,1,1,0,0,1,1,14)
33:(1,3,0,1,0,1,1,1,0,1,1,0,0,1,1,0,0,0,0,0,6)
34:(1,3,1,1,0,1,1,1,0,1,1,1,0,1,1,0,0,0,0,0,8)
35:(1,3,2,1,0,1,1,1,0,1,1,1,0,1,1,1,0,0,0,0,10)
36:(1,3,3,1,0,1,1,1,0,1,1,1,0,1,1,1,0,0,0,1,12)
37:(2,0,0,0,0,0,0,0,0,0,0,0,0,0,0,0,0,0,0,0,8)
38:(2,0,0,0,0,0,0,0,0,0,1,0,0,0,0,0,0,0,0,0,8)
39:(2,0,0,0,0,0,0,0,0,0,1,0,0,0,1,0,0,0,0,0,8)
40:(2,0,0,0,0,0,0,0,0,0,1,0,0,1,1,0,0,0,0,0,12)
41:(2,0,0,0,0,0,0,0,0,1,1,0,0,1,1,0,0,0,0,0,0)
42:(2,0,0,0,0,1,0,0,0,1,1,0,0,1,1,0,0,0,0,0,0)
43:(2,0,0,0,0,1,1,0,0,1,1,0,0,1,1,0,0,0,0,0,0)
44:(2,0,0,0,0,1,1,1,0,1,1,0,0,1,1,0,0,0,0,0,0)
45:(2,0,0,0,0,1,1,1,0,1,1,1,0,1,1,0,0,0,0,0,0)
46:(2,0,0,0,0,1,1,1,0,1,1,1,0,1,1,1,0,0,0,0,0)
47:(2,0,0,0,0,1,1,1,0,1,1,1,0,1,1,1,0,0,0,1,0)
48:(2,0,0,0,0,1,1,1,0,1,1,1,0,1,1,1,0,0,1,1,4)
49:(2,0,0,0,0,1,1,1,0,1,1,1,0,1,1,1,0,1,1,1,8)
50:(2,0,0,0,0,1,1,1,0,1,1,1,0,1,1,1,1,1,1,1,12)
51:(2,0,0,0,0,1,1,1,0,1,1,1,1,1,1,1,1,1,1,1,16)
52:(2,0,0,0,0,1,1,1,1,1,1,1,1,1,1,1,1,1,1,1,20)
